Using pre-set license
Built from '2021.3/staging' branch; Version is '2021.3.16f1 (4016570cf34f) revision 4200023'; Using compiler version '192829333'; Build Type 'Release'
OS: 'Windows 11  (10.0.22621) 64bit Core' Language: 'fr' Physical Memory: 16122 MB
BatchMode: 1, IsHumanControllingUs: 0, StartBugReporterOnCrash: 0, Is64bit: 1, IsPro: 1

COMMAND LINE ARGUMENTS:
C:\Program Files\Unity\Hub\Editor\2021.3.16f1\Editor\Unity.exe
-adb2
-batchMode
-noUpm
-name
AssetImportWorker14
-projectPath
C:/Users/Utilisateur/Documents/GitHub/Tales-of-Hivnir/Tiles-Of-Hivnir
-logFile
Logs/AssetImportWorker14.log
-srvPort
55982
Successfully changed project path to: C:/Users/Utilisateur/Documents/GitHub/Tales-of-Hivnir/Tiles-Of-Hivnir
C:/Users/Utilisateur/Documents/GitHub/Tales-of-Hivnir/Tiles-Of-Hivnir
[UnityMemory] Configuration Parameters - Can be set up in boot.config
    "memorysetup-bucket-allocator-granularity=16"
    "memorysetup-bucket-allocator-bucket-count=8"
    "memorysetup-bucket-allocator-block-size=33554432"
    "memorysetup-bucket-allocator-block-count=8"
    "memorysetup-main-allocator-block-size=16777216"
    "memorysetup-thread-allocator-block-size=16777216"
    "memorysetup-gfx-main-allocator-block-size=16777216"
    "memorysetup-gfx-thread-allocator-block-size=16777216"
    "memorysetup-cache-allocator-block-size=4194304"
    "memorysetup-typetree-allocator-block-size=2097152"
    "memorysetup-profiler-bucket-allocator-granularity=16"
    "memorysetup-profiler-bucket-allocator-bucket-count=8"
    "memorysetup-profiler-bucket-allocator-block-size=33554432"
    "memorysetup-profiler-bucket-allocator-block-count=8"
    "memorysetup-profiler-allocator-block-size=16777216"
    "memorysetup-profiler-editor-allocator-block-size=1048576"
    "memorysetup-temp-allocator-size-main=16777216"
    "memorysetup-job-temp-allocator-block-size=2097152"
    "memorysetup-job-temp-allocator-block-size-background=1048576"
    "memorysetup-job-temp-allocator-reduction-small-platforms=262144"
    "memorysetup-temp-allocator-size-background-worker=32768"
    "memorysetup-temp-allocator-size-job-worker=262144"
    "memorysetup-temp-allocator-size-preload-manager=33554432"
    "memorysetup-temp-allocator-size-nav-mesh-worker=65536"
    "memorysetup-temp-allocator-size-audio-worker=65536"
    "memorysetup-temp-allocator-size-cloud-worker=32768"
    "memorysetup-temp-allocator-size-gi-baking-worker=262144"
    "memorysetup-temp-allocator-size-gfx=262144"
Player connection [25648] Host "[IP] 192.168.56.1 [Port] 0 [Flags] 2 [Guid] 3933806971 [EditorId] 3933806971 [Version] 1048832 [Id] WindowsEditor(7,LAPTOP-ET774ROT) [Debug] 1 [PackageName] WindowsEditor [ProjectName] Editor" joined multi-casting on [225.0.0.222:54997]...

Player connection [25648] Host "[IP] 192.168.56.1 [Port] 0 [Flags] 2 [Guid] 3933806971 [EditorId] 3933806971 [Version] 1048832 [Id] WindowsEditor(7,LAPTOP-ET774ROT) [Debug] 1 [PackageName] WindowsEditor [ProjectName] Editor" joined alternative multi-casting on [225.0.0.222:34997]...

Refreshing native plugins compatible for Editor in 86.71 ms, found 3 plugins.
Preloading 0 native plugins for Editor in 0.00 ms.
Initialize engine version: 2021.3.16f1 (4016570cf34f)
[Subsystems] Discovering subsystems at path C:/Program Files/Unity/Hub/Editor/2021.3.16f1/Editor/Data/Resources/UnitySubsystems
[Subsystems] Discovering subsystems at path C:/Users/Utilisateur/Documents/GitHub/Tales-of-Hivnir/Tiles-Of-Hivnir/Assets
GfxDevice: creating device client; threaded=0; jobified=0
Direct3D:
    Version:  Direct3D 11.0 [level 11.1]
    Renderer: NVIDIA GeForce RTX 3060 Laptop GPU (ID=0x2520)
    Vendor:   NVIDIA
    VRAM:     6023 MB
    Driver:   31.0.15.1720
Initialize mono
Mono path[0] = 'C:/Program Files/Unity/Hub/Editor/2021.3.16f1/Editor/Data/Managed'
Mono path[1] = 'C:/Program Files/Unity/Hub/Editor/2021.3.16f1/Editor/Data/MonoBleedingEdge/lib/mono/unityjit-win32'
Mono config path = 'C:/Program Files/Unity/Hub/Editor/2021.3.16f1/Editor/Data/MonoBleedingEdge/etc'
Using monoOptions --debugger-agent=transport=dt_socket,embedding=1,server=y,suspend=n,address=127.0.0.1:56420
Begin MonoManager ReloadAssembly
Registering precompiled unity dll's ...
Register platform support module: C:/Program Files/Unity/Hub/Editor/2021.3.16f1/Editor/Data/PlaybackEngines/WebGLSupport/UnityEditor.WebGL.Extensions.dll
Register platform support module: C:/Program Files/Unity/Hub/Editor/2021.3.16f1/Editor/Data/PlaybackEngines/AndroidPlayer/UnityEditor.Android.Extensions.dll
Register platform support module: C:/Program Files/Unity/Hub/Editor/2021.3.16f1/Editor/Data/PlaybackEngines/WindowsStandaloneSupport/UnityEditor.WindowsStandalone.Extensions.dll
Registered in 0.004208 seconds.
Native extension for WindowsStandalone target not found
Native extension for Android target not found
Native extension for WebGL target not found
Refreshing native plugins compatible for Editor in 79.55 ms, found 3 plugins.
Preloading 0 native plugins for Editor in 0.00 ms.
Mono: successfully reloaded assembly
- Completed reload, in  0.620 seconds
Domain Reload Profiling:
	ReloadAssembly (621ms)
		BeginReloadAssembly (69ms)
			ExecutionOrderSort (0ms)
			DisableScriptedObjects (0ms)
			BackupInstance (0ms)
			ReleaseScriptingObjects (0ms)
			CreateAndSetChildDomain (1ms)
		EndReloadAssembly (451ms)
			LoadAssemblies (69ms)
			RebuildTransferFunctionScriptingTraits (0ms)
			SetupTypeCache (113ms)
			ReleaseScriptCaches (0ms)
			RebuildScriptCaches (25ms)
			SetupLoadedEditorAssemblies (264ms)
				LogAssemblyErrors (0ms)
				InitializePlatformSupportModulesInManaged (55ms)
				SetLoadedEditorAssemblies (0ms)
				RefreshPlugins (80ms)
				BeforeProcessingInitializeOnLoad (1ms)
				ProcessInitializeOnLoadAttributes (86ms)
				ProcessInitializeOnLoadMethodAttributes (42ms)
				AfterProcessingInitializeOnLoad (0ms)
				EditorAssembliesLoaded (0ms)
			ExecutionOrderSort2 (0ms)
			AwakeInstancesAfterBackupRestoration (0ms)
Platform modules already initialized, skipping
Registering precompiled user dll's ...
Registered in 0.005255 seconds.
Begin MonoManager ReloadAssembly
Native extension for WindowsStandalone target not found
Native extension for Android target not found
Native extension for WebGL target not found
Refreshing native plugins compatible for Editor in 82.25 ms, found 3 plugins.
Preloading 0 native plugins for Editor in 0.00 ms.
Mono: successfully reloaded assembly
- Completed reload, in  1.165 seconds
Domain Reload Profiling:
	ReloadAssembly (1166ms)
		BeginReloadAssembly (214ms)
			ExecutionOrderSort (0ms)
			DisableScriptedObjects (5ms)
			BackupInstance (0ms)
			ReleaseScriptingObjects (0ms)
			CreateAndSetChildDomain (137ms)
		EndReloadAssembly (851ms)
			LoadAssemblies (77ms)
			RebuildTransferFunctionScriptingTraits (0ms)
			SetupTypeCache (222ms)
			ReleaseScriptCaches (1ms)
			RebuildScriptCaches (58ms)
			SetupLoadedEditorAssemblies (437ms)
				LogAssemblyErrors (0ms)
				InitializePlatformSupportModulesInManaged (14ms)
				SetLoadedEditorAssemblies (0ms)
				RefreshPlugins (82ms)
				BeforeProcessingInitializeOnLoad (63ms)
				ProcessInitializeOnLoadAttributes (231ms)
				ProcessInitializeOnLoadMethodAttributes (42ms)
				AfterProcessingInitializeOnLoad (5ms)
				EditorAssembliesLoaded (0ms)
			ExecutionOrderSort2 (0ms)
			AwakeInstancesAfterBackupRestoration (7ms)
Platform modules already initialized, skipping
========================================================================
Worker process is ready to serve import requests
Launched and connected shader compiler UnityShaderCompiler.exe after 0.04 seconds
Refreshing native plugins compatible for Editor in 1.25 ms, found 3 plugins.
Preloading 0 native plugins for Editor in 0.00 ms.
Unloading 2829 Unused Serialized files (Serialized files now loaded: 0)
Unloading 38 unused Assets / (30.2 KB). Loaded Objects now: 3294.
Memory consumption went from 130.6 MB to 130.6 MB.
Total: 4.011600 ms (FindLiveObjects: 0.280300 ms CreateObjectMapping: 0.066300 ms MarkObjects: 3.617800 ms  DeleteObjects: 0.045900 ms)

AssetImportParameters requested are different than current active one (requested -> active):
  custom:video-decoder-ogg-theora: a1e56fd34408186e4bbccfd4996cb3dc -> 
  custom:container-muxer-webm: aa71ff27fc2769a1b78a27578f13a17b -> 
  custom:container-demuxer-webm: 4f35f7cbe854078d1ac9338744f61a02 -> 
  custom:video-encoder-webm-vp8: eb34c28f22e8b96e1ab97ce403110664 -> 
  custom:video-codec-MediaFoundation-h265: 746d11721c4dcdbdad8f713fa42b33f4 -> 
  custom:audio-encoder-webm-vorbis: bf7c407c2cedff20999df2af8eb42d56 -> 
  custom:framework-win-MediaFoundation: 216162199b28c13a410421893ffa2e32 -> 
  custom:container-demuxer-ogg: 62fdf1f143b41e24485cea50d1cbac27 -> 
  custom:video-decoder-webm-vp8: 9c59270c3fd7afecdb556c50c9e8de78 -> 
  custom:audio-decoder-ogg-vorbis: bf7c407c2cedff20999df2af8eb42d56 -> 
========================================================================
Received Import Request.
  Time since last request: 13031.843445 seconds.
  path: Assets/Art/Texture/walls_43.asset
  artifactKey: Guid(34357bf5d2758804296e4e932de1fd90) Importer(815301076,1909f56bfc062723c751e8b465ee728b)
Start importing Assets/Art/Texture/walls_43.asset using Guid(34357bf5d2758804296e4e932de1fd90) Importer(815301076,1909f56bfc062723c751e8b465ee728b)  -> (artifact id: 'a62475b793b28a1b94ccb2f4fcf701f5') in 0.075146 seconds 
========================================================================
Received Import Request.
  Time since last request: 0.000036 seconds.
  path: Assets/Art/Texture/walls_71.asset
  artifactKey: Guid(d158ba1624b5c464dae40aee10f927aa) Importer(815301076,1909f56bfc062723c751e8b465ee728b)
Start importing Assets/Art/Texture/walls_71.asset using Guid(d158ba1624b5c464dae40aee10f927aa) Importer(815301076,1909f56bfc062723c751e8b465ee728b)  -> (artifact id: '0d722d9d638bf27c3513de9cf4421556') in 0.007005 seconds 
========================================================================
Received Import Request.
  Time since last request: 0.000046 seconds.
  path: Assets/Art/Texture/walls_64.asset
  artifactKey: Guid(047ffe1b2bd02cf4b95019d01defcb88) Importer(815301076,1909f56bfc062723c751e8b465ee728b)
Start importing Assets/Art/Texture/walls_64.asset using Guid(047ffe1b2bd02cf4b95019d01defcb88) Importer(815301076,1909f56bfc062723c751e8b465ee728b)  -> (artifact id: 'a4d6fa3184d6ca15a2a6e1d08efe6f2c') in 0.006583 seconds 
========================================================================
Received Import Request.
  Time since last request: 0.000083 seconds.
  path: Assets/Art/Texture/walls_72.asset
  artifactKey: Guid(465901bdc1a1f4a448ea7e99d934e1cc) Importer(815301076,1909f56bfc062723c751e8b465ee728b)
Start importing Assets/Art/Texture/walls_72.asset using Guid(465901bdc1a1f4a448ea7e99d934e1cc) Importer(815301076,1909f56bfc062723c751e8b465ee728b)  -> (artifact id: 'aa077bc7781b0d146db08e0ce4d7e1d6') in 0.005497 seconds 
========================================================================
Received Import Request.
  Time since last request: 0.000035 seconds.
  path: Assets/Art/Texture/walls_65.asset
  artifactKey: Guid(147ccc7da18d0b04aadbef7d64d6e1b3) Importer(815301076,1909f56bfc062723c751e8b465ee728b)
Start importing Assets/Art/Texture/walls_65.asset using Guid(147ccc7da18d0b04aadbef7d64d6e1b3) Importer(815301076,1909f56bfc062723c751e8b465ee728b)  -> (artifact id: 'df164dc96e848b3e598787179f3806b5') in 0.006982 seconds 
========================================================================
Received Import Request.
  Time since last request: 0.387964 seconds.
  path: Assets/Art/Texture/walls_84.asset
  artifactKey: Guid(2de488943a335ca4d809ad39e37764b3) Importer(815301076,1909f56bfc062723c751e8b465ee728b)
Start importing Assets/Art/Texture/walls_84.asset using Guid(2de488943a335ca4d809ad39e37764b3) Importer(815301076,1909f56bfc062723c751e8b465ee728b)  -> (artifact id: '18846d6b6153f30e867044f661d16320') in 0.006800 seconds 
========================================================================
Received Import Request.
  Time since last request: 0.000077 seconds.
  path: Assets/Art/Texture/walls_87.asset
  artifactKey: Guid(a9277465c53861945b9a3450bcf582cf) Importer(815301076,1909f56bfc062723c751e8b465ee728b)
Start importing Assets/Art/Texture/walls_87.asset using Guid(a9277465c53861945b9a3450bcf582cf) Importer(815301076,1909f56bfc062723c751e8b465ee728b)  -> (artifact id: '1b9566d1bd7d79b60bc5416a5054ae06') in 0.008658 seconds 
========================================================================
Received Import Request.
  Time since last request: 0.000048 seconds.
  path: Assets/Art/Texture/walls_85.asset
  artifactKey: Guid(a10b2edfd8c58e24398325f7aaeefb9a) Importer(815301076,1909f56bfc062723c751e8b465ee728b)
Start importing Assets/Art/Texture/walls_85.asset using Guid(a10b2edfd8c58e24398325f7aaeefb9a) Importer(815301076,1909f56bfc062723c751e8b465ee728b)  -> (artifact id: 'fa3e5d15bcd6454876739f4171ee6aea') in 0.005581 seconds 
========================================================================
Received Import Request.
  Time since last request: 0.030208 seconds.
  path: Assets/Art/Texture/walls_91.asset
  artifactKey: Guid(cd4ade70afe6a75469dcd1482c5a7257) Importer(815301076,1909f56bfc062723c751e8b465ee728b)
Start importing Assets/Art/Texture/walls_91.asset using Guid(cd4ade70afe6a75469dcd1482c5a7257) Importer(815301076,1909f56bfc062723c751e8b465ee728b)  -> (artifact id: '999514876b2df372644079b4c583028d') in 0.006933 seconds 
========================================================================
Received Import Request.
  Time since last request: 0.000030 seconds.
  path: Assets/Art/Texture/walls_95.asset
  artifactKey: Guid(ac11aaea9a612d94183ae2560fc4c966) Importer(815301076,1909f56bfc062723c751e8b465ee728b)
Start importing Assets/Art/Texture/walls_95.asset using Guid(ac11aaea9a612d94183ae2560fc4c966) Importer(815301076,1909f56bfc062723c751e8b465ee728b)  -> (artifact id: '4a6765a0f91b03f93d4892d39a506fe1') in 0.006654 seconds 
========================================================================
Received Import Request.
  Time since last request: 0.000017 seconds.
  path: Assets/Art/Texture/walls_92.asset
  artifactKey: Guid(0b1be0cb7a591c24aade11583aa93011) Importer(815301076,1909f56bfc062723c751e8b465ee728b)
Start importing Assets/Art/Texture/walls_92.asset using Guid(0b1be0cb7a591c24aade11583aa93011) Importer(815301076,1909f56bfc062723c751e8b465ee728b)  -> (artifact id: '10dfef3afbb7d93d7d4794722c511aab') in 0.008385 seconds 
========================================================================
Received Import Request.
  Time since last request: 0.000022 seconds.
  path: Assets/Art/Texture/walls_98.asset
  artifactKey: Guid(2ee3aa4c121c90b4bb22c4eadbbb2c49) Importer(815301076,1909f56bfc062723c751e8b465ee728b)
Start importing Assets/Art/Texture/walls_98.asset using Guid(2ee3aa4c121c90b4bb22c4eadbbb2c49) Importer(815301076,1909f56bfc062723c751e8b465ee728b)  -> (artifact id: 'e10529b18f20f470f6c0e978fdc5d336') in 0.006300 seconds 
========================================================================
Received Import Request.
  Time since last request: 0.277216 seconds.
  path: Assets/Art/Texture/walls_110.asset
  artifactKey: Guid(a8c0ba2041bdadc40bf2bb9bf8614d02) Importer(815301076,1909f56bfc062723c751e8b465ee728b)
Start importing Assets/Art/Texture/walls_110.asset using Guid(a8c0ba2041bdadc40bf2bb9bf8614d02) Importer(815301076,1909f56bfc062723c751e8b465ee728b)  -> (artifact id: '1a177b7fe8c84e6843379088f70de463') in 0.007412 seconds 
========================================================================
Received Import Request.
  Time since last request: 0.000019 seconds.
  path: Assets/Art/Texture/walls_115.asset
  artifactKey: Guid(6b931b7bfe36f5f47a6a223cd70ff73f) Importer(815301076,1909f56bfc062723c751e8b465ee728b)
Start importing Assets/Art/Texture/walls_115.asset using Guid(6b931b7bfe36f5f47a6a223cd70ff73f) Importer(815301076,1909f56bfc062723c751e8b465ee728b)  -> (artifact id: 'a7f279c1e0b1bd657fc704df0dcc85d4') in 0.008708 seconds 
========================================================================
Received Import Request.
  Time since last request: 0.000021 seconds.
  path: Assets/Art/Texture/walls_120.asset
  artifactKey: Guid(a866e4362aff1dc4e94060aa82819aaf) Importer(815301076,1909f56bfc062723c751e8b465ee728b)
Start importing Assets/Art/Texture/walls_120.asset using Guid(a866e4362aff1dc4e94060aa82819aaf) Importer(815301076,1909f56bfc062723c751e8b465ee728b)  -> (artifact id: '45ca3b10d7c68c08f62cdbfb1b523dce') in 0.007594 seconds 
========================================================================
Received Import Request.
  Time since last request: 0.000021 seconds.
  path: Assets/Art/Texture/walls_114.asset
  artifactKey: Guid(2e78476de930f984f8cee7866645441d) Importer(815301076,1909f56bfc062723c751e8b465ee728b)
Start importing Assets/Art/Texture/walls_114.asset using Guid(2e78476de930f984f8cee7866645441d) Importer(815301076,1909f56bfc062723c751e8b465ee728b)  -> (artifact id: '7b1d5ec5cee69bd4dbd17338b8eed776') in 0.010545 seconds 
========================================================================
Received Import Request.
  Time since last request: 0.000017 seconds.
  path: Assets/Art/Texture/walls_116.asset
  artifactKey: Guid(59b2a997b3f637244a78512468a45a9a) Importer(815301076,1909f56bfc062723c751e8b465ee728b)
Start importing Assets/Art/Texture/walls_116.asset using Guid(59b2a997b3f637244a78512468a45a9a) Importer(815301076,1909f56bfc062723c751e8b465ee728b)  -> (artifact id: '1b9d35a9d81744ed402f790d83099a76') in 0.008208 seconds 
========================================================================
Received Import Request.
  Time since last request: 0.000027 seconds.
  path: Assets/Art/Texture/walls_136.asset
  artifactKey: Guid(e751ba254a446484ba0d077ee6562378) Importer(815301076,1909f56bfc062723c751e8b465ee728b)
Start importing Assets/Art/Texture/walls_136.asset using Guid(e751ba254a446484ba0d077ee6562378) Importer(815301076,1909f56bfc062723c751e8b465ee728b)  -> (artifact id: 'd1efdb0ebd3d2c64dad7399a03ec8d4a') in 0.007550 seconds 
========================================================================
Received Import Request.
  Time since last request: 0.000028 seconds.
  path: Assets/Art/Texture/walls_127.asset
  artifactKey: Guid(69591273305480444b5acf469706055d) Importer(815301076,1909f56bfc062723c751e8b465ee728b)
Start importing Assets/Art/Texture/walls_127.asset using Guid(69591273305480444b5acf469706055d) Importer(815301076,1909f56bfc062723c751e8b465ee728b)  -> (artifact id: 'fecbf8a407fcd83370d61d0cb763190b') in 0.007897 seconds 
========================================================================
Received Import Request.
  Time since last request: 0.000020 seconds.
  path: Assets/Art/Texture/walls_129.asset
  artifactKey: Guid(749ae678b0cf84f4189fd8d009a63612) Importer(815301076,1909f56bfc062723c751e8b465ee728b)
Start importing Assets/Art/Texture/walls_129.asset using Guid(749ae678b0cf84f4189fd8d009a63612) Importer(815301076,1909f56bfc062723c751e8b465ee728b)  -> (artifact id: 'c943f680c45cbc9e2bf1ba19e28a2648') in 0.006977 seconds 
========================================================================
Received Import Request.
  Time since last request: 0.000025 seconds.
  path: Assets/Art/Texture/walls_125.asset
  artifactKey: Guid(d0d07eef61e8270409c0e24b822fc90f) Importer(815301076,1909f56bfc062723c751e8b465ee728b)
Start importing Assets/Art/Texture/walls_125.asset using Guid(d0d07eef61e8270409c0e24b822fc90f) Importer(815301076,1909f56bfc062723c751e8b465ee728b)  -> (artifact id: 'f458faa92ec2d2d3742323926941a5c6') in 0.007955 seconds 
========================================================================
Received Import Request.
  Time since last request: 0.176010 seconds.
  path: Assets/Art/Texture/walls_139.asset
  artifactKey: Guid(08c18060ae24d0b4b954801418d7f38b) Importer(815301076,1909f56bfc062723c751e8b465ee728b)
Start importing Assets/Art/Texture/walls_139.asset using Guid(08c18060ae24d0b4b954801418d7f38b) Importer(815301076,1909f56bfc062723c751e8b465ee728b)  -> (artifact id: 'f2f1685cb0c826d83681a30348643deb') in 0.006901 seconds 
========================================================================
Received Import Request.
  Time since last request: 0.000022 seconds.
  path: Assets/Art/Texture/walls_145.asset
  artifactKey: Guid(2624391f086f51f459d557fd9129a76c) Importer(815301076,1909f56bfc062723c751e8b465ee728b)
Start importing Assets/Art/Texture/walls_145.asset using Guid(2624391f086f51f459d557fd9129a76c) Importer(815301076,1909f56bfc062723c751e8b465ee728b)  -> (artifact id: '6307b0a8d6fc51bcc8e5bd2f9eea021c') in 0.008794 seconds 
========================================================================
Received Import Request.
  Time since last request: 0.000029 seconds.
  path: Assets/Art/Texture/walls_146.asset
  artifactKey: Guid(ce5926443c735474a953858cf42be266) Importer(815301076,1909f56bfc062723c751e8b465ee728b)
Start importing Assets/Art/Texture/walls_146.asset using Guid(ce5926443c735474a953858cf42be266) Importer(815301076,1909f56bfc062723c751e8b465ee728b)  -> (artifact id: '480c1af7d45f4b8f58bbc1bb86ccbedf') in 0.007890 seconds 
========================================================================
Received Import Request.
  Time since last request: 0.000017 seconds.
  path: Assets/Art/Texture/walls_167.asset
  artifactKey: Guid(9a97f37df3a820c46ac1ee708fecc0ba) Importer(815301076,1909f56bfc062723c751e8b465ee728b)
Start importing Assets/Art/Texture/walls_167.asset using Guid(9a97f37df3a820c46ac1ee708fecc0ba) Importer(815301076,1909f56bfc062723c751e8b465ee728b)  -> (artifact id: '534b64c5da60025930c204a5f53af918') in 0.007105 seconds 
========================================================================
Received Import Request.
  Time since last request: 0.000021 seconds.
  path: Assets/Art/Texture/walls_156.asset
  artifactKey: Guid(806512489ec860d45bd38d8caf6cd3ba) Importer(815301076,1909f56bfc062723c751e8b465ee728b)
Start importing Assets/Art/Texture/walls_156.asset using Guid(806512489ec860d45bd38d8caf6cd3ba) Importer(815301076,1909f56bfc062723c751e8b465ee728b)  -> (artifact id: 'e51c2030cbd56153e1e996ee88938c6a') in 0.007069 seconds 
========================================================================
Received Import Request.
  Time since last request: 0.000019 seconds.
  path: Assets/Art/Texture/walls_161.asset
  artifactKey: Guid(2eb690b5bf58b9a4f946bc289f662fc7) Importer(815301076,1909f56bfc062723c751e8b465ee728b)
Start importing Assets/Art/Texture/walls_161.asset using Guid(2eb690b5bf58b9a4f946bc289f662fc7) Importer(815301076,1909f56bfc062723c751e8b465ee728b)  -> (artifact id: '75eb6e2bcb12f4caeacc23a598e2c070') in 0.007519 seconds 
========================================================================
Received Import Request.
  Time since last request: 0.000052 seconds.
  path: Assets/Art/Texture/walls_165.asset
  artifactKey: Guid(94f7b72ca9ae15245b02e951c1d3079d) Importer(815301076,1909f56bfc062723c751e8b465ee728b)
Start importing Assets/Art/Texture/walls_165.asset using Guid(94f7b72ca9ae15245b02e951c1d3079d) Importer(815301076,1909f56bfc062723c751e8b465ee728b)  -> (artifact id: 'ae7db0f6bdf1e29cab7a212f413b16b7') in 0.006256 seconds 
========================================================================
Received Import Request.
  Time since last request: 0.000019 seconds.
  path: Assets/Art/Texture/walls_183.asset
  artifactKey: Guid(ba84edb8533ac134b983141c20ea8379) Importer(815301076,1909f56bfc062723c751e8b465ee728b)
Start importing Assets/Art/Texture/walls_183.asset using Guid(ba84edb8533ac134b983141c20ea8379) Importer(815301076,1909f56bfc062723c751e8b465ee728b)  -> (artifact id: 'e52c54fe4ee10aad328214a6fb282826') in 0.007973 seconds 
========================================================================
Received Import Request.
  Time since last request: 0.000021 seconds.
  path: Assets/Art/Texture/walls_181.asset
  artifactKey: Guid(590a3a3aa2d67cd47b494db7a3f6a285) Importer(815301076,1909f56bfc062723c751e8b465ee728b)
Start importing Assets/Art/Texture/walls_181.asset using Guid(590a3a3aa2d67cd47b494db7a3f6a285) Importer(815301076,1909f56bfc062723c751e8b465ee728b)  -> (artifact id: 'b9a6009b9aa5fa51d024b823161c32a3') in 0.007699 seconds 
========================================================================
Received Import Request.
  Time since last request: 0.000032 seconds.
  path: Assets/Art/Texture/walls_184.asset
  artifactKey: Guid(5ba31418f18f813428e586d718e5662a) Importer(815301076,1909f56bfc062723c751e8b465ee728b)
Start importing Assets/Art/Texture/walls_184.asset using Guid(5ba31418f18f813428e586d718e5662a) Importer(815301076,1909f56bfc062723c751e8b465ee728b)  -> (artifact id: '1aae194ca636f3ed88f91ad755a95991') in 0.007271 seconds 
========================================================================
Received Import Request.
  Time since last request: 0.200278 seconds.
  path: Assets/Art/Texture/walls_187.asset
  artifactKey: Guid(9a866b685d5089e40850d055be77a3a1) Importer(815301076,1909f56bfc062723c751e8b465ee728b)
Start importing Assets/Art/Texture/walls_187.asset using Guid(9a866b685d5089e40850d055be77a3a1) Importer(815301076,1909f56bfc062723c751e8b465ee728b)  -> (artifact id: 'b851f976adee28fe8d929d6dbc25c228') in 0.006228 seconds 
========================================================================
Received Import Request.
  Time since last request: 0.000019 seconds.
  path: Assets/Art/Texture/walls_191.asset
  artifactKey: Guid(f5a66bf1538fc2f459c2055d9de99293) Importer(815301076,1909f56bfc062723c751e8b465ee728b)
Start importing Assets/Art/Texture/walls_191.asset using Guid(f5a66bf1538fc2f459c2055d9de99293) Importer(815301076,1909f56bfc062723c751e8b465ee728b)  -> (artifact id: 'a7ebb595c8173d1005a0def71fc79967') in 0.008140 seconds 
========================================================================
Received Import Request.
  Time since last request: 0.000015 seconds.
  path: Assets/Art/Texture/walls_193.asset
  artifactKey: Guid(e4ff243d23cb8cb409378c92a53c6290) Importer(815301076,1909f56bfc062723c751e8b465ee728b)
Start importing Assets/Art/Texture/walls_193.asset using Guid(e4ff243d23cb8cb409378c92a53c6290) Importer(815301076,1909f56bfc062723c751e8b465ee728b)  -> (artifact id: '7ca030cbba64093bec19cefb572723d6') in 0.006030 seconds 
========================================================================
Received Import Request.
  Time since last request: 0.000019 seconds.
  path: Assets/Art/Texture/walls_214.asset
  artifactKey: Guid(11875d66186f50d4d946a3be9a55ea9c) Importer(815301076,1909f56bfc062723c751e8b465ee728b)
Start importing Assets/Art/Texture/walls_214.asset using Guid(11875d66186f50d4d946a3be9a55ea9c) Importer(815301076,1909f56bfc062723c751e8b465ee728b)  -> (artifact id: 'c42f712614a99fcc95839b245bb1dcef') in 0.005947 seconds 
========================================================================
Received Import Request.
  Time since last request: 0.000017 seconds.
  path: Assets/Art/Texture/walls_212.asset
  artifactKey: Guid(8be4ec8f06a6ad74bb1cf9ecc2754c67) Importer(815301076,1909f56bfc062723c751e8b465ee728b)
Start importing Assets/Art/Texture/walls_212.asset using Guid(8be4ec8f06a6ad74bb1cf9ecc2754c67) Importer(815301076,1909f56bfc062723c751e8b465ee728b)  -> (artifact id: 'f247643da00f0b2d5afbcf37e1da132b') in 0.007128 seconds 
========================================================================
Received Import Request.
  Time since last request: 0.000018 seconds.
  path: Assets/Art/Texture/walls_208.asset
  artifactKey: Guid(655bc4aa992db284ba5b74c636741920) Importer(815301076,1909f56bfc062723c751e8b465ee728b)
Start importing Assets/Art/Texture/walls_208.asset using Guid(655bc4aa992db284ba5b74c636741920) Importer(815301076,1909f56bfc062723c751e8b465ee728b)  -> (artifact id: 'c9d21f35f3659398ed5d730a84f50f2c') in 0.007591 seconds 
========================================================================
Received Import Request.
  Time since last request: 0.000027 seconds.
  path: Assets/Art/Texture/walls_204.asset
  artifactKey: Guid(9602bbebc30a8244187a952e23279be9) Importer(815301076,1909f56bfc062723c751e8b465ee728b)
Start importing Assets/Art/Texture/walls_204.asset using Guid(9602bbebc30a8244187a952e23279be9) Importer(815301076,1909f56bfc062723c751e8b465ee728b)  -> (artifact id: 'e21a8df608f23626a9b3e7744f219790') in 0.007112 seconds 
========================================================================
Received Import Request.
  Time since last request: 0.000019 seconds.
  path: Assets/Art/Texture/walls_192.asset
  artifactKey: Guid(ae04fdae209cdb348b3ff07c48bc6179) Importer(815301076,1909f56bfc062723c751e8b465ee728b)
Start importing Assets/Art/Texture/walls_192.asset using Guid(ae04fdae209cdb348b3ff07c48bc6179) Importer(815301076,1909f56bfc062723c751e8b465ee728b)  -> (artifact id: 'dd79b724134ce6a5c3700de413232ce5') in 0.006762 seconds 
========================================================================
Received Import Request.
  Time since last request: 0.020461 seconds.
  path: Assets/Art/Texture/walls_228.asset
  artifactKey: Guid(b7328ec252cfb9a448fc3d43d6e1a2ca) Importer(815301076,1909f56bfc062723c751e8b465ee728b)
Start importing Assets/Art/Texture/walls_228.asset using Guid(b7328ec252cfb9a448fc3d43d6e1a2ca) Importer(815301076,1909f56bfc062723c751e8b465ee728b)  -> (artifact id: 'ecc8607442e7fa1982ce877c3d81db9e') in 0.006140 seconds 
========================================================================
Received Import Request.
  Time since last request: 0.000024 seconds.
  path: Assets/Art/Texture/walls_230.asset
  artifactKey: Guid(6b3a46a0fb9a60247a4e5358494e8b6a) Importer(815301076,1909f56bfc062723c751e8b465ee728b)
Start importing Assets/Art/Texture/walls_230.asset using Guid(6b3a46a0fb9a60247a4e5358494e8b6a) Importer(815301076,1909f56bfc062723c751e8b465ee728b)  -> (artifact id: 'a0f626fd763155d677f4833d0521dd35') in 0.006944 seconds 
========================================================================
Received Import Request.
  Time since last request: 0.000033 seconds.
  path: Assets/Art/Texture/walls_232.asset
  artifactKey: Guid(cda5608eb86f9ad439c1d07bf51983cd) Importer(815301076,1909f56bfc062723c751e8b465ee728b)
Start importing Assets/Art/Texture/walls_232.asset using Guid(cda5608eb86f9ad439c1d07bf51983cd) Importer(815301076,1909f56bfc062723c751e8b465ee728b)  -> (artifact id: '7a586ebd6d8d7b9820bf06d16e9911c5') in 0.006032 seconds 
========================================================================
Received Import Request.
  Time since last request: 0.136654 seconds.
  path: Assets/Art/Texture/walls_235.asset
  artifactKey: Guid(05169ca83c25a4944824132258d81d05) Importer(815301076,1909f56bfc062723c751e8b465ee728b)
Start importing Assets/Art/Texture/walls_235.asset using Guid(05169ca83c25a4944824132258d81d05) Importer(815301076,1909f56bfc062723c751e8b465ee728b)  -> (artifact id: '0b0d67597731d5232ffc31212a87cbb2') in 0.006748 seconds 
========================================================================
Received Import Request.
  Time since last request: 0.000023 seconds.
  path: Assets/Art/Texture/walls_238.asset
  artifactKey: Guid(be7b00c933e582c4c872f04ed88241ff) Importer(815301076,1909f56bfc062723c751e8b465ee728b)
Start importing Assets/Art/Texture/walls_238.asset using Guid(be7b00c933e582c4c872f04ed88241ff) Importer(815301076,1909f56bfc062723c751e8b465ee728b)  -> (artifact id: '14e05e376250df5bf2076c5bc0f8030e') in 0.005439 seconds 
========================================================================
Received Import Request.
  Time since last request: 0.000019 seconds.
  path: Assets/Art/Texture/walls_241.asset
  artifactKey: Guid(ffbb6b00f8d3e8445b341d8189c801f1) Importer(815301076,1909f56bfc062723c751e8b465ee728b)
Start importing Assets/Art/Texture/walls_241.asset using Guid(ffbb6b00f8d3e8445b341d8189c801f1) Importer(815301076,1909f56bfc062723c751e8b465ee728b)  -> (artifact id: 'df7c9a621e25cc35d41f9c640bd6eb32') in 0.008063 seconds 
========================================================================
Received Import Request.
  Time since last request: 0.000017 seconds.
  path: Assets/Art/Texture/walls_236.asset
  artifactKey: Guid(ef8bb87a33a939f488f8b26ee8f5fa98) Importer(815301076,1909f56bfc062723c751e8b465ee728b)
Start importing Assets/Art/Texture/walls_236.asset using Guid(ef8bb87a33a939f488f8b26ee8f5fa98) Importer(815301076,1909f56bfc062723c751e8b465ee728b)  -> (artifact id: '37e36669362cf87fef67dcbf990fb075') in 0.005485 seconds 
========================================================================
Received Import Request.
  Time since last request: 0.007609 seconds.
  path: Assets/Art/Texture/walls_254.asset
  artifactKey: Guid(f1fd7e3ab33eaf24bb87a4f62ea596e3) Importer(815301076,1909f56bfc062723c751e8b465ee728b)
Start importing Assets/Art/Texture/walls_254.asset using Guid(f1fd7e3ab33eaf24bb87a4f62ea596e3) Importer(815301076,1909f56bfc062723c751e8b465ee728b)  -> (artifact id: '32be9bd4275cf284982a58f8e18b7130') in 0.006713 seconds 
========================================================================
Received Import Request.
  Time since last request: 0.000042 seconds.
  path: Assets/Art/Texture/walls_255.asset
  artifactKey: Guid(09cfdb5c22b85504d9b128497f345756) Importer(815301076,1909f56bfc062723c751e8b465ee728b)
Start importing Assets/Art/Texture/walls_255.asset using Guid(09cfdb5c22b85504d9b128497f345756) Importer(815301076,1909f56bfc062723c751e8b465ee728b)  -> (artifact id: 'd3b00a755914416271eb7c49b037bea2') in 0.006078 seconds 
========================================================================
Received Import Request.
  Time since last request: 0.000022 seconds.
  path: Assets/Art/Texture/walls_262.asset
  artifactKey: Guid(29a7f2ad2afec77499dc850823ee0e0e) Importer(815301076,1909f56bfc062723c751e8b465ee728b)
Start importing Assets/Art/Texture/walls_262.asset using Guid(29a7f2ad2afec77499dc850823ee0e0e) Importer(815301076,1909f56bfc062723c751e8b465ee728b)  -> (artifact id: 'f2f182c8ade11f21add8e283e15568eb') in 0.007781 seconds 
========================================================================
Received Import Request.
  Time since last request: 0.000028 seconds.
  path: Assets/Art/Texture/walls_265.asset
  artifactKey: Guid(0df5a04d69e08854ea3da63311bfdd6a) Importer(815301076,1909f56bfc062723c751e8b465ee728b)
Start importing Assets/Art/Texture/walls_265.asset using Guid(0df5a04d69e08854ea3da63311bfdd6a) Importer(815301076,1909f56bfc062723c751e8b465ee728b)  -> (artifact id: '86bd012d33c6fbf7d61449327c7a6278') in 0.007249 seconds 
========================================================================
Received Import Request.
  Time since last request: 0.000039 seconds.
  path: Assets/Art/Texture/walls_263.asset
  artifactKey: Guid(eb1d7c915837eaf49b45948ba1f295b6) Importer(815301076,1909f56bfc062723c751e8b465ee728b)
Start importing Assets/Art/Texture/walls_263.asset using Guid(eb1d7c915837eaf49b45948ba1f295b6) Importer(815301076,1909f56bfc062723c751e8b465ee728b)  -> (artifact id: '37f90272ec0a282f1f7083c459b7fe30') in 0.007188 seconds 
========================================================================
Received Import Request.
  Time since last request: 0.000031 seconds.
  path: Assets/Art/Texture/walls_276.asset
  artifactKey: Guid(36e9976c048d33043b2c3fbf2f513afb) Importer(815301076,1909f56bfc062723c751e8b465ee728b)
Start importing Assets/Art/Texture/walls_276.asset using Guid(36e9976c048d33043b2c3fbf2f513afb) Importer(815301076,1909f56bfc062723c751e8b465ee728b)  -> (artifact id: 'b910a175c886e99ecc3e764932782c73') in 0.006974 seconds 
========================================================================
Received Import Request.
  Time since last request: 0.000046 seconds.
  path: Assets/Art/Texture/walls_277.asset
  artifactKey: Guid(f2f3bee139b55684a9542cc8251440c4) Importer(815301076,1909f56bfc062723c751e8b465ee728b)
Start importing Assets/Art/Texture/walls_277.asset using Guid(f2f3bee139b55684a9542cc8251440c4) Importer(815301076,1909f56bfc062723c751e8b465ee728b)  -> (artifact id: '99c2685a4a596e589f0707cf6c41bf5c') in 0.006720 seconds 
========================================================================
Received Import Request.
  Time since last request: 0.183793 seconds.
  path: Assets/Art/Texture/walls_283.asset
  artifactKey: Guid(ab93df97fb381a344a1d78538a621c31) Importer(815301076,1909f56bfc062723c751e8b465ee728b)
Start importing Assets/Art/Texture/walls_283.asset using Guid(ab93df97fb381a344a1d78538a621c31) Importer(815301076,1909f56bfc062723c751e8b465ee728b)  -> (artifact id: '8cb284a1b153db9b0c11aff054ca4ceb') in 0.006567 seconds 
========================================================================
Received Import Request.
  Time since last request: 0.000024 seconds.
  path: Assets/Art/Texture/walls_286.asset
  artifactKey: Guid(2413bdda6cad68c4288ef87c5e2eec45) Importer(815301076,1909f56bfc062723c751e8b465ee728b)
Start importing Assets/Art/Texture/walls_286.asset using Guid(2413bdda6cad68c4288ef87c5e2eec45) Importer(815301076,1909f56bfc062723c751e8b465ee728b)  -> (artifact id: '3c1fd75ba593b8b121b5fb04cc776daa') in 0.005582 seconds 
========================================================================
Received Import Request.
  Time since last request: 0.000018 seconds.
  path: Assets/Art/Texture/walls_312.asset
  artifactKey: Guid(3432e1e945bdd42488f8faf377b7086e) Importer(815301076,1909f56bfc062723c751e8b465ee728b)
Start importing Assets/Art/Texture/walls_312.asset using Guid(3432e1e945bdd42488f8faf377b7086e) Importer(815301076,1909f56bfc062723c751e8b465ee728b)  -> (artifact id: '4991f626662bfa4c4d0dee23836245b1') in 0.007115 seconds 
========================================================================
Received Import Request.
  Time since last request: 0.000017 seconds.
  path: Assets/Art/Texture/walls_310.asset
  artifactKey: Guid(3c7216294ecf47245a8830034405bdaa) Importer(815301076,1909f56bfc062723c751e8b465ee728b)
Start importing Assets/Art/Texture/walls_310.asset using Guid(3c7216294ecf47245a8830034405bdaa) Importer(815301076,1909f56bfc062723c751e8b465ee728b)  -> (artifact id: 'aa2c0ac228be2a0d88fa766563defec8') in 0.007809 seconds 
========================================================================
Received Import Request.
  Time since last request: 0.000024 seconds.
  path: Assets/Art/Texture/walls_300.asset
  artifactKey: Guid(12e9c883aff373d40a9fe4f717b9dc8c) Importer(815301076,1909f56bfc062723c751e8b465ee728b)
Start importing Assets/Art/Texture/walls_300.asset using Guid(12e9c883aff373d40a9fe4f717b9dc8c) Importer(815301076,1909f56bfc062723c751e8b465ee728b)  -> (artifact id: 'f68f2abb1fb89616c833fa81444ee943') in 0.007658 seconds 
========================================================================
Received Import Request.
  Time since last request: 0.000020 seconds.
  path: Assets/Art/Texture/walls_311.asset
  artifactKey: Guid(a06d61d82911eb44483ca4c0633bdd47) Importer(815301076,1909f56bfc062723c751e8b465ee728b)
Start importing Assets/Art/Texture/walls_311.asset using Guid(a06d61d82911eb44483ca4c0633bdd47) Importer(815301076,1909f56bfc062723c751e8b465ee728b)  -> (artifact id: '42c59eaf14839feff50e04993ad9c86b') in 0.008390 seconds 
========================================================================
Received Import Request.
  Time since last request: 0.000019 seconds.
  path: Assets/Art/Texture/walls_309.asset
  artifactKey: Guid(73ac3b1e89ca7b54990aa830d1c201d9) Importer(815301076,1909f56bfc062723c751e8b465ee728b)
Start importing Assets/Art/Texture/walls_309.asset using Guid(73ac3b1e89ca7b54990aa830d1c201d9) Importer(815301076,1909f56bfc062723c751e8b465ee728b)  -> (artifact id: '380bb493cc53870cb2fe96868173332b') in 0.007355 seconds 
========================================================================
Received Import Request.
  Time since last request: 0.000021 seconds.
  path: Assets/Art/Texture/walls_302.asset
  artifactKey: Guid(398e1d97dd0fe9d43b21f671f8a7c640) Importer(815301076,1909f56bfc062723c751e8b465ee728b)
Start importing Assets/Art/Texture/walls_302.asset using Guid(398e1d97dd0fe9d43b21f671f8a7c640) Importer(815301076,1909f56bfc062723c751e8b465ee728b)  -> (artifact id: '6f8efd24064efd1ffaaea7e3f2256b52') in 0.005642 seconds 
========================================================================
Received Import Request.
  Time since last request: 0.168984 seconds.
  path: Assets/Art/Texture/walls_324.asset
  artifactKey: Guid(33cced884d36b6c49a223ebba6c335a2) Importer(815301076,1909f56bfc062723c751e8b465ee728b)
Start importing Assets/Art/Texture/walls_324.asset using Guid(33cced884d36b6c49a223ebba6c335a2) Importer(815301076,1909f56bfc062723c751e8b465ee728b)  -> (artifact id: 'c3b6fdfcb052d9f1cd8d2fb562d07d5a') in 0.006555 seconds 
========================================================================
Received Import Request.
  Time since last request: 0.000017 seconds.
  path: Assets/Art/Texture/walls_327.asset
  artifactKey: Guid(52cadd57c996214418049df44c1eeb9b) Importer(815301076,1909f56bfc062723c751e8b465ee728b)
Start importing Assets/Art/Texture/walls_327.asset using Guid(52cadd57c996214418049df44c1eeb9b) Importer(815301076,1909f56bfc062723c751e8b465ee728b)  -> (artifact id: '89e9eb1997e98e1afe1087b37aa66d97') in 0.007939 seconds 
========================================================================
Received Import Request.
  Time since last request: 0.012923 seconds.
  path: Assets/Art/Texture/walls_331.asset
  artifactKey: Guid(03ce5bb5492b658499943067dca8cc44) Importer(815301076,1909f56bfc062723c751e8b465ee728b)
Start importing Assets/Art/Texture/walls_331.asset using Guid(03ce5bb5492b658499943067dca8cc44) Importer(815301076,1909f56bfc062723c751e8b465ee728b)  -> (artifact id: 'b5abe0627b23afce2f9a9e5ef1e58477') in 0.006423 seconds 
========================================================================
Received Import Request.
  Time since last request: 0.000022 seconds.
  path: Assets/Art/Texture/walls_332.asset
  artifactKey: Guid(14c0b377757d58e44b2cc719a9af08c1) Importer(815301076,1909f56bfc062723c751e8b465ee728b)
Start importing Assets/Art/Texture/walls_332.asset using Guid(14c0b377757d58e44b2cc719a9af08c1) Importer(815301076,1909f56bfc062723c751e8b465ee728b)  -> (artifact id: '52bb8c958f01fc37a1639ef125dc1b49') in 0.006643 seconds 
========================================================================
Received Import Request.
  Time since last request: 0.000018 seconds.
  path: Assets/Art/Texture/walls_339.asset
  artifactKey: Guid(898ee6cbe66f60d45b8f38748b098b86) Importer(815301076,1909f56bfc062723c751e8b465ee728b)
Start importing Assets/Art/Texture/walls_339.asset using Guid(898ee6cbe66f60d45b8f38748b098b86) Importer(815301076,1909f56bfc062723c751e8b465ee728b)  -> (artifact id: '626c4d2fd6d8a4b484aeeba9a0ecec32') in 0.007602 seconds 
========================================================================
Received Import Request.
  Time since last request: 0.000034 seconds.
  path: Assets/Art/Texture/walls_341.asset
  artifactKey: Guid(e9952ea42b6b39d449c654052829ee74) Importer(815301076,1909f56bfc062723c751e8b465ee728b)
Start importing Assets/Art/Texture/walls_341.asset using Guid(e9952ea42b6b39d449c654052829ee74) Importer(815301076,1909f56bfc062723c751e8b465ee728b)  -> (artifact id: 'ac5391ce111f463b8f459b1f56a20c15') in 0.006401 seconds 
========================================================================
Received Import Request.
  Time since last request: 0.000020 seconds.
  path: Assets/Art/Texture/walls_350.asset
  artifactKey: Guid(53b249163b6836441976b57e68371904) Importer(815301076,1909f56bfc062723c751e8b465ee728b)
Start importing Assets/Art/Texture/walls_350.asset using Guid(53b249163b6836441976b57e68371904) Importer(815301076,1909f56bfc062723c751e8b465ee728b)  -> (artifact id: 'a8d4687718ba418f9ee8dc983c0ec426') in 0.008041 seconds 
========================================================================
Received Import Request.
  Time since last request: 0.000056 seconds.
  path: Assets/Art/Texture/walls_349.asset
  artifactKey: Guid(72b036b0020cb4c4aa5076e93d422801) Importer(815301076,1909f56bfc062723c751e8b465ee728b)
Start importing Assets/Art/Texture/walls_349.asset using Guid(72b036b0020cb4c4aa5076e93d422801) Importer(815301076,1909f56bfc062723c751e8b465ee728b)  -> (artifact id: '9f342d76f2ea816c00db95aef5be984e') in 0.008693 seconds 
========================================================================
Received Import Request.
  Time since last request: 0.000020 seconds.
  path: Assets/Art/Texture/walls_340.asset
  artifactKey: Guid(f6189940be0dce8429d66f7f3700bccc) Importer(815301076,1909f56bfc062723c751e8b465ee728b)
Start importing Assets/Art/Texture/walls_340.asset using Guid(f6189940be0dce8429d66f7f3700bccc) Importer(815301076,1909f56bfc062723c751e8b465ee728b)  -> (artifact id: 'd3f165c900a1070e1ac500f11f621750') in 0.008328 seconds 
========================================================================
Received Import Request.
  Time since last request: 0.000020 seconds.
  path: Assets/Art/Texture/walls_346.asset
  artifactKey: Guid(ccebfad61fa068a4e8c1e5f2ccbf437f) Importer(815301076,1909f56bfc062723c751e8b465ee728b)
Start importing Assets/Art/Texture/walls_346.asset using Guid(ccebfad61fa068a4e8c1e5f2ccbf437f) Importer(815301076,1909f56bfc062723c751e8b465ee728b)  -> (artifact id: '0b73cfc81794647f814ef8f9a745460a') in 0.008099 seconds 
========================================================================
Received Import Request.
  Time since last request: 0.000035 seconds.
  path: Assets/Art/Texture/walls_333.asset
  artifactKey: Guid(8c93f74fd086c3146982f1f8ef51dc25) Importer(815301076,1909f56bfc062723c751e8b465ee728b)
Start importing Assets/Art/Texture/walls_333.asset using Guid(8c93f74fd086c3146982f1f8ef51dc25) Importer(815301076,1909f56bfc062723c751e8b465ee728b)  -> (artifact id: '8d7587ca8039e229e5586fb05623c960') in 0.009259 seconds 
========================================================================
Received Import Request.
  Time since last request: 6.264547 seconds.
  path: Assets/Art/Top down Garden Castle/Top down Garden Castle.psd
  artifactKey: Guid(50f9d0101c53383479943ff680f76c67) Importer(815301076,1909f56bfc062723c751e8b465ee728b)
Start importing Assets/Art/Top down Garden Castle/Top down Garden Castle.psd using Guid(50f9d0101c53383479943ff680f76c67) Importer(815301076,1909f56bfc062723c751e8b465ee728b)  -> (artifact id: 'e699286f68798e4a9a1eb3cfeba17f03') in 0.081343 seconds 
Editor requested this worker to shutdown with reason: Scaling down because of idle timeout
AssetImportWorker is now disconnected from the server
Process exiting
Exiting without the bug reporter. Application will terminate with return code 0