Using pre-set license
Built from '2021.3/staging' branch; Version is '2021.3.16f1 (4016570cf34f) revision 4200023'; Using compiler version '192829333'; Build Type 'Release'
OS: 'Windows 11  (10.0.22621) 64bit Core' Language: 'fr' Physical Memory: 16122 MB
BatchMode: 1, IsHumanControllingUs: 0, StartBugReporterOnCrash: 0, Is64bit: 1, IsPro: 1

COMMAND LINE ARGUMENTS:
C:\Program Files\Unity\Hub\Editor\2021.3.16f1\Editor\Unity.exe
-adb2
-batchMode
-noUpm
-name
AssetImportWorker6
-projectPath
C:/Users/Utilisateur/Documents/GitHub/Tales-of-Hivnir/Tiles-Of-Hivnir
-logFile
Logs/AssetImportWorker6.log
-srvPort
58765
Successfully changed project path to: C:/Users/Utilisateur/Documents/GitHub/Tales-of-Hivnir/Tiles-Of-Hivnir
C:/Users/Utilisateur/Documents/GitHub/Tales-of-Hivnir/Tiles-Of-Hivnir
[UnityMemory] Configuration Parameters - Can be set up in boot.config
    "memorysetup-bucket-allocator-granularity=16"
    "memorysetup-bucket-allocator-bucket-count=8"
    "memorysetup-bucket-allocator-block-size=33554432"
    "memorysetup-bucket-allocator-block-count=8"
    "memorysetup-main-allocator-block-size=16777216"
    "memorysetup-thread-allocator-block-size=16777216"
    "memorysetup-gfx-main-allocator-block-size=16777216"
    "memorysetup-gfx-thread-allocator-block-size=16777216"
    "memorysetup-cache-allocator-block-size=4194304"
    "memorysetup-typetree-allocator-block-size=2097152"
    "memorysetup-profiler-bucket-allocator-granularity=16"
    "memorysetup-profiler-bucket-allocator-bucket-count=8"
    "memorysetup-profiler-bucket-allocator-block-size=33554432"
    "memorysetup-profiler-bucket-allocator-block-count=8"
    "memorysetup-profiler-allocator-block-size=16777216"
    "memorysetup-profiler-editor-allocator-block-size=1048576"
    "memorysetup-temp-allocator-size-main=16777216"
    "memorysetup-job-temp-allocator-block-size=2097152"
    "memorysetup-job-temp-allocator-block-size-background=1048576"
    "memorysetup-job-temp-allocator-reduction-small-platforms=262144"
    "memorysetup-temp-allocator-size-background-worker=32768"
    "memorysetup-temp-allocator-size-job-worker=262144"
    "memorysetup-temp-allocator-size-preload-manager=33554432"
    "memorysetup-temp-allocator-size-nav-mesh-worker=65536"
    "memorysetup-temp-allocator-size-audio-worker=65536"
    "memorysetup-temp-allocator-size-cloud-worker=32768"
    "memorysetup-temp-allocator-size-gi-baking-worker=262144"
    "memorysetup-temp-allocator-size-gfx=262144"
Player connection [30180] Host "[IP] 192.168.56.1 [Port] 0 [Flags] 2 [Guid] 1398185984 [EditorId] 1398185984 [Version] 1048832 [Id] WindowsEditor(7,LAPTOP-ET774ROT) [Debug] 1 [PackageName] WindowsEditor [ProjectName] Editor" joined multi-casting on [225.0.0.222:54997]...

Player connection [30180] Host "[IP] 192.168.56.1 [Port] 0 [Flags] 2 [Guid] 1398185984 [EditorId] 1398185984 [Version] 1048832 [Id] WindowsEditor(7,LAPTOP-ET774ROT) [Debug] 1 [PackageName] WindowsEditor [ProjectName] Editor" joined alternative multi-casting on [225.0.0.222:34997]...

Refreshing native plugins compatible for Editor in 121.63 ms, found 3 plugins.
Preloading 0 native plugins for Editor in 0.00 ms.
Initialize engine version: 2021.3.16f1 (4016570cf34f)
[Subsystems] Discovering subsystems at path C:/Program Files/Unity/Hub/Editor/2021.3.16f1/Editor/Data/Resources/UnitySubsystems
[Subsystems] Discovering subsystems at path C:/Users/Utilisateur/Documents/GitHub/Tales-of-Hivnir/Tiles-Of-Hivnir/Assets
GfxDevice: creating device client; threaded=0; jobified=0
Direct3D:
    Version:  Direct3D 11.0 [level 11.1]
    Renderer: NVIDIA GeForce RTX 3060 Laptop GPU (ID=0x2520)
    Vendor:   NVIDIA
    VRAM:     6023 MB
    Driver:   31.0.15.1720
Initialize mono
Mono path[0] = 'C:/Program Files/Unity/Hub/Editor/2021.3.16f1/Editor/Data/Managed'
Mono path[1] = 'C:/Program Files/Unity/Hub/Editor/2021.3.16f1/Editor/Data/MonoBleedingEdge/lib/mono/unityjit-win32'
Mono config path = 'C:/Program Files/Unity/Hub/Editor/2021.3.16f1/Editor/Data/MonoBleedingEdge/etc'
Using monoOptions --debugger-agent=transport=dt_socket,embedding=1,server=y,suspend=n,address=127.0.0.1:56236
Begin MonoManager ReloadAssembly
Registering precompiled unity dll's ...
Register platform support module: C:/Program Files/Unity/Hub/Editor/2021.3.16f1/Editor/Data/PlaybackEngines/WebGLSupport/UnityEditor.WebGL.Extensions.dll
Register platform support module: C:/Program Files/Unity/Hub/Editor/2021.3.16f1/Editor/Data/PlaybackEngines/AndroidPlayer/UnityEditor.Android.Extensions.dll
Register platform support module: C:/Program Files/Unity/Hub/Editor/2021.3.16f1/Editor/Data/PlaybackEngines/WindowsStandaloneSupport/UnityEditor.WindowsStandalone.Extensions.dll
Registered in 0.004159 seconds.
Native extension for WindowsStandalone target not found
Native extension for Android target not found
Native extension for WebGL target not found
Refreshing native plugins compatible for Editor in 83.18 ms, found 3 plugins.
Preloading 0 native plugins for Editor in 0.00 ms.
Mono: successfully reloaded assembly
- Completed reload, in  0.525 seconds
Domain Reload Profiling:
	ReloadAssembly (525ms)
		BeginReloadAssembly (57ms)
			ExecutionOrderSort (0ms)
			DisableScriptedObjects (0ms)
			BackupInstance (0ms)
			ReleaseScriptingObjects (0ms)
			CreateAndSetChildDomain (1ms)
		EndReloadAssembly (373ms)
			LoadAssemblies (55ms)
			RebuildTransferFunctionScriptingTraits (0ms)
			SetupTypeCache (90ms)
			ReleaseScriptCaches (0ms)
			RebuildScriptCaches (19ms)
			SetupLoadedEditorAssemblies (223ms)
				LogAssemblyErrors (0ms)
				InitializePlatformSupportModulesInManaged (41ms)
				SetLoadedEditorAssemblies (0ms)
				RefreshPlugins (83ms)
				BeforeProcessingInitializeOnLoad (1ms)
				ProcessInitializeOnLoadAttributes (65ms)
				ProcessInitializeOnLoadMethodAttributes (32ms)
				AfterProcessingInitializeOnLoad (0ms)
				EditorAssembliesLoaded (0ms)
			ExecutionOrderSort2 (0ms)
			AwakeInstancesAfterBackupRestoration (0ms)
Platform modules already initialized, skipping
Registering precompiled user dll's ...
Registered in 0.004303 seconds.
Begin MonoManager ReloadAssembly
Native extension for WindowsStandalone target not found
Native extension for Android target not found
Native extension for WebGL target not found
Refreshing native plugins compatible for Editor in 88.75 ms, found 3 plugins.
Preloading 0 native plugins for Editor in 0.00 ms.
Mono: successfully reloaded assembly
- Completed reload, in  0.944 seconds
Domain Reload Profiling:
	ReloadAssembly (944ms)
		BeginReloadAssembly (189ms)
			ExecutionOrderSort (0ms)
			DisableScriptedObjects (4ms)
			BackupInstance (0ms)
			ReleaseScriptingObjects (0ms)
			CreateAndSetChildDomain (128ms)
		EndReloadAssembly (665ms)
			LoadAssemblies (57ms)
			RebuildTransferFunctionScriptingTraits (0ms)
			SetupTypeCache (181ms)
			ReleaseScriptCaches (0ms)
			RebuildScriptCaches (42ms)
			SetupLoadedEditorAssemblies (346ms)
				LogAssemblyErrors (0ms)
				InitializePlatformSupportModulesInManaged (9ms)
				SetLoadedEditorAssemblies (0ms)
				RefreshPlugins (89ms)
				BeforeProcessingInitializeOnLoad (52ms)
				ProcessInitializeOnLoadAttributes (161ms)
				ProcessInitializeOnLoadMethodAttributes (31ms)
				AfterProcessingInitializeOnLoad (4ms)
				EditorAssembliesLoaded (0ms)
			ExecutionOrderSort2 (0ms)
			AwakeInstancesAfterBackupRestoration (5ms)
Platform modules already initialized, skipping
========================================================================
Worker process is ready to serve import requests
Launched and connected shader compiler UnityShaderCompiler.exe after 0.02 seconds
Refreshing native plugins compatible for Editor in 1.44 ms, found 3 plugins.
Preloading 0 native plugins for Editor in 0.00 ms.
Unloading 2837 Unused Serialized files (Serialized files now loaded: 0)
Unloading 38 unused Assets / (30.2 KB). Loaded Objects now: 3302.
Memory consumption went from 131.3 MB to 131.2 MB.
Total: 2.619700 ms (FindLiveObjects: 0.214500 ms CreateObjectMapping: 0.066800 ms MarkObjects: 2.312000 ms  DeleteObjects: 0.024600 ms)

AssetImportParameters requested are different than current active one (requested -> active):
  custom:video-decoder-ogg-theora: a1e56fd34408186e4bbccfd4996cb3dc -> 
  custom:container-muxer-webm: aa71ff27fc2769a1b78a27578f13a17b -> 
  custom:container-demuxer-webm: 4f35f7cbe854078d1ac9338744f61a02 -> 
  custom:video-encoder-webm-vp8: eb34c28f22e8b96e1ab97ce403110664 -> 
  custom:video-codec-MediaFoundation-h265: 746d11721c4dcdbdad8f713fa42b33f4 -> 
  custom:audio-encoder-webm-vorbis: bf7c407c2cedff20999df2af8eb42d56 -> 
  custom:framework-win-MediaFoundation: 216162199b28c13a410421893ffa2e32 -> 
  custom:container-demuxer-ogg: 62fdf1f143b41e24485cea50d1cbac27 -> 
  custom:video-decoder-webm-vp8: 9c59270c3fd7afecdb556c50c9e8de78 -> 
  custom:audio-decoder-ogg-vorbis: bf7c407c2cedff20999df2af8eb42d56 -> 
========================================================================
Received Import Request.
  Time since last request: 118354.668412 seconds.
  path: Assets/Art/Item/Icon9 2.png
  artifactKey: Guid(89a1a43d117dfd141b5e91b708564ff8) Importer(815301076,1909f56bfc062723c751e8b465ee728b)
Start importing Assets/Art/Item/Icon9 2.png using Guid(89a1a43d117dfd141b5e91b708564ff8) Importer(815301076,1909f56bfc062723c751e8b465ee728b)  -> (artifact id: 'cd425e2d44d3a8bce4262260efbbb1d1') in 0.088213 seconds 
========================================================================
Received Import Request.
  Time since last request: 0.000057 seconds.
  path: Assets/Art/Item/Icon10 5.png
  artifactKey: Guid(6fbf4a2bff3b268498bac252db68bba0) Importer(815301076,1909f56bfc062723c751e8b465ee728b)
Start importing Assets/Art/Item/Icon10 5.png using Guid(6fbf4a2bff3b268498bac252db68bba0) Importer(815301076,1909f56bfc062723c751e8b465ee728b)  -> (artifact id: 'd20562681cf55d5ce0bacb2bdff2d414') in 0.010421 seconds 
========================================================================
Received Import Request.
  Time since last request: 0.000017 seconds.
  path: Assets/Art/Item/Icon10.png
  artifactKey: Guid(0b878c88715be2641b60a97c9b605320) Importer(815301076,1909f56bfc062723c751e8b465ee728b)
Start importing Assets/Art/Item/Icon10.png using Guid(0b878c88715be2641b60a97c9b605320) Importer(815301076,1909f56bfc062723c751e8b465ee728b)  -> (artifact id: 'e1a579d3aa3cec7790bef609e254bb1f') in 0.007465 seconds 
========================================================================
Received Import Request.
  Time since last request: 0.706393 seconds.
  path: Assets/Art/Item/Icon11 3.png
  artifactKey: Guid(5cfbe45842db20c4ea7e944308f5a16a) Importer(815301076,1909f56bfc062723c751e8b465ee728b)
Start importing Assets/Art/Item/Icon11 3.png using Guid(5cfbe45842db20c4ea7e944308f5a16a) Importer(815301076,1909f56bfc062723c751e8b465ee728b)  -> (artifact id: '4578d12203a07d8943b179e9a18990b2') in 0.015007 seconds 
========================================================================
Received Import Request.
  Time since last request: 0.000028 seconds.
  path: Assets/Art/Item/Icon13 2.png
  artifactKey: Guid(884fde129f4929f4490adcd049e57fff) Importer(815301076,1909f56bfc062723c751e8b465ee728b)
Start importing Assets/Art/Item/Icon13 2.png using Guid(884fde129f4929f4490adcd049e57fff) Importer(815301076,1909f56bfc062723c751e8b465ee728b)  -> (artifact id: '94bd555eafa11252e1f3a941df2b8a64') in 0.010537 seconds 
========================================================================
Received Import Request.
  Time since last request: 0.000020 seconds.
  path: Assets/Art/Item/Icon12 1.png
  artifactKey: Guid(a48b44576e297cd48a474b078c493c31) Importer(815301076,1909f56bfc062723c751e8b465ee728b)
Start importing Assets/Art/Item/Icon12 1.png using Guid(a48b44576e297cd48a474b078c493c31) Importer(815301076,1909f56bfc062723c751e8b465ee728b)  -> (artifact id: '67bc214ba6add46b7e7185a27d2b296d') in 0.011322 seconds 
========================================================================
Received Import Request.
  Time since last request: 0.000020 seconds.
  path: Assets/Art/Item/Icon13 1.png
  artifactKey: Guid(5182f664c8713ea45930628e7ea78a59) Importer(815301076,1909f56bfc062723c751e8b465ee728b)
Start importing Assets/Art/Item/Icon13 1.png using Guid(5182f664c8713ea45930628e7ea78a59) Importer(815301076,1909f56bfc062723c751e8b465ee728b)  -> (artifact id: 'c8af3220474f5d115a2f63eb4446eb48') in 0.009474 seconds 
========================================================================
Received Import Request.
  Time since last request: 0.000015 seconds.
  path: Assets/Art/Item/Icon12 4.png
  artifactKey: Guid(935d94ea83754af4f91599d622cdaa4a) Importer(815301076,1909f56bfc062723c751e8b465ee728b)
Start importing Assets/Art/Item/Icon12 4.png using Guid(935d94ea83754af4f91599d622cdaa4a) Importer(815301076,1909f56bfc062723c751e8b465ee728b)  -> (artifact id: '5a1a4ffe82a55039a66ca4a231f2b422') in 0.010332 seconds 
========================================================================
Received Import Request.
  Time since last request: 1.810636 seconds.
  path: Assets/Art/Item/Icon13 4.png
  artifactKey: Guid(637bf4c6f14a27c4198c2221f7791a97) Importer(815301076,1909f56bfc062723c751e8b465ee728b)
Start importing Assets/Art/Item/Icon13 4.png using Guid(637bf4c6f14a27c4198c2221f7791a97) Importer(815301076,1909f56bfc062723c751e8b465ee728b)  -> (artifact id: '7d0c48ec393416c7ebec7c540f706ba0') in 0.012945 seconds 
========================================================================
Received Import Request.
  Time since last request: 0.000026 seconds.
  path: Assets/Art/Item/Icon14 5.png
  artifactKey: Guid(1f14dfdeee6f1c44c8816f9a4a398e36) Importer(815301076,1909f56bfc062723c751e8b465ee728b)
Start importing Assets/Art/Item/Icon14 5.png using Guid(1f14dfdeee6f1c44c8816f9a4a398e36) Importer(815301076,1909f56bfc062723c751e8b465ee728b)  -> (artifact id: '5b42edbd645c9b16bd3236cf6f74313a') in 0.015592 seconds 
========================================================================
Received Import Request.
  Time since last request: 0.000024 seconds.
  path: Assets/Art/Item/Icon14 1.png
  artifactKey: Guid(b71f4fded8c5d2449a5b49325588576f) Importer(815301076,1909f56bfc062723c751e8b465ee728b)
Start importing Assets/Art/Item/Icon14 1.png using Guid(b71f4fded8c5d2449a5b49325588576f) Importer(815301076,1909f56bfc062723c751e8b465ee728b)  -> (artifact id: '20c88fc956ec36a415caeb737e3b0297') in 0.009552 seconds 
========================================================================
Received Import Request.
  Time since last request: 0.000022 seconds.
  path: Assets/Art/Item/Icon14 6.png
  artifactKey: Guid(ce758c57aac64254e83364af195a48c9) Importer(815301076,1909f56bfc062723c751e8b465ee728b)
Start importing Assets/Art/Item/Icon14 6.png using Guid(ce758c57aac64254e83364af195a48c9) Importer(815301076,1909f56bfc062723c751e8b465ee728b)  -> (artifact id: '028bc75ddeb47ee2a487e6f557c7f6fa') in 0.010062 seconds 
========================================================================
Received Import Request.
  Time since last request: 0.468607 seconds.
  path: Assets/Art/Item/Icon15 5.png
  artifactKey: Guid(fd9c3406c494f7240880998987c7ba13) Importer(815301076,1909f56bfc062723c751e8b465ee728b)
Start importing Assets/Art/Item/Icon15 5.png using Guid(fd9c3406c494f7240880998987c7ba13) Importer(815301076,1909f56bfc062723c751e8b465ee728b)  -> (artifact id: '636600279094216073e3bca8a7b2fecc') in 0.012652 seconds 
========================================================================
Received Import Request.
  Time since last request: 0.000028 seconds.
  path: Assets/Art/Item/Icon16 1.png
  artifactKey: Guid(fcab9e75310ac624381bd517e37a3e74) Importer(815301076,1909f56bfc062723c751e8b465ee728b)
Start importing Assets/Art/Item/Icon16 1.png using Guid(fcab9e75310ac624381bd517e37a3e74) Importer(815301076,1909f56bfc062723c751e8b465ee728b)  -> (artifact id: '9520202a6442b48a84f8886f18b19e33') in 0.017444 seconds 
========================================================================
Received Import Request.
  Time since last request: 0.000038 seconds.
  path: Assets/Art/Item/Icon16 6.png
  artifactKey: Guid(e6f4981415928d446841c923ebce6418) Importer(815301076,1909f56bfc062723c751e8b465ee728b)
Start importing Assets/Art/Item/Icon16 6.png using Guid(e6f4981415928d446841c923ebce6418) Importer(815301076,1909f56bfc062723c751e8b465ee728b)  -> (artifact id: 'ada42634997ac727a99209b43f6dc170') in 0.008614 seconds 
========================================================================
Received Import Request.
  Time since last request: 0.000015 seconds.
  path: Assets/Art/Item/Icon16 3.png
  artifactKey: Guid(ffa7432a5f1260d46941139632bb78ff) Importer(815301076,1909f56bfc062723c751e8b465ee728b)
Start importing Assets/Art/Item/Icon16 3.png using Guid(ffa7432a5f1260d46941139632bb78ff) Importer(815301076,1909f56bfc062723c751e8b465ee728b)  -> (artifact id: '4f452c3a3b2b78be011e46e1cc24f146') in 0.010654 seconds 
========================================================================
Received Import Request.
  Time since last request: 0.196795 seconds.
  path: Assets/Art/Item/Icon17 6.png
  artifactKey: Guid(ee1df0438431f26448d5ccb2b8a7c41e) Importer(815301076,1909f56bfc062723c751e8b465ee728b)
Start importing Assets/Art/Item/Icon17 6.png using Guid(ee1df0438431f26448d5ccb2b8a7c41e) Importer(815301076,1909f56bfc062723c751e8b465ee728b)  -> (artifact id: '0e74ed5d8ff439210bcc1ea7310b2ce3') in 0.015937 seconds 
========================================================================
Received Import Request.
  Time since last request: 0.000016 seconds.
  path: Assets/Art/Item/Icon19 5.png
  artifactKey: Guid(7a9ea3f1715f6c747a53264ddc33061c) Importer(815301076,1909f56bfc062723c751e8b465ee728b)
Start importing Assets/Art/Item/Icon19 5.png using Guid(7a9ea3f1715f6c747a53264ddc33061c) Importer(815301076,1909f56bfc062723c751e8b465ee728b)  -> (artifact id: '2e058c454fa653e4d65d87860282aaa5') in 0.012755 seconds 
========================================================================
Received Import Request.
  Time since last request: 0.000018 seconds.
  path: Assets/Art/Item/Icon18 4.png
  artifactKey: Guid(d8cdd15d21be895458f3d25e16f59451) Importer(815301076,1909f56bfc062723c751e8b465ee728b)
Start importing Assets/Art/Item/Icon18 4.png using Guid(d8cdd15d21be895458f3d25e16f59451) Importer(815301076,1909f56bfc062723c751e8b465ee728b)  -> (artifact id: '393346e7735f4cde99997e6714150e81') in 0.015282 seconds 
========================================================================
Received Import Request.
  Time since last request: 0.000045 seconds.
  path: Assets/Art/Item/Icon18 6.png
  artifactKey: Guid(7dc63a6b51d1f39489a98fc8d7dce72c) Importer(815301076,1909f56bfc062723c751e8b465ee728b)
Start importing Assets/Art/Item/Icon18 6.png using Guid(7dc63a6b51d1f39489a98fc8d7dce72c) Importer(815301076,1909f56bfc062723c751e8b465ee728b)  -> (artifact id: '1f3a4445e0eecc3895e0291930989b1c') in 0.009416 seconds 
========================================================================
Received Import Request.
  Time since last request: 0.847636 seconds.
  path: Assets/Art/Item/Icon19 7.png
  artifactKey: Guid(5392d88d70a6f0a40993889a42bc02b2) Importer(815301076,1909f56bfc062723c751e8b465ee728b)
Start importing Assets/Art/Item/Icon19 7.png using Guid(5392d88d70a6f0a40993889a42bc02b2) Importer(815301076,1909f56bfc062723c751e8b465ee728b)  -> (artifact id: '81e1489dddcc7aad47b0acf85d097c71') in 0.012378 seconds 
========================================================================
Received Import Request.
  Time since last request: 0.000025 seconds.
  path: Assets/Art/Item/Icon20 4.png
  artifactKey: Guid(452cf0d3a2d82e1439ff6a88922fc545) Importer(815301076,1909f56bfc062723c751e8b465ee728b)
Start importing Assets/Art/Item/Icon20 4.png using Guid(452cf0d3a2d82e1439ff6a88922fc545) Importer(815301076,1909f56bfc062723c751e8b465ee728b)  -> (artifact id: '538ab9d07d357bb02ce079120f73ccf6') in 0.017948 seconds 
========================================================================
Received Import Request.
  Time since last request: 0.000017 seconds.
  path: Assets/Art/Item/Icon21 3.png
  artifactKey: Guid(1a6ee18ce05866f46b73f56d936328ed) Importer(815301076,1909f56bfc062723c751e8b465ee728b)
Start importing Assets/Art/Item/Icon21 3.png using Guid(1a6ee18ce05866f46b73f56d936328ed) Importer(815301076,1909f56bfc062723c751e8b465ee728b)  -> (artifact id: '053799fa41b413833e452bf2c2b4bffb') in 0.011734 seconds 
========================================================================
Received Import Request.
  Time since last request: 0.000075 seconds.
  path: Assets/Art/Item/Icon20 5.png
  artifactKey: Guid(5f32b4db55be7604f834c23884918c66) Importer(815301076,1909f56bfc062723c751e8b465ee728b)
Start importing Assets/Art/Item/Icon20 5.png using Guid(5f32b4db55be7604f834c23884918c66) Importer(815301076,1909f56bfc062723c751e8b465ee728b)  -> (artifact id: 'd2e2bff96138427f0095d1229f9fbb7d') in 0.011433 seconds 
========================================================================
Received Import Request.
  Time since last request: 0.030701 seconds.
  path: Assets/Art/Item/Icon21.png
  artifactKey: Guid(a419a387690ca4d43884bc10616110d0) Importer(815301076,1909f56bfc062723c751e8b465ee728b)
Start importing Assets/Art/Item/Icon21.png using Guid(a419a387690ca4d43884bc10616110d0) Importer(815301076,1909f56bfc062723c751e8b465ee728b)  -> (artifact id: 'e5f8885e9664e0ab9137f760f29a2df4') in 0.014150 seconds 
========================================================================
Received Import Request.
  Time since last request: 0.000022 seconds.
  path: Assets/Art/Item/Icon23 4.png
  artifactKey: Guid(f8dc419313eb73d428f543cdd1e0ffe9) Importer(815301076,1909f56bfc062723c751e8b465ee728b)
Start importing Assets/Art/Item/Icon23 4.png using Guid(f8dc419313eb73d428f543cdd1e0ffe9) Importer(815301076,1909f56bfc062723c751e8b465ee728b)  -> (artifact id: 'd9a246c992365a68c2fe6b49267d450d') in 0.009996 seconds 
========================================================================
Received Import Request.
  Time since last request: 0.000021 seconds.
  path: Assets/Art/Item/Icon22.png
  artifactKey: Guid(a21b5e974b414a74c97c8838bc3bea5c) Importer(815301076,1909f56bfc062723c751e8b465ee728b)
Start importing Assets/Art/Item/Icon22.png using Guid(a21b5e974b414a74c97c8838bc3bea5c) Importer(815301076,1909f56bfc062723c751e8b465ee728b)  -> (artifact id: 'be7033eec9968e8d8ed2abcab228b89d') in 0.009611 seconds 
========================================================================
Received Import Request.
  Time since last request: 0.000031 seconds.
  path: Assets/Art/Item/Icon23 1.png
  artifactKey: Guid(dd501ead905581b4f8b0ee2ae43f973a) Importer(815301076,1909f56bfc062723c751e8b465ee728b)
Start importing Assets/Art/Item/Icon23 1.png using Guid(dd501ead905581b4f8b0ee2ae43f973a) Importer(815301076,1909f56bfc062723c751e8b465ee728b)  -> (artifact id: '44fc75de80fa1a4a6a8babbe2419544d') in 0.014112 seconds 
========================================================================
Received Import Request.
  Time since last request: 0.000016 seconds.
  path: Assets/Art/Item/Icon23 2.png
  artifactKey: Guid(ec4f7bfbe7d19bf4eb804994bdae747b) Importer(815301076,1909f56bfc062723c751e8b465ee728b)
Start importing Assets/Art/Item/Icon23 2.png using Guid(ec4f7bfbe7d19bf4eb804994bdae747b) Importer(815301076,1909f56bfc062723c751e8b465ee728b)  -> (artifact id: 'fdb390f15740f4cc76446d377b867fbf') in 0.009174 seconds 
========================================================================
Received Prepare
Registering precompiled user dll's ...
Registered in 0.004380 seconds.
Begin MonoManager ReloadAssembly
Native extension for WindowsStandalone target not found
Native extension for Android target not found
Native extension for WebGL target not found
Refreshing native plugins compatible for Editor in 1.55 ms, found 3 plugins.
Preloading 0 native plugins for Editor in 0.00 ms.
Mono: successfully reloaded assembly
- Completed reload, in  0.857 seconds
Domain Reload Profiling:
	ReloadAssembly (857ms)
		BeginReloadAssembly (105ms)
			ExecutionOrderSort (0ms)
			DisableScriptedObjects (5ms)
			BackupInstance (0ms)
			ReleaseScriptingObjects (0ms)
			CreateAndSetChildDomain (30ms)
		EndReloadAssembly (651ms)
			LoadAssemblies (71ms)
			RebuildTransferFunctionScriptingTraits (0ms)
			SetupTypeCache (176ms)
			ReleaseScriptCaches (2ms)
			RebuildScriptCaches (46ms)
			SetupLoadedEditorAssemblies (319ms)
				LogAssemblyErrors (0ms)
				InitializePlatformSupportModulesInManaged (18ms)
				SetLoadedEditorAssemblies (0ms)
				RefreshPlugins (2ms)
				BeforeProcessingInitializeOnLoad (68ms)
				ProcessInitializeOnLoadAttributes (189ms)
				ProcessInitializeOnLoadMethodAttributes (36ms)
				AfterProcessingInitializeOnLoad (6ms)
				EditorAssembliesLoaded (0ms)
			ExecutionOrderSort2 (0ms)
			AwakeInstancesAfterBackupRestoration (7ms)
Platform modules already initialized, skipping
Refreshing native plugins compatible for Editor in 2.54 ms, found 3 plugins.
Preloading 0 native plugins for Editor in 0.00 ms.
Unloading 2811 Unused Serialized files (Serialized files now loaded: 0)
Unloading 25 unused Assets / (31.7 KB). Loaded Objects now: 3311.
Memory consumption went from 133.3 MB to 133.3 MB.
Total: 2.502600 ms (FindLiveObjects: 0.170100 ms CreateObjectMapping: 0.059600 ms MarkObjects: 2.252300 ms  DeleteObjects: 0.019600 ms)

AssetImportParameters requested are different than current active one (requested -> active):
  custom:video-decoder-ogg-theora: a1e56fd34408186e4bbccfd4996cb3dc -> 
  custom:container-muxer-webm: aa71ff27fc2769a1b78a27578f13a17b -> 
  custom:container-demuxer-webm: 4f35f7cbe854078d1ac9338744f61a02 -> 
  custom:video-encoder-webm-vp8: eb34c28f22e8b96e1ab97ce403110664 -> 
  custom:video-codec-MediaFoundation-h265: 746d11721c4dcdbdad8f713fa42b33f4 -> 
  custom:audio-encoder-webm-vorbis: bf7c407c2cedff20999df2af8eb42d56 -> 
  custom:framework-win-MediaFoundation: 216162199b28c13a410421893ffa2e32 -> 
  custom:container-demuxer-ogg: 62fdf1f143b41e24485cea50d1cbac27 -> 
  custom:video-decoder-webm-vp8: 9c59270c3fd7afecdb556c50c9e8de78 -> 
  custom:audio-decoder-ogg-vorbis: bf7c407c2cedff20999df2af8eb42d56 -> 
========================================================================
Received Prepare
Registering precompiled user dll's ...
Registered in 0.004403 seconds.
Begin MonoManager ReloadAssembly
Native extension for WindowsStandalone target not found
Native extension for Android target not found
Native extension for WebGL target not found
Refreshing native plugins compatible for Editor in 1.39 ms, found 3 plugins.
Preloading 0 native plugins for Editor in 0.00 ms.
Mono: successfully reloaded assembly
- Completed reload, in  0.772 seconds
Domain Reload Profiling:
	ReloadAssembly (773ms)
		BeginReloadAssembly (106ms)
			ExecutionOrderSort (0ms)
			DisableScriptedObjects (6ms)
			BackupInstance (0ms)
			ReleaseScriptingObjects (0ms)
			CreateAndSetChildDomain (34ms)
		EndReloadAssembly (587ms)
			LoadAssemblies (69ms)
			RebuildTransferFunctionScriptingTraits (0ms)
			SetupTypeCache (192ms)
			ReleaseScriptCaches (2ms)
			RebuildScriptCaches (41ms)
			SetupLoadedEditorAssemblies (251ms)
				LogAssemblyErrors (0ms)
				InitializePlatformSupportModulesInManaged (15ms)
				SetLoadedEditorAssemblies (0ms)
				RefreshPlugins (1ms)
				BeforeProcessingInitializeOnLoad (52ms)
				ProcessInitializeOnLoadAttributes (152ms)
				ProcessInitializeOnLoadMethodAttributes (27ms)
				AfterProcessingInitializeOnLoad (4ms)
				EditorAssembliesLoaded (0ms)
			ExecutionOrderSort2 (0ms)
			AwakeInstancesAfterBackupRestoration (6ms)
Platform modules already initialized, skipping
Refreshing native plugins compatible for Editor in 4.08 ms, found 3 plugins.
Preloading 0 native plugins for Editor in 0.00 ms.
Unloading 2811 Unused Serialized files (Serialized files now loaded: 0)
Unloading 25 unused Assets / (31.7 KB). Loaded Objects now: 3314.
Memory consumption went from 133.4 MB to 133.3 MB.
Total: 2.374700 ms (FindLiveObjects: 0.188000 ms CreateObjectMapping: 0.071700 ms MarkObjects: 2.092100 ms  DeleteObjects: 0.022000 ms)

AssetImportParameters requested are different than current active one (requested -> active):
  custom:video-decoder-ogg-theora: a1e56fd34408186e4bbccfd4996cb3dc -> 
  custom:container-muxer-webm: aa71ff27fc2769a1b78a27578f13a17b -> 
  custom:container-demuxer-webm: 4f35f7cbe854078d1ac9338744f61a02 -> 
  custom:video-encoder-webm-vp8: eb34c28f22e8b96e1ab97ce403110664 -> 
  custom:video-codec-MediaFoundation-h265: 746d11721c4dcdbdad8f713fa42b33f4 -> 
  custom:audio-encoder-webm-vorbis: bf7c407c2cedff20999df2af8eb42d56 -> 
  custom:framework-win-MediaFoundation: 216162199b28c13a410421893ffa2e32 -> 
  custom:container-demuxer-ogg: 62fdf1f143b41e24485cea50d1cbac27 -> 
  custom:video-decoder-webm-vp8: 9c59270c3fd7afecdb556c50c9e8de78 -> 
  custom:audio-decoder-ogg-vorbis: bf7c407c2cedff20999df2af8eb42d56 -> 
========================================================================
Received Prepare
Registering precompiled user dll's ...
Registered in 0.006022 seconds.
Begin MonoManager ReloadAssembly
Native extension for WindowsStandalone target not found
Native extension for Android target not found
Native extension for WebGL target not found
Refreshing native plugins compatible for Editor in 1.46 ms, found 3 plugins.
Preloading 0 native plugins for Editor in 0.00 ms.
Mono: successfully reloaded assembly
- Completed reload, in  0.847 seconds
Domain Reload Profiling:
	ReloadAssembly (847ms)
		BeginReloadAssembly (105ms)
			ExecutionOrderSort (0ms)
			DisableScriptedObjects (5ms)
			BackupInstance (0ms)
			ReleaseScriptingObjects (0ms)
			CreateAndSetChildDomain (30ms)
		EndReloadAssembly (665ms)
			LoadAssemblies (67ms)
			RebuildTransferFunctionScriptingTraits (0ms)
			SetupTypeCache (194ms)
			ReleaseScriptCaches (2ms)
			RebuildScriptCaches (53ms)
			SetupLoadedEditorAssemblies (313ms)
				LogAssemblyErrors (0ms)
				InitializePlatformSupportModulesInManaged (17ms)
				SetLoadedEditorAssemblies (0ms)
				RefreshPlugins (1ms)
				BeforeProcessingInitializeOnLoad (57ms)
				ProcessInitializeOnLoadAttributes (196ms)
				ProcessInitializeOnLoadMethodAttributes (36ms)
				AfterProcessingInitializeOnLoad (5ms)
				EditorAssembliesLoaded (0ms)
			ExecutionOrderSort2 (0ms)
			AwakeInstancesAfterBackupRestoration (8ms)
Platform modules already initialized, skipping
Refreshing native plugins compatible for Editor in 4.21 ms, found 3 plugins.
Preloading 0 native plugins for Editor in 0.00 ms.
Unloading 2811 Unused Serialized files (Serialized files now loaded: 0)
Unloading 25 unused Assets / (31.8 KB). Loaded Objects now: 3317.
Memory consumption went from 133.4 MB to 133.3 MB.
Total: 3.251400 ms (FindLiveObjects: 0.475900 ms CreateObjectMapping: 0.133300 ms MarkObjects: 2.611500 ms  DeleteObjects: 0.029600 ms)

AssetImportParameters requested are different than current active one (requested -> active):
  custom:video-decoder-ogg-theora: a1e56fd34408186e4bbccfd4996cb3dc -> 
  custom:container-muxer-webm: aa71ff27fc2769a1b78a27578f13a17b -> 
  custom:container-demuxer-webm: 4f35f7cbe854078d1ac9338744f61a02 -> 
  custom:video-encoder-webm-vp8: eb34c28f22e8b96e1ab97ce403110664 -> 
  custom:video-codec-MediaFoundation-h265: 746d11721c4dcdbdad8f713fa42b33f4 -> 
  custom:audio-encoder-webm-vorbis: bf7c407c2cedff20999df2af8eb42d56 -> 
  custom:framework-win-MediaFoundation: 216162199b28c13a410421893ffa2e32 -> 
  custom:container-demuxer-ogg: 62fdf1f143b41e24485cea50d1cbac27 -> 
  custom:video-decoder-webm-vp8: 9c59270c3fd7afecdb556c50c9e8de78 -> 
  custom:audio-decoder-ogg-vorbis: bf7c407c2cedff20999df2af8eb42d56 -> 
========================================================================
Received Prepare
Registering precompiled user dll's ...
Registered in 0.004413 seconds.
Begin MonoManager ReloadAssembly
Native extension for WindowsStandalone target not found
Native extension for Android target not found
Native extension for WebGL target not found
Refreshing native plugins compatible for Editor in 1.37 ms, found 3 plugins.
Preloading 0 native plugins for Editor in 0.00 ms.
Mono: successfully reloaded assembly
- Completed reload, in  0.787 seconds
Domain Reload Profiling:
	ReloadAssembly (787ms)
		BeginReloadAssembly (109ms)
			ExecutionOrderSort (0ms)
			DisableScriptedObjects (5ms)
			BackupInstance (0ms)
			ReleaseScriptingObjects (0ms)
			CreateAndSetChildDomain (34ms)
		EndReloadAssembly (601ms)
			LoadAssemblies (72ms)
			RebuildTransferFunctionScriptingTraits (0ms)
			SetupTypeCache (181ms)
			ReleaseScriptCaches (2ms)
			RebuildScriptCaches (42ms)
			SetupLoadedEditorAssemblies (268ms)
				LogAssemblyErrors (0ms)
				InitializePlatformSupportModulesInManaged (16ms)
				SetLoadedEditorAssemblies (0ms)
				RefreshPlugins (1ms)
				BeforeProcessingInitializeOnLoad (58ms)
				ProcessInitializeOnLoadAttributes (160ms)
				ProcessInitializeOnLoadMethodAttributes (26ms)
				AfterProcessingInitializeOnLoad (5ms)
				EditorAssembliesLoaded (0ms)
			ExecutionOrderSort2 (0ms)
			AwakeInstancesAfterBackupRestoration (6ms)
Platform modules already initialized, skipping
Refreshing native plugins compatible for Editor in 2.57 ms, found 3 plugins.
Preloading 0 native plugins for Editor in 0.00 ms.
Unloading 2811 Unused Serialized files (Serialized files now loaded: 0)
Unloading 25 unused Assets / (31.7 KB). Loaded Objects now: 3320.
Memory consumption went from 133.4 MB to 133.3 MB.
Total: 2.560300 ms (FindLiveObjects: 0.210900 ms CreateObjectMapping: 0.075700 ms MarkObjects: 2.253400 ms  DeleteObjects: 0.018700 ms)

AssetImportParameters requested are different than current active one (requested -> active):
  custom:video-decoder-ogg-theora: a1e56fd34408186e4bbccfd4996cb3dc -> 
  custom:container-muxer-webm: aa71ff27fc2769a1b78a27578f13a17b -> 
  custom:container-demuxer-webm: 4f35f7cbe854078d1ac9338744f61a02 -> 
  custom:video-encoder-webm-vp8: eb34c28f22e8b96e1ab97ce403110664 -> 
  custom:video-codec-MediaFoundation-h265: 746d11721c4dcdbdad8f713fa42b33f4 -> 
  custom:audio-encoder-webm-vorbis: bf7c407c2cedff20999df2af8eb42d56 -> 
  custom:framework-win-MediaFoundation: 216162199b28c13a410421893ffa2e32 -> 
  custom:container-demuxer-ogg: 62fdf1f143b41e24485cea50d1cbac27 -> 
  custom:video-decoder-webm-vp8: 9c59270c3fd7afecdb556c50c9e8de78 -> 
  custom:audio-decoder-ogg-vorbis: bf7c407c2cedff20999df2af8eb42d56 -> 
========================================================================
Received Prepare
Registering precompiled user dll's ...
Registered in 0.004402 seconds.
Begin MonoManager ReloadAssembly
Native extension for WindowsStandalone target not found
Native extension for Android target not found
Native extension for WebGL target not found
Refreshing native plugins compatible for Editor in 1.25 ms, found 3 plugins.
Preloading 0 native plugins for Editor in 0.00 ms.
Mono: successfully reloaded assembly
- Completed reload, in  0.785 seconds
Domain Reload Profiling:
	ReloadAssembly (786ms)
		BeginReloadAssembly (105ms)
			ExecutionOrderSort (0ms)
			DisableScriptedObjects (6ms)
			BackupInstance (0ms)
			ReleaseScriptingObjects (0ms)
			CreateAndSetChildDomain (32ms)
		EndReloadAssembly (605ms)
			LoadAssemblies (65ms)
			RebuildTransferFunctionScriptingTraits (0ms)
			SetupTypeCache (180ms)
			ReleaseScriptCaches (2ms)
			RebuildScriptCaches (39ms)
			SetupLoadedEditorAssemblies (283ms)
				LogAssemblyErrors (0ms)
				InitializePlatformSupportModulesInManaged (16ms)
				SetLoadedEditorAssemblies (0ms)
				RefreshPlugins (1ms)
				BeforeProcessingInitializeOnLoad (59ms)
				ProcessInitializeOnLoadAttributes (163ms)
				ProcessInitializeOnLoadMethodAttributes (37ms)
				AfterProcessingInitializeOnLoad (6ms)
				EditorAssembliesLoaded (0ms)
			ExecutionOrderSort2 (0ms)
			AwakeInstancesAfterBackupRestoration (8ms)
Platform modules already initialized, skipping
Refreshing native plugins compatible for Editor in 3.70 ms, found 3 plugins.
Preloading 0 native plugins for Editor in 0.00 ms.
Unloading 2811 Unused Serialized files (Serialized files now loaded: 0)
Unloading 25 unused Assets / (31.8 KB). Loaded Objects now: 3323.
Memory consumption went from 133.4 MB to 133.4 MB.
Total: 2.801200 ms (FindLiveObjects: 0.188000 ms CreateObjectMapping: 0.059000 ms MarkObjects: 2.533600 ms  DeleteObjects: 0.020100 ms)

AssetImportParameters requested are different than current active one (requested -> active):
  custom:video-decoder-ogg-theora: a1e56fd34408186e4bbccfd4996cb3dc -> 
  custom:container-muxer-webm: aa71ff27fc2769a1b78a27578f13a17b -> 
  custom:container-demuxer-webm: 4f35f7cbe854078d1ac9338744f61a02 -> 
  custom:video-encoder-webm-vp8: eb34c28f22e8b96e1ab97ce403110664 -> 
  custom:video-codec-MediaFoundation-h265: 746d11721c4dcdbdad8f713fa42b33f4 -> 
  custom:audio-encoder-webm-vorbis: bf7c407c2cedff20999df2af8eb42d56 -> 
  custom:framework-win-MediaFoundation: 216162199b28c13a410421893ffa2e32 -> 
  custom:container-demuxer-ogg: 62fdf1f143b41e24485cea50d1cbac27 -> 
  custom:video-decoder-webm-vp8: 9c59270c3fd7afecdb556c50c9e8de78 -> 
  custom:audio-decoder-ogg-vorbis: bf7c407c2cedff20999df2af8eb42d56 -> 
========================================================================
Received Prepare
Registering precompiled user dll's ...
Registered in 0.005407 seconds.
Begin MonoManager ReloadAssembly
Native extension for WindowsStandalone target not found
Native extension for Android target not found
Native extension for WebGL target not found
Refreshing native plugins compatible for Editor in 1.47 ms, found 3 plugins.
Preloading 0 native plugins for Editor in 0.00 ms.
Mono: successfully reloaded assembly
- Completed reload, in  0.818 seconds
Domain Reload Profiling:
	ReloadAssembly (819ms)
		BeginReloadAssembly (103ms)
			ExecutionOrderSort (0ms)
			DisableScriptedObjects (5ms)
			BackupInstance (0ms)
			ReleaseScriptingObjects (0ms)
			CreateAndSetChildDomain (32ms)
		EndReloadAssembly (644ms)
			LoadAssemblies (61ms)
			RebuildTransferFunctionScriptingTraits (0ms)
			SetupTypeCache (180ms)
			ReleaseScriptCaches (2ms)
			RebuildScriptCaches (49ms)
			SetupLoadedEditorAssemblies (311ms)
				LogAssemblyErrors (0ms)
				InitializePlatformSupportModulesInManaged (19ms)
				SetLoadedEditorAssemblies (0ms)
				RefreshPlugins (2ms)
				BeforeProcessingInitializeOnLoad (58ms)
				ProcessInitializeOnLoadAttributes (191ms)
				ProcessInitializeOnLoadMethodAttributes (36ms)
				AfterProcessingInitializeOnLoad (5ms)
				EditorAssembliesLoaded (0ms)
			ExecutionOrderSort2 (0ms)
			AwakeInstancesAfterBackupRestoration (7ms)
Platform modules already initialized, skipping
Refreshing native plugins compatible for Editor in 3.99 ms, found 3 plugins.
Preloading 0 native plugins for Editor in 0.00 ms.
Unloading 2811 Unused Serialized files (Serialized files now loaded: 0)
Unloading 25 unused Assets / (31.7 KB). Loaded Objects now: 3326.
Memory consumption went from 133.4 MB to 133.4 MB.
Total: 3.106800 ms (FindLiveObjects: 0.212200 ms CreateObjectMapping: 0.087500 ms MarkObjects: 2.753600 ms  DeleteObjects: 0.050600 ms)

AssetImportParameters requested are different than current active one (requested -> active):
  custom:video-decoder-ogg-theora: a1e56fd34408186e4bbccfd4996cb3dc -> 
  custom:container-muxer-webm: aa71ff27fc2769a1b78a27578f13a17b -> 
  custom:container-demuxer-webm: 4f35f7cbe854078d1ac9338744f61a02 -> 
  custom:video-encoder-webm-vp8: eb34c28f22e8b96e1ab97ce403110664 -> 
  custom:video-codec-MediaFoundation-h265: 746d11721c4dcdbdad8f713fa42b33f4 -> 
  custom:audio-encoder-webm-vorbis: bf7c407c2cedff20999df2af8eb42d56 -> 
  custom:framework-win-MediaFoundation: 216162199b28c13a410421893ffa2e32 -> 
  custom:container-demuxer-ogg: 62fdf1f143b41e24485cea50d1cbac27 -> 
  custom:video-decoder-webm-vp8: 9c59270c3fd7afecdb556c50c9e8de78 -> 
  custom:audio-decoder-ogg-vorbis: bf7c407c2cedff20999df2af8eb42d56 -> 
========================================================================
Received Prepare
Registering precompiled user dll's ...
Registered in 0.004648 seconds.
Begin MonoManager ReloadAssembly
Native extension for WindowsStandalone target not found
Native extension for Android target not found
Native extension for WebGL target not found
Refreshing native plugins compatible for Editor in 1.50 ms, found 3 plugins.
Preloading 0 native plugins for Editor in 0.00 ms.
Mono: successfully reloaded assembly
- Completed reload, in  0.860 seconds
Domain Reload Profiling:
	ReloadAssembly (860ms)
		BeginReloadAssembly (161ms)
			ExecutionOrderSort (0ms)
			DisableScriptedObjects (5ms)
			BackupInstance (0ms)
			ReleaseScriptingObjects (0ms)
			CreateAndSetChildDomain (42ms)
		EndReloadAssembly (607ms)
			LoadAssemblies (103ms)
			RebuildTransferFunctionScriptingTraits (0ms)
			SetupTypeCache (203ms)
			ReleaseScriptCaches (3ms)
			RebuildScriptCaches (45ms)
			SetupLoadedEditorAssemblies (262ms)
				LogAssemblyErrors (0ms)
				InitializePlatformSupportModulesInManaged (17ms)
				SetLoadedEditorAssemblies (0ms)
				RefreshPlugins (2ms)
				BeforeProcessingInitializeOnLoad (50ms)
				ProcessInitializeOnLoadAttributes (158ms)
				ProcessInitializeOnLoadMethodAttributes (31ms)
				AfterProcessingInitializeOnLoad (4ms)
				EditorAssembliesLoaded (0ms)
			ExecutionOrderSort2 (0ms)
			AwakeInstancesAfterBackupRestoration (6ms)
Platform modules already initialized, skipping
Refreshing native plugins compatible for Editor in 2.70 ms, found 3 plugins.
Preloading 0 native plugins for Editor in 0.00 ms.
Unloading 2811 Unused Serialized files (Serialized files now loaded: 0)
Unloading 25 unused Assets / (31.8 KB). Loaded Objects now: 3329.
Memory consumption went from 133.4 MB to 133.4 MB.
Total: 2.626900 ms (FindLiveObjects: 0.183500 ms CreateObjectMapping: 0.059900 ms MarkObjects: 2.361700 ms  DeleteObjects: 0.021000 ms)

AssetImportParameters requested are different than current active one (requested -> active):
  custom:video-decoder-ogg-theora: a1e56fd34408186e4bbccfd4996cb3dc -> 
  custom:container-muxer-webm: aa71ff27fc2769a1b78a27578f13a17b -> 
  custom:container-demuxer-webm: 4f35f7cbe854078d1ac9338744f61a02 -> 
  custom:video-encoder-webm-vp8: eb34c28f22e8b96e1ab97ce403110664 -> 
  custom:video-codec-MediaFoundation-h265: 746d11721c4dcdbdad8f713fa42b33f4 -> 
  custom:audio-encoder-webm-vorbis: bf7c407c2cedff20999df2af8eb42d56 -> 
  custom:framework-win-MediaFoundation: 216162199b28c13a410421893ffa2e32 -> 
  custom:container-demuxer-ogg: 62fdf1f143b41e24485cea50d1cbac27 -> 
  custom:video-decoder-webm-vp8: 9c59270c3fd7afecdb556c50c9e8de78 -> 
  custom:audio-decoder-ogg-vorbis: bf7c407c2cedff20999df2af8eb42d56 -> 
