Using pre-set license
Built from '2021.3/evg/staging/82bb020e-b03b1330/draft-0' branch; Version is '2021.3.16f1 (4016570cf34f) revision 4200023'; Using compiler version '192829333'; Build Type 'Release'
OS: 'Windows 10  (10.0.19045) 64bit Professional' Language: 'fr' Physical Memory: 65451 MB
BatchMode: 1, IsHumanControllingUs: 0, StartBugReporterOnCrash: 0, Is64bit: 1, IsPro: 1

COMMAND LINE ARGUMENTS:
C:\Program Files\Unity 2021.3.16f1\Editor\Unity.exe
-adb2
-batchMode
-noUpm
-name
AssetImportWorker8
-projectPath
C:/Users/PRIME Z390-A/Documents/GitHub/Tales-of-Hivnir/Tiles-Of-Hivnir
-logFile
Logs/AssetImportWorker8.log
-srvPort
16246
Successfully changed project path to: C:/Users/PRIME Z390-A/Documents/GitHub/Tales-of-Hivnir/Tiles-Of-Hivnir
C:/Users/PRIME Z390-A/Documents/GitHub/Tales-of-Hivnir/Tiles-Of-Hivnir
[UnityMemory] Configuration Parameters - Can be set up in boot.config
    "memorysetup-bucket-allocator-granularity=16"
    "memorysetup-bucket-allocator-bucket-count=8"
    "memorysetup-bucket-allocator-block-size=33554432"
    "memorysetup-bucket-allocator-block-count=8"
    "memorysetup-main-allocator-block-size=16777216"
    "memorysetup-thread-allocator-block-size=16777216"
    "memorysetup-gfx-main-allocator-block-size=16777216"
    "memorysetup-gfx-thread-allocator-block-size=16777216"
    "memorysetup-cache-allocator-block-size=4194304"
    "memorysetup-typetree-allocator-block-size=2097152"
    "memorysetup-profiler-bucket-allocator-granularity=16"
    "memorysetup-profiler-bucket-allocator-bucket-count=8"
    "memorysetup-profiler-bucket-allocator-block-size=33554432"
    "memorysetup-profiler-bucket-allocator-block-count=8"
    "memorysetup-profiler-allocator-block-size=16777216"
    "memorysetup-profiler-editor-allocator-block-size=1048576"
    "memorysetup-temp-allocator-size-main=16777216"
    "memorysetup-job-temp-allocator-block-size=2097152"
    "memorysetup-job-temp-allocator-block-size-background=1048576"
    "memorysetup-job-temp-allocator-reduction-small-platforms=262144"
    "memorysetup-temp-allocator-size-background-worker=32768"
    "memorysetup-temp-allocator-size-job-worker=262144"
    "memorysetup-temp-allocator-size-preload-manager=33554432"
    "memorysetup-temp-allocator-size-nav-mesh-worker=65536"
    "memorysetup-temp-allocator-size-audio-worker=65536"
    "memorysetup-temp-allocator-size-cloud-worker=32768"
    "memorysetup-temp-allocator-size-gi-baking-worker=262144"
    "memorysetup-temp-allocator-size-gfx=262144"
Player connection [3908] Host "[IP] 192.168.1.10 [Port] 0 [Flags] 2 [Guid] 2861015024 [EditorId] 2861015024 [Version] 1048832 [Id] WindowsEditor(7,DESKTOP-KIOA5LR) [Debug] 1 [PackageName] WindowsEditor [ProjectName] Editor" joined multi-casting on [225.0.0.222:54997]...

Player connection [3908] Host "[IP] 192.168.1.10 [Port] 0 [Flags] 2 [Guid] 2861015024 [EditorId] 2861015024 [Version] 1048832 [Id] WindowsEditor(7,DESKTOP-KIOA5LR) [Debug] 1 [PackageName] WindowsEditor [ProjectName] Editor" joined alternative multi-casting on [225.0.0.222:34997]...

Refreshing native plugins compatible for Editor in 116.02 ms, found 3 plugins.
Preloading 0 native plugins for Editor in 0.00 ms.
Initialize engine version: 2021.3.16f1 (4016570cf34f)
[Subsystems] Discovering subsystems at path C:/Program Files/Unity 2021.3.16f1/Editor/Data/Resources/UnitySubsystems
[Subsystems] Discovering subsystems at path C:/Users/PRIME Z390-A/Documents/GitHub/Tales-of-Hivnir/Tiles-Of-Hivnir/Assets
GfxDevice: creating device client; threaded=0; jobified=0
Direct3D:
    Version:  Direct3D 11.0 [level 11.1]
    Renderer: NVIDIA GeForce RTX 2080 Ti (ID=0x1e07)
    Vendor:   NVIDIA
    VRAM:     11049 MB
    Driver:   31.0.15.1694
Initialize mono
Mono path[0] = 'C:/Program Files/Unity 2021.3.16f1/Editor/Data/Managed'
Mono path[1] = 'C:/Program Files/Unity 2021.3.16f1/Editor/Data/MonoBleedingEdge/lib/mono/unityjit-win32'
Mono config path = 'C:/Program Files/Unity 2021.3.16f1/Editor/Data/MonoBleedingEdge/etc'
Using monoOptions --debugger-agent=transport=dt_socket,embedding=1,server=y,suspend=n,address=127.0.0.1:56468
Begin MonoManager ReloadAssembly
Registering precompiled unity dll's ...
Register platform support module: C:/Program Files/Unity 2021.3.16f1/Editor/Data/PlaybackEngines/WindowsStandaloneSupport/UnityEditor.WindowsStandalone.Extensions.dll
Registered in 0.009534 seconds.
Native extension for WindowsStandalone target not found
Refreshing native plugins compatible for Editor in 109.35 ms, found 3 plugins.
Preloading 0 native plugins for Editor in 0.00 ms.
Mono: successfully reloaded assembly
- Completed reload, in  0.717 seconds
Domain Reload Profiling:
	ReloadAssembly (718ms)
		BeginReloadAssembly (75ms)
			ExecutionOrderSort (0ms)
			DisableScriptedObjects (0ms)
			BackupInstance (0ms)
			ReleaseScriptingObjects (0ms)
			CreateAndSetChildDomain (1ms)
		EndReloadAssembly (507ms)
			LoadAssemblies (73ms)
			RebuildTransferFunctionScriptingTraits (0ms)
			SetupTypeCache (108ms)
			ReleaseScriptCaches (0ms)
			RebuildScriptCaches (28ms)
			SetupLoadedEditorAssemblies (316ms)
				LogAssemblyErrors (0ms)
				InitializePlatformSupportModulesInManaged (8ms)
				SetLoadedEditorAssemblies (0ms)
				RefreshPlugins (109ms)
				BeforeProcessingInitializeOnLoad (1ms)
				ProcessInitializeOnLoadAttributes (145ms)
				ProcessInitializeOnLoadMethodAttributes (53ms)
				AfterProcessingInitializeOnLoad (0ms)
				EditorAssembliesLoaded (0ms)
			ExecutionOrderSort2 (0ms)
			AwakeInstancesAfterBackupRestoration (0ms)
Platform modules already initialized, skipping
Registering precompiled user dll's ...
Registered in 0.010329 seconds.
Begin MonoManager ReloadAssembly
Native extension for WindowsStandalone target not found
Refreshing native plugins compatible for Editor in 104.15 ms, found 3 plugins.
Preloading 0 native plugins for Editor in 0.00 ms.
Mono: successfully reloaded assembly
- Completed reload, in  1.174 seconds
Domain Reload Profiling:
	ReloadAssembly (1175ms)
		BeginReloadAssembly (117ms)
			ExecutionOrderSort (0ms)
			DisableScriptedObjects (10ms)
			BackupInstance (0ms)
			ReleaseScriptingObjects (0ms)
			CreateAndSetChildDomain (18ms)
		EndReloadAssembly (918ms)
			LoadAssemblies (88ms)
			RebuildTransferFunctionScriptingTraits (0ms)
			SetupTypeCache (216ms)
			ReleaseScriptCaches (1ms)
			RebuildScriptCaches (58ms)
			SetupLoadedEditorAssemblies (505ms)
				LogAssemblyErrors (0ms)
				InitializePlatformSupportModulesInManaged (5ms)
				SetLoadedEditorAssemblies (0ms)
				RefreshPlugins (104ms)
				BeforeProcessingInitializeOnLoad (88ms)
				ProcessInitializeOnLoadAttributes (251ms)
				ProcessInitializeOnLoadMethodAttributes (44ms)
				AfterProcessingInitializeOnLoad (13ms)
				EditorAssembliesLoaded (0ms)
			ExecutionOrderSort2 (0ms)
			AwakeInstancesAfterBackupRestoration (6ms)
Platform modules already initialized, skipping
========================================================================
Worker process is ready to serve import requests
Launched and connected shader compiler UnityShaderCompiler.exe after 0.06 seconds
Refreshing native plugins compatible for Editor in 1.42 ms, found 3 plugins.
Preloading 0 native plugins for Editor in 0.00 ms.
Unloading 2833 Unused Serialized files (Serialized files now loaded: 0)
Unloading 38 unused Assets / (30.2 KB). Loaded Objects now: 3296.
Memory consumption went from 130.7 MB to 130.7 MB.
Total: 3.163900 ms (FindLiveObjects: 0.236700 ms CreateObjectMapping: 0.184600 ms MarkObjects: 2.713400 ms  DeleteObjects: 0.028200 ms)

AssetImportParameters requested are different than current active one (requested -> active):
  custom:video-decoder-ogg-theora: a1e56fd34408186e4bbccfd4996cb3dc -> 
  custom:container-muxer-webm: aa71ff27fc2769a1b78a27578f13a17b -> 
  custom:container-demuxer-webm: 4f35f7cbe854078d1ac9338744f61a02 -> 
  custom:video-encoder-webm-vp8: eb34c28f22e8b96e1ab97ce403110664 -> 
  custom:audio-encoder-webm-vorbis: bf7c407c2cedff20999df2af8eb42d56 -> 
  custom:framework-win-MediaFoundation: 216162199b28c13a410421893ffa2e32 -> 
  custom:container-demuxer-ogg: 62fdf1f143b41e24485cea50d1cbac27 -> 
  custom:video-decoder-webm-vp8: 9c59270c3fd7afecdb556c50c9e8de78 -> 
  custom:audio-decoder-ogg-vorbis: bf7c407c2cedff20999df2af8eb42d56 -> 
========================================================================
Received Import Request.
  Time since last request: 101952.921854 seconds.
  path: Assets/Art/Texture/torch_2.png
  artifactKey: Guid(3301e9bd74d44b94c9f939c881bd985a) Importer(815301076,1909f56bfc062723c751e8b465ee728b)
Start importing Assets/Art/Texture/torch_2.png using Guid(3301e9bd74d44b94c9f939c881bd985a) Importer(815301076,1909f56bfc062723c751e8b465ee728b)  -> (artifact id: '1a2b13942499abcadfe55e3923b2c1f4') in 0.141623 seconds 
========================================================================
Received Import Request.
  Time since last request: 0.000023 seconds.
  path: Assets/Tiny RPG Forest/Artwork/Environment/sliced-objects/trunk.png
  artifactKey: Guid(606bc7833699b46bfb26e8141d2a64a7) Importer(815301076,1909f56bfc062723c751e8b465ee728b)
Start importing Assets/Tiny RPG Forest/Artwork/Environment/sliced-objects/trunk.png using Guid(606bc7833699b46bfb26e8141d2a64a7) Importer(815301076,1909f56bfc062723c751e8b465ee728b)  -> (artifact id: '0aa2823604ccca01a05c4839181fd391') in 0.040860 seconds 
========================================================================
Received Import Request.
  Time since last request: 0.000025 seconds.
  path: Assets/Tiny RPG Forest/Artwork/sprites/treant/walk/treant-walk-front/treant-walk-front-2.png
  artifactKey: Guid(fcacb8ef651174659a7e3e1449b859c8) Importer(815301076,1909f56bfc062723c751e8b465ee728b)
Start importing Assets/Tiny RPG Forest/Artwork/sprites/treant/walk/treant-walk-front/treant-walk-front-2.png using Guid(fcacb8ef651174659a7e3e1449b859c8) Importer(815301076,1909f56bfc062723c751e8b465ee728b)  -> (artifact id: 'f23072f8731f83456e89f0182bab5b76') in 0.021730 seconds 
========================================================================
Received Import Request.
  Time since last request: 0.000021 seconds.
  path: Assets/Tiny RPG Forest/Artwork/sprites/treant/walk/treant-walk-side/treant-walk-side-3.png
  artifactKey: Guid(c4caec8cc98064142a508203aef791ad) Importer(815301076,1909f56bfc062723c751e8b465ee728b)
Start importing Assets/Tiny RPG Forest/Artwork/sprites/treant/walk/treant-walk-side/treant-walk-side-3.png using Guid(c4caec8cc98064142a508203aef791ad) Importer(815301076,1909f56bfc062723c751e8b465ee728b)  -> (artifact id: 'dd9bac63e90828a24ff2b58dd7d22e64') in 0.015629 seconds 
========================================================================
Received Import Request.
  Time since last request: 0.000017 seconds.
  path: Assets/Tiny RPG Forest/Artwork/Environment/sliced-objects/tree-orange.png
  artifactKey: Guid(8c69f3cd16f534bec8236a6484f500d4) Importer(815301076,1909f56bfc062723c751e8b465ee728b)
Start importing Assets/Tiny RPG Forest/Artwork/Environment/sliced-objects/tree-orange.png using Guid(8c69f3cd16f534bec8236a6484f500d4) Importer(815301076,1909f56bfc062723c751e8b465ee728b)  -> (artifact id: '0351aeb556be306e984098e9618ddd17') in 0.018159 seconds 
========================================================================
Received Import Request.
  Time since last request: 0.000023 seconds.
  path: Assets/Tiny RPG Forest/Artwork/sprites/treant/walk/treant-walk-front/treant-walk-front-3.png
  artifactKey: Guid(6297ba741c5194c9b9c4af25d7cef903) Importer(815301076,1909f56bfc062723c751e8b465ee728b)
Start importing Assets/Tiny RPG Forest/Artwork/sprites/treant/walk/treant-walk-front/treant-walk-front-3.png using Guid(6297ba741c5194c9b9c4af25d7cef903) Importer(815301076,1909f56bfc062723c751e8b465ee728b)  -> (artifact id: '172fbfc643f5e547eb6fbf9fc94d90e3') in 0.017449 seconds 
========================================================================
Received Import Request.
  Time since last request: 0.000019 seconds.
  path: Assets/Tiny RPG Forest/Artwork/sprites/treant/walk/treant-walk-back/treant-walk-back-2.png
  artifactKey: Guid(f14b7cc4c56574a62998ea5000f13357) Importer(815301076,1909f56bfc062723c751e8b465ee728b)
Start importing Assets/Tiny RPG Forest/Artwork/sprites/treant/walk/treant-walk-back/treant-walk-back-2.png using Guid(f14b7cc4c56574a62998ea5000f13357) Importer(815301076,1909f56bfc062723c751e8b465ee728b)  -> (artifact id: 'bfb46e1802308954e8e4bad89f832142') in 0.026975 seconds 
========================================================================
Received Import Request.
  Time since last request: 0.888705 seconds.
  path: Assets/Art/Texture/TX Player.png
  artifactKey: Guid(31d8b95e871081b4b97e40ab0dafdcf4) Importer(815301076,1909f56bfc062723c751e8b465ee728b)
Start importing Assets/Art/Texture/TX Player.png using Guid(31d8b95e871081b4b97e40ab0dafdcf4) Importer(815301076,1909f56bfc062723c751e8b465ee728b)  -> (artifact id: 'f969769fdeb491e5d3cdafdd816a27ab') in 0.016277 seconds 
========================================================================
Received Import Request.
  Time since last request: 0.328609 seconds.
  path: Assets/Art/Texture/TX Shadow Plant.png
  artifactKey: Guid(0a7455671f1baf8418f057b70bac6d88) Importer(815301076,1909f56bfc062723c751e8b465ee728b)
Start importing Assets/Art/Texture/TX Shadow Plant.png using Guid(0a7455671f1baf8418f057b70bac6d88) Importer(815301076,1909f56bfc062723c751e8b465ee728b)  -> (artifact id: 'b48381549d02b43c763eb40263f72a6b') in 0.052549 seconds 
========================================================================
Received Import Request.
  Time since last request: 0.942103 seconds.
  path: Assets/Art/Texture/TX Tileset Wall.png
  artifactKey: Guid(e4dde017c79a93443b073b12e698f991) Importer(815301076,1909f56bfc062723c751e8b465ee728b)
Start importing Assets/Art/Texture/TX Tileset Wall.png using Guid(e4dde017c79a93443b073b12e698f991) Importer(815301076,1909f56bfc062723c751e8b465ee728b)  -> (artifact id: '591fcbf16cf1016469db7fe402512f61') in 0.027423 seconds 
========================================================================
Received Import Request.
  Time since last request: 0.000017 seconds.
  path: Assets/Art/TopDownCharacter/Enemy/log.png
  artifactKey: Guid(72eb4fe0cee3f1141a7558ed6c5a589d) Importer(815301076,1909f56bfc062723c751e8b465ee728b)
Start importing Assets/Art/TopDownCharacter/Enemy/log.png using Guid(72eb4fe0cee3f1141a7558ed6c5a589d) Importer(815301076,1909f56bfc062723c751e8b465ee728b)  -> (artifact id: '2a23e787411a6ff2100d5b3c9fc5ab63') in 0.128693 seconds 
========================================================================
Received Import Request.
  Time since last request: 1.290327 seconds.
  path: Assets/Art/Texture/Water Flora.png
  artifactKey: Guid(5b8c96e3a5d4f1a4d8b7d90d8fb00469) Importer(815301076,1909f56bfc062723c751e8b465ee728b)
Start importing Assets/Art/Texture/Water Flora.png using Guid(5b8c96e3a5d4f1a4d8b7d90d8fb00469) Importer(815301076,1909f56bfc062723c751e8b465ee728b)  -> (artifact id: 'd737bbb6fb8e6219664c97b84094aae1') in 0.039091 seconds 
========================================================================
Received Import Request.
  Time since last request: 0.000016 seconds.
  path: Packages/com.unity.2d.animation/Editor/Assets/SkinningModule/Icons/Selected/Weight_Slider.png
  artifactKey: Guid(96b029a4248c85a4e8de2aa81fc0b60a) Importer(815301076,1909f56bfc062723c751e8b465ee728b)
Start importing Packages/com.unity.2d.animation/Editor/Assets/SkinningModule/Icons/Selected/Weight_Slider.png using Guid(96b029a4248c85a4e8de2aa81fc0b60a) Importer(815301076,1909f56bfc062723c751e8b465ee728b)  -> (artifact id: '473562742a70c490000828065b990b93') in 0.012357 seconds 
========================================================================
Received Import Request.
  Time since last request: 0.000020 seconds.
  path: Packages/com.unity.2d.animation/Editor/Assets/SkinningModule/Icons/Light/Weight_Slider.png
  artifactKey: Guid(aa91af43c72989f44bf937fd28243bc7) Importer(815301076,1909f56bfc062723c751e8b465ee728b)
Start importing Packages/com.unity.2d.animation/Editor/Assets/SkinningModule/Icons/Light/Weight_Slider.png using Guid(aa91af43c72989f44bf937fd28243bc7) Importer(815301076,1909f56bfc062723c751e8b465ee728b)  -> (artifact id: '2022c107901bdafc29f24c09f22c8b94') in 0.009900 seconds 
========================================================================
Received Import Request.
  Time since last request: 0.000026 seconds.
  path: Packages/com.unity.2d.animation/Editor/Assets/SkinningModule/Icons/Selected/Weight_Brush@2x.png
  artifactKey: Guid(bb668641abe10a64891e26613cf530ee) Importer(815301076,1909f56bfc062723c751e8b465ee728b)
Start importing Packages/com.unity.2d.animation/Editor/Assets/SkinningModule/Icons/Selected/Weight_Brush@2x.png using Guid(bb668641abe10a64891e26613cf530ee) Importer(815301076,1909f56bfc062723c751e8b465ee728b)  -> (artifact id: '57f067a03c0e522f8ad1fb503487057e') in 0.009754 seconds 
========================================================================
Received Import Request.
  Time since last request: 0.000017 seconds.
  path: Packages/com.unity.2d.animation/Editor/Assets/SkinningModule/Icons/Light/Weight_Brush@2x.png
  artifactKey: Guid(17d3bf7425a0748489ce3633e38652db) Importer(815301076,1909f56bfc062723c751e8b465ee728b)
Start importing Packages/com.unity.2d.animation/Editor/Assets/SkinningModule/Icons/Light/Weight_Brush@2x.png using Guid(17d3bf7425a0748489ce3633e38652db) Importer(815301076,1909f56bfc062723c751e8b465ee728b)  -> (artifact id: 'beb3c06a9f54ea6d4b3beda9df337a03') in 0.009541 seconds 
========================================================================
Received Import Request.
  Time since last request: 0.180369 seconds.
  path: Packages/com.unity.2d.animation/Editor/Assets/SkinningModule/Icons/Light/Weight_Slider@4x.png
  artifactKey: Guid(4e494ad3b858ecf4fab63aae9075d43d) Importer(815301076,1909f56bfc062723c751e8b465ee728b)
Start importing Packages/com.unity.2d.animation/Editor/Assets/SkinningModule/Icons/Light/Weight_Slider@4x.png using Guid(4e494ad3b858ecf4fab63aae9075d43d) Importer(815301076,1909f56bfc062723c751e8b465ee728b)  -> (artifact id: '6137eda3338ac98c48ca0d019987f20b') in 0.034716 seconds 
========================================================================
Received Import Request.
  Time since last request: 8.949234 seconds.
  path: Packages/com.unity.2d.animation/Editor/Assets/SkinningModule/Icons/Selected/Bone_Influence.png
  artifactKey: Guid(ff00345da0563d641903c5bd5bb748a4) Importer(815301076,1909f56bfc062723c751e8b465ee728b)
Start importing Packages/com.unity.2d.animation/Editor/Assets/SkinningModule/Icons/Selected/Bone_Influence.png using Guid(ff00345da0563d641903c5bd5bb748a4) Importer(815301076,1909f56bfc062723c751e8b465ee728b)  -> (artifact id: '05301bb777e31444b5e09eb9c38276bd') in 0.012713 seconds 
========================================================================
Received Import Request.
  Time since last request: 0.000018 seconds.
  path: Assets/Art/TopDownCharacter/Character/Character_RollUpRight.png
  artifactKey: Guid(ab4f33aab2d01c54b8122b06c8133216) Importer(815301076,1909f56bfc062723c751e8b465ee728b)
Start importing Assets/Art/TopDownCharacter/Character/Character_RollUpRight.png using Guid(ab4f33aab2d01c54b8122b06c8133216) Importer(815301076,1909f56bfc062723c751e8b465ee728b)  -> (artifact id: 'b18391c6c7652a68cb58f1ba5490381f') in 0.077435 seconds 
========================================================================
Received Import Request.
  Time since last request: 0.000066 seconds.
  path: Assets/Art/TopDownCharacter/Character/Character_SlashDownRight.png
  artifactKey: Guid(2224e84feca5ec145aa969c0272507c4) Importer(815301076,1909f56bfc062723c751e8b465ee728b)
Start importing Assets/Art/TopDownCharacter/Character/Character_SlashDownRight.png using Guid(2224e84feca5ec145aa969c0272507c4) Importer(815301076,1909f56bfc062723c751e8b465ee728b)  -> (artifact id: 'eae33a56a976591c1a3cadb19b2d8d44') in 0.073572 seconds 
========================================================================
Received Import Request.
  Time since last request: 0.000026 seconds.
  path: Assets/Art/TopDownCharacter/Character/Character_RollLeft.png
  artifactKey: Guid(a9a02d53ac4b26f45913c9aeeec9599f) Importer(815301076,1909f56bfc062723c751e8b465ee728b)
Start importing Assets/Art/TopDownCharacter/Character/Character_RollLeft.png using Guid(a9a02d53ac4b26f45913c9aeeec9599f) Importer(815301076,1909f56bfc062723c751e8b465ee728b)  -> (artifact id: '59167fbc5807faf3eb8d9770cdb1354e') in 0.045541 seconds 
========================================================================
Received Import Request.
  Time since last request: 0.000021 seconds.
  path: Packages/com.unity.2d.animation/Editor/Assets/SkinningModule/Icons/Light/Bone_Influence@4x.png
  artifactKey: Guid(c7aa62ae78ffca0498c89e5f45f94c0e) Importer(815301076,1909f56bfc062723c751e8b465ee728b)
Start importing Packages/com.unity.2d.animation/Editor/Assets/SkinningModule/Icons/Light/Bone_Influence@4x.png using Guid(c7aa62ae78ffca0498c89e5f45f94c0e) Importer(815301076,1909f56bfc062723c751e8b465ee728b)  -> (artifact id: '55bbe5a0025f30d6e9093f9dc84ad937') in 0.018749 seconds 
========================================================================
Received Import Request.
  Time since last request: 0.000017 seconds.
  path: Assets/Art/TopDownCharacter/Character/Character_DownRight.png
  artifactKey: Guid(bd0ddf83b87bd454a84fcf0a86f2267e) Importer(815301076,1909f56bfc062723c751e8b465ee728b)
Start importing Assets/Art/TopDownCharacter/Character/Character_DownRight.png using Guid(bd0ddf83b87bd454a84fcf0a86f2267e) Importer(815301076,1909f56bfc062723c751e8b465ee728b)  -> (artifact id: 'e52d2ac2104fa483c5ac99dcefbaebe9') in 0.056831 seconds 
========================================================================
Received Import Request.
  Time since last request: 0.000018 seconds.
  path: Assets/Art/TopDownCharacter/Enemy/Cat Sprite Sheet.png
  artifactKey: Guid(9733a5b79867b054c88425d8a3168b72) Importer(815301076,1909f56bfc062723c751e8b465ee728b)
Start importing Assets/Art/TopDownCharacter/Enemy/Cat Sprite Sheet.png using Guid(9733a5b79867b054c88425d8a3168b72) Importer(815301076,1909f56bfc062723c751e8b465ee728b)  -> (artifact id: 'fb53bb2d64835d298ecf491bc318492a') in 0.019058 seconds 
========================================================================
Received Import Request.
  Time since last request: 0.000016 seconds.
  path: Assets/Art/TopDownCharacter/Character/Character_RollDownLeft.png
  artifactKey: Guid(75e565577dc7edf4b89861466d145b2e) Importer(815301076,1909f56bfc062723c751e8b465ee728b)
Start importing Assets/Art/TopDownCharacter/Character/Character_RollDownLeft.png using Guid(75e565577dc7edf4b89861466d145b2e) Importer(815301076,1909f56bfc062723c751e8b465ee728b)  -> (artifact id: '92d3c999a241bce79a101ea058c86501') in 0.011499 seconds 
========================================================================
Received Import Request.
  Time since last request: 0.000019 seconds.
  path: Assets/Art/TopDownCharacter/Character/Character_RollRight.png
  artifactKey: Guid(f091b5a9aeeb3a645baf05d69c8fb47b) Importer(815301076,1909f56bfc062723c751e8b465ee728b)
Start importing Assets/Art/TopDownCharacter/Character/Character_RollRight.png using Guid(f091b5a9aeeb3a645baf05d69c8fb47b) Importer(815301076,1909f56bfc062723c751e8b465ee728b)  -> (artifact id: '1b0910559df048c352dd0facd9531fca') in 0.013853 seconds 
========================================================================
Received Import Request.
  Time since last request: 0.000018 seconds.
  path: Packages/com.unity.2d.animation/Editor/Assets/SkinningModule/Icons/Selected/character_Mode.png
  artifactKey: Guid(e60718119cec31e4190849292fcde068) Importer(815301076,1909f56bfc062723c751e8b465ee728b)
Start importing Packages/com.unity.2d.animation/Editor/Assets/SkinningModule/Icons/Selected/character_Mode.png using Guid(e60718119cec31e4190849292fcde068) Importer(815301076,1909f56bfc062723c751e8b465ee728b)  -> (artifact id: '4a8bee7bbb298a09f337afd067c34cc3') in 0.019305 seconds 
========================================================================
Received Import Request.
  Time since last request: 0.000021 seconds.
  path: Assets/Art/TopDownCharacter/Character/Character_RollDown.png
  artifactKey: Guid(41eab4a6615cb0448b1708c4de996653) Importer(815301076,1909f56bfc062723c751e8b465ee728b)
Start importing Assets/Art/TopDownCharacter/Character/Character_RollDown.png using Guid(41eab4a6615cb0448b1708c4de996653) Importer(815301076,1909f56bfc062723c751e8b465ee728b)  -> (artifact id: '6377a78a2e11f83c69dfed3d888dff4a') in 0.012108 seconds 
========================================================================
Received Prepare
Registering precompiled user dll's ...
Registered in 0.009377 seconds.
Begin MonoManager ReloadAssembly
Native extension for WindowsStandalone target not found
Refreshing native plugins compatible for Editor in 1.50 ms, found 3 plugins.
Preloading 0 native plugins for Editor in 0.00 ms.
Mono: successfully reloaded assembly
- Completed reload, in  1.130 seconds
Domain Reload Profiling:
	ReloadAssembly (1131ms)
		BeginReloadAssembly (139ms)
			ExecutionOrderSort (0ms)
			DisableScriptedObjects (7ms)
			BackupInstance (0ms)
			ReleaseScriptingObjects (0ms)
			CreateAndSetChildDomain (35ms)
		EndReloadAssembly (885ms)
			LoadAssemblies (96ms)
			RebuildTransferFunctionScriptingTraits (0ms)
			SetupTypeCache (237ms)
			ReleaseScriptCaches (2ms)
			RebuildScriptCaches (76ms)
			SetupLoadedEditorAssemblies (423ms)
				LogAssemblyErrors (0ms)
				InitializePlatformSupportModulesInManaged (13ms)
				SetLoadedEditorAssemblies (1ms)
				RefreshPlugins (2ms)
				BeforeProcessingInitializeOnLoad (85ms)
				ProcessInitializeOnLoadAttributes (263ms)
				ProcessInitializeOnLoadMethodAttributes (48ms)
				AfterProcessingInitializeOnLoad (11ms)
				EditorAssembliesLoaded (0ms)
			ExecutionOrderSort2 (0ms)
			AwakeInstancesAfterBackupRestoration (9ms)
Platform modules already initialized, skipping
Refreshing native plugins compatible for Editor in 3.93 ms, found 3 plugins.
Preloading 0 native plugins for Editor in 0.00 ms.
Unloading 2807 Unused Serialized files (Serialized files now loaded: 0)
Unloading 25 unused Assets / (31.7 KB). Loaded Objects now: 3329.
Memory consumption went from 132.8 MB to 132.8 MB.
Total: 3.134700 ms (FindLiveObjects: 0.210200 ms CreateObjectMapping: 0.104900 ms MarkObjects: 2.785100 ms  DeleteObjects: 0.033200 ms)

AssetImportParameters requested are different than current active one (requested -> active):
  custom:video-decoder-ogg-theora: a1e56fd34408186e4bbccfd4996cb3dc -> 
  custom:container-muxer-webm: aa71ff27fc2769a1b78a27578f13a17b -> 
  custom:container-demuxer-webm: 4f35f7cbe854078d1ac9338744f61a02 -> 
  custom:video-encoder-webm-vp8: eb34c28f22e8b96e1ab97ce403110664 -> 
  custom:audio-encoder-webm-vorbis: bf7c407c2cedff20999df2af8eb42d56 -> 
  custom:framework-win-MediaFoundation: 216162199b28c13a410421893ffa2e32 -> 
  custom:container-demuxer-ogg: 62fdf1f143b41e24485cea50d1cbac27 -> 
  custom:video-decoder-webm-vp8: 9c59270c3fd7afecdb556c50c9e8de78 -> 
  custom:audio-decoder-ogg-vorbis: bf7c407c2cedff20999df2af8eb42d56 -> 
========================================================================
Received Import Request.
  Time since last request: 152.175687 seconds.
  path: Assets/TextMesh Pro/Examples & Extras/Resources/Fonts & Materials/Bangers SDF.asset
  artifactKey: Guid(125cb55b44b24c4393181402bc6200e6) Importer(815301076,1909f56bfc062723c751e8b465ee728b)
Start importing Assets/TextMesh Pro/Examples & Extras/Resources/Fonts & Materials/Bangers SDF.asset using Guid(125cb55b44b24c4393181402bc6200e6) Importer(815301076,1909f56bfc062723c751e8b465ee728b)  -> (artifact id: '2c4872928142c31bf99138b28c45af2b') in 0.106473 seconds 
========================================================================
Received Import Request.
  Time since last request: 141.388697 seconds.
  path: Assets/Prefab
  artifactKey: Guid(60a23281244fc2c4991e588bf0911c9c) Importer(815301076,1909f56bfc062723c751e8b465ee728b)
Start importing Assets/Prefab using Guid(60a23281244fc2c4991e588bf0911c9c) Importer(815301076,1909f56bfc062723c751e8b465ee728b)  -> (artifact id: '0b436c61a8918b6ab611a984d87e58ce') in 0.002269 seconds 
========================================================================
Received Import Request.
  Time since last request: 1.121740 seconds.
  path: Assets/Prefab/Attack.prefab
  artifactKey: Guid(20addc06880aa0d46aa2e92206f5ba92) Importer(815301076,1909f56bfc062723c751e8b465ee728b)
Start importing Assets/Prefab/Attack.prefab using Guid(20addc06880aa0d46aa2e92206f5ba92) Importer(815301076,1909f56bfc062723c751e8b465ee728b)  -> (artifact id: '4dd64ba2d9bbdbba27932887817e88f3') in 0.017070 seconds 
========================================================================
Received Import Request.
  Time since last request: 0.019957 seconds.
  path: Assets/Prefab/MoveLeft.prefab
  artifactKey: Guid(577c5ee905f5f4e418b9b33e565777b0) Importer(815301076,1909f56bfc062723c751e8b465ee728b)
Start importing Assets/Prefab/MoveLeft.prefab using Guid(577c5ee905f5f4e418b9b33e565777b0) Importer(815301076,1909f56bfc062723c751e8b465ee728b)  -> (artifact id: 'b74a834454ab32420466f686c48f3733') in 0.010419 seconds 
========================================================================
Received Import Request.
  Time since last request: 0.027990 seconds.
  path: Assets/Prefab/MoveDown.prefab
  artifactKey: Guid(52502008f2f8c614e82bff353ead3f50) Importer(815301076,1909f56bfc062723c751e8b465ee728b)
Start importing Assets/Prefab/MoveDown.prefab using Guid(52502008f2f8c614e82bff353ead3f50) Importer(815301076,1909f56bfc062723c751e8b465ee728b)  -> (artifact id: '5a565655a128266b9f918b3ebb368d7e') in 0.007086 seconds 
========================================================================
Received Import Request.
  Time since last request: 0.000027 seconds.
  path: Assets/Prefab/Player.prefab
  artifactKey: Guid(d75a9b782ec3d4e4e81d1a3c7bb46ba3) Importer(815301076,1909f56bfc062723c751e8b465ee728b)
Start importing Assets/Prefab/Player.prefab using Guid(d75a9b782ec3d4e4e81d1a3c7bb46ba3) Importer(815301076,1909f56bfc062723c751e8b465ee728b)  -> (artifact id: 'ddb6a3a57d37a5f4c810e4b4e2720fb2') in 0.059255 seconds 
Editor requested this worker to shutdown with reason: Scaling down because of idle timeout
AssetImportWorker is now disconnected from the server
Process exiting
Exiting without the bug reporter. Application will terminate with return code 0