Using pre-set license
Built from '2021.3/staging' branch; Version is '2021.3.16f1 (4016570cf34f) revision 4200023'; Using compiler version '192829333'; Build Type 'Release'
OS: 'Windows 11  (10.0.22621) 64bit Core' Language: 'fr' Physical Memory: 16122 MB
BatchMode: 1, IsHumanControllingUs: 0, StartBugReporterOnCrash: 0, Is64bit: 1, IsPro: 1

COMMAND LINE ARGUMENTS:
C:\Program Files\Unity\Hub\Editor\2021.3.16f1\Editor\Unity.exe
-adb2
-batchMode
-noUpm
-name
AssetImportWorker2
-projectPath
C:/Users/Utilisateur/Documents/GitHub/Tales-of-Hivnir/Tiles-Of-Hivnir
-logFile
Logs/AssetImportWorker2.log
-srvPort
54936
Successfully changed project path to: C:/Users/Utilisateur/Documents/GitHub/Tales-of-Hivnir/Tiles-Of-Hivnir
C:/Users/Utilisateur/Documents/GitHub/Tales-of-Hivnir/Tiles-Of-Hivnir
[UnityMemory] Configuration Parameters - Can be set up in boot.config
    "memorysetup-bucket-allocator-granularity=16"
    "memorysetup-bucket-allocator-bucket-count=8"
    "memorysetup-bucket-allocator-block-size=33554432"
    "memorysetup-bucket-allocator-block-count=8"
    "memorysetup-main-allocator-block-size=16777216"
    "memorysetup-thread-allocator-block-size=16777216"
    "memorysetup-gfx-main-allocator-block-size=16777216"
    "memorysetup-gfx-thread-allocator-block-size=16777216"
    "memorysetup-cache-allocator-block-size=4194304"
    "memorysetup-typetree-allocator-block-size=2097152"
    "memorysetup-profiler-bucket-allocator-granularity=16"
    "memorysetup-profiler-bucket-allocator-bucket-count=8"
    "memorysetup-profiler-bucket-allocator-block-size=33554432"
    "memorysetup-profiler-bucket-allocator-block-count=8"
    "memorysetup-profiler-allocator-block-size=16777216"
    "memorysetup-profiler-editor-allocator-block-size=1048576"
    "memorysetup-temp-allocator-size-main=16777216"
    "memorysetup-job-temp-allocator-block-size=2097152"
    "memorysetup-job-temp-allocator-block-size-background=1048576"
    "memorysetup-job-temp-allocator-reduction-small-platforms=262144"
    "memorysetup-temp-allocator-size-background-worker=32768"
    "memorysetup-temp-allocator-size-job-worker=262144"
    "memorysetup-temp-allocator-size-preload-manager=33554432"
    "memorysetup-temp-allocator-size-nav-mesh-worker=65536"
    "memorysetup-temp-allocator-size-audio-worker=65536"
    "memorysetup-temp-allocator-size-cloud-worker=32768"
    "memorysetup-temp-allocator-size-gi-baking-worker=262144"
    "memorysetup-temp-allocator-size-gfx=262144"
Player connection [2152] Host "[IP] 192.168.56.1 [Port] 0 [Flags] 2 [Guid] 500396452 [EditorId] 500396452 [Version] 1048832 [Id] WindowsEditor(7,LAPTOP-ET774ROT) [Debug] 1 [PackageName] WindowsEditor [ProjectName] Editor" joined multi-casting on [225.0.0.222:54997]...

Player connection [2152] Host "[IP] 192.168.56.1 [Port] 0 [Flags] 2 [Guid] 500396452 [EditorId] 500396452 [Version] 1048832 [Id] WindowsEditor(7,LAPTOP-ET774ROT) [Debug] 1 [PackageName] WindowsEditor [ProjectName] Editor" joined alternative multi-casting on [225.0.0.222:34997]...

Refreshing native plugins compatible for Editor in 102.73 ms, found 3 plugins.
Preloading 0 native plugins for Editor in 0.00 ms.
Initialize engine version: 2021.3.16f1 (4016570cf34f)
[Subsystems] Discovering subsystems at path C:/Program Files/Unity/Hub/Editor/2021.3.16f1/Editor/Data/Resources/UnitySubsystems
[Subsystems] Discovering subsystems at path C:/Users/Utilisateur/Documents/GitHub/Tales-of-Hivnir/Tiles-Of-Hivnir/Assets
GfxDevice: creating device client; threaded=0; jobified=0
Direct3D:
    Version:  Direct3D 11.0 [level 11.1]
    Renderer: NVIDIA GeForce RTX 3060 Laptop GPU (ID=0x2520)
    Vendor:   NVIDIA
    VRAM:     6023 MB
    Driver:   31.0.15.1720
Initialize mono
Mono path[0] = 'C:/Program Files/Unity/Hub/Editor/2021.3.16f1/Editor/Data/Managed'
Mono path[1] = 'C:/Program Files/Unity/Hub/Editor/2021.3.16f1/Editor/Data/MonoBleedingEdge/lib/mono/unityjit-win32'
Mono config path = 'C:/Program Files/Unity/Hub/Editor/2021.3.16f1/Editor/Data/MonoBleedingEdge/etc'
Using monoOptions --debugger-agent=transport=dt_socket,embedding=1,server=y,suspend=n,address=127.0.0.1:56408
Begin MonoManager ReloadAssembly
Registering precompiled unity dll's ...
Register platform support module: C:/Program Files/Unity/Hub/Editor/2021.3.16f1/Editor/Data/PlaybackEngines/WebGLSupport/UnityEditor.WebGL.Extensions.dll
Register platform support module: C:/Program Files/Unity/Hub/Editor/2021.3.16f1/Editor/Data/PlaybackEngines/AndroidPlayer/UnityEditor.Android.Extensions.dll
Register platform support module: C:/Program Files/Unity/Hub/Editor/2021.3.16f1/Editor/Data/PlaybackEngines/WindowsStandaloneSupport/UnityEditor.WindowsStandalone.Extensions.dll
Registered in 0.005786 seconds.
Native extension for WindowsStandalone target not found
Native extension for Android target not found
Native extension for WebGL target not found
Refreshing native plugins compatible for Editor in 92.16 ms, found 3 plugins.
Preloading 0 native plugins for Editor in 0.00 ms.
Mono: successfully reloaded assembly
- Completed reload, in  0.575 seconds
Domain Reload Profiling:
	ReloadAssembly (576ms)
		BeginReloadAssembly (56ms)
			ExecutionOrderSort (0ms)
			DisableScriptedObjects (0ms)
			BackupInstance (0ms)
			ReleaseScriptingObjects (0ms)
			CreateAndSetChildDomain (0ms)
		EndReloadAssembly (434ms)
			LoadAssemblies (56ms)
			RebuildTransferFunctionScriptingTraits (0ms)
			SetupTypeCache (85ms)
			ReleaseScriptCaches (0ms)
			RebuildScriptCaches (22ms)
			SetupLoadedEditorAssemblies (278ms)
				LogAssemblyErrors (0ms)
				InitializePlatformSupportModulesInManaged (47ms)
				SetLoadedEditorAssemblies (0ms)
				RefreshPlugins (92ms)
				BeforeProcessingInitializeOnLoad (2ms)
				ProcessInitializeOnLoadAttributes (90ms)
				ProcessInitializeOnLoadMethodAttributes (47ms)
				AfterProcessingInitializeOnLoad (0ms)
				EditorAssembliesLoaded (0ms)
			ExecutionOrderSort2 (0ms)
			AwakeInstancesAfterBackupRestoration (0ms)
Platform modules already initialized, skipping
Registering precompiled user dll's ...
Registered in 0.005059 seconds.
Begin MonoManager ReloadAssembly
Native extension for WindowsStandalone target not found
Native extension for Android target not found
Native extension for WebGL target not found
Refreshing native plugins compatible for Editor in 85.78 ms, found 3 plugins.
Preloading 0 native plugins for Editor in 0.00 ms.
Mono: successfully reloaded assembly
- Completed reload, in  1.139 seconds
Domain Reload Profiling:
	ReloadAssembly (1140ms)
		BeginReloadAssembly (224ms)
			ExecutionOrderSort (0ms)
			DisableScriptedObjects (4ms)
			BackupInstance (0ms)
			ReleaseScriptingObjects (0ms)
			CreateAndSetChildDomain (131ms)
		EndReloadAssembly (810ms)
			LoadAssemblies (146ms)
			RebuildTransferFunctionScriptingTraits (0ms)
			SetupTypeCache (215ms)
			ReleaseScriptCaches (1ms)
			RebuildScriptCaches (51ms)
			SetupLoadedEditorAssemblies (367ms)
				LogAssemblyErrors (0ms)
				InitializePlatformSupportModulesInManaged (10ms)
				SetLoadedEditorAssemblies (0ms)
				RefreshPlugins (86ms)
				BeforeProcessingInitializeOnLoad (54ms)
				ProcessInitializeOnLoadAttributes (180ms)
				ProcessInitializeOnLoadMethodAttributes (32ms)
				AfterProcessingInitializeOnLoad (4ms)
				EditorAssembliesLoaded (0ms)
			ExecutionOrderSort2 (0ms)
			AwakeInstancesAfterBackupRestoration (5ms)
Platform modules already initialized, skipping
========================================================================
Worker process is ready to serve import requests
Launched and connected shader compiler UnityShaderCompiler.exe after 0.04 seconds
Refreshing native plugins compatible for Editor in 1.56 ms, found 3 plugins.
Preloading 0 native plugins for Editor in 0.00 ms.
Unloading 2835 Unused Serialized files (Serialized files now loaded: 0)
Unloading 38 unused Assets / (30.2 KB). Loaded Objects now: 3300.
Memory consumption went from 131.2 MB to 131.2 MB.
Total: 3.572200 ms (FindLiveObjects: 0.303400 ms CreateObjectMapping: 0.095600 ms MarkObjects: 3.140900 ms  DeleteObjects: 0.030000 ms)

AssetImportParameters requested are different than current active one (requested -> active):
  custom:video-decoder-ogg-theora: a1e56fd34408186e4bbccfd4996cb3dc -> 
  custom:container-muxer-webm: aa71ff27fc2769a1b78a27578f13a17b -> 
  custom:container-demuxer-webm: 4f35f7cbe854078d1ac9338744f61a02 -> 
  custom:video-encoder-webm-vp8: eb34c28f22e8b96e1ab97ce403110664 -> 
  custom:video-codec-MediaFoundation-h265: 746d11721c4dcdbdad8f713fa42b33f4 -> 
  custom:audio-encoder-webm-vorbis: bf7c407c2cedff20999df2af8eb42d56 -> 
  custom:framework-win-MediaFoundation: 216162199b28c13a410421893ffa2e32 -> 
  custom:container-demuxer-ogg: 62fdf1f143b41e24485cea50d1cbac27 -> 
  custom:video-decoder-webm-vp8: 9c59270c3fd7afecdb556c50c9e8de78 -> 
  custom:audio-decoder-ogg-vorbis: bf7c407c2cedff20999df2af8eb42d56 -> 
========================================================================
Received Import Request.
  Time since last request: 81070.583258 seconds.
  path: Assets/Art/Item/Icon12 2.png
  artifactKey: Guid(6c9e61f44efc9b94b9f8ecbe980a5996) Importer(815301076,1909f56bfc062723c751e8b465ee728b)
Start importing Assets/Art/Item/Icon12 2.png using Guid(6c9e61f44efc9b94b9f8ecbe980a5996) Importer(815301076,1909f56bfc062723c751e8b465ee728b)  -> (artifact id: 'af08c168671cc4aa6aba3071da75fcf0') in 0.089271 seconds 
========================================================================
Received Import Request.
  Time since last request: 0.000018 seconds.
  path: Assets/Art/Item/Icon17 5.png
  artifactKey: Guid(fa248cad1f95c9d45bed847e72335e14) Importer(815301076,1909f56bfc062723c751e8b465ee728b)
Start importing Assets/Art/Item/Icon17 5.png using Guid(fa248cad1f95c9d45bed847e72335e14) Importer(815301076,1909f56bfc062723c751e8b465ee728b)  -> (artifact id: 'e0e554fe7acd13cc444f04efb9ae9882') in 0.021253 seconds 
========================================================================
Received Import Request.
  Time since last request: 0.000018 seconds.
  path: Assets/Art/Item/Icon15 6.png
  artifactKey: Guid(c15a748967212aa47a0a3f8a0a8bcaea) Importer(815301076,1909f56bfc062723c751e8b465ee728b)
Start importing Assets/Art/Item/Icon15 6.png using Guid(c15a748967212aa47a0a3f8a0a8bcaea) Importer(815301076,1909f56bfc062723c751e8b465ee728b)  -> (artifact id: '3f9166486eabd68f9f84cbfa5741aeac') in 0.024634 seconds 
========================================================================
Received Import Request.
  Time since last request: 0.000029 seconds.
  path: Assets/Art/Item/Icon16 2.png
  artifactKey: Guid(969023b82e3b1634596dabd2665f6fde) Importer(815301076,1909f56bfc062723c751e8b465ee728b)
Start importing Assets/Art/Item/Icon16 2.png using Guid(969023b82e3b1634596dabd2665f6fde) Importer(815301076,1909f56bfc062723c751e8b465ee728b)  -> (artifact id: '30375f1eaacfa645afd677b787f1e2a9') in 0.009684 seconds 
========================================================================
Received Import Request.
  Time since last request: 0.000044 seconds.
  path: Assets/Art/Item/Icon12 6.png
  artifactKey: Guid(81963b80daeb35b41b0cd32ec397d3de) Importer(815301076,1909f56bfc062723c751e8b465ee728b)
Start importing Assets/Art/Item/Icon12 6.png using Guid(81963b80daeb35b41b0cd32ec397d3de) Importer(815301076,1909f56bfc062723c751e8b465ee728b)  -> (artifact id: '50a2780ef29ed3ea3e930bb31b156ae3') in 0.012520 seconds 
========================================================================
Received Import Request.
  Time since last request: 0.000028 seconds.
  path: Assets/Art/Item/Icon16 3.png
  artifactKey: Guid(ffa7432a5f1260d46941139632bb78ff) Importer(815301076,1909f56bfc062723c751e8b465ee728b)
Start importing Assets/Art/Item/Icon16 3.png using Guid(ffa7432a5f1260d46941139632bb78ff) Importer(815301076,1909f56bfc062723c751e8b465ee728b)  -> (artifact id: '4f452c3a3b2b78be011e46e1cc24f146') in 0.013829 seconds 
========================================================================
Received Import Request.
  Time since last request: 0.000058 seconds.
  path: Assets/Art/Item/Icon12 3.png
  artifactKey: Guid(e7e3edc1ccd3415419ffc5880073d75f) Importer(815301076,1909f56bfc062723c751e8b465ee728b)
Start importing Assets/Art/Item/Icon12 3.png using Guid(e7e3edc1ccd3415419ffc5880073d75f) Importer(815301076,1909f56bfc062723c751e8b465ee728b)  -> (artifact id: '656787365e2b0824eb09dedf639e72a4') in 0.010518 seconds 
========================================================================
Received Import Request.
  Time since last request: 0.000029 seconds.
  path: Assets/Art/Item/Icon13 5.png
  artifactKey: Guid(d47d1c532e3ca4b4eacbb895f4f079e3) Importer(815301076,1909f56bfc062723c751e8b465ee728b)
Start importing Assets/Art/Item/Icon13 5.png using Guid(d47d1c532e3ca4b4eacbb895f4f079e3) Importer(815301076,1909f56bfc062723c751e8b465ee728b)  -> (artifact id: '0a982d833d7c42647bedf2b3c9c6c16b') in 0.016734 seconds 
========================================================================
Received Import Request.
  Time since last request: 0.000022 seconds.
  path: Assets/Art/Item/Icon17 4.png
  artifactKey: Guid(e0f570205d0d4ca4299fa278f956ce92) Importer(815301076,1909f56bfc062723c751e8b465ee728b)
Start importing Assets/Art/Item/Icon17 4.png using Guid(e0f570205d0d4ca4299fa278f956ce92) Importer(815301076,1909f56bfc062723c751e8b465ee728b)  -> (artifact id: 'e0eda7ceda04c49dd7c87dedbccda9b6') in 0.011720 seconds 
========================================================================
Received Import Request.
  Time since last request: 0.000033 seconds.
  path: Assets/Art/Item/Icon12.png
  artifactKey: Guid(a8e18f1dbed9d524fb49c678a48b5a75) Importer(815301076,1909f56bfc062723c751e8b465ee728b)
Start importing Assets/Art/Item/Icon12.png using Guid(a8e18f1dbed9d524fb49c678a48b5a75) Importer(815301076,1909f56bfc062723c751e8b465ee728b)  -> (artifact id: 'b8c0efcbd89531e1ebd545d2e92348a0') in 0.011143 seconds 
========================================================================
Received Import Request.
  Time since last request: 0.000034 seconds.
  path: Assets/Art/Item/Icon16 4.png
  artifactKey: Guid(1ad900b848c35cc4b983269aa624638f) Importer(815301076,1909f56bfc062723c751e8b465ee728b)
Start importing Assets/Art/Item/Icon16 4.png using Guid(1ad900b848c35cc4b983269aa624638f) Importer(815301076,1909f56bfc062723c751e8b465ee728b)  -> (artifact id: '738bbe219be501738dfc1efe5e1701a7') in 0.010179 seconds 
========================================================================
Received Import Request.
  Time since last request: 0.000044 seconds.
  path: Assets/Art/Item/Icon15 1.png
  artifactKey: Guid(e55ce2c76d7db5c43ae7dbf827cd4203) Importer(815301076,1909f56bfc062723c751e8b465ee728b)
Start importing Assets/Art/Item/Icon15 1.png using Guid(e55ce2c76d7db5c43ae7dbf827cd4203) Importer(815301076,1909f56bfc062723c751e8b465ee728b)  -> (artifact id: 'fbd5261934bf83e602476386a90a8936') in 0.010986 seconds 
========================================================================
Received Import Request.
  Time since last request: 0.000039 seconds.
  path: Assets/Art/Item/Icon16 7.png
  artifactKey: Guid(b90a0752cfe534e4abb2893c00a41b75) Importer(815301076,1909f56bfc062723c751e8b465ee728b)
Start importing Assets/Art/Item/Icon16 7.png using Guid(b90a0752cfe534e4abb2893c00a41b75) Importer(815301076,1909f56bfc062723c751e8b465ee728b)  -> (artifact id: 'b3bad3f7a7dfb10a6cc7bb5991f6a41f') in 0.009329 seconds 
========================================================================
Received Import Request.
  Time since last request: 6.814769 seconds.
  path: Assets/Art/Item/Icon17.png
  artifactKey: Guid(8bbc51e69f57a9142874ad3e5076f67e) Importer(815301076,1909f56bfc062723c751e8b465ee728b)
Start importing Assets/Art/Item/Icon17.png using Guid(8bbc51e69f57a9142874ad3e5076f67e) Importer(815301076,1909f56bfc062723c751e8b465ee728b)  -> (artifact id: '1bb15c7d0c347c751d58070bf2e69df7') in 0.018207 seconds 
========================================================================
Received Import Request.
  Time since last request: 0.000027 seconds.
  path: Assets/Art/Item/Icon19 5.png
  artifactKey: Guid(7a9ea3f1715f6c747a53264ddc33061c) Importer(815301076,1909f56bfc062723c751e8b465ee728b)
Start importing Assets/Art/Item/Icon19 5.png using Guid(7a9ea3f1715f6c747a53264ddc33061c) Importer(815301076,1909f56bfc062723c751e8b465ee728b)  -> (artifact id: '2e058c454fa653e4d65d87860282aaa5') in 0.021026 seconds 
========================================================================
Received Import Request.
  Time since last request: 0.000022 seconds.
  path: Assets/Art/Item/Icon18 6.png
  artifactKey: Guid(7dc63a6b51d1f39489a98fc8d7dce72c) Importer(815301076,1909f56bfc062723c751e8b465ee728b)
Start importing Assets/Art/Item/Icon18 6.png using Guid(7dc63a6b51d1f39489a98fc8d7dce72c) Importer(815301076,1909f56bfc062723c751e8b465ee728b)  -> (artifact id: '1f3a4445e0eecc3895e0291930989b1c') in 0.017313 seconds 
========================================================================
Received Import Request.
  Time since last request: 0.000024 seconds.
  path: Assets/Art/Item/Icon19 4.png
  artifactKey: Guid(394e46e0dc69d364ab3ad21276d6f71b) Importer(815301076,1909f56bfc062723c751e8b465ee728b)
Start importing Assets/Art/Item/Icon19 4.png using Guid(394e46e0dc69d364ab3ad21276d6f71b) Importer(815301076,1909f56bfc062723c751e8b465ee728b)  -> (artifact id: 'c8375ab273417972e953db0d0a4231ab') in 0.015021 seconds 
========================================================================
Received Import Request.
  Time since last request: 10.997934 seconds.
  path: Assets/Art/Item/Icon20 1.png
  artifactKey: Guid(ad9be9f1c2b174e49af90f18889e8ae0) Importer(815301076,1909f56bfc062723c751e8b465ee728b)
Start importing Assets/Art/Item/Icon20 1.png using Guid(ad9be9f1c2b174e49af90f18889e8ae0) Importer(815301076,1909f56bfc062723c751e8b465ee728b)  -> (artifact id: '0f8bdc80700e10bf4d6df277268828ef') in 0.010976 seconds 
========================================================================
Received Import Request.
  Time since last request: 0.000016 seconds.
  path: Assets/Art/Item/Icon20 6.png
  artifactKey: Guid(4082fe0bec1d5024099a21e09a0b63c9) Importer(815301076,1909f56bfc062723c751e8b465ee728b)
Start importing Assets/Art/Item/Icon20 6.png using Guid(4082fe0bec1d5024099a21e09a0b63c9) Importer(815301076,1909f56bfc062723c751e8b465ee728b)  -> (artifact id: '375f936bbee068af081a7521ef5e06c2') in 0.018210 seconds 
========================================================================
Received Import Request.
  Time since last request: 0.000018 seconds.
  path: Assets/Art/Item/Icon22 3.png
  artifactKey: Guid(4b7ef0af5b458244bb4f95bc83a5454c) Importer(815301076,1909f56bfc062723c751e8b465ee728b)
Start importing Assets/Art/Item/Icon22 3.png using Guid(4b7ef0af5b458244bb4f95bc83a5454c) Importer(815301076,1909f56bfc062723c751e8b465ee728b)  -> (artifact id: 'd357d5305d512d8d7dbde00ee117d464') in 0.025770 seconds 
========================================================================
Received Import Request.
  Time since last request: 0.000039 seconds.
  path: Assets/Art/Item/Icon21.png
  artifactKey: Guid(a419a387690ca4d43884bc10616110d0) Importer(815301076,1909f56bfc062723c751e8b465ee728b)
Start importing Assets/Art/Item/Icon21.png using Guid(a419a387690ca4d43884bc10616110d0) Importer(815301076,1909f56bfc062723c751e8b465ee728b)  -> (artifact id: 'e5f8885e9664e0ab9137f760f29a2df4') in 0.015630 seconds 
========================================================================
Received Import Request.
  Time since last request: 0.000037 seconds.
  path: Assets/Art/Item/Icon26.png
  artifactKey: Guid(454ed0890de8a51488bd6cb92dde31dc) Importer(815301076,1909f56bfc062723c751e8b465ee728b)
Start importing Assets/Art/Item/Icon26.png using Guid(454ed0890de8a51488bd6cb92dde31dc) Importer(815301076,1909f56bfc062723c751e8b465ee728b)  -> (artifact id: 'da1c54352d8fe893f5eb3e9efe14676a') in 0.042842 seconds 
========================================================================
Received Import Request.
  Time since last request: 0.000088 seconds.
  path: Assets/Art/Item/Icon25 2.png
  artifactKey: Guid(8eecef6dbbf38e64fb8f4b2653babbd3) Importer(815301076,1909f56bfc062723c751e8b465ee728b)
Start importing Assets/Art/Item/Icon25 2.png using Guid(8eecef6dbbf38e64fb8f4b2653babbd3) Importer(815301076,1909f56bfc062723c751e8b465ee728b)  -> (artifact id: '690e7f5294da6b3a996e5b7c52ba551c') in 0.010192 seconds 
========================================================================
Received Import Request.
  Time since last request: 0.000025 seconds.
  path: Assets/Art/Item/Icon25 4.png
  artifactKey: Guid(821d650d7b2d53c4cb40d4e3737eb3b6) Importer(815301076,1909f56bfc062723c751e8b465ee728b)
Start importing Assets/Art/Item/Icon25 4.png using Guid(821d650d7b2d53c4cb40d4e3737eb3b6) Importer(815301076,1909f56bfc062723c751e8b465ee728b)  -> (artifact id: '7f77ca9c32da880ab8ab2b603947a33c') in 0.008955 seconds 
========================================================================
Received Import Request.
  Time since last request: 0.000023 seconds.
  path: Assets/Art/Item/Icon25 1.png
  artifactKey: Guid(63761e06c4f70ad47bdb0292527508ce) Importer(815301076,1909f56bfc062723c751e8b465ee728b)
Start importing Assets/Art/Item/Icon25 1.png using Guid(63761e06c4f70ad47bdb0292527508ce) Importer(815301076,1909f56bfc062723c751e8b465ee728b)  -> (artifact id: '9a524d0b334c63470e47aa733149cd26') in 0.007529 seconds 
========================================================================
Received Import Request.
  Time since last request: 0.000020 seconds.
  path: Assets/Art/Item/Icon25 7.png
  artifactKey: Guid(09b237bf10f330e48bf373b9f9665244) Importer(815301076,1909f56bfc062723c751e8b465ee728b)
Start importing Assets/Art/Item/Icon25 7.png using Guid(09b237bf10f330e48bf373b9f9665244) Importer(815301076,1909f56bfc062723c751e8b465ee728b)  -> (artifact id: 'f48d90c8f9242b4fb5ec8e9b2f88fc8d') in 0.007687 seconds 
========================================================================
Received Import Request.
  Time since last request: 0.000020 seconds.
  path: Assets/Art/Item/Icon24.png
  artifactKey: Guid(53dcae4c578b252488558a5006e2598a) Importer(815301076,1909f56bfc062723c751e8b465ee728b)
Start importing Assets/Art/Item/Icon24.png using Guid(53dcae4c578b252488558a5006e2598a) Importer(815301076,1909f56bfc062723c751e8b465ee728b)  -> (artifact id: 'bb08b5ee9f2ef5c6df68f24f42701185') in 0.009781 seconds 
========================================================================
Received Import Request.
  Time since last request: 0.000199 seconds.
  path: Assets/Art/Item/Icon24 5.png
  artifactKey: Guid(1cc72b479de674e4f8e031e22fa2abdd) Importer(815301076,1909f56bfc062723c751e8b465ee728b)
Start importing Assets/Art/Item/Icon24 5.png using Guid(1cc72b479de674e4f8e031e22fa2abdd) Importer(815301076,1909f56bfc062723c751e8b465ee728b)  -> (artifact id: 'b9102ef441020129457679ddee8fa396') in 0.008962 seconds 
========================================================================
Received Import Request.
  Time since last request: 0.000063 seconds.
  path: Assets/Art/Item/Icon22 4.png
  artifactKey: Guid(7e886ce34fa10cf44838970c307f4fba) Importer(815301076,1909f56bfc062723c751e8b465ee728b)
Start importing Assets/Art/Item/Icon22 4.png using Guid(7e886ce34fa10cf44838970c307f4fba) Importer(815301076,1909f56bfc062723c751e8b465ee728b)  -> (artifact id: '1f7c403fb9bf0c2492143ae527e36b16') in 0.008809 seconds 
========================================================================
Received Import Request.
  Time since last request: 0.000039 seconds.
  path: Assets/Art/Item/Icon28.png
  artifactKey: Guid(307d741fbcf2bff42b08c0c2334c02dd) Importer(815301076,1909f56bfc062723c751e8b465ee728b)
Start importing Assets/Art/Item/Icon28.png using Guid(307d741fbcf2bff42b08c0c2334c02dd) Importer(815301076,1909f56bfc062723c751e8b465ee728b)  -> (artifact id: 'fdf13bf30dcadca2dfe4528b938d35cb') in 0.008987 seconds 
========================================================================
Received Import Request.
  Time since last request: 0.000036 seconds.
  path: Assets/Art/Item/Icon20.png
  artifactKey: Guid(74b7c458d77a14d499407548f58eeaed) Importer(815301076,1909f56bfc062723c751e8b465ee728b)
Start importing Assets/Art/Item/Icon20.png using Guid(74b7c458d77a14d499407548f58eeaed) Importer(815301076,1909f56bfc062723c751e8b465ee728b)  -> (artifact id: '9ce8d17b3eb16fed5a0590753e3ebcea') in 0.007431 seconds 
========================================================================
Received Import Request.
  Time since last request: 0.000022 seconds.
  path: Assets/Art/Item/Icon27 1.png
  artifactKey: Guid(6fb951827ddaf944594f41d3fb444f93) Importer(815301076,1909f56bfc062723c751e8b465ee728b)
Start importing Assets/Art/Item/Icon27 1.png using Guid(6fb951827ddaf944594f41d3fb444f93) Importer(815301076,1909f56bfc062723c751e8b465ee728b)  -> (artifact id: 'd8101f16e78d8d3282ffc13de8402d31') in 0.008552 seconds 
========================================================================
Received Import Request.
  Time since last request: 0.000053 seconds.
  path: Assets/Art/Item/Icon21 7.png
  artifactKey: Guid(5584b74e8c6065d4cb7b6d8ff020106a) Importer(815301076,1909f56bfc062723c751e8b465ee728b)
Start importing Assets/Art/Item/Icon21 7.png using Guid(5584b74e8c6065d4cb7b6d8ff020106a) Importer(815301076,1909f56bfc062723c751e8b465ee728b)  -> (artifact id: '44f707801d7d4e9a45880c4bc75e3122') in 0.040318 seconds 
========================================================================
Received Import Request.
  Time since last request: 0.000038 seconds.
  path: Assets/Art/Item/Icon24 1.png
  artifactKey: Guid(8a77097f6c97adf49b2727eb6094238c) Importer(815301076,1909f56bfc062723c751e8b465ee728b)
Start importing Assets/Art/Item/Icon24 1.png using Guid(8a77097f6c97adf49b2727eb6094238c) Importer(815301076,1909f56bfc062723c751e8b465ee728b)  -> (artifact id: '261904af5a49423205c22e9b5504fa05') in 0.010883 seconds 
========================================================================
Received Import Request.
  Time since last request: 0.000027 seconds.
  path: Assets/Art/Item/Icon23 5.png
  artifactKey: Guid(fa53507c9707ef1478bb1f8d1395e053) Importer(815301076,1909f56bfc062723c751e8b465ee728b)
Start importing Assets/Art/Item/Icon23 5.png using Guid(fa53507c9707ef1478bb1f8d1395e053) Importer(815301076,1909f56bfc062723c751e8b465ee728b)  -> (artifact id: '67b12774663279d42f32fd4e85b25f88') in 0.008871 seconds 
========================================================================
Received Import Request.
  Time since last request: 0.000041 seconds.
  path: Assets/Art/Item/Icon20 5.png
  artifactKey: Guid(5f32b4db55be7604f834c23884918c66) Importer(815301076,1909f56bfc062723c751e8b465ee728b)
Start importing Assets/Art/Item/Icon20 5.png using Guid(5f32b4db55be7604f834c23884918c66) Importer(815301076,1909f56bfc062723c751e8b465ee728b)  -> (artifact id: 'd2e2bff96138427f0095d1229f9fbb7d') in 0.008726 seconds 
========================================================================
Received Import Request.
  Time since last request: 0.000017 seconds.
  path: Assets/Art/Item/Icon29 3.png
  artifactKey: Guid(df98373d2f8b20c4f95b1b22db2f7eff) Importer(815301076,1909f56bfc062723c751e8b465ee728b)
Start importing Assets/Art/Item/Icon29 3.png using Guid(df98373d2f8b20c4f95b1b22db2f7eff) Importer(815301076,1909f56bfc062723c751e8b465ee728b)  -> (artifact id: '6923e060e7652a172d7cd5eecdb90600') in 0.029135 seconds 
========================================================================
Received Import Request.
  Time since last request: 0.000026 seconds.
  path: Assets/Art/Item/Icon34 2.png
  artifactKey: Guid(33e65fff6f613db42b646f5a5b159860) Importer(815301076,1909f56bfc062723c751e8b465ee728b)
Start importing Assets/Art/Item/Icon34 2.png using Guid(33e65fff6f613db42b646f5a5b159860) Importer(815301076,1909f56bfc062723c751e8b465ee728b)  -> (artifact id: 'f246be7f3cd11df05ca71ffd612611b4') in 0.007725 seconds 
========================================================================
Received Import Request.
  Time since last request: 0.000018 seconds.
  path: Assets/Art/Item/Icon34 1.png
  artifactKey: Guid(087d81485cfe75d41b036bd3eaa4adbc) Importer(815301076,1909f56bfc062723c751e8b465ee728b)
Start importing Assets/Art/Item/Icon34 1.png using Guid(087d81485cfe75d41b036bd3eaa4adbc) Importer(815301076,1909f56bfc062723c751e8b465ee728b)  -> (artifact id: '70765a591d51c00f3fe8dfdeb1a9dce0') in 0.009120 seconds 
========================================================================
Received Import Request.
  Time since last request: 0.000019 seconds.
  path: Assets/Art/Item/Icon31 3.png
  artifactKey: Guid(c6dc84b27808a404293be9c0020855b4) Importer(815301076,1909f56bfc062723c751e8b465ee728b)
Start importing Assets/Art/Item/Icon31 3.png using Guid(c6dc84b27808a404293be9c0020855b4) Importer(815301076,1909f56bfc062723c751e8b465ee728b)  -> (artifact id: '886991d1e921300956434b8d42da6191') in 0.010665 seconds 
========================================================================
Received Import Request.
  Time since last request: 0.000020 seconds.
  path: Assets/Art/Item/Icon34 6.png
  artifactKey: Guid(117edefd07744fa4d905fd109404ee75) Importer(815301076,1909f56bfc062723c751e8b465ee728b)
Start importing Assets/Art/Item/Icon34 6.png using Guid(117edefd07744fa4d905fd109404ee75) Importer(815301076,1909f56bfc062723c751e8b465ee728b)  -> (artifact id: 'b447b708a522c1833720f21d6f8f1ed6') in 0.010718 seconds 
========================================================================
Received Import Request.
  Time since last request: 0.000016 seconds.
  path: Assets/Art/Item/Icon36.png
  artifactKey: Guid(2518fa6145541cc479ce520cfab7640e) Importer(815301076,1909f56bfc062723c751e8b465ee728b)
Start importing Assets/Art/Item/Icon36.png using Guid(2518fa6145541cc479ce520cfab7640e) Importer(815301076,1909f56bfc062723c751e8b465ee728b)  -> (artifact id: '07fcd648bf6c588eb8a300a18ae47ca8') in 0.011331 seconds 
========================================================================
Received Import Request.
  Time since last request: 0.000047 seconds.
  path: Assets/Art/Item/Icon35 6.png
  artifactKey: Guid(4c23b9cdc6fc8dd4eb5e77c9a8ad3527) Importer(815301076,1909f56bfc062723c751e8b465ee728b)
Start importing Assets/Art/Item/Icon35 6.png using Guid(4c23b9cdc6fc8dd4eb5e77c9a8ad3527) Importer(815301076,1909f56bfc062723c751e8b465ee728b)  -> (artifact id: '339bf6ec25b7694045d05631393d01ab') in 0.007996 seconds 
========================================================================
Received Import Request.
  Time since last request: 0.000053 seconds.
  path: Assets/Art/Item/Icon30.png
  artifactKey: Guid(73308ca57636d2b4f8f05898cf623aec) Importer(815301076,1909f56bfc062723c751e8b465ee728b)
Start importing Assets/Art/Item/Icon30.png using Guid(73308ca57636d2b4f8f05898cf623aec) Importer(815301076,1909f56bfc062723c751e8b465ee728b)  -> (artifact id: '1908d4b33778823ba2300ab7621c5163') in 0.007653 seconds 
========================================================================
Received Import Request.
  Time since last request: 0.000014 seconds.
  path: Assets/Art/Item/Icon31.png
  artifactKey: Guid(d1199e22e352c434db70114136ae3dc0) Importer(815301076,1909f56bfc062723c751e8b465ee728b)
Start importing Assets/Art/Item/Icon31.png using Guid(d1199e22e352c434db70114136ae3dc0) Importer(815301076,1909f56bfc062723c751e8b465ee728b)  -> (artifact id: '5b144017a32d1f05951ba17c52ae945d') in 0.007805 seconds 
========================================================================
Received Import Request.
  Time since last request: 0.000036 seconds.
  path: Assets/Art/Item/Icon30 6.png
  artifactKey: Guid(c732bf26ba1250a4984b67866a80ce1a) Importer(815301076,1909f56bfc062723c751e8b465ee728b)
Start importing Assets/Art/Item/Icon30 6.png using Guid(c732bf26ba1250a4984b67866a80ce1a) Importer(815301076,1909f56bfc062723c751e8b465ee728b)  -> (artifact id: '5eb698135c57bac9164527cac7d8d182') in 0.039161 seconds 
========================================================================
Received Import Request.
  Time since last request: 0.000016 seconds.
  path: Assets/Art/Item/Icon33 4.png
  artifactKey: Guid(360e3f3bcb4768d4f8e4802a1a3dc876) Importer(815301076,1909f56bfc062723c751e8b465ee728b)
Start importing Assets/Art/Item/Icon33 4.png using Guid(360e3f3bcb4768d4f8e4802a1a3dc876) Importer(815301076,1909f56bfc062723c751e8b465ee728b)  -> (artifact id: '736bb46448a8ae303d21274e197322c5') in 0.010739 seconds 
========================================================================
Received Import Request.
  Time since last request: 0.000042 seconds.
  path: Assets/Art/Item/Icon31 1.png
  artifactKey: Guid(8dd860a23692f654683a3fa547f3abe6) Importer(815301076,1909f56bfc062723c751e8b465ee728b)
Start importing Assets/Art/Item/Icon31 1.png using Guid(8dd860a23692f654683a3fa547f3abe6) Importer(815301076,1909f56bfc062723c751e8b465ee728b)  -> (artifact id: '7584bb47795085174eb0c01dc269c592') in 0.008302 seconds 
========================================================================
Received Import Request.
  Time since last request: 0.000040 seconds.
  path: Assets/Art/Item/Icon37 3.png
  artifactKey: Guid(08e6039fb821f5147b746547ece04f7e) Importer(815301076,1909f56bfc062723c751e8b465ee728b)
Start importing Assets/Art/Item/Icon37 3.png using Guid(08e6039fb821f5147b746547ece04f7e) Importer(815301076,1909f56bfc062723c751e8b465ee728b)  -> (artifact id: '074384e9cf0b7b2eb0c3d69321321e98') in 0.009379 seconds 
========================================================================
Received Import Request.
  Time since last request: 0.000016 seconds.
  path: Assets/Art/Item/Icon32 6.png
  artifactKey: Guid(7f159cc1e09438a4191a6e801ec5f1a7) Importer(815301076,1909f56bfc062723c751e8b465ee728b)
Start importing Assets/Art/Item/Icon32 6.png using Guid(7f159cc1e09438a4191a6e801ec5f1a7) Importer(815301076,1909f56bfc062723c751e8b465ee728b)  -> (artifact id: '40906fcb151b870f15e35ce100647494') in 0.007818 seconds 
========================================================================
Received Import Request.
  Time since last request: 0.000046 seconds.
  path: Assets/Art/Item/Icon36 3.png
  artifactKey: Guid(cb0efd8ea7750914d9b01641f7ff368a) Importer(815301076,1909f56bfc062723c751e8b465ee728b)
Start importing Assets/Art/Item/Icon36 3.png using Guid(cb0efd8ea7750914d9b01641f7ff368a) Importer(815301076,1909f56bfc062723c751e8b465ee728b)  -> (artifact id: 'dd9382c243b0be90a537647226137bd9') in 0.008653 seconds 
========================================================================
Received Import Request.
  Time since last request: 0.000063 seconds.
  path: Assets/Art/Item/Icon37 1.png
  artifactKey: Guid(3964da5fcc283874d96e788d82109c92) Importer(815301076,1909f56bfc062723c751e8b465ee728b)
Start importing Assets/Art/Item/Icon37 1.png using Guid(3964da5fcc283874d96e788d82109c92) Importer(815301076,1909f56bfc062723c751e8b465ee728b)  -> (artifact id: '107aa217b2704144c9d71e4df458cdfb') in 0.008432 seconds 
========================================================================
Received Import Request.
  Time since last request: 0.000041 seconds.
  path: Assets/Art/Item/Icon23 3.png
  artifactKey: Guid(5892670e7bd99c14bb5a6456439881f3) Importer(815301076,1909f56bfc062723c751e8b465ee728b)
Start importing Assets/Art/Item/Icon23 3.png using Guid(5892670e7bd99c14bb5a6456439881f3) Importer(815301076,1909f56bfc062723c751e8b465ee728b)  -> (artifact id: '7cc1a55b2c7649642355e80f095a5b3c') in 0.008252 seconds 
========================================================================
Received Import Request.
  Time since last request: 0.000023 seconds.
  path: Assets/Art/Item/Icon38 2.png
  artifactKey: Guid(9ddac391336bc18428648f6101d3ab78) Importer(815301076,1909f56bfc062723c751e8b465ee728b)
Start importing Assets/Art/Item/Icon38 2.png using Guid(9ddac391336bc18428648f6101d3ab78) Importer(815301076,1909f56bfc062723c751e8b465ee728b)  -> (artifact id: '8e0e87bce2b021f2a781575d1fd7a00e') in 0.009595 seconds 
========================================================================
Received Import Request.
  Time since last request: 0.000026 seconds.
  path: Assets/Art/Item/Icon32 7.png
  artifactKey: Guid(43760b6a0bb05004b9e2d9c885892455) Importer(815301076,1909f56bfc062723c751e8b465ee728b)
Start importing Assets/Art/Item/Icon32 7.png using Guid(43760b6a0bb05004b9e2d9c885892455) Importer(815301076,1909f56bfc062723c751e8b465ee728b)  -> (artifact id: '5fa602074a4758af486af4a4dfa4d0d9') in 0.008860 seconds 
========================================================================
Received Import Request.
  Time since last request: 0.004882 seconds.
  path: Assets/Art/Item/Icon38.png
  artifactKey: Guid(e8c3830186f3b0a4aab6c53d71adc7cc) Importer(815301076,1909f56bfc062723c751e8b465ee728b)
Start importing Assets/Art/Item/Icon38.png using Guid(e8c3830186f3b0a4aab6c53d71adc7cc) Importer(815301076,1909f56bfc062723c751e8b465ee728b)  -> (artifact id: '54ee8cc2b785848027b0855fa818364b') in 0.014997 seconds 
========================================================================
Received Import Request.
  Time since last request: 0.000016 seconds.
  path: Assets/Art/Item/Icon40 4.png
  artifactKey: Guid(068acd6d85b51b94aa26fa08feda77e2) Importer(815301076,1909f56bfc062723c751e8b465ee728b)
Start importing Assets/Art/Item/Icon40 4.png using Guid(068acd6d85b51b94aa26fa08feda77e2) Importer(815301076,1909f56bfc062723c751e8b465ee728b)  -> (artifact id: 'f2cb95e58d0c23872007a6320288e960') in 0.008502 seconds 
========================================================================
Received Import Request.
  Time since last request: 0.000020 seconds.
  path: Assets/Art/Item/Icon40 3.png
  artifactKey: Guid(3722ff6687073a6458559c245e57ecb7) Importer(815301076,1909f56bfc062723c751e8b465ee728b)
Start importing Assets/Art/Item/Icon40 3.png using Guid(3722ff6687073a6458559c245e57ecb7) Importer(815301076,1909f56bfc062723c751e8b465ee728b)  -> (artifact id: 'cd28ef4df1533d3f78c51e98810f0040') in 0.008462 seconds 
========================================================================
Received Import Request.
  Time since last request: 0.000022 seconds.
  path: Assets/Art/Item/Icon41 6.png
  artifactKey: Guid(d4ba7024c52cd7044a2fb5bd03b140b2) Importer(815301076,1909f56bfc062723c751e8b465ee728b)
Start importing Assets/Art/Item/Icon41 6.png using Guid(d4ba7024c52cd7044a2fb5bd03b140b2) Importer(815301076,1909f56bfc062723c751e8b465ee728b)  -> (artifact id: '0c637ee31f5fc03ada0f71bc6a4db05d') in 0.010871 seconds 
========================================================================
Received Import Request.
  Time since last request: 0.000023 seconds.
  path: Assets/Art/Item/Icon42 1.png
  artifactKey: Guid(aa31eb59792b78e4c9832d80092d8b7d) Importer(815301076,1909f56bfc062723c751e8b465ee728b)
Start importing Assets/Art/Item/Icon42 1.png using Guid(aa31eb59792b78e4c9832d80092d8b7d) Importer(815301076,1909f56bfc062723c751e8b465ee728b)  -> (artifact id: '4edb9be1e6809681503c4d9452b6d3f0') in 0.010531 seconds 
========================================================================
Received Import Request.
  Time since last request: 0.000023 seconds.
  path: Assets/Art/Item/Icon43 7.png
  artifactKey: Guid(e2b0a8f567eca514383bae8807f7aa67) Importer(815301076,1909f56bfc062723c751e8b465ee728b)
Start importing Assets/Art/Item/Icon43 7.png using Guid(e2b0a8f567eca514383bae8807f7aa67) Importer(815301076,1909f56bfc062723c751e8b465ee728b)  -> (artifact id: 'b65c5bc4256235e7250a67cf639c0b75') in 0.009677 seconds 
========================================================================
Received Import Request.
  Time since last request: 0.000025 seconds.
  path: Assets/Art/Item/Icon43 3.png
  artifactKey: Guid(f5266478358602644a379bd80a882c27) Importer(815301076,1909f56bfc062723c751e8b465ee728b)
Start importing Assets/Art/Item/Icon43 3.png using Guid(f5266478358602644a379bd80a882c27) Importer(815301076,1909f56bfc062723c751e8b465ee728b)  -> (artifact id: '7aeea0062dc63a821459366fe9802684') in 0.008417 seconds 
========================================================================
Received Import Request.
  Time since last request: 0.000026 seconds.
  path: Assets/Art/Item/Icon46 2.png
  artifactKey: Guid(1f6c52a63b2fa8543830cea1e307c59d) Importer(815301076,1909f56bfc062723c751e8b465ee728b)
Start importing Assets/Art/Item/Icon46 2.png using Guid(1f6c52a63b2fa8543830cea1e307c59d) Importer(815301076,1909f56bfc062723c751e8b465ee728b)  -> (artifact id: '3fc0656e32dc2f21269b49a2b277c667') in 0.010091 seconds 
========================================================================
Received Import Request.
  Time since last request: 0.000029 seconds.
  path: Assets/Art/Item/Icon45 4.png
  artifactKey: Guid(ffbe75312b82f2245ad52e52a8d96d77) Importer(815301076,1909f56bfc062723c751e8b465ee728b)
Start importing Assets/Art/Item/Icon45 4.png using Guid(ffbe75312b82f2245ad52e52a8d96d77) Importer(815301076,1909f56bfc062723c751e8b465ee728b)  -> (artifact id: '588745826c46f191285ab740b26a527b') in 0.010246 seconds 
========================================================================
Received Import Request.
  Time since last request: 0.000018 seconds.
  path: Assets/Art/Item/Icon46 1.png
  artifactKey: Guid(a48a928842c9efc44bef5f880523c139) Importer(815301076,1909f56bfc062723c751e8b465ee728b)
Start importing Assets/Art/Item/Icon46 1.png using Guid(a48a928842c9efc44bef5f880523c139) Importer(815301076,1909f56bfc062723c751e8b465ee728b)  -> (artifact id: 'd0a8f284beec7443ce70bdafef77f938') in 0.009824 seconds 
========================================================================
Received Import Request.
  Time since last request: 0.000022 seconds.
  path: Assets/Art/Item/Icon39 7.png
  artifactKey: Guid(ecc2e541f52f09d40b2fb92f11fb1f31) Importer(815301076,1909f56bfc062723c751e8b465ee728b)
Start importing Assets/Art/Item/Icon39 7.png using Guid(ecc2e541f52f09d40b2fb92f11fb1f31) Importer(815301076,1909f56bfc062723c751e8b465ee728b)  -> (artifact id: '5513c04857c4f984a34afd2f01f1d7f9') in 0.008866 seconds 
========================================================================
Received Import Request.
  Time since last request: 0.000016 seconds.
  path: Assets/Art/Item/Icon44 3.png
  artifactKey: Guid(3f2538f4e5fcbb145ad833ee1095115a) Importer(815301076,1909f56bfc062723c751e8b465ee728b)
Start importing Assets/Art/Item/Icon44 3.png using Guid(3f2538f4e5fcbb145ad833ee1095115a) Importer(815301076,1909f56bfc062723c751e8b465ee728b)  -> (artifact id: '1f8517634807983c9cb0648b313ff387') in 0.008626 seconds 
========================================================================
Received Import Request.
  Time since last request: 0.000014 seconds.
  path: Assets/Art/Item/Icon42 3.png
  artifactKey: Guid(d883b71af90b2ff48843043fa463f999) Importer(815301076,1909f56bfc062723c751e8b465ee728b)
Start importing Assets/Art/Item/Icon42 3.png using Guid(d883b71af90b2ff48843043fa463f999) Importer(815301076,1909f56bfc062723c751e8b465ee728b)  -> (artifact id: '7bbee76d89ed2ca31361d5ecdfc96023') in 0.008875 seconds 
========================================================================
Received Import Request.
  Time since last request: 0.000071 seconds.
  path: Assets/Art/Item/Icon40 1.png
  artifactKey: Guid(f2f40351d4cede6418ab4823d38d91d8) Importer(815301076,1909f56bfc062723c751e8b465ee728b)
Start importing Assets/Art/Item/Icon40 1.png using Guid(f2f40351d4cede6418ab4823d38d91d8) Importer(815301076,1909f56bfc062723c751e8b465ee728b)  -> (artifact id: '471259fb6248cce3fa2780f769c6940b') in 0.007696 seconds 
========================================================================
Received Import Request.
  Time since last request: 0.000016 seconds.
  path: Assets/Art/Item/Icon41 2.png
  artifactKey: Guid(1f84388bd59040243b603016f0547746) Importer(815301076,1909f56bfc062723c751e8b465ee728b)
Start importing Assets/Art/Item/Icon41 2.png using Guid(1f84388bd59040243b603016f0547746) Importer(815301076,1909f56bfc062723c751e8b465ee728b)  -> (artifact id: '393a52518ed746948886d819b6eb130f') in 0.012369 seconds 
========================================================================
Received Import Request.
  Time since last request: 0.000019 seconds.
  path: Assets/Art/Item/Icon41 4.png
  artifactKey: Guid(00cb22e6ba5fdc24da5c363a37282f15) Importer(815301076,1909f56bfc062723c751e8b465ee728b)
Start importing Assets/Art/Item/Icon41 4.png using Guid(00cb22e6ba5fdc24da5c363a37282f15) Importer(815301076,1909f56bfc062723c751e8b465ee728b)  -> (artifact id: 'f8b7870a4a9dbe41dec2540d33e3b585') in 0.010082 seconds 
========================================================================
Received Import Request.
  Time since last request: 0.000058 seconds.
  path: Assets/Art/Item/Icon44 5.png
  artifactKey: Guid(3bb704421f49e9249a3ea23bdcf78e4e) Importer(815301076,1909f56bfc062723c751e8b465ee728b)
Start importing Assets/Art/Item/Icon44 5.png using Guid(3bb704421f49e9249a3ea23bdcf78e4e) Importer(815301076,1909f56bfc062723c751e8b465ee728b)  -> (artifact id: '021d13439b201b3c33e7ff97f4d1a1a5') in 0.010762 seconds 
========================================================================
Received Import Request.
  Time since last request: 0.055768 seconds.
  path: Assets/Art/Item/Icon47 4.png
  artifactKey: Guid(33137e8cc5542fe4aa176ae2da204609) Importer(815301076,1909f56bfc062723c751e8b465ee728b)
Start importing Assets/Art/Item/Icon47 4.png using Guid(33137e8cc5542fe4aa176ae2da204609) Importer(815301076,1909f56bfc062723c751e8b465ee728b)  -> (artifact id: 'f316cc55423913c69294e360e3e81e1e') in 0.013857 seconds 
========================================================================
Received Import Request.
  Time since last request: 0.000022 seconds.
  path: Assets/Art/Item/Icon47.png
  artifactKey: Guid(219a8e8743b4bd84f8115fcb3574ab8e) Importer(815301076,1909f56bfc062723c751e8b465ee728b)
Start importing Assets/Art/Item/Icon47.png using Guid(219a8e8743b4bd84f8115fcb3574ab8e) Importer(815301076,1909f56bfc062723c751e8b465ee728b)  -> (artifact id: '9292aab796e232da6bcf29c31c8f3c34') in 0.009706 seconds 
========================================================================
Received Import Request.
  Time since last request: 0.000019 seconds.
  path: Assets/Art/Item/Icon48 5.png
  artifactKey: Guid(909eae229e8e0134f9bc757a77bfb2cb) Importer(815301076,1909f56bfc062723c751e8b465ee728b)
Start importing Assets/Art/Item/Icon48 5.png using Guid(909eae229e8e0134f9bc757a77bfb2cb) Importer(815301076,1909f56bfc062723c751e8b465ee728b)  -> (artifact id: 'a126e6b0b8f44783c31da48e63ce91ad') in 0.012097 seconds 
========================================================================
Received Import Request.
  Time since last request: 0.000043 seconds.
  path: Assets/Art/Item/The Conquest Tool Pack Lite.png
  artifactKey: Guid(741cc2b1125e8fd4d98d782626e21723) Importer(815301076,1909f56bfc062723c751e8b465ee728b)
Start importing Assets/Art/Item/The Conquest Tool Pack Lite.png using Guid(741cc2b1125e8fd4d98d782626e21723) Importer(815301076,1909f56bfc062723c751e8b465ee728b)  -> (artifact id: '4e575ef3f12ddb3bdedf129e5258e81d') in 0.020737 seconds 
========================================================================
Received Import Request.
  Time since last request: 0.000065 seconds.
  path: Assets/Art/Item/Potion2.png
  artifactKey: Guid(f5b9505a8c2784a4bae97fc7b5867da7) Importer(815301076,1909f56bfc062723c751e8b465ee728b)
Start importing Assets/Art/Item/Potion2.png using Guid(f5b9505a8c2784a4bae97fc7b5867da7) Importer(815301076,1909f56bfc062723c751e8b465ee728b)  -> (artifact id: '8a7cc342f417a50a6b55f0981614c042') in 0.007342 seconds 
========================================================================
Received Import Request.
  Time since last request: 18.687802 seconds.
  path: Assets/Art/Item/The Conquest Tool Pack Lite.png
  artifactKey: Guid(741cc2b1125e8fd4d98d782626e21723) Importer(815301076,1909f56bfc062723c751e8b465ee728b)
Start importing Assets/Art/Item/The Conquest Tool Pack Lite.png using Guid(741cc2b1125e8fd4d98d782626e21723) Importer(815301076,1909f56bfc062723c751e8b465ee728b)  -> (artifact id: '26c2284532347ba8ba91477af38968b5') in 0.006452 seconds 
========================================================================
Received Import Request.
  Time since last request: 10.040517 seconds.
  path: Assets/Art/Item/The Conquest Tool Pack Lite.png
  artifactKey: Guid(741cc2b1125e8fd4d98d782626e21723) Importer(815301076,1909f56bfc062723c751e8b465ee728b)
Start importing Assets/Art/Item/The Conquest Tool Pack Lite.png using Guid(741cc2b1125e8fd4d98d782626e21723) Importer(815301076,1909f56bfc062723c751e8b465ee728b)  -> (artifact id: '8414e092bb56ccf86540d0fc45492243') in 0.213437 seconds 
========================================================================
Received Import Request.
  Time since last request: 4.762803 seconds.
  path: Assets/Art/Item/File(1).png
  artifactKey: Guid(9c11dad33a0fff34d90423034dd64f33) Importer(815301076,1909f56bfc062723c751e8b465ee728b)
Start importing Assets/Art/Item/File(1).png using Guid(9c11dad33a0fff34d90423034dd64f33) Importer(815301076,1909f56bfc062723c751e8b465ee728b)  -> (artifact id: '9a64a4785c3e9aab07d9fd13192a0b44') in 0.017069 seconds 
========================================================================
Received Import Request.
  Time since last request: 39.989220 seconds.
  path: Assets/Art/Item/File.png
  artifactKey: Guid(b80c07f54444e1a489889749cebd70eb) Importer(815301076,1909f56bfc062723c751e8b465ee728b)
Start importing Assets/Art/Item/File.png using Guid(b80c07f54444e1a489889749cebd70eb) Importer(815301076,1909f56bfc062723c751e8b465ee728b)  -> (artifact id: 'df833febb3c1ad5f665c551a60cdd870') in 0.011183 seconds 
========================================================================
Received Import Request.
  Time since last request: 13.408437 seconds.
  path: Assets/Art/Item/File.png
  artifactKey: Guid(b80c07f54444e1a489889749cebd70eb) Importer(815301076,1909f56bfc062723c751e8b465ee728b)
Start importing Assets/Art/Item/File.png using Guid(b80c07f54444e1a489889749cebd70eb) Importer(815301076,1909f56bfc062723c751e8b465ee728b)  -> (artifact id: 'dd2b0551bdbe957727c6ac99e172da01') in 0.006301 seconds 
========================================================================
Received Import Request.
  Time since last request: 6.646924 seconds.
  path: Assets/Art/Item/File.png
  artifactKey: Guid(b80c07f54444e1a489889749cebd70eb) Importer(815301076,1909f56bfc062723c751e8b465ee728b)
Start importing Assets/Art/Item/File.png using Guid(b80c07f54444e1a489889749cebd70eb) Importer(815301076,1909f56bfc062723c751e8b465ee728b)  -> (artifact id: '19337af047dcb4730e856dfe9c0f0c03') in 0.055052 seconds 
========================================================================
Received Import Request.
  Time since last request: 11.591810 seconds.
  path: Assets/Art/Item/File(1).png
  artifactKey: Guid(9c11dad33a0fff34d90423034dd64f33) Importer(815301076,1909f56bfc062723c751e8b465ee728b)
Start importing Assets/Art/Item/File(1).png using Guid(9c11dad33a0fff34d90423034dd64f33) Importer(815301076,1909f56bfc062723c751e8b465ee728b)  -> (artifact id: 'a309c6dba9918be8b29b3beaf7797b6f') in 0.006993 seconds 
========================================================================
Received Import Request.
  Time since last request: 4.616871 seconds.
  path: Assets/Art/Item/File(1).png
  artifactKey: Guid(9c11dad33a0fff34d90423034dd64f33) Importer(815301076,1909f56bfc062723c751e8b465ee728b)
Start importing Assets/Art/Item/File(1).png using Guid(9c11dad33a0fff34d90423034dd64f33) Importer(815301076,1909f56bfc062723c751e8b465ee728b)  -> (artifact id: 'd4d3acc81fdaf9918413181d5dd43f04') in 0.063299 seconds 
