Using pre-set license
Built from '2021.3/evg/staging/82bb020e-b03b1330/draft-0' branch; Version is '2021.3.16f1 (4016570cf34f) revision 4200023'; Using compiler version '192829333'; Build Type 'Release'
OS: 'Windows 11  (10.0.22621) 64bit Core' Language: 'fr' Physical Memory: 15773 MB
BatchMode: 1, IsHumanControllingUs: 0, StartBugReporterOnCrash: 0, Is64bit: 1, IsPro: 1

COMMAND LINE ARGUMENTS:
C:\Program Files\Unity\Hub\Editor\2021.3.16f1\Editor\Unity.exe
-adb2
-batchMode
-noUpm
-name
AssetImportWorker11
-projectPath
C:/Users/kylli/Documents/Tales-of-Hivnir/Tiles-Of-Hivnir
-logFile
Logs/AssetImportWorker11.log
-srvPort
57027
Successfully changed project path to: C:/Users/kylli/Documents/Tales-of-Hivnir/Tiles-Of-Hivnir
C:/Users/kylli/Documents/Tales-of-Hivnir/Tiles-Of-Hivnir
[UnityMemory] Configuration Parameters - Can be set up in boot.config
    "memorysetup-bucket-allocator-granularity=16"
    "memorysetup-bucket-allocator-bucket-count=8"
    "memorysetup-bucket-allocator-block-size=33554432"
    "memorysetup-bucket-allocator-block-count=8"
    "memorysetup-main-allocator-block-size=16777216"
    "memorysetup-thread-allocator-block-size=16777216"
    "memorysetup-gfx-main-allocator-block-size=16777216"
    "memorysetup-gfx-thread-allocator-block-size=16777216"
    "memorysetup-cache-allocator-block-size=4194304"
    "memorysetup-typetree-allocator-block-size=2097152"
    "memorysetup-profiler-bucket-allocator-granularity=16"
    "memorysetup-profiler-bucket-allocator-bucket-count=8"
    "memorysetup-profiler-bucket-allocator-block-size=33554432"
    "memorysetup-profiler-bucket-allocator-block-count=8"
    "memorysetup-profiler-allocator-block-size=16777216"
    "memorysetup-profiler-editor-allocator-block-size=1048576"
    "memorysetup-temp-allocator-size-main=16777216"
    "memorysetup-job-temp-allocator-block-size=2097152"
    "memorysetup-job-temp-allocator-block-size-background=1048576"
    "memorysetup-job-temp-allocator-reduction-small-platforms=262144"
    "memorysetup-temp-allocator-size-background-worker=32768"
    "memorysetup-temp-allocator-size-job-worker=262144"
    "memorysetup-temp-allocator-size-preload-manager=33554432"
    "memorysetup-temp-allocator-size-nav-mesh-worker=65536"
    "memorysetup-temp-allocator-size-audio-worker=65536"
    "memorysetup-temp-allocator-size-cloud-worker=32768"
    "memorysetup-temp-allocator-size-gi-baking-worker=262144"
    "memorysetup-temp-allocator-size-gfx=262144"
Player connection [27780] Host "[IP] 192.168.66.228 [Port] 0 [Flags] 2 [Guid] 2177114777 [EditorId] 2177114777 [Version] 1048832 [Id] WindowsEditor(7,TUF706QM) [Debug] 1 [PackageName] WindowsEditor [ProjectName] Editor" joined multi-casting on [225.0.0.222:54997]...

Player connection [27780] Host "[IP] 192.168.66.228 [Port] 0 [Flags] 2 [Guid] 2177114777 [EditorId] 2177114777 [Version] 1048832 [Id] WindowsEditor(7,TUF706QM) [Debug] 1 [PackageName] WindowsEditor [ProjectName] Editor" joined alternative multi-casting on [225.0.0.222:34997]...

Refreshing native plugins compatible for Editor in 128.96 ms, found 3 plugins.
Preloading 0 native plugins for Editor in 0.00 ms.
Initialize engine version: 2021.3.16f1 (4016570cf34f)
[Subsystems] Discovering subsystems at path C:/Program Files/Unity/Hub/Editor/2021.3.16f1/Editor/Data/Resources/UnitySubsystems
[Subsystems] Discovering subsystems at path C:/Users/kylli/Documents/Tales-of-Hivnir/Tiles-Of-Hivnir/Assets
GfxDevice: creating device client; threaded=0; jobified=0
Direct3D:
    Version:  Direct3D 11.0 [level 11.1]
    Renderer: NVIDIA GeForce RTX 3060 Laptop GPU (ID=0x2520)
    Vendor:   NVIDIA
    VRAM:     6023 MB
    Driver:   31.0.15.1691
Initialize mono
Mono path[0] = 'C:/Program Files/Unity/Hub/Editor/2021.3.16f1/Editor/Data/Managed'
Mono path[1] = 'C:/Program Files/Unity/Hub/Editor/2021.3.16f1/Editor/Data/MonoBleedingEdge/lib/mono/unityjit-win32'
Mono config path = 'C:/Program Files/Unity/Hub/Editor/2021.3.16f1/Editor/Data/MonoBleedingEdge/etc'
Using monoOptions --debugger-agent=transport=dt_socket,embedding=1,server=y,suspend=n,address=127.0.0.1:56864
Begin MonoManager ReloadAssembly
Registering precompiled unity dll's ...
Register platform support module: C:/Program Files/Unity/Hub/Editor/2021.3.16f1/Editor/Data/PlaybackEngines/WindowsStandaloneSupport/UnityEditor.WindowsStandalone.Extensions.dll
Registered in 0.005226 seconds.
Native extension for WindowsStandalone target not found
Refreshing native plugins compatible for Editor in 126.08 ms, found 3 plugins.
Preloading 0 native plugins for Editor in 0.00 ms.
Mono: successfully reloaded assembly
- Completed reload, in  0.675 seconds
Domain Reload Profiling:
	ReloadAssembly (676ms)
		BeginReloadAssembly (79ms)
			ExecutionOrderSort (0ms)
			DisableScriptedObjects (0ms)
			BackupInstance (0ms)
			ReleaseScriptingObjects (0ms)
			CreateAndSetChildDomain (1ms)
		EndReloadAssembly (502ms)
			LoadAssemblies (77ms)
			RebuildTransferFunctionScriptingTraits (0ms)
			SetupTypeCache (97ms)
			ReleaseScriptCaches (0ms)
			RebuildScriptCaches (25ms)
			SetupLoadedEditorAssemblies (325ms)
				LogAssemblyErrors (0ms)
				InitializePlatformSupportModulesInManaged (7ms)
				SetLoadedEditorAssemblies (0ms)
				RefreshPlugins (126ms)
				BeforeProcessingInitializeOnLoad (2ms)
				ProcessInitializeOnLoadAttributes (141ms)
				ProcessInitializeOnLoadMethodAttributes (49ms)
				AfterProcessingInitializeOnLoad (0ms)
				EditorAssembliesLoaded (0ms)
			ExecutionOrderSort2 (0ms)
			AwakeInstancesAfterBackupRestoration (0ms)
Platform modules already initialized, skipping
Registering precompiled user dll's ...
Registered in 0.007617 seconds.
Begin MonoManager ReloadAssembly
Native extension for WindowsStandalone target not found
Refreshing native plugins compatible for Editor in 96.11 ms, found 3 plugins.
Preloading 0 native plugins for Editor in 0.00 ms.
Mono: successfully reloaded assembly
- Completed reload, in  0.977 seconds
Domain Reload Profiling:
	ReloadAssembly (978ms)
		BeginReloadAssembly (101ms)
			ExecutionOrderSort (0ms)
			DisableScriptedObjects (5ms)
			BackupInstance (0ms)
			ReleaseScriptingObjects (0ms)
			CreateAndSetChildDomain (20ms)
		EndReloadAssembly (774ms)
			LoadAssemblies (80ms)
			RebuildTransferFunctionScriptingTraits (0ms)
			SetupTypeCache (199ms)
			ReleaseScriptCaches (0ms)
			RebuildScriptCaches (49ms)
			SetupLoadedEditorAssemblies (401ms)
				LogAssemblyErrors (0ms)
				InitializePlatformSupportModulesInManaged (4ms)
				SetLoadedEditorAssemblies (0ms)
				RefreshPlugins (96ms)
				BeforeProcessingInitializeOnLoad (62ms)
				ProcessInitializeOnLoadAttributes (191ms)
				ProcessInitializeOnLoadMethodAttributes (42ms)
				AfterProcessingInitializeOnLoad (5ms)
				EditorAssembliesLoaded (0ms)
			ExecutionOrderSort2 (0ms)
			AwakeInstancesAfterBackupRestoration (6ms)
Platform modules already initialized, skipping
========================================================================
Worker process is ready to serve import requests
Launched and connected shader compiler UnityShaderCompiler.exe after 0.04 seconds
Refreshing native plugins compatible for Editor in 1.56 ms, found 3 plugins.
Preloading 0 native plugins for Editor in 0.00 ms.
Unloading 2840 Unused Serialized files (Serialized files now loaded: 0)
Unloading 38 unused Assets / (30.2 KB). Loaded Objects now: 3303.
Memory consumption went from 131.4 MB to 131.3 MB.
Total: 3.107700 ms (FindLiveObjects: 0.247400 ms CreateObjectMapping: 0.093600 ms MarkObjects: 2.729600 ms  DeleteObjects: 0.035200 ms)

AssetImportParameters requested are different than current active one (requested -> active):
  custom:video-decoder-ogg-theora: a1e56fd34408186e4bbccfd4996cb3dc -> 
  custom:container-muxer-webm: aa71ff27fc2769a1b78a27578f13a17b -> 
  custom:container-demuxer-webm: 4f35f7cbe854078d1ac9338744f61a02 -> 
  custom:video-encoder-webm-vp8: eb34c28f22e8b96e1ab97ce403110664 -> 
  custom:video-codec-MediaFoundation-h265: 746d11721c4dcdbdad8f713fa42b33f4 -> 
  custom:audio-encoder-webm-vorbis: bf7c407c2cedff20999df2af8eb42d56 -> 
  custom:framework-win-MediaFoundation: 216162199b28c13a410421893ffa2e32 -> 
  custom:container-demuxer-ogg: 62fdf1f143b41e24485cea50d1cbac27 -> 
  custom:video-decoder-webm-vp8: 9c59270c3fd7afecdb556c50c9e8de78 -> 
  custom:audio-decoder-ogg-vorbis: bf7c407c2cedff20999df2af8eb42d56 -> 
========================================================================
Received Import Request.
  Time since last request: 706087.930329 seconds.
  path: Assets/Prefab/Attack.prefab
  artifactKey: Guid(20addc06880aa0d46aa2e92206f5ba92) Importer(815301076,1909f56bfc062723c751e8b465ee728b)
Start importing Assets/Prefab/Attack.prefab using Guid(20addc06880aa0d46aa2e92206f5ba92) Importer(815301076,1909f56bfc062723c751e8b465ee728b)  -> (artifact id: 'c021e9ef00870395452419a6caf06544') in 0.088745 seconds 
========================================================================
Received Import Request.
  Time since last request: 0.000022 seconds.
  path: Assets/Photon/PhotonUnityNetworking/Demos/Shared Assets/Prefabs/UI/Button Regular.prefab
  artifactKey: Guid(395d3cc3d7cf0014a870fee72cbd3490) Importer(815301076,1909f56bfc062723c751e8b465ee728b)
Start importing Assets/Photon/PhotonUnityNetworking/Demos/Shared Assets/Prefabs/UI/Button Regular.prefab using Guid(395d3cc3d7cf0014a870fee72cbd3490) Importer(815301076,1909f56bfc062723c751e8b465ee728b)  -> (artifact id: 'fcd91acc5821ae8cec2b572cff066122') in 0.009129 seconds 
========================================================================
Received Import Request.
  Time since last request: 0.000057 seconds.
  path: Assets/Animated/Effects/Cave.prefab
  artifactKey: Guid(ee879e3626504af4eabfcc2939f1a117) Importer(815301076,1909f56bfc062723c751e8b465ee728b)
Start importing Assets/Animated/Effects/Cave.prefab using Guid(ee879e3626504af4eabfcc2939f1a117) Importer(815301076,1909f56bfc062723c751e8b465ee728b)  -> (artifact id: '61e43a0e09500538d550729f1deddf31') in 0.626688 seconds 
========================================================================
Received Import Request.
  Time since last request: 31.015157 seconds.
  path: Assets/Scenes/Map/NavMesh-Background.asset
  artifactKey: Guid(cdebd613974b9414397fa9979c78306e) Importer(815301076,1909f56bfc062723c751e8b465ee728b)
Start importing Assets/Scenes/Map/NavMesh-Background.asset using Guid(cdebd613974b9414397fa9979c78306e) Importer(815301076,1909f56bfc062723c751e8b465ee728b)  -> (artifact id: '6670cefbc346a5e49add9571c237c4e2') in 0.014982 seconds 
========================================================================
Received Prepare
Registering precompiled user dll's ...
Registered in 0.006011 seconds.
Begin MonoManager ReloadAssembly
Native extension for WindowsStandalone target not found
Refreshing native plugins compatible for Editor in 1.60 ms, found 3 plugins.
Preloading 0 native plugins for Editor in 0.00 ms.
Mono: successfully reloaded assembly
- Completed reload, in  0.806 seconds
Domain Reload Profiling:
	ReloadAssembly (807ms)
		BeginReloadAssembly (115ms)
			ExecutionOrderSort (0ms)
			DisableScriptedObjects (5ms)
			BackupInstance (0ms)
			ReleaseScriptingObjects (0ms)
			CreateAndSetChildDomain (35ms)
		EndReloadAssembly (613ms)
			LoadAssemblies (76ms)
			RebuildTransferFunctionScriptingTraits (0ms)
			SetupTypeCache (165ms)
			ReleaseScriptCaches (2ms)
			RebuildScriptCaches (45ms)
			SetupLoadedEditorAssemblies (288ms)
				LogAssemblyErrors (0ms)
				InitializePlatformSupportModulesInManaged (10ms)
				SetLoadedEditorAssemblies (0ms)
				RefreshPlugins (2ms)
				BeforeProcessingInitializeOnLoad (60ms)
				ProcessInitializeOnLoadAttributes (178ms)
				ProcessInitializeOnLoadMethodAttributes (33ms)
				AfterProcessingInitializeOnLoad (5ms)
				EditorAssembliesLoaded (0ms)
			ExecutionOrderSort2 (0ms)
			AwakeInstancesAfterBackupRestoration (8ms)
Platform modules already initialized, skipping
Refreshing native plugins compatible for Editor in 3.58 ms, found 3 plugins.
Preloading 0 native plugins for Editor in 0.00 ms.
Unloading 2814 Unused Serialized files (Serialized files now loaded: 0)
Unloading 25 unused Assets / (31.8 KB). Loaded Objects now: 3316.
Memory consumption went from 134.2 MB to 134.1 MB.
Total: 2.919600 ms (FindLiveObjects: 0.209400 ms CreateObjectMapping: 0.069800 ms MarkObjects: 2.611800 ms  DeleteObjects: 0.027600 ms)

AssetImportParameters requested are different than current active one (requested -> active):
  custom:video-decoder-ogg-theora: a1e56fd34408186e4bbccfd4996cb3dc -> 
  custom:container-muxer-webm: aa71ff27fc2769a1b78a27578f13a17b -> 
  custom:container-demuxer-webm: 4f35f7cbe854078d1ac9338744f61a02 -> 
  custom:video-encoder-webm-vp8: eb34c28f22e8b96e1ab97ce403110664 -> 
  custom:video-codec-MediaFoundation-h265: 746d11721c4dcdbdad8f713fa42b33f4 -> 
  custom:audio-encoder-webm-vorbis: bf7c407c2cedff20999df2af8eb42d56 -> 
  custom:framework-win-MediaFoundation: 216162199b28c13a410421893ffa2e32 -> 
  custom:container-demuxer-ogg: 62fdf1f143b41e24485cea50d1cbac27 -> 
  custom:video-decoder-webm-vp8: 9c59270c3fd7afecdb556c50c9e8de78 -> 
  custom:audio-decoder-ogg-vorbis: bf7c407c2cedff20999df2af8eb42d56 -> 
========================================================================
Received Import Request.
  Time since last request: 112.080415 seconds.
  path: Assets/Art/Texture/@Tileset Guide (Just in Case).png
  artifactKey: Guid(afdcb0bd70d90e14eb65fa29defcae27) Importer(815301076,1909f56bfc062723c751e8b465ee728b)
Start importing Assets/Art/Texture/@Tileset Guide (Just in Case).png using Guid(afdcb0bd70d90e14eb65fa29defcae27) Importer(815301076,1909f56bfc062723c751e8b465ee728b)  -> (artifact id: 'e7914951d0e01bc97eb044f26ae07c28') in 0.099814 seconds 
========================================================================
Received Import Request.
  Time since last request: 0.000027 seconds.
  path: Assets/Art/Block/CGB02-grey_S_btn.png
  artifactKey: Guid(a6c7bd417810c634c96b39dc334b754a) Importer(815301076,1909f56bfc062723c751e8b465ee728b)
Start importing Assets/Art/Block/CGB02-grey_S_btn.png using Guid(a6c7bd417810c634c96b39dc334b754a) Importer(815301076,1909f56bfc062723c751e8b465ee728b)  -> (artifact id: 'fd8c6a69a048dd495a138d1488885139') in 0.030560 seconds 
========================================================================
Received Import Request.
  Time since last request: 0.000037 seconds.
  path: Assets/Art/Block/CGB02-blue_S_btn.png
  artifactKey: Guid(f14f36aa3981c404592b2fe343b405c4) Importer(815301076,1909f56bfc062723c751e8b465ee728b)
Start importing Assets/Art/Block/CGB02-blue_S_btn.png using Guid(f14f36aa3981c404592b2fe343b405c4) Importer(815301076,1909f56bfc062723c751e8b465ee728b)  -> (artifact id: '4cabfb37314d9ddcd22bcc140f7f6b6b') in 0.013779 seconds 
========================================================================
Received Import Request.
  Time since last request: 0.000022 seconds.
  path: Assets/Animated/Ambience/Animated Grass.png
  artifactKey: Guid(07ab0014d02b183459f88271f7d0cc6a) Importer(815301076,1909f56bfc062723c751e8b465ee728b)
Start importing Assets/Animated/Ambience/Animated Grass.png using Guid(07ab0014d02b183459f88271f7d0cc6a) Importer(815301076,1909f56bfc062723c751e8b465ee728b)  -> (artifact id: 'a834e7ac13681f99cc3a4196d8eeeb15') in 0.017766 seconds 
========================================================================
Received Import Request.
  Time since last request: 0.000025 seconds.
  path: Assets/Art/Block/CGB02-orange_S_btn.png
  artifactKey: Guid(e435f2dea9c369242a1e39abda86f4f9) Importer(815301076,1909f56bfc062723c751e8b465ee728b)
Start importing Assets/Art/Block/CGB02-orange_S_btn.png using Guid(e435f2dea9c369242a1e39abda86f4f9) Importer(815301076,1909f56bfc062723c751e8b465ee728b)  -> (artifact id: '6dd143eaa39c2a73c433e4a48bd06dbd') in 0.018669 seconds 
========================================================================
Received Import Request.
  Time since last request: 0.085658 seconds.
  path: Assets/TextMesh Pro/Examples & Extras/Materials/Crate - Surface Shader Scene.mat
  artifactKey: Guid(e6b9b44320f4448d9d5e0ee634259966) Importer(815301076,1909f56bfc062723c751e8b465ee728b)
Start importing Assets/TextMesh Pro/Examples & Extras/Materials/Crate - Surface Shader Scene.mat using Guid(e6b9b44320f4448d9d5e0ee634259966) Importer(815301076,1909f56bfc062723c751e8b465ee728b)  -> (artifact id: '0c452f2a0e0bc05d17905f600ee9ecb1') in 0.281794 seconds 
========================================================================
Received Import Request.
  Time since last request: 0.000030 seconds.
  path: Assets/Art/Item/Equipment Icons/EquipmentIconsC13.png
  artifactKey: Guid(269cf086de96653488460bfbbdcd02ce) Importer(815301076,1909f56bfc062723c751e8b465ee728b)
Start importing Assets/Art/Item/Equipment Icons/EquipmentIconsC13.png using Guid(269cf086de96653488460bfbbdcd02ce) Importer(815301076,1909f56bfc062723c751e8b465ee728b)  -> (artifact id: '53b2a6db14ae54a23c5d78b289e2a528') in 0.013070 seconds 
========================================================================
Received Import Request.
  Time since last request: 0.000060 seconds.
  path: Assets/Art/Item/Equipment Icons/EquipmentIconsC11.png
  artifactKey: Guid(9e92ea858b51fd14ba3fcd4d77706648) Importer(815301076,1909f56bfc062723c751e8b465ee728b)
Start importing Assets/Art/Item/Equipment Icons/EquipmentIconsC11.png using Guid(9e92ea858b51fd14ba3fcd4d77706648) Importer(815301076,1909f56bfc062723c751e8b465ee728b)  -> (artifact id: '1112a028fef0b178842813c98727a399') in 0.011158 seconds 
========================================================================
Received Import Request.
  Time since last request: 0.000043 seconds.
  path: Assets/Art/Item/Equipment Icons/EquipmentIconsC1.png
  artifactKey: Guid(5545febfde2aab542b00a2b8c09a4ae3) Importer(815301076,1909f56bfc062723c751e8b465ee728b)
Start importing Assets/Art/Item/Equipment Icons/EquipmentIconsC1.png using Guid(5545febfde2aab542b00a2b8c09a4ae3) Importer(815301076,1909f56bfc062723c751e8b465ee728b)  -> (artifact id: '53062c4253cad40dc8d87d3206cf5c59') in 0.010885 seconds 
========================================================================
Received Prepare
Registering precompiled user dll's ...
Registered in 0.006019 seconds.
Begin MonoManager ReloadAssembly
Native extension for WindowsStandalone target not found
Refreshing native plugins compatible for Editor in 3.02 ms, found 3 plugins.
Preloading 0 native plugins for Editor in 0.00 ms.
Mono: successfully reloaded assembly
- Completed reload, in  0.994 seconds
Domain Reload Profiling:
	ReloadAssembly (995ms)
		BeginReloadAssembly (147ms)
			ExecutionOrderSort (0ms)
			DisableScriptedObjects (5ms)
			BackupInstance (0ms)
			ReleaseScriptingObjects (0ms)
			CreateAndSetChildDomain (47ms)
		EndReloadAssembly (753ms)
			LoadAssemblies (97ms)
			RebuildTransferFunctionScriptingTraits (0ms)
			SetupTypeCache (230ms)
			ReleaseScriptCaches (2ms)
			RebuildScriptCaches (68ms)
			SetupLoadedEditorAssemblies (320ms)
				LogAssemblyErrors (0ms)
				InitializePlatformSupportModulesInManaged (14ms)
				SetLoadedEditorAssemblies (0ms)
				RefreshPlugins (3ms)
				BeforeProcessingInitializeOnLoad (74ms)
				ProcessInitializeOnLoadAttributes (187ms)
				ProcessInitializeOnLoadMethodAttributes (35ms)
				AfterProcessingInitializeOnLoad (5ms)
				EditorAssembliesLoaded (0ms)
			ExecutionOrderSort2 (0ms)
			AwakeInstancesAfterBackupRestoration (8ms)
Platform modules already initialized, skipping
Refreshing native plugins compatible for Editor in 4.28 ms, found 3 plugins.
Preloading 0 native plugins for Editor in 0.00 ms.
Unloading 2814 Unused Serialized files (Serialized files now loaded: 0)
Unloading 25 unused Assets / (32.9 KB). Loaded Objects now: 3362.
Memory consumption went from 134.4 MB to 134.4 MB.
Total: 3.017100 ms (FindLiveObjects: 0.227000 ms CreateObjectMapping: 0.072500 ms MarkObjects: 2.684200 ms  DeleteObjects: 0.032400 ms)

AssetImportParameters requested are different than current active one (requested -> active):
  custom:video-decoder-ogg-theora: a1e56fd34408186e4bbccfd4996cb3dc -> 
  custom:container-muxer-webm: aa71ff27fc2769a1b78a27578f13a17b -> 
  custom:container-demuxer-webm: 4f35f7cbe854078d1ac9338744f61a02 -> 
  custom:video-encoder-webm-vp8: eb34c28f22e8b96e1ab97ce403110664 -> 
  custom:video-codec-MediaFoundation-h265: 746d11721c4dcdbdad8f713fa42b33f4 -> 
  custom:audio-encoder-webm-vorbis: bf7c407c2cedff20999df2af8eb42d56 -> 
  custom:framework-win-MediaFoundation: 216162199b28c13a410421893ffa2e32 -> 
  custom:container-demuxer-ogg: 62fdf1f143b41e24485cea50d1cbac27 -> 
  custom:video-decoder-webm-vp8: 9c59270c3fd7afecdb556c50c9e8de78 -> 
  custom:audio-decoder-ogg-vorbis: bf7c407c2cedff20999df2af8eb42d56 -> 
========================================================================
Received Import Request.
  Time since last request: 49.440402 seconds.
  path: Assets/Scenes/Map.unity
  artifactKey: Guid(e12a302b7561f284b993b08b97b753f7) Importer(815301076,1909f56bfc062723c751e8b465ee728b)
Start importing Assets/Scenes/Map.unity using Guid(e12a302b7561f284b993b08b97b753f7) Importer(815301076,1909f56bfc062723c751e8b465ee728b)  -> (artifact id: 'e7f5a5e5d00534fa6b65ba804791d5cc') in 0.006942 seconds 
========================================================================
Received Prepare
Registering precompiled user dll's ...
Registered in 0.005999 seconds.
Begin MonoManager ReloadAssembly
Native extension for WindowsStandalone target not found
Refreshing native plugins compatible for Editor in 1.51 ms, found 3 plugins.
Preloading 0 native plugins for Editor in 0.00 ms.
Mono: successfully reloaded assembly
- Completed reload, in  0.817 seconds
Domain Reload Profiling:
	ReloadAssembly (817ms)
		BeginReloadAssembly (117ms)
			ExecutionOrderSort (0ms)
			DisableScriptedObjects (6ms)
			BackupInstance (0ms)
			ReleaseScriptingObjects (0ms)
			CreateAndSetChildDomain (33ms)
		EndReloadAssembly (616ms)
			LoadAssemblies (77ms)
			RebuildTransferFunctionScriptingTraits (0ms)
			SetupTypeCache (159ms)
			ReleaseScriptCaches (2ms)
			RebuildScriptCaches (46ms)
			SetupLoadedEditorAssemblies (293ms)
				LogAssemblyErrors (0ms)
				InitializePlatformSupportModulesInManaged (10ms)
				SetLoadedEditorAssemblies (0ms)
				RefreshPlugins (2ms)
				BeforeProcessingInitializeOnLoad (60ms)
				ProcessInitializeOnLoadAttributes (175ms)
				ProcessInitializeOnLoadMethodAttributes (39ms)
				AfterProcessingInitializeOnLoad (6ms)
				EditorAssembliesLoaded (0ms)
			ExecutionOrderSort2 (0ms)
			AwakeInstancesAfterBackupRestoration (9ms)
Platform modules already initialized, skipping
Refreshing native plugins compatible for Editor in 3.35 ms, found 3 plugins.
Preloading 0 native plugins for Editor in 0.00 ms.
Unloading 2814 Unused Serialized files (Serialized files now loaded: 0)
Unloading 25 unused Assets / (31.8 KB). Loaded Objects now: 3365.
Memory consumption went from 134.5 MB to 134.4 MB.
Total: 3.367200 ms (FindLiveObjects: 0.206600 ms CreateObjectMapping: 0.147500 ms MarkObjects: 2.985600 ms  DeleteObjects: 0.026400 ms)

AssetImportParameters requested are different than current active one (requested -> active):
  custom:video-decoder-ogg-theora: a1e56fd34408186e4bbccfd4996cb3dc -> 
  custom:container-muxer-webm: aa71ff27fc2769a1b78a27578f13a17b -> 
  custom:container-demuxer-webm: 4f35f7cbe854078d1ac9338744f61a02 -> 
  custom:video-encoder-webm-vp8: eb34c28f22e8b96e1ab97ce403110664 -> 
  custom:video-codec-MediaFoundation-h265: 746d11721c4dcdbdad8f713fa42b33f4 -> 
  custom:audio-encoder-webm-vorbis: bf7c407c2cedff20999df2af8eb42d56 -> 
  custom:framework-win-MediaFoundation: 216162199b28c13a410421893ffa2e32 -> 
  custom:container-demuxer-ogg: 62fdf1f143b41e24485cea50d1cbac27 -> 
  custom:video-decoder-webm-vp8: 9c59270c3fd7afecdb556c50c9e8de78 -> 
  custom:audio-decoder-ogg-vorbis: bf7c407c2cedff20999df2af8eb42d56 -> 
========================================================================
Received Prepare
Registering precompiled user dll's ...
Registered in 0.007854 seconds.
Begin MonoManager ReloadAssembly
Native extension for WindowsStandalone target not found
Refreshing native plugins compatible for Editor in 2.05 ms, found 3 plugins.
Preloading 0 native plugins for Editor in 0.00 ms.
Mono: successfully reloaded assembly
- Completed reload, in  1.070 seconds
Domain Reload Profiling:
	ReloadAssembly (1071ms)
		BeginReloadAssembly (116ms)
			ExecutionOrderSort (0ms)
			DisableScriptedObjects (6ms)
			BackupInstance (0ms)
			ReleaseScriptingObjects (0ms)
			CreateAndSetChildDomain (35ms)
		EndReloadAssembly (863ms)
			LoadAssemblies (80ms)
			RebuildTransferFunctionScriptingTraits (0ms)
			SetupTypeCache (211ms)
			ReleaseScriptCaches (2ms)
			RebuildScriptCaches (71ms)
			SetupLoadedEditorAssemblies (436ms)
				LogAssemblyErrors (0ms)
				InitializePlatformSupportModulesInManaged (13ms)
				SetLoadedEditorAssemblies (0ms)
				RefreshPlugins (2ms)
				BeforeProcessingInitializeOnLoad (86ms)
				ProcessInitializeOnLoadAttributes (274ms)
				ProcessInitializeOnLoadMethodAttributes (53ms)
				AfterProcessingInitializeOnLoad (7ms)
				EditorAssembliesLoaded (0ms)
			ExecutionOrderSort2 (0ms)
			AwakeInstancesAfterBackupRestoration (10ms)
Platform modules already initialized, skipping
Refreshing native plugins compatible for Editor in 3.97 ms, found 3 plugins.
Preloading 0 native plugins for Editor in 0.00 ms.
Unloading 2814 Unused Serialized files (Serialized files now loaded: 0)
Unloading 25 unused Assets / (31.8 KB). Loaded Objects now: 3368.
Memory consumption went from 134.5 MB to 134.4 MB.
Total: 3.617600 ms (FindLiveObjects: 0.283200 ms CreateObjectMapping: 0.107200 ms MarkObjects: 3.195700 ms  DeleteObjects: 0.030300 ms)

AssetImportParameters requested are different than current active one (requested -> active):
  custom:video-decoder-ogg-theora: a1e56fd34408186e4bbccfd4996cb3dc -> 
  custom:container-muxer-webm: aa71ff27fc2769a1b78a27578f13a17b -> 
  custom:container-demuxer-webm: 4f35f7cbe854078d1ac9338744f61a02 -> 
  custom:video-encoder-webm-vp8: eb34c28f22e8b96e1ab97ce403110664 -> 
  custom:video-codec-MediaFoundation-h265: 746d11721c4dcdbdad8f713fa42b33f4 -> 
  custom:audio-encoder-webm-vorbis: bf7c407c2cedff20999df2af8eb42d56 -> 
  custom:framework-win-MediaFoundation: 216162199b28c13a410421893ffa2e32 -> 
  custom:container-demuxer-ogg: 62fdf1f143b41e24485cea50d1cbac27 -> 
  custom:video-decoder-webm-vp8: 9c59270c3fd7afecdb556c50c9e8de78 -> 
  custom:audio-decoder-ogg-vorbis: bf7c407c2cedff20999df2af8eb42d56 -> 
========================================================================
Received Prepare
Registering precompiled user dll's ...
Registered in 0.006967 seconds.
Begin MonoManager ReloadAssembly
Native extension for WindowsStandalone target not found
Refreshing native plugins compatible for Editor in 3.11 ms, found 3 plugins.
Preloading 0 native plugins for Editor in 0.00 ms.
Mono: successfully reloaded assembly
- Completed reload, in  1.040 seconds
Domain Reload Profiling:
	ReloadAssembly (1040ms)
		BeginReloadAssembly (121ms)
			ExecutionOrderSort (0ms)
			DisableScriptedObjects (6ms)
			BackupInstance (0ms)
			ReleaseScriptingObjects (0ms)
			CreateAndSetChildDomain (40ms)
		EndReloadAssembly (836ms)
			LoadAssemblies (82ms)
			RebuildTransferFunctionScriptingTraits (0ms)
			SetupTypeCache (216ms)
			ReleaseScriptCaches (2ms)
			RebuildScriptCaches (67ms)
			SetupLoadedEditorAssemblies (398ms)
				LogAssemblyErrors (0ms)
				InitializePlatformSupportModulesInManaged (13ms)
				SetLoadedEditorAssemblies (0ms)
				RefreshPlugins (3ms)
				BeforeProcessingInitializeOnLoad (82ms)
				ProcessInitializeOnLoadAttributes (246ms)
				ProcessInitializeOnLoadMethodAttributes (46ms)
				AfterProcessingInitializeOnLoad (7ms)
				EditorAssembliesLoaded (0ms)
			ExecutionOrderSort2 (0ms)
			AwakeInstancesAfterBackupRestoration (11ms)
Platform modules already initialized, skipping
Refreshing native plugins compatible for Editor in 3.44 ms, found 3 plugins.
Preloading 0 native plugins for Editor in 0.00 ms.
Unloading 2814 Unused Serialized files (Serialized files now loaded: 0)
Unloading 25 unused Assets / (31.9 KB). Loaded Objects now: 3371.
Memory consumption went from 134.5 MB to 134.4 MB.
Total: 3.682900 ms (FindLiveObjects: 0.265300 ms CreateObjectMapping: 0.151600 ms MarkObjects: 3.230000 ms  DeleteObjects: 0.034800 ms)

AssetImportParameters requested are different than current active one (requested -> active):
  custom:video-decoder-ogg-theora: a1e56fd34408186e4bbccfd4996cb3dc -> 
  custom:container-muxer-webm: aa71ff27fc2769a1b78a27578f13a17b -> 
  custom:container-demuxer-webm: 4f35f7cbe854078d1ac9338744f61a02 -> 
  custom:video-encoder-webm-vp8: eb34c28f22e8b96e1ab97ce403110664 -> 
  custom:video-codec-MediaFoundation-h265: 746d11721c4dcdbdad8f713fa42b33f4 -> 
  custom:audio-encoder-webm-vorbis: bf7c407c2cedff20999df2af8eb42d56 -> 
  custom:framework-win-MediaFoundation: 216162199b28c13a410421893ffa2e32 -> 
  custom:container-demuxer-ogg: 62fdf1f143b41e24485cea50d1cbac27 -> 
  custom:video-decoder-webm-vp8: 9c59270c3fd7afecdb556c50c9e8de78 -> 
  custom:audio-decoder-ogg-vorbis: bf7c407c2cedff20999df2af8eb42d56 -> 
========================================================================
Received Import Request.
  Time since last request: 349.279813 seconds.
  path: Assets/Scenes/Map.unity
  artifactKey: Guid(e12a302b7561f284b993b08b97b753f7) Importer(815301076,1909f56bfc062723c751e8b465ee728b)
Start importing Assets/Scenes/Map.unity using Guid(e12a302b7561f284b993b08b97b753f7) Importer(815301076,1909f56bfc062723c751e8b465ee728b)  -> (artifact id: '6f8209135f04d4db6624526b4850715a') in 0.007326 seconds 
========================================================================
Received Prepare
Registering precompiled user dll's ...
Registered in 0.007752 seconds.
Begin MonoManager ReloadAssembly
Native extension for WindowsStandalone target not found
Refreshing native plugins compatible for Editor in 2.53 ms, found 3 plugins.
Preloading 0 native plugins for Editor in 0.00 ms.
Mono: successfully reloaded assembly
- Completed reload, in  0.963 seconds
Domain Reload Profiling:
	ReloadAssembly (964ms)
		BeginReloadAssembly (124ms)
			ExecutionOrderSort (0ms)
			DisableScriptedObjects (6ms)
			BackupInstance (0ms)
			ReleaseScriptingObjects (0ms)
			CreateAndSetChildDomain (37ms)
		EndReloadAssembly (760ms)
			LoadAssemblies (80ms)
			RebuildTransferFunctionScriptingTraits (0ms)
			SetupTypeCache (170ms)
			ReleaseScriptCaches (2ms)
			RebuildScriptCaches (60ms)
			SetupLoadedEditorAssemblies (386ms)
				LogAssemblyErrors (0ms)
				InitializePlatformSupportModulesInManaged (15ms)
				SetLoadedEditorAssemblies (1ms)
				RefreshPlugins (3ms)
				BeforeProcessingInitializeOnLoad (79ms)
				ProcessInitializeOnLoadAttributes (235ms)
				ProcessInitializeOnLoadMethodAttributes (45ms)
				AfterProcessingInitializeOnLoad (7ms)
				EditorAssembliesLoaded (0ms)
			ExecutionOrderSort2 (0ms)
			AwakeInstancesAfterBackupRestoration (11ms)
Platform modules already initialized, skipping
Refreshing native plugins compatible for Editor in 4.42 ms, found 3 plugins.
Preloading 0 native plugins for Editor in 0.00 ms.
Unloading 2814 Unused Serialized files (Serialized files now loaded: 0)
Unloading 25 unused Assets / (31.8 KB). Loaded Objects now: 3374.
Memory consumption went from 134.5 MB to 134.4 MB.
Total: 3.594100 ms (FindLiveObjects: 0.210100 ms CreateObjectMapping: 0.073100 ms MarkObjects: 3.276100 ms  DeleteObjects: 0.033600 ms)

AssetImportParameters requested are different than current active one (requested -> active):
  custom:video-decoder-ogg-theora: a1e56fd34408186e4bbccfd4996cb3dc -> 
  custom:container-muxer-webm: aa71ff27fc2769a1b78a27578f13a17b -> 
  custom:container-demuxer-webm: 4f35f7cbe854078d1ac9338744f61a02 -> 
  custom:video-encoder-webm-vp8: eb34c28f22e8b96e1ab97ce403110664 -> 
  custom:video-codec-MediaFoundation-h265: 746d11721c4dcdbdad8f713fa42b33f4 -> 
  custom:audio-encoder-webm-vorbis: bf7c407c2cedff20999df2af8eb42d56 -> 
  custom:framework-win-MediaFoundation: 216162199b28c13a410421893ffa2e32 -> 
  custom:container-demuxer-ogg: 62fdf1f143b41e24485cea50d1cbac27 -> 
  custom:video-decoder-webm-vp8: 9c59270c3fd7afecdb556c50c9e8de78 -> 
  custom:audio-decoder-ogg-vorbis: bf7c407c2cedff20999df2af8eb42d56 -> 
========================================================================
Received Prepare
Registering precompiled user dll's ...
Registered in 0.006620 seconds.
Begin MonoManager ReloadAssembly
Native extension for WindowsStandalone target not found
Refreshing native plugins compatible for Editor in 2.57 ms, found 3 plugins.
Preloading 0 native plugins for Editor in 0.00 ms.
Mono: successfully reloaded assembly
- Completed reload, in  1.049 seconds
Domain Reload Profiling:
	ReloadAssembly (1050ms)
		BeginReloadAssembly (122ms)
			ExecutionOrderSort (0ms)
			DisableScriptedObjects (6ms)
			BackupInstance (0ms)
			ReleaseScriptingObjects (0ms)
			CreateAndSetChildDomain (36ms)
		EndReloadAssembly (818ms)
			LoadAssemblies (85ms)
			RebuildTransferFunctionScriptingTraits (0ms)
			SetupTypeCache (208ms)
			ReleaseScriptCaches (2ms)
			RebuildScriptCaches (65ms)
			SetupLoadedEditorAssemblies (399ms)
				LogAssemblyErrors (0ms)
				InitializePlatformSupportModulesInManaged (14ms)
				SetLoadedEditorAssemblies (0ms)
				RefreshPlugins (3ms)
				BeforeProcessingInitializeOnLoad (83ms)
				ProcessInitializeOnLoadAttributes (244ms)
				ProcessInitializeOnLoadMethodAttributes (48ms)
				AfterProcessingInitializeOnLoad (7ms)
				EditorAssembliesLoaded (0ms)
			ExecutionOrderSort2 (0ms)
			AwakeInstancesAfterBackupRestoration (10ms)
Platform modules already initialized, skipping
Refreshing native plugins compatible for Editor in 4.39 ms, found 3 plugins.
Preloading 0 native plugins for Editor in 0.00 ms.
Unloading 2814 Unused Serialized files (Serialized files now loaded: 0)
Unloading 25 unused Assets / (31.8 KB). Loaded Objects now: 3377.
Memory consumption went from 134.5 MB to 134.5 MB.
Total: 3.704200 ms (FindLiveObjects: 0.302000 ms CreateObjectMapping: 0.176500 ms MarkObjects: 3.188600 ms  DeleteObjects: 0.035600 ms)

AssetImportParameters requested are different than current active one (requested -> active):
  custom:video-decoder-ogg-theora: a1e56fd34408186e4bbccfd4996cb3dc -> 
  custom:container-muxer-webm: aa71ff27fc2769a1b78a27578f13a17b -> 
  custom:container-demuxer-webm: 4f35f7cbe854078d1ac9338744f61a02 -> 
  custom:video-encoder-webm-vp8: eb34c28f22e8b96e1ab97ce403110664 -> 
  custom:video-codec-MediaFoundation-h265: 746d11721c4dcdbdad8f713fa42b33f4 -> 
  custom:audio-encoder-webm-vorbis: bf7c407c2cedff20999df2af8eb42d56 -> 
  custom:framework-win-MediaFoundation: 216162199b28c13a410421893ffa2e32 -> 
  custom:container-demuxer-ogg: 62fdf1f143b41e24485cea50d1cbac27 -> 
  custom:video-decoder-webm-vp8: 9c59270c3fd7afecdb556c50c9e8de78 -> 
  custom:audio-decoder-ogg-vorbis: bf7c407c2cedff20999df2af8eb42d56 -> 
========================================================================
Received Import Request.
  Time since last request: 180.859511 seconds.
  path: Assets/Material/tileset-sliced_0.asset
  artifactKey: Guid(41eefb6d604cf2b46a8200f27ffc43d0) Importer(815301076,1909f56bfc062723c751e8b465ee728b)
Start importing Assets/Material/tileset-sliced_0.asset using Guid(41eefb6d604cf2b46a8200f27ffc43d0) Importer(815301076,1909f56bfc062723c751e8b465ee728b)  -> (artifact id: '99a4172bf8a0464ceb2c4ee3f6908ec0') in 0.068973 seconds 
========================================================================
Received Import Request.
  Time since last request: 0.000023 seconds.
  path: Assets/Material/tileset-sliced_60.asset
  artifactKey: Guid(aaca84710d31b29448cabdb52fe93916) Importer(815301076,1909f56bfc062723c751e8b465ee728b)
Start importing Assets/Material/tileset-sliced_60.asset using Guid(aaca84710d31b29448cabdb52fe93916) Importer(815301076,1909f56bfc062723c751e8b465ee728b)  -> (artifact id: '7704d58826243a5987fa7f502e5c1b42') in 0.007069 seconds 
========================================================================
Received Import Request.
  Time since last request: 0.000023 seconds.
  path: Assets/Material/tileset-sliced_29.asset
  artifactKey: Guid(518ddd01927e8a64e83c924e900ca406) Importer(815301076,1909f56bfc062723c751e8b465ee728b)
Start importing Assets/Material/tileset-sliced_29.asset using Guid(518ddd01927e8a64e83c924e900ca406) Importer(815301076,1909f56bfc062723c751e8b465ee728b)  -> (artifact id: 'a4d1227afd221d6593ee551d19c7b3e9') in 0.007636 seconds 
========================================================================
Received Import Request.
  Time since last request: 0.000032 seconds.
  path: Assets/Material/tileset-sliced_41.asset
  artifactKey: Guid(d8c940f87126e894e8f715ad4f63eb5d) Importer(815301076,1909f56bfc062723c751e8b465ee728b)
Start importing Assets/Material/tileset-sliced_41.asset using Guid(d8c940f87126e894e8f715ad4f63eb5d) Importer(815301076,1909f56bfc062723c751e8b465ee728b)  -> (artifact id: '4eb618055552c55703c92949ceb3e74f') in 0.007175 seconds 
========================================================================
Received Import Request.
  Time since last request: 0.000024 seconds.
  path: Assets/Material/tileset-sliced_27.asset
  artifactKey: Guid(30ce68bcb6a97b341b2a88b7e265d385) Importer(815301076,1909f56bfc062723c751e8b465ee728b)
Start importing Assets/Material/tileset-sliced_27.asset using Guid(30ce68bcb6a97b341b2a88b7e265d385) Importer(815301076,1909f56bfc062723c751e8b465ee728b)  -> (artifact id: '4d3b7a04b2d2e039371014471d3d9488') in 0.012011 seconds 
========================================================================
Received Import Request.
  Time since last request: 0.000030 seconds.
  path: Assets/Material/tileset-sliced_12.asset
  artifactKey: Guid(dff93a1b2e907a24383a28a521ed0694) Importer(815301076,1909f56bfc062723c751e8b465ee728b)
Start importing Assets/Material/tileset-sliced_12.asset using Guid(dff93a1b2e907a24383a28a521ed0694) Importer(815301076,1909f56bfc062723c751e8b465ee728b)  -> (artifact id: '70731894db682b079d98132efb1089ba') in 0.008054 seconds 
========================================================================
Received Import Request.
  Time since last request: 0.000019 seconds.
  path: Assets/Material/tileset-sliced_44.asset
  artifactKey: Guid(4a251a827565fe249a8a53a69778cba8) Importer(815301076,1909f56bfc062723c751e8b465ee728b)
Start importing Assets/Material/tileset-sliced_44.asset using Guid(4a251a827565fe249a8a53a69778cba8) Importer(815301076,1909f56bfc062723c751e8b465ee728b)  -> (artifact id: 'b6acfab43822107934dc27e0aff19a98') in 0.006804 seconds 
========================================================================
Received Import Request.
  Time since last request: 0.000021 seconds.
  path: Assets/Material/tileset-sliced_7.asset
  artifactKey: Guid(e7c324424cd104c4586ee919db024380) Importer(815301076,1909f56bfc062723c751e8b465ee728b)
Start importing Assets/Material/tileset-sliced_7.asset using Guid(e7c324424cd104c4586ee919db024380) Importer(815301076,1909f56bfc062723c751e8b465ee728b)  -> (artifact id: '51b9ae5e4191815b1f5266214bdc82f9') in 0.008428 seconds 
========================================================================
Received Import Request.
  Time since last request: 0.000022 seconds.
  path: Assets/Material/tileset-sliced_15.asset
  artifactKey: Guid(061be4526067346478bea5c77d847675) Importer(815301076,1909f56bfc062723c751e8b465ee728b)
Start importing Assets/Material/tileset-sliced_15.asset using Guid(061be4526067346478bea5c77d847675) Importer(815301076,1909f56bfc062723c751e8b465ee728b)  -> (artifact id: '89dade6a7a5eaaf83539be791cb877fe') in 0.010300 seconds 
========================================================================
Received Import Request.
  Time since last request: 0.000029 seconds.
  path: Assets/Material/tileset-sliced_48.asset
  artifactKey: Guid(2e882612e83852b4e9b193777996aeab) Importer(815301076,1909f56bfc062723c751e8b465ee728b)
Start importing Assets/Material/tileset-sliced_48.asset using Guid(2e882612e83852b4e9b193777996aeab) Importer(815301076,1909f56bfc062723c751e8b465ee728b)  -> (artifact id: '80046ababad277af9959d744b2a1907d') in 0.009429 seconds 
========================================================================
Received Import Request.
  Time since last request: 0.000052 seconds.
  path: Assets/Material/tileset-sliced_24.asset
  artifactKey: Guid(0ad1d2ab41c6ae8459bfc0c0e8fd4fd7) Importer(815301076,1909f56bfc062723c751e8b465ee728b)
Start importing Assets/Material/tileset-sliced_24.asset using Guid(0ad1d2ab41c6ae8459bfc0c0e8fd4fd7) Importer(815301076,1909f56bfc062723c751e8b465ee728b)  -> (artifact id: '9ae1d911a6d42422a5967f074e40917f') in 0.009086 seconds 
========================================================================
Received Import Request.
  Time since last request: 0.000029 seconds.
  path: Assets/Material/tileset-sliced_5.asset
  artifactKey: Guid(2bc84cf195a39d04f9b345bc3f331b24) Importer(815301076,1909f56bfc062723c751e8b465ee728b)
Start importing Assets/Material/tileset-sliced_5.asset using Guid(2bc84cf195a39d04f9b345bc3f331b24) Importer(815301076,1909f56bfc062723c751e8b465ee728b)  -> (artifact id: 'e49d8762dd77353b5a261bdc7991e9b0') in 0.008148 seconds 
========================================================================
Received Import Request.
  Time since last request: 0.000027 seconds.
  path: Assets/Material/tileset-sliced_57.asset
  artifactKey: Guid(945d45febd47e0e4988d699cbd2bf43e) Importer(815301076,1909f56bfc062723c751e8b465ee728b)
Start importing Assets/Material/tileset-sliced_57.asset using Guid(945d45febd47e0e4988d699cbd2bf43e) Importer(815301076,1909f56bfc062723c751e8b465ee728b)  -> (artifact id: '9d57445afa6663a94434c4f58afa8a27') in 0.008192 seconds 
========================================================================
Received Import Request.
  Time since last request: 0.000029 seconds.
  path: Assets/Material/tileset-sliced_53.asset
  artifactKey: Guid(99613e6ef958461428469ccb846e78e5) Importer(815301076,1909f56bfc062723c751e8b465ee728b)
Start importing Assets/Material/tileset-sliced_53.asset using Guid(99613e6ef958461428469ccb846e78e5) Importer(815301076,1909f56bfc062723c751e8b465ee728b)  -> (artifact id: '0dea27ff686cf08f1457e5841732e2e9') in 0.006624 seconds 
========================================================================
Received Import Request.
  Time since last request: 0.000033 seconds.
  path: Assets/Material/tileset-sliced_22.asset
  artifactKey: Guid(abca1341c8aa8974a95f17bc61ae4ee1) Importer(815301076,1909f56bfc062723c751e8b465ee728b)
Start importing Assets/Material/tileset-sliced_22.asset using Guid(abca1341c8aa8974a95f17bc61ae4ee1) Importer(815301076,1909f56bfc062723c751e8b465ee728b)  -> (artifact id: '04c9ac3c1be40d33ceea9366b23303ba') in 0.009236 seconds 
========================================================================
Received Import Request.
  Time since last request: 0.000031 seconds.
  path: Assets/Material/tileset-sliced_6.asset
  artifactKey: Guid(951f80a14d1d2094daff0d351b3ecb00) Importer(815301076,1909f56bfc062723c751e8b465ee728b)
Start importing Assets/Material/tileset-sliced_6.asset using Guid(951f80a14d1d2094daff0d351b3ecb00) Importer(815301076,1909f56bfc062723c751e8b465ee728b)  -> (artifact id: '7c65bdfb445cdfa727e4df0d0327bc9b') in 0.007174 seconds 
========================================================================
Received Import Request.
  Time since last request: 0.000023 seconds.
  path: Assets/Material/tileset-sliced_45.asset
  artifactKey: Guid(a0736d324295a5442b6cca9d69be8655) Importer(815301076,1909f56bfc062723c751e8b465ee728b)
Start importing Assets/Material/tileset-sliced_45.asset using Guid(a0736d324295a5442b6cca9d69be8655) Importer(815301076,1909f56bfc062723c751e8b465ee728b)  -> (artifact id: 'e56dc5d9a1860934d0a48c782bef828c') in 0.008242 seconds 
========================================================================
Received Import Request.
  Time since last request: 0.000030 seconds.
  path: Assets/Material/tileset-sliced_59.asset
  artifactKey: Guid(e048e7d8e749439448747178874cd64d) Importer(815301076,1909f56bfc062723c751e8b465ee728b)
Start importing Assets/Material/tileset-sliced_59.asset using Guid(e048e7d8e749439448747178874cd64d) Importer(815301076,1909f56bfc062723c751e8b465ee728b)  -> (artifact id: '8d5ac8c298dadbb27e1a58f9c8081146') in 0.008570 seconds 
========================================================================
Received Import Request.
  Time since last request: 0.000046 seconds.
  path: Assets/Material/tileset-sliced_56.asset
  artifactKey: Guid(61a73d0ea0c3dc445bc7f17e2cb963d1) Importer(815301076,1909f56bfc062723c751e8b465ee728b)
Start importing Assets/Material/tileset-sliced_56.asset using Guid(61a73d0ea0c3dc445bc7f17e2cb963d1) Importer(815301076,1909f56bfc062723c751e8b465ee728b)  -> (artifact id: '2b1d588018bbf07fe1ad6f3535990382') in 0.010607 seconds 
========================================================================
Received Import Request.
  Time since last request: 0.000022 seconds.
  path: Assets/Material/tileset-sliced_14.asset
  artifactKey: Guid(dbf87ca25042bd9449200339ad30a35b) Importer(815301076,1909f56bfc062723c751e8b465ee728b)
Start importing Assets/Material/tileset-sliced_14.asset using Guid(dbf87ca25042bd9449200339ad30a35b) Importer(815301076,1909f56bfc062723c751e8b465ee728b)  -> (artifact id: '5de779be101899e7565a961740b2908a') in 0.009742 seconds 
========================================================================
Received Import Request.
  Time since last request: 0.000025 seconds.
  path: Assets/Material/tileset-sliced_47.asset
  artifactKey: Guid(66f1bc1f4166bbc469c24befdd9f3cb9) Importer(815301076,1909f56bfc062723c751e8b465ee728b)
Start importing Assets/Material/tileset-sliced_47.asset using Guid(66f1bc1f4166bbc469c24befdd9f3cb9) Importer(815301076,1909f56bfc062723c751e8b465ee728b)  -> (artifact id: '1e484c49d5206f68bfedbf422e9b8226') in 0.008864 seconds 
========================================================================
Received Import Request.
  Time since last request: 0.000031 seconds.
  path: Assets/Material/tileset-sliced_28.asset
  artifactKey: Guid(f54075bfb9221c34aa8aaef6025d1e6a) Importer(815301076,1909f56bfc062723c751e8b465ee728b)
Start importing Assets/Material/tileset-sliced_28.asset using Guid(f54075bfb9221c34aa8aaef6025d1e6a) Importer(815301076,1909f56bfc062723c751e8b465ee728b)  -> (artifact id: '5fb077067f220b4860f295db78b0bdec') in 0.009272 seconds 
========================================================================
Received Import Request.
  Time since last request: 0.000029 seconds.
  path: Assets/Material/tileset-sliced_30.asset
  artifactKey: Guid(4d5db17dcf95a4948aea5c018af6eb62) Importer(815301076,1909f56bfc062723c751e8b465ee728b)
Start importing Assets/Material/tileset-sliced_30.asset using Guid(4d5db17dcf95a4948aea5c018af6eb62) Importer(815301076,1909f56bfc062723c751e8b465ee728b)  -> (artifact id: 'ff0c97ad1778acf46df31b9213d95f87') in 0.008756 seconds 
========================================================================
Received Import Request.
  Time since last request: 0.000020 seconds.
  path: Assets/Material/tileset-sliced_26.asset
  artifactKey: Guid(556cdf27099c029419bbafd8d43d6c8a) Importer(815301076,1909f56bfc062723c751e8b465ee728b)
Start importing Assets/Material/tileset-sliced_26.asset using Guid(556cdf27099c029419bbafd8d43d6c8a) Importer(815301076,1909f56bfc062723c751e8b465ee728b)  -> (artifact id: '96fce6842503af9011e262c8bb962100') in 0.008094 seconds 
========================================================================
Received Import Request.
  Time since last request: 0.000028 seconds.
  path: Assets/Material/tileset-sliced_17.asset
  artifactKey: Guid(79c0aa82f2ea831448b64e3141d9adb2) Importer(815301076,1909f56bfc062723c751e8b465ee728b)
Start importing Assets/Material/tileset-sliced_17.asset using Guid(79c0aa82f2ea831448b64e3141d9adb2) Importer(815301076,1909f56bfc062723c751e8b465ee728b)  -> (artifact id: '6d6a9da3f46093901046efe2ee4ce28e') in 0.008146 seconds 
========================================================================
Received Import Request.
  Time since last request: 0.000029 seconds.
  path: Assets/Material/tileset-sliced_40.asset
  artifactKey: Guid(823a5470559219c44ab62cca7c0cda1e) Importer(815301076,1909f56bfc062723c751e8b465ee728b)
Start importing Assets/Material/tileset-sliced_40.asset using Guid(823a5470559219c44ab62cca7c0cda1e) Importer(815301076,1909f56bfc062723c751e8b465ee728b)  -> (artifact id: 'f6e2d5993892635b3f6b7258e49135fb') in 0.007475 seconds 
========================================================================
Received Import Request.
  Time since last request: 0.000020 seconds.
  path: Assets/Material/tileset-sliced_23.asset
  artifactKey: Guid(bfb4b80e4e04a6349a4611dc55b8746d) Importer(815301076,1909f56bfc062723c751e8b465ee728b)
Start importing Assets/Material/tileset-sliced_23.asset using Guid(bfb4b80e4e04a6349a4611dc55b8746d) Importer(815301076,1909f56bfc062723c751e8b465ee728b)  -> (artifact id: '19240721ee49941e96cf0a9fcb1dc548') in 0.009702 seconds 
========================================================================
Received Import Request.
  Time since last request: 0.000034 seconds.
  path: Assets/Material/tileset-sliced_61.asset
  artifactKey: Guid(63df11817e1fed24f8ced82e3aad44a5) Importer(815301076,1909f56bfc062723c751e8b465ee728b)
Start importing Assets/Material/tileset-sliced_61.asset using Guid(63df11817e1fed24f8ced82e3aad44a5) Importer(815301076,1909f56bfc062723c751e8b465ee728b)  -> (artifact id: '96684de4fbe21b0bb693e161accd6f1c') in 0.009858 seconds 
========================================================================
Received Import Request.
  Time since last request: 0.003911 seconds.
  path: Assets/Material/tileset-sliced_46.asset
  artifactKey: Guid(9015c41ad6168f648b5b88ec7efd960e) Importer(815301076,1909f56bfc062723c751e8b465ee728b)
Start importing Assets/Material/tileset-sliced_46.asset using Guid(9015c41ad6168f648b5b88ec7efd960e) Importer(815301076,1909f56bfc062723c751e8b465ee728b)  -> (artifact id: '88016feffd586bc24fc29f04232ab5d3') in 0.008632 seconds 
========================================================================
Received Import Request.
  Time since last request: 0.000026 seconds.
  path: Assets/Material/tileset-sliced_52.asset
  artifactKey: Guid(a1f5957c1a38d174b8868a49a96a4438) Importer(815301076,1909f56bfc062723c751e8b465ee728b)
Start importing Assets/Material/tileset-sliced_52.asset using Guid(a1f5957c1a38d174b8868a49a96a4438) Importer(815301076,1909f56bfc062723c751e8b465ee728b)  -> (artifact id: '50690114e562a534dd6369120d081957') in 0.007286 seconds 
========================================================================
Received Import Request.
  Time since last request: 0.000022 seconds.
  path: Assets/Material/tileset-sliced_58.asset
  artifactKey: Guid(e7b567a72adcbf045aa5e140f0ebf8be) Importer(815301076,1909f56bfc062723c751e8b465ee728b)
Start importing Assets/Material/tileset-sliced_58.asset using Guid(e7b567a72adcbf045aa5e140f0ebf8be) Importer(815301076,1909f56bfc062723c751e8b465ee728b)  -> (artifact id: '9134a18135fa9866b7164d4405f44a95') in 0.009778 seconds 
========================================================================
Received Import Request.
  Time since last request: 0.000031 seconds.
  path: Assets/Material/tileset-sliced_54.asset
  artifactKey: Guid(b1bef42ecb3dfa04bb9bbf4e61b26a81) Importer(815301076,1909f56bfc062723c751e8b465ee728b)
Start importing Assets/Material/tileset-sliced_54.asset using Guid(b1bef42ecb3dfa04bb9bbf4e61b26a81) Importer(815301076,1909f56bfc062723c751e8b465ee728b)  -> (artifact id: 'db4cf06e5df68a6ab37381b0cbeb11f0') in 0.019065 seconds 
========================================================================
Received Import Request.
  Time since last request: 0.000032 seconds.
  path: Assets/Material/tileset-sliced_10.asset
  artifactKey: Guid(e2eafef0a8cb92d4ca974083009f362d) Importer(815301076,1909f56bfc062723c751e8b465ee728b)
Start importing Assets/Material/tileset-sliced_10.asset using Guid(e2eafef0a8cb92d4ca974083009f362d) Importer(815301076,1909f56bfc062723c751e8b465ee728b)  -> (artifact id: '3576fb77f893cafafca13c7d108d46d0') in 0.007010 seconds 
Editor requested this worker to shutdown with reason: Scaling down because of idle timeout
AssetImportWorker is now disconnected from the server
Process exiting
Exiting without the bug reporter. Application will terminate with return code 0