Using pre-set license
Built from '2021.3/staging' branch; Version is '2021.3.16f1 (4016570cf34f) revision 4200023'; Using compiler version '192829333'; Build Type 'Release'
OS: 'Windows 11  (10.0.22621) 64bit Core' Language: 'fr' Physical Memory: 16122 MB
BatchMode: 1, IsHumanControllingUs: 0, StartBugReporterOnCrash: 0, Is64bit: 1, IsPro: 1

COMMAND LINE ARGUMENTS:
C:\Program Files\Unity\Hub\Editor\2021.3.16f1\Editor\Unity.exe
-adb2
-batchMode
-noUpm
-name
AssetImportWorker0
-projectPath
C:/Users/Utilisateur/Documents/GitHub/Tales-of-Hivnir/Tiles-Of-Hivnir
-logFile
Logs/AssetImportWorker0.log
-srvPort
50333
Successfully changed project path to: C:/Users/Utilisateur/Documents/GitHub/Tales-of-Hivnir/Tiles-Of-Hivnir
C:/Users/Utilisateur/Documents/GitHub/Tales-of-Hivnir/Tiles-Of-Hivnir
[UnityMemory] Configuration Parameters - Can be set up in boot.config
    "memorysetup-bucket-allocator-granularity=16"
    "memorysetup-bucket-allocator-bucket-count=8"
    "memorysetup-bucket-allocator-block-size=33554432"
    "memorysetup-bucket-allocator-block-count=8"
    "memorysetup-main-allocator-block-size=16777216"
    "memorysetup-thread-allocator-block-size=16777216"
    "memorysetup-gfx-main-allocator-block-size=16777216"
    "memorysetup-gfx-thread-allocator-block-size=16777216"
    "memorysetup-cache-allocator-block-size=4194304"
    "memorysetup-typetree-allocator-block-size=2097152"
    "memorysetup-profiler-bucket-allocator-granularity=16"
    "memorysetup-profiler-bucket-allocator-bucket-count=8"
    "memorysetup-profiler-bucket-allocator-block-size=33554432"
    "memorysetup-profiler-bucket-allocator-block-count=8"
    "memorysetup-profiler-allocator-block-size=16777216"
    "memorysetup-profiler-editor-allocator-block-size=1048576"
    "memorysetup-temp-allocator-size-main=16777216"
    "memorysetup-job-temp-allocator-block-size=2097152"
    "memorysetup-job-temp-allocator-block-size-background=1048576"
    "memorysetup-job-temp-allocator-reduction-small-platforms=262144"
    "memorysetup-temp-allocator-size-background-worker=32768"
    "memorysetup-temp-allocator-size-job-worker=262144"
    "memorysetup-temp-allocator-size-preload-manager=33554432"
    "memorysetup-temp-allocator-size-nav-mesh-worker=65536"
    "memorysetup-temp-allocator-size-audio-worker=65536"
    "memorysetup-temp-allocator-size-cloud-worker=32768"
    "memorysetup-temp-allocator-size-gi-baking-worker=262144"
    "memorysetup-temp-allocator-size-gfx=262144"
Player connection [12808] Host "[IP] 192.168.56.1 [Port] 0 [Flags] 2 [Guid] 3876762946 [EditorId] 3876762946 [Version] 1048832 [Id] WindowsEditor(7,LAPTOP-ET774ROT) [Debug] 1 [PackageName] WindowsEditor [ProjectName] Editor" joined multi-casting on [225.0.0.222:54997]...

Player connection [12808] Host "[IP] 192.168.56.1 [Port] 0 [Flags] 2 [Guid] 3876762946 [EditorId] 3876762946 [Version] 1048832 [Id] WindowsEditor(7,LAPTOP-ET774ROT) [Debug] 1 [PackageName] WindowsEditor [ProjectName] Editor" joined alternative multi-casting on [225.0.0.222:34997]...

Refreshing native plugins compatible for Editor in 50.83 ms, found 3 plugins.
Preloading 0 native plugins for Editor in 0.00 ms.
Initialize engine version: 2021.3.16f1 (4016570cf34f)
[Subsystems] Discovering subsystems at path C:/Program Files/Unity/Hub/Editor/2021.3.16f1/Editor/Data/Resources/UnitySubsystems
[Subsystems] Discovering subsystems at path C:/Users/Utilisateur/Documents/GitHub/Tales-of-Hivnir/Tiles-Of-Hivnir/Assets
GfxDevice: creating device client; threaded=0; jobified=0
Direct3D:
    Version:  Direct3D 11.0 [level 11.1]
    Renderer: NVIDIA GeForce RTX 3060 Laptop GPU (ID=0x2520)
    Vendor:   NVIDIA
    VRAM:     6023 MB
    Driver:   31.0.15.1720
Initialize mono
Mono path[0] = 'C:/Program Files/Unity/Hub/Editor/2021.3.16f1/Editor/Data/Managed'
Mono path[1] = 'C:/Program Files/Unity/Hub/Editor/2021.3.16f1/Editor/Data/MonoBleedingEdge/lib/mono/unityjit-win32'
Mono config path = 'C:/Program Files/Unity/Hub/Editor/2021.3.16f1/Editor/Data/MonoBleedingEdge/etc'
Using monoOptions --debugger-agent=transport=dt_socket,embedding=1,server=y,suspend=n,address=127.0.0.1:56116
Begin MonoManager ReloadAssembly
Registering precompiled unity dll's ...
Register platform support module: C:/Program Files/Unity/Hub/Editor/2021.3.16f1/Editor/Data/PlaybackEngines/WebGLSupport/UnityEditor.WebGL.Extensions.dll
Register platform support module: C:/Program Files/Unity/Hub/Editor/2021.3.16f1/Editor/Data/PlaybackEngines/AndroidPlayer/UnityEditor.Android.Extensions.dll
Register platform support module: C:/Program Files/Unity/Hub/Editor/2021.3.16f1/Editor/Data/PlaybackEngines/WindowsStandaloneSupport/UnityEditor.WindowsStandalone.Extensions.dll
Registered in 0.004340 seconds.
Native extension for WindowsStandalone target not found
Native extension for Android target not found
Native extension for WebGL target not found
Refreshing native plugins compatible for Editor in 52.96 ms, found 3 plugins.
Preloading 0 native plugins for Editor in 0.00 ms.
Mono: successfully reloaded assembly
- Completed reload, in  0.461 seconds
Domain Reload Profiling:
	ReloadAssembly (462ms)
		BeginReloadAssembly (48ms)
			ExecutionOrderSort (0ms)
			DisableScriptedObjects (0ms)
			BackupInstance (0ms)
			ReleaseScriptingObjects (0ms)
			CreateAndSetChildDomain (0ms)
		EndReloadAssembly (328ms)
			LoadAssemblies (47ms)
			RebuildTransferFunctionScriptingTraits (0ms)
			SetupTypeCache (78ms)
			ReleaseScriptCaches (0ms)
			RebuildScriptCaches (19ms)
			SetupLoadedEditorAssemblies (193ms)
				LogAssemblyErrors (0ms)
				InitializePlatformSupportModulesInManaged (43ms)
				SetLoadedEditorAssemblies (0ms)
				RefreshPlugins (53ms)
				BeforeProcessingInitializeOnLoad (1ms)
				ProcessInitializeOnLoadAttributes (66ms)
				ProcessInitializeOnLoadMethodAttributes (30ms)
				AfterProcessingInitializeOnLoad (0ms)
				EditorAssembliesLoaded (0ms)
			ExecutionOrderSort2 (0ms)
			AwakeInstancesAfterBackupRestoration (0ms)
Platform modules already initialized, skipping
Registering precompiled user dll's ...
Registered in 0.004309 seconds.
Begin MonoManager ReloadAssembly
Native extension for WindowsStandalone target not found
Native extension for Android target not found
Native extension for WebGL target not found
Refreshing native plugins compatible for Editor in 50.57 ms, found 3 plugins.
Preloading 0 native plugins for Editor in 0.00 ms.
Mono: successfully reloaded assembly
- Completed reload, in  0.881 seconds
Domain Reload Profiling:
	ReloadAssembly (882ms)
		BeginReloadAssembly (189ms)
			ExecutionOrderSort (0ms)
			DisableScriptedObjects (4ms)
			BackupInstance (0ms)
			ReleaseScriptingObjects (0ms)
			CreateAndSetChildDomain (126ms)
		EndReloadAssembly (611ms)
			LoadAssemblies (57ms)
			RebuildTransferFunctionScriptingTraits (0ms)
			SetupTypeCache (158ms)
			ReleaseScriptCaches (0ms)
			RebuildScriptCaches (40ms)
			SetupLoadedEditorAssemblies (312ms)
				LogAssemblyErrors (0ms)
				InitializePlatformSupportModulesInManaged (9ms)
				SetLoadedEditorAssemblies (0ms)
				RefreshPlugins (51ms)
				BeforeProcessingInitializeOnLoad (56ms)
				ProcessInitializeOnLoadAttributes (163ms)
				ProcessInitializeOnLoadMethodAttributes (29ms)
				AfterProcessingInitializeOnLoad (4ms)
				EditorAssembliesLoaded (0ms)
			ExecutionOrderSort2 (0ms)
			AwakeInstancesAfterBackupRestoration (4ms)
Platform modules already initialized, skipping
========================================================================
Worker process is ready to serve import requests
Launched and connected shader compiler UnityShaderCompiler.exe after 0.03 seconds
Refreshing native plugins compatible for Editor in 0.80 ms, found 3 plugins.
Preloading 0 native plugins for Editor in 0.00 ms.
Unloading 2822 Unused Serialized files (Serialized files now loaded: 0)
Unloading 38 unused Assets / (30.2 KB). Loaded Objects now: 3287.
Memory consumption went from 126.0 MB to 126.0 MB.
Total: 2.698500 ms (FindLiveObjects: 0.193200 ms CreateObjectMapping: 0.060800 ms MarkObjects: 2.408000 ms  DeleteObjects: 0.036000 ms)

AssetImportParameters requested are different than current active one (requested -> active):
  custom:video-decoder-ogg-theora: a1e56fd34408186e4bbccfd4996cb3dc -> 
  custom:container-muxer-webm: aa71ff27fc2769a1b78a27578f13a17b -> 
  custom:container-demuxer-webm: 4f35f7cbe854078d1ac9338744f61a02 -> 
  custom:video-encoder-webm-vp8: eb34c28f22e8b96e1ab97ce403110664 -> 
  custom:video-codec-MediaFoundation-h265: 746d11721c4dcdbdad8f713fa42b33f4 -> 
  custom:audio-encoder-webm-vorbis: bf7c407c2cedff20999df2af8eb42d56 -> 
  custom:framework-win-MediaFoundation: 216162199b28c13a410421893ffa2e32 -> 
  custom:container-demuxer-ogg: 62fdf1f143b41e24485cea50d1cbac27 -> 
  custom:video-decoder-webm-vp8: 9c59270c3fd7afecdb556c50c9e8de78 -> 
  custom:audio-decoder-ogg-vorbis: bf7c407c2cedff20999df2af8eb42d56 -> 
========================================================================
Received Import Request.
  Time since last request: 49334.015266 seconds.
  path: Assets/Animated/Effects/Cave.prefab
  artifactKey: Guid(ee879e3626504af4eabfcc2939f1a117) Importer(815301076,1909f56bfc062723c751e8b465ee728b)
Start importing Assets/Animated/Effects/Cave.prefab using Guid(ee879e3626504af4eabfcc2939f1a117) Importer(815301076,1909f56bfc062723c751e8b465ee728b)  -> (artifact id: '458e6ed619dd0832a7f1a39b236f1252') in 0.079665 seconds 
========================================================================
Received Import Request.
  Time since last request: 16.614475 seconds.
  path: Assets/Art/Texture/mainlevbuild.png
  artifactKey: Guid(f3437d6fa7bf7dd4aa926705a166e42c) Importer(815301076,1909f56bfc062723c751e8b465ee728b)
Start importing Assets/Art/Texture/mainlevbuild.png using Guid(f3437d6fa7bf7dd4aa926705a166e42c) Importer(815301076,1909f56bfc062723c751e8b465ee728b)  -> (artifact id: '25e8db7987881dd9a1d3c86dabfe1f51') in 0.028606 seconds 
========================================================================
Received Import Request.
  Time since last request: 30.173340 seconds.
  path: Assets/Art/Texture/mainlevbuild.png
  artifactKey: Guid(f3437d6fa7bf7dd4aa926705a166e42c) Importer(815301076,1909f56bfc062723c751e8b465ee728b)
Start importing Assets/Art/Texture/mainlevbuild.png using Guid(f3437d6fa7bf7dd4aa926705a166e42c) Importer(815301076,1909f56bfc062723c751e8b465ee728b)  -> (artifact id: '4527a5a4bc48e44d11aecc4bdb26cd73') in 0.184795 seconds 
========================================================================
Received Import Request.
  Time since last request: 36.888373 seconds.
  path: Assets/Art/Texture/mainlevbuild_0.asset
  artifactKey: Guid(966202c1e26b2cb4794f727371e38f7f) Importer(815301076,1909f56bfc062723c751e8b465ee728b)
Start importing Assets/Art/Texture/mainlevbuild_0.asset using Guid(966202c1e26b2cb4794f727371e38f7f) Importer(815301076,1909f56bfc062723c751e8b465ee728b)  -> (artifact id: 'beceafa29f4928c8fb29a8f8227eacdc') in 0.012800 seconds 
========================================================================
Received Import Request.
  Time since last request: 0.004281 seconds.
  path: Assets/Art/Texture/mainlevbuild_4.asset
  artifactKey: Guid(9fcd456684436af4c9ef1aaf4e4dddc7) Importer(815301076,1909f56bfc062723c751e8b465ee728b)
Start importing Assets/Art/Texture/mainlevbuild_4.asset using Guid(9fcd456684436af4c9ef1aaf4e4dddc7) Importer(815301076,1909f56bfc062723c751e8b465ee728b)  -> (artifact id: 'df4f4f30962f986d427e0c852bfdd702') in 0.009434 seconds 
========================================================================
Received Import Request.
  Time since last request: 0.000035 seconds.
  path: Assets/Art/Texture/mainlevbuild_29.asset
  artifactKey: Guid(090cf7f7554bc194591d279b3cf3d569) Importer(815301076,1909f56bfc062723c751e8b465ee728b)
Start importing Assets/Art/Texture/mainlevbuild_29.asset using Guid(090cf7f7554bc194591d279b3cf3d569) Importer(815301076,1909f56bfc062723c751e8b465ee728b)  -> (artifact id: 'e29edc5d4953ce9c3bdbce1af1b7dbda') in 0.010875 seconds 
========================================================================
Received Import Request.
  Time since last request: 0.000047 seconds.
  path: Assets/Art/Texture/mainlevbuild_40.asset
  artifactKey: Guid(971b542dac0e9214d94bb7d6f2be1387) Importer(815301076,1909f56bfc062723c751e8b465ee728b)
Start importing Assets/Art/Texture/mainlevbuild_40.asset using Guid(971b542dac0e9214d94bb7d6f2be1387) Importer(815301076,1909f56bfc062723c751e8b465ee728b)  -> (artifact id: '1b54f39612c0051fa62020b18fb67811') in 0.008712 seconds 
========================================================================
Received Import Request.
  Time since last request: 0.000042 seconds.
  path: Assets/Art/Texture/mainlevbuild_10.asset
  artifactKey: Guid(c3149061e8c4e304493bab31b8036e6c) Importer(815301076,1909f56bfc062723c751e8b465ee728b)
Start importing Assets/Art/Texture/mainlevbuild_10.asset using Guid(c3149061e8c4e304493bab31b8036e6c) Importer(815301076,1909f56bfc062723c751e8b465ee728b)  -> (artifact id: 'b1754c39d792506987afa318823488cc') in 0.009634 seconds 
========================================================================
Received Import Request.
  Time since last request: 0.000020 seconds.
  path: Assets/Art/Texture/mainlevbuild_39.asset
  artifactKey: Guid(18ec4b001d37bbe448a6af98986b0d4d) Importer(815301076,1909f56bfc062723c751e8b465ee728b)
Start importing Assets/Art/Texture/mainlevbuild_39.asset using Guid(18ec4b001d37bbe448a6af98986b0d4d) Importer(815301076,1909f56bfc062723c751e8b465ee728b)  -> (artifact id: '1e179afc2e44958c7dcb07ae89994182') in 0.008552 seconds 
========================================================================
Received Import Request.
  Time since last request: 0.000020 seconds.
  path: Assets/Art/Texture/mainlevbuild_31.asset
  artifactKey: Guid(e6a635ce236f52e49ac7e45ac0d82ea5) Importer(815301076,1909f56bfc062723c751e8b465ee728b)
Start importing Assets/Art/Texture/mainlevbuild_31.asset using Guid(e6a635ce236f52e49ac7e45ac0d82ea5) Importer(815301076,1909f56bfc062723c751e8b465ee728b)  -> (artifact id: '65f1fd74a04be1ad4655209d87f69625') in 0.006895 seconds 
========================================================================
Received Import Request.
  Time since last request: 0.000024 seconds.
  path: Assets/Art/Texture/mainlevbuild_5.asset
  artifactKey: Guid(7eabf5a48138dac4cae1e590e32ddab9) Importer(815301076,1909f56bfc062723c751e8b465ee728b)
Start importing Assets/Art/Texture/mainlevbuild_5.asset using Guid(7eabf5a48138dac4cae1e590e32ddab9) Importer(815301076,1909f56bfc062723c751e8b465ee728b)  -> (artifact id: 'fa106d1cfb5bda94ae878b3890124eaa') in 0.014610 seconds 
========================================================================
Received Import Request.
  Time since last request: 0.000046 seconds.
  path: Assets/Art/Texture/mainlevbuild_33.asset
  artifactKey: Guid(fa8859087edca2e4ead07b151ae81b72) Importer(815301076,1909f56bfc062723c751e8b465ee728b)
Start importing Assets/Art/Texture/mainlevbuild_33.asset using Guid(fa8859087edca2e4ead07b151ae81b72) Importer(815301076,1909f56bfc062723c751e8b465ee728b)  -> (artifact id: 'c5cc5ff784d781ca42a8831e5dc011af') in 0.007229 seconds 
========================================================================
Received Import Request.
  Time since last request: 0.000033 seconds.
  path: Assets/Art/Texture/mainlevbuild_25.asset
  artifactKey: Guid(724b081ff2fe41c4ab89114ca35284ce) Importer(815301076,1909f56bfc062723c751e8b465ee728b)
Start importing Assets/Art/Texture/mainlevbuild_25.asset using Guid(724b081ff2fe41c4ab89114ca35284ce) Importer(815301076,1909f56bfc062723c751e8b465ee728b)  -> (artifact id: 'e6173695b75d13b117bdae41203eb7b2') in 0.010885 seconds 
========================================================================
Received Import Request.
  Time since last request: 0.000107 seconds.
  path: Assets/Art/Texture/mainlevbuild_37.asset
  artifactKey: Guid(07d30e4a99956404492f54df2547832f) Importer(815301076,1909f56bfc062723c751e8b465ee728b)
Start importing Assets/Art/Texture/mainlevbuild_37.asset using Guid(07d30e4a99956404492f54df2547832f) Importer(815301076,1909f56bfc062723c751e8b465ee728b)  -> (artifact id: '1fa2b6b95324cf0ed8403d9659ec6a0b') in 0.013807 seconds 
========================================================================
Received Import Request.
  Time since last request: 0.000046 seconds.
  path: Assets/Art/Texture/mainlevbuild_19.asset
  artifactKey: Guid(70b1ddded807b8143aeb10033778567a) Importer(815301076,1909f56bfc062723c751e8b465ee728b)
Start importing Assets/Art/Texture/mainlevbuild_19.asset using Guid(70b1ddded807b8143aeb10033778567a) Importer(815301076,1909f56bfc062723c751e8b465ee728b)  -> (artifact id: '39cf13d7f70f6a43f1eec0b9a3fda04a') in 0.011941 seconds 
========================================================================
Received Import Request.
  Time since last request: 0.000023 seconds.
  path: Assets/Art/Texture/mainlevbuild_24.asset
  artifactKey: Guid(646396d0f628c76449160e20b9d376a1) Importer(815301076,1909f56bfc062723c751e8b465ee728b)
Start importing Assets/Art/Texture/mainlevbuild_24.asset using Guid(646396d0f628c76449160e20b9d376a1) Importer(815301076,1909f56bfc062723c751e8b465ee728b)  -> (artifact id: 'f702bb902b830688513b61a8f9434d3e') in 0.010162 seconds 
========================================================================
Received Import Request.
  Time since last request: 0.000051 seconds.
  path: Assets/Art/Texture/mainlevbuild_47.asset
  artifactKey: Guid(94cfdc411004a90468bf5a1b9be79c6e) Importer(815301076,1909f56bfc062723c751e8b465ee728b)
Start importing Assets/Art/Texture/mainlevbuild_47.asset using Guid(94cfdc411004a90468bf5a1b9be79c6e) Importer(815301076,1909f56bfc062723c751e8b465ee728b)  -> (artifact id: '65c7b51f7209d61b49f75c855f0d48bb') in 0.014644 seconds 
========================================================================
Received Import Request.
  Time since last request: 0.000042 seconds.
  path: Assets/Art/Texture/mainlevbuild_27.asset
  artifactKey: Guid(d76408156f177624b8506f1c3c23bd84) Importer(815301076,1909f56bfc062723c751e8b465ee728b)
Start importing Assets/Art/Texture/mainlevbuild_27.asset using Guid(d76408156f177624b8506f1c3c23bd84) Importer(815301076,1909f56bfc062723c751e8b465ee728b)  -> (artifact id: 'a6b61f45b727ed434fddaaf8c7b13959') in 0.009734 seconds 
========================================================================
Received Import Request.
  Time since last request: 0.000032 seconds.
  path: Assets/Art/Texture/mainlevbuild_28.asset
  artifactKey: Guid(07ce4b3468dd4204ca386d9ffbc587f8) Importer(815301076,1909f56bfc062723c751e8b465ee728b)
Start importing Assets/Art/Texture/mainlevbuild_28.asset using Guid(07ce4b3468dd4204ca386d9ffbc587f8) Importer(815301076,1909f56bfc062723c751e8b465ee728b)  -> (artifact id: '5ba2f36c2535ea3847fd382c9cda4b6b') in 0.011688 seconds 
========================================================================
Received Import Request.
  Time since last request: 0.000033 seconds.
  path: Assets/Art/Texture/mainlevbuild_30.asset
  artifactKey: Guid(652d6380828d9ec499380fc8d3341c7f) Importer(815301076,1909f56bfc062723c751e8b465ee728b)
Start importing Assets/Art/Texture/mainlevbuild_30.asset using Guid(652d6380828d9ec499380fc8d3341c7f) Importer(815301076,1909f56bfc062723c751e8b465ee728b)  -> (artifact id: '2375a79c9d7b69ccc1fa005afa825c80') in 0.008487 seconds 
========================================================================
Received Import Request.
  Time since last request: 0.000028 seconds.
  path: Assets/Art/Texture/mainlevbuild_26.asset
  artifactKey: Guid(c7aa99c84856a214a80d8131cc464eab) Importer(815301076,1909f56bfc062723c751e8b465ee728b)
Start importing Assets/Art/Texture/mainlevbuild_26.asset using Guid(c7aa99c84856a214a80d8131cc464eab) Importer(815301076,1909f56bfc062723c751e8b465ee728b)  -> (artifact id: '3e275bdfa1af17b61cece5df8339c9cc') in 0.012515 seconds 
========================================================================
Received Import Request.
  Time since last request: 0.000116 seconds.
  path: Assets/Art/Texture/mainlevbuild_46.asset
  artifactKey: Guid(4463c3fbe72cc414aa02d6c3e4861740) Importer(815301076,1909f56bfc062723c751e8b465ee728b)
Start importing Assets/Art/Texture/mainlevbuild_46.asset using Guid(4463c3fbe72cc414aa02d6c3e4861740) Importer(815301076,1909f56bfc062723c751e8b465ee728b)  -> (artifact id: 'aac6f077aa89a567c135bb2310ab83e4') in 0.010252 seconds 
========================================================================
Received Import Request.
  Time since last request: 0.000057 seconds.
  path: Assets/Art/Texture/mainlevbuild_44.asset
  artifactKey: Guid(7fe1447d425df5b40aa11b2704954639) Importer(815301076,1909f56bfc062723c751e8b465ee728b)
Start importing Assets/Art/Texture/mainlevbuild_44.asset using Guid(7fe1447d425df5b40aa11b2704954639) Importer(815301076,1909f56bfc062723c751e8b465ee728b)  -> (artifact id: '66c045dd2d318189dd61d6cb2dab9465') in 0.010883 seconds 
========================================================================
Received Import Request.
  Time since last request: 0.000037 seconds.
  path: Assets/Art/Texture/mainlevbuild_21.asset
  artifactKey: Guid(00f97309c74ab054e9e7906572af75ad) Importer(815301076,1909f56bfc062723c751e8b465ee728b)
Start importing Assets/Art/Texture/mainlevbuild_21.asset using Guid(00f97309c74ab054e9e7906572af75ad) Importer(815301076,1909f56bfc062723c751e8b465ee728b)  -> (artifact id: '31eaf7d18a99623a825e77e216368760') in 0.011909 seconds 
========================================================================
Received Import Request.
  Time since last request: 0.000023 seconds.
  path: Assets/Art/Texture/mainlevbuild_23.asset
  artifactKey: Guid(b6cf7254006f4e448a55d31cb8f77a42) Importer(815301076,1909f56bfc062723c751e8b465ee728b)
Start importing Assets/Art/Texture/mainlevbuild_23.asset using Guid(b6cf7254006f4e448a55d31cb8f77a42) Importer(815301076,1909f56bfc062723c751e8b465ee728b)  -> (artifact id: '4f42b9976e503cbcdd2ccaafb45a5c96') in 0.009349 seconds 
========================================================================
Received Import Request.
  Time since last request: 0.000031 seconds.
  path: Assets/Art/Texture/mainlevbuild_43.asset
  artifactKey: Guid(c476dde30759be842aa9def9a417cfe3) Importer(815301076,1909f56bfc062723c751e8b465ee728b)
Start importing Assets/Art/Texture/mainlevbuild_43.asset using Guid(c476dde30759be842aa9def9a417cfe3) Importer(815301076,1909f56bfc062723c751e8b465ee728b)  -> (artifact id: '71f737f4fec9c9286a769d4cbfdb4898') in 0.009107 seconds 
========================================================================
Received Import Request.
  Time since last request: 0.000033 seconds.
  path: Assets/Art/Texture/mainlevbuild_11.asset
  artifactKey: Guid(bac154d021326d542b908925c6fc693e) Importer(815301076,1909f56bfc062723c751e8b465ee728b)
Start importing Assets/Art/Texture/mainlevbuild_11.asset using Guid(bac154d021326d542b908925c6fc693e) Importer(815301076,1909f56bfc062723c751e8b465ee728b)  -> (artifact id: 'e941320cbd7940d9c0f190f0c3c9a8c8') in 0.008942 seconds 
========================================================================
Received Import Request.
  Time since last request: 0.000036 seconds.
  path: Assets/Art/Texture/mainlevbuild_8.asset
  artifactKey: Guid(ed38b2101bd261c4992566d10c7bdb2a) Importer(815301076,1909f56bfc062723c751e8b465ee728b)
Start importing Assets/Art/Texture/mainlevbuild_8.asset using Guid(ed38b2101bd261c4992566d10c7bdb2a) Importer(815301076,1909f56bfc062723c751e8b465ee728b)  -> (artifact id: '541c97647c070595c14f8a0c68289703') in 0.010365 seconds 
========================================================================
Received Import Request.
  Time since last request: 0.000088 seconds.
  path: Assets/Art/Texture/mainlevbuild_3.asset
  artifactKey: Guid(ef1f88c9fd206dd4a9662599f7f4bd34) Importer(815301076,1909f56bfc062723c751e8b465ee728b)
Start importing Assets/Art/Texture/mainlevbuild_3.asset using Guid(ef1f88c9fd206dd4a9662599f7f4bd34) Importer(815301076,1909f56bfc062723c751e8b465ee728b)  -> (artifact id: 'd9ae3590e067abb09036920d6a9f6001') in 0.014007 seconds 
========================================================================
Received Import Request.
  Time since last request: 12.352424 seconds.
  path: Assets/Art/Texture/mainlevbuild_0.asset
  artifactKey: Guid(966202c1e26b2cb4794f727371e38f7f) Importer(815301076,1909f56bfc062723c751e8b465ee728b)
Start importing Assets/Art/Texture/mainlevbuild_0.asset using Guid(966202c1e26b2cb4794f727371e38f7f) Importer(815301076,1909f56bfc062723c751e8b465ee728b)  -> (artifact id: 'b99b7e1ae966ba632bf4c33d816be674') in 0.009356 seconds 
========================================================================
Received Import Request.
  Time since last request: 0.000018 seconds.
  path: Assets/Art/Texture/mainlevbuild_4.asset
  artifactKey: Guid(9fcd456684436af4c9ef1aaf4e4dddc7) Importer(815301076,1909f56bfc062723c751e8b465ee728b)
Start importing Assets/Art/Texture/mainlevbuild_4.asset using Guid(9fcd456684436af4c9ef1aaf4e4dddc7) Importer(815301076,1909f56bfc062723c751e8b465ee728b)  -> (artifact id: '936a25753c387e0366aba10a0d664487') in 0.006481 seconds 
========================================================================
Received Import Request.
  Time since last request: 0.000018 seconds.
  path: Assets/Art/Texture/mainlevbuild_10.asset
  artifactKey: Guid(c3149061e8c4e304493bab31b8036e6c) Importer(815301076,1909f56bfc062723c751e8b465ee728b)
Start importing Assets/Art/Texture/mainlevbuild_10.asset using Guid(c3149061e8c4e304493bab31b8036e6c) Importer(815301076,1909f56bfc062723c751e8b465ee728b)  -> (artifact id: 'e57bf9b2ecedf3836f08cc8f61965109') in 0.011199 seconds 
========================================================================
Received Import Request.
  Time since last request: 0.000037 seconds.
  path: Assets/Art/Texture/mainlevbuild_39.asset
  artifactKey: Guid(18ec4b001d37bbe448a6af98986b0d4d) Importer(815301076,1909f56bfc062723c751e8b465ee728b)
Start importing Assets/Art/Texture/mainlevbuild_39.asset using Guid(18ec4b001d37bbe448a6af98986b0d4d) Importer(815301076,1909f56bfc062723c751e8b465ee728b)  -> (artifact id: '1502a1fdd33f7bd0b7aed993f6005b1e') in 0.011276 seconds 
========================================================================
Received Import Request.
  Time since last request: 0.000032 seconds.
  path: Assets/Art/Texture/mainlevbuild_41.asset
  artifactKey: Guid(3a592a9531b5493408e921ef56c8426d) Importer(815301076,1909f56bfc062723c751e8b465ee728b)
Start importing Assets/Art/Texture/mainlevbuild_41.asset using Guid(3a592a9531b5493408e921ef56c8426d) Importer(815301076,1909f56bfc062723c751e8b465ee728b)  -> (artifact id: '83da4f08ea1e1f04eed730ec944d8291') in 0.011477 seconds 
========================================================================
Received Import Request.
  Time since last request: 0.000019 seconds.
  path: Assets/Art/Texture/mainlevbuild_6.asset
  artifactKey: Guid(6a46dbbdc0c3e104d876e4c7fc22be8a) Importer(815301076,1909f56bfc062723c751e8b465ee728b)
Start importing Assets/Art/Texture/mainlevbuild_6.asset using Guid(6a46dbbdc0c3e104d876e4c7fc22be8a) Importer(815301076,1909f56bfc062723c751e8b465ee728b)  -> (artifact id: 'd45f3276772f671e2f0ec308bffc57bb') in 0.006984 seconds 
========================================================================
Received Import Request.
  Time since last request: 0.000022 seconds.
  path: Assets/Art/Texture/mainlevbuild_25.asset
  artifactKey: Guid(724b081ff2fe41c4ab89114ca35284ce) Importer(815301076,1909f56bfc062723c751e8b465ee728b)
Start importing Assets/Art/Texture/mainlevbuild_25.asset using Guid(724b081ff2fe41c4ab89114ca35284ce) Importer(815301076,1909f56bfc062723c751e8b465ee728b)  -> (artifact id: '878f09e06975b3d2bc1eec3c2e5630ba') in 0.012085 seconds 
========================================================================
Received Import Request.
  Time since last request: 0.000022 seconds.
  path: Assets/Art/Texture/mainlevbuild_7.asset
  artifactKey: Guid(fc2e7756235a78547833250e70f3a331) Importer(815301076,1909f56bfc062723c751e8b465ee728b)
Start importing Assets/Art/Texture/mainlevbuild_7.asset using Guid(fc2e7756235a78547833250e70f3a331) Importer(815301076,1909f56bfc062723c751e8b465ee728b)  -> (artifact id: '7834fc8cd7a7f177f7985e3693b4558c') in 0.010863 seconds 
========================================================================
Received Import Request.
  Time since last request: 0.000023 seconds.
  path: Assets/Art/Texture/mainlevbuild_24.asset
  artifactKey: Guid(646396d0f628c76449160e20b9d376a1) Importer(815301076,1909f56bfc062723c751e8b465ee728b)
Start importing Assets/Art/Texture/mainlevbuild_24.asset using Guid(646396d0f628c76449160e20b9d376a1) Importer(815301076,1909f56bfc062723c751e8b465ee728b)  -> (artifact id: '56a75f4cc9159c41474bb960cea6667e') in 0.014664 seconds 
========================================================================
Received Import Request.
  Time since last request: 0.000017 seconds.
  path: Assets/Art/Texture/mainlevbuild_42.asset
  artifactKey: Guid(0d37bf749f08e7a48ad361c9673e3698) Importer(815301076,1909f56bfc062723c751e8b465ee728b)
Start importing Assets/Art/Texture/mainlevbuild_42.asset using Guid(0d37bf749f08e7a48ad361c9673e3698) Importer(815301076,1909f56bfc062723c751e8b465ee728b)  -> (artifact id: '4267963bd4875786699e63100d143dac') in 0.008436 seconds 
========================================================================
Received Import Request.
  Time since last request: 0.000021 seconds.
  path: Assets/Art/Texture/mainlevbuild_13.asset
  artifactKey: Guid(f929f6496f8a24b449bfc7b6a866d210) Importer(815301076,1909f56bfc062723c751e8b465ee728b)
Start importing Assets/Art/Texture/mainlevbuild_13.asset using Guid(f929f6496f8a24b449bfc7b6a866d210) Importer(815301076,1909f56bfc062723c751e8b465ee728b)  -> (artifact id: '75857f5dca42f525ec14e35ad87ce2de') in 0.010027 seconds 
========================================================================
Received Import Request.
  Time since last request: 0.000020 seconds.
  path: Assets/Art/Texture/mainlevbuild_30.asset
  artifactKey: Guid(652d6380828d9ec499380fc8d3341c7f) Importer(815301076,1909f56bfc062723c751e8b465ee728b)
Start importing Assets/Art/Texture/mainlevbuild_30.asset using Guid(652d6380828d9ec499380fc8d3341c7f) Importer(815301076,1909f56bfc062723c751e8b465ee728b)  -> (artifact id: '7a4efd7b6c3d3fd8783b5ac862e4bbdb') in 0.005955 seconds 
========================================================================
Received Import Request.
  Time since last request: 0.000024 seconds.
  path: Assets/Art/Texture/mainlevbuild_38.asset
  artifactKey: Guid(6ed1c2d0159887a44b3c2e2154b6c64f) Importer(815301076,1909f56bfc062723c751e8b465ee728b)
Start importing Assets/Art/Texture/mainlevbuild_38.asset using Guid(6ed1c2d0159887a44b3c2e2154b6c64f) Importer(815301076,1909f56bfc062723c751e8b465ee728b)  -> (artifact id: '8e18425bfd8c93684e88651bbb23c885') in 0.010276 seconds 
========================================================================
Received Import Request.
  Time since last request: 0.000016 seconds.
  path: Assets/Art/Texture/mainlevbuild_44.asset
  artifactKey: Guid(7fe1447d425df5b40aa11b2704954639) Importer(815301076,1909f56bfc062723c751e8b465ee728b)
Start importing Assets/Art/Texture/mainlevbuild_44.asset using Guid(7fe1447d425df5b40aa11b2704954639) Importer(815301076,1909f56bfc062723c751e8b465ee728b)  -> (artifact id: '257110e72df8dc1810d05df9dc5b43f5') in 0.011171 seconds 
========================================================================
Received Import Request.
  Time since last request: 0.000024 seconds.
  path: Assets/Art/Texture/mainlevbuild_12.asset
  artifactKey: Guid(75ebaeae0d0252c4e84959f5fbb5a292) Importer(815301076,1909f56bfc062723c751e8b465ee728b)
Start importing Assets/Art/Texture/mainlevbuild_12.asset using Guid(75ebaeae0d0252c4e84959f5fbb5a292) Importer(815301076,1909f56bfc062723c751e8b465ee728b)  -> (artifact id: '0732b33baf6a63bf041d3cf16af7045a') in 0.007241 seconds 
========================================================================
Received Import Request.
  Time since last request: 0.000027 seconds.
  path: Assets/Art/Texture/mainlevbuild_15.asset
  artifactKey: Guid(9aefd4d36199127418a8b981289d0890) Importer(815301076,1909f56bfc062723c751e8b465ee728b)
Start importing Assets/Art/Texture/mainlevbuild_15.asset using Guid(9aefd4d36199127418a8b981289d0890) Importer(815301076,1909f56bfc062723c751e8b465ee728b)  -> (artifact id: '45d2741c912665ff72809cd8e8550bf7') in 0.007327 seconds 
========================================================================
Received Import Request.
  Time since last request: 0.000023 seconds.
  path: Assets/Art/Texture/mainlevbuild_8.asset
  artifactKey: Guid(ed38b2101bd261c4992566d10c7bdb2a) Importer(815301076,1909f56bfc062723c751e8b465ee728b)
Start importing Assets/Art/Texture/mainlevbuild_8.asset using Guid(ed38b2101bd261c4992566d10c7bdb2a) Importer(815301076,1909f56bfc062723c751e8b465ee728b)  -> (artifact id: '2e5eb4ceb00c0462642e5e4de492a4a7') in 0.006855 seconds 
========================================================================
Received Import Request.
  Time since last request: 0.000018 seconds.
  path: Assets/Art/Texture/mainlevbuild_22.asset
  artifactKey: Guid(4bad16cb427738e44806ae0160bd9ace) Importer(815301076,1909f56bfc062723c751e8b465ee728b)
Start importing Assets/Art/Texture/mainlevbuild_22.asset using Guid(4bad16cb427738e44806ae0160bd9ace) Importer(815301076,1909f56bfc062723c751e8b465ee728b)  -> (artifact id: '75754b7eedd8ad77337294384255b99d') in 0.006393 seconds 
========================================================================
Received Import Request.
  Time since last request: 97.078902 seconds.
  path: Assets/Art/Texture/MainLev2.0_1.asset
  artifactKey: Guid(033d08a6343e51949924b3f742cb97bc) Importer(815301076,1909f56bfc062723c751e8b465ee728b)
Start importing Assets/Art/Texture/MainLev2.0_1.asset using Guid(033d08a6343e51949924b3f742cb97bc) Importer(815301076,1909f56bfc062723c751e8b465ee728b)  -> (artifact id: 'af3d3b2b3bdc83c306ef266b34d97e97') in 0.012544 seconds 
========================================================================
Received Import Request.
  Time since last request: 0.003008 seconds.
  path: Assets/Art/Texture/MainLev2.0_5.asset
  artifactKey: Guid(1fc111d25efb8c042986ae66ec9408aa) Importer(815301076,1909f56bfc062723c751e8b465ee728b)
Start importing Assets/Art/Texture/MainLev2.0_5.asset using Guid(1fc111d25efb8c042986ae66ec9408aa) Importer(815301076,1909f56bfc062723c751e8b465ee728b)  -> (artifact id: 'f4dc87101f8cde3e8a05d076a4b8cc59') in 0.010219 seconds 
========================================================================
Received Import Request.
  Time since last request: 0.000019 seconds.
  path: Assets/Art/Texture/MainLev2.0_36.asset
  artifactKey: Guid(4641f6e6b3db6a147912e21c34b8cfb9) Importer(815301076,1909f56bfc062723c751e8b465ee728b)
Start importing Assets/Art/Texture/MainLev2.0_36.asset using Guid(4641f6e6b3db6a147912e21c34b8cfb9) Importer(815301076,1909f56bfc062723c751e8b465ee728b)  -> (artifact id: 'e953aec01957991afac2335b519671ed') in 0.011148 seconds 
========================================================================
Received Import Request.
  Time since last request: 0.000020 seconds.
  path: Assets/Art/Texture/MainLev2.0_31.asset
  artifactKey: Guid(0750390223399c743b828e5f6c8baf4d) Importer(815301076,1909f56bfc062723c751e8b465ee728b)
Start importing Assets/Art/Texture/MainLev2.0_31.asset using Guid(0750390223399c743b828e5f6c8baf4d) Importer(815301076,1909f56bfc062723c751e8b465ee728b)  -> (artifact id: 'ec9833d4c20f9c0805d1400e085c495c') in 0.011395 seconds 
========================================================================
Received Import Request.
  Time since last request: 0.000024 seconds.
  path: Assets/Art/Texture/MainLev2.0_26.asset
  artifactKey: Guid(ccd937954bb63b84fa7571e8749315fb) Importer(815301076,1909f56bfc062723c751e8b465ee728b)
Start importing Assets/Art/Texture/MainLev2.0_26.asset using Guid(ccd937954bb63b84fa7571e8749315fb) Importer(815301076,1909f56bfc062723c751e8b465ee728b)  -> (artifact id: '75be54b1dd2cb463c5099c54a70be389') in 0.010361 seconds 
========================================================================
Received Import Request.
  Time since last request: 0.000026 seconds.
  path: Assets/Art/Texture/MainLev2.0_35.asset
  artifactKey: Guid(fa4bbe6cb252ac84e90c6c3fb4244b1d) Importer(815301076,1909f56bfc062723c751e8b465ee728b)
Start importing Assets/Art/Texture/MainLev2.0_35.asset using Guid(fa4bbe6cb252ac84e90c6c3fb4244b1d) Importer(815301076,1909f56bfc062723c751e8b465ee728b)  -> (artifact id: 'df0291985596298d1844bc7eca923320') in 0.011973 seconds 
========================================================================
Received Import Request.
  Time since last request: 0.000026 seconds.
  path: Assets/Art/Texture/MainLev2.0_18.asset
  artifactKey: Guid(e8e18376f8e6bb74abe3dfd6cad04c36) Importer(815301076,1909f56bfc062723c751e8b465ee728b)
Start importing Assets/Art/Texture/MainLev2.0_18.asset using Guid(e8e18376f8e6bb74abe3dfd6cad04c36) Importer(815301076,1909f56bfc062723c751e8b465ee728b)  -> (artifact id: 'da8327c5699f99ecf8b695e8cd3deb87') in 0.010995 seconds 
========================================================================
Received Import Request.
  Time since last request: 0.000046 seconds.
  path: Assets/Art/Texture/MainLev2.0_37.asset
  artifactKey: Guid(96decb46d69686b429c32ca1575c431e) Importer(815301076,1909f56bfc062723c751e8b465ee728b)
Start importing Assets/Art/Texture/MainLev2.0_37.asset using Guid(96decb46d69686b429c32ca1575c431e) Importer(815301076,1909f56bfc062723c751e8b465ee728b)  -> (artifact id: '8e1ecc540dc606d464df1395b3ccd435') in 0.015126 seconds 
========================================================================
Received Import Request.
  Time since last request: 0.000024 seconds.
  path: Assets/Art/Texture/MainLev2.0_32.asset
  artifactKey: Guid(a2d1a57e059fe5148a22af089046853d) Importer(815301076,1909f56bfc062723c751e8b465ee728b)
Start importing Assets/Art/Texture/MainLev2.0_32.asset using Guid(a2d1a57e059fe5148a22af089046853d) Importer(815301076,1909f56bfc062723c751e8b465ee728b)  -> (artifact id: '703888fc0b4a6e685de99f8238042625') in 0.015412 seconds 
========================================================================
Received Import Request.
  Time since last request: 0.000038 seconds.
  path: Assets/Art/Texture/MainLev2.0_3.asset
  artifactKey: Guid(5c15257f4c4696e4ebe516d6dd6f0f62) Importer(815301076,1909f56bfc062723c751e8b465ee728b)
Start importing Assets/Art/Texture/MainLev2.0_3.asset using Guid(5c15257f4c4696e4ebe516d6dd6f0f62) Importer(815301076,1909f56bfc062723c751e8b465ee728b)  -> (artifact id: '3b9eeb11fb36fdee11fec4985559bd5d') in 0.015379 seconds 
========================================================================
Received Import Request.
  Time since last request: 0.000042 seconds.
  path: Assets/Art/Texture/MainLev2.0_44.asset
  artifactKey: Guid(1300646370a8ae64a9a4b4d0858b5c72) Importer(815301076,1909f56bfc062723c751e8b465ee728b)
Start importing Assets/Art/Texture/MainLev2.0_44.asset using Guid(1300646370a8ae64a9a4b4d0858b5c72) Importer(815301076,1909f56bfc062723c751e8b465ee728b)  -> (artifact id: '33995058d253bd9a85751d1a2440a1e5') in 0.015403 seconds 
========================================================================
Received Import Request.
  Time since last request: 0.000100 seconds.
  path: Assets/Art/Texture/MainLev2.0_41.asset
  artifactKey: Guid(1f6339f645cb99d459033e77d36a62a4) Importer(815301076,1909f56bfc062723c751e8b465ee728b)
Start importing Assets/Art/Texture/MainLev2.0_41.asset using Guid(1f6339f645cb99d459033e77d36a62a4) Importer(815301076,1909f56bfc062723c751e8b465ee728b)  -> (artifact id: '47fe1e89eb2960e03f2a9cc896fa2c35') in 0.013949 seconds 
========================================================================
Received Import Request.
  Time since last request: 0.000081 seconds.
  path: Assets/Art/Texture/MainLev2.0_2.asset
  artifactKey: Guid(27bfd8148a727594c970c0fd0c14b1b8) Importer(815301076,1909f56bfc062723c751e8b465ee728b)
Start importing Assets/Art/Texture/MainLev2.0_2.asset using Guid(27bfd8148a727594c970c0fd0c14b1b8) Importer(815301076,1909f56bfc062723c751e8b465ee728b)  -> (artifact id: '44b49204859695a052040b446773384e') in 0.010142 seconds 
========================================================================
Received Import Request.
  Time since last request: 0.000048 seconds.
  path: Assets/Art/Texture/MainLev2.0_7.asset
  artifactKey: Guid(d05a4b0f29bfc754eae91664854b2b0b) Importer(815301076,1909f56bfc062723c751e8b465ee728b)
Start importing Assets/Art/Texture/MainLev2.0_7.asset using Guid(d05a4b0f29bfc754eae91664854b2b0b) Importer(815301076,1909f56bfc062723c751e8b465ee728b)  -> (artifact id: 'ed07ec8138417649fcd2e9af06d8cffa') in 0.015110 seconds 
========================================================================
Received Import Request.
  Time since last request: 0.000035 seconds.
  path: Assets/Art/Texture/MainLev2.0_21.asset
  artifactKey: Guid(9af33294915491c4a88480b1a0ca10bb) Importer(815301076,1909f56bfc062723c751e8b465ee728b)
Start importing Assets/Art/Texture/MainLev2.0_21.asset using Guid(9af33294915491c4a88480b1a0ca10bb) Importer(815301076,1909f56bfc062723c751e8b465ee728b)  -> (artifact id: 'c2b144daf0f3c85d0e7aaf1c19dad22e') in 0.013138 seconds 
========================================================================
Received Import Request.
  Time since last request: 0.000045 seconds.
  path: Assets/Art/Texture/MainLev2.0_22.asset
  artifactKey: Guid(927df79f553f7de438ed12e39c019571) Importer(815301076,1909f56bfc062723c751e8b465ee728b)
Start importing Assets/Art/Texture/MainLev2.0_22.asset using Guid(927df79f553f7de438ed12e39c019571) Importer(815301076,1909f56bfc062723c751e8b465ee728b)  -> (artifact id: '1508075bc6e4e2675ad28b835a90421f') in 0.011450 seconds 
========================================================================
Received Import Request.
  Time since last request: 0.000020 seconds.
  path: Assets/Art/Texture/MainLev2.0_49.asset
  artifactKey: Guid(5bcd80e9ff9dfee409920d7daa2c47f3) Importer(815301076,1909f56bfc062723c751e8b465ee728b)
Start importing Assets/Art/Texture/MainLev2.0_49.asset using Guid(5bcd80e9ff9dfee409920d7daa2c47f3) Importer(815301076,1909f56bfc062723c751e8b465ee728b)  -> (artifact id: '2804a74ef051f86c2268f47a2702c89a') in 0.011997 seconds 
========================================================================
Received Import Request.
  Time since last request: 0.000022 seconds.
  path: Assets/Art/Texture/MainLev2.0_33.asset
  artifactKey: Guid(71cac6ac4b3fcb4469681c8a106b5ec4) Importer(815301076,1909f56bfc062723c751e8b465ee728b)
Start importing Assets/Art/Texture/MainLev2.0_33.asset using Guid(71cac6ac4b3fcb4469681c8a106b5ec4) Importer(815301076,1909f56bfc062723c751e8b465ee728b)  -> (artifact id: 'af373f7ebbfd56e419d61c2c5ac60334') in 0.016944 seconds 
========================================================================
Received Import Request.
  Time since last request: 0.000019 seconds.
  path: Assets/Art/Texture/MainLev2.0_4.asset
  artifactKey: Guid(7372ba07db0020e4bacbb9e36532758b) Importer(815301076,1909f56bfc062723c751e8b465ee728b)
Start importing Assets/Art/Texture/MainLev2.0_4.asset using Guid(7372ba07db0020e4bacbb9e36532758b) Importer(815301076,1909f56bfc062723c751e8b465ee728b)  -> (artifact id: 'f9b00d85bbd5edd9c2f0506e4e0b4399') in 0.015134 seconds 
========================================================================
Received Import Request.
  Time since last request: 0.000025 seconds.
  path: Assets/Art/Texture/MainLev2.0_8.asset
  artifactKey: Guid(214de55ec2f30454fb4e337f91aa95fd) Importer(815301076,1909f56bfc062723c751e8b465ee728b)
Start importing Assets/Art/Texture/MainLev2.0_8.asset using Guid(214de55ec2f30454fb4e337f91aa95fd) Importer(815301076,1909f56bfc062723c751e8b465ee728b)  -> (artifact id: '07c5d94e2f9ea15fb602552903daa07c') in 0.029836 seconds 
========================================================================
Received Import Request.
  Time since last request: 0.000025 seconds.
  path: Assets/Art/Texture/MainLev2.0_15.asset
  artifactKey: Guid(9523e3b0b20090644890c01b6098df06) Importer(815301076,1909f56bfc062723c751e8b465ee728b)
Start importing Assets/Art/Texture/MainLev2.0_15.asset using Guid(9523e3b0b20090644890c01b6098df06) Importer(815301076,1909f56bfc062723c751e8b465ee728b)  -> (artifact id: '4907c8c9f7824be46f33a94760eef9dc') in 0.010642 seconds 
========================================================================
Received Import Request.
  Time since last request: 0.000036 seconds.
  path: Assets/Art/Texture/MainLev2.0_39.asset
  artifactKey: Guid(08abd5afd099c7747bc59203801ca424) Importer(815301076,1909f56bfc062723c751e8b465ee728b)
Start importing Assets/Art/Texture/MainLev2.0_39.asset using Guid(08abd5afd099c7747bc59203801ca424) Importer(815301076,1909f56bfc062723c751e8b465ee728b)  -> (artifact id: '4c0bc25dac5791c226ef5fe4b4120b1a') in 0.009585 seconds 
========================================================================
Received Import Request.
  Time since last request: 0.000038 seconds.
  path: Assets/Art/Texture/MainLev2.0_10.asset
  artifactKey: Guid(257e7cfe719d1ab4d9082ceb19b6bbb3) Importer(815301076,1909f56bfc062723c751e8b465ee728b)
Start importing Assets/Art/Texture/MainLev2.0_10.asset using Guid(257e7cfe719d1ab4d9082ceb19b6bbb3) Importer(815301076,1909f56bfc062723c751e8b465ee728b)  -> (artifact id: '0bd7ec4ff6b7b1989e5862f1572efe2d') in 0.010694 seconds 
========================================================================
Received Import Request.
  Time since last request: 0.000029 seconds.
  path: Assets/Art/Texture/MainLev2.0_29.asset
  artifactKey: Guid(13cc003c4c225f84fb5e5f773f2e94cb) Importer(815301076,1909f56bfc062723c751e8b465ee728b)
Start importing Assets/Art/Texture/MainLev2.0_29.asset using Guid(13cc003c4c225f84fb5e5f773f2e94cb) Importer(815301076,1909f56bfc062723c751e8b465ee728b)  -> (artifact id: 'c81857673693c9f6e150620105bc7f75') in 0.010180 seconds 
========================================================================
Received Import Request.
  Time since last request: 0.000024 seconds.
  path: Assets/Art/Texture/MainLev2.0_24.asset
  artifactKey: Guid(6b4f683136365ce4b8b6b9165aabd1b5) Importer(815301076,1909f56bfc062723c751e8b465ee728b)
Start importing Assets/Art/Texture/MainLev2.0_24.asset using Guid(6b4f683136365ce4b8b6b9165aabd1b5) Importer(815301076,1909f56bfc062723c751e8b465ee728b)  -> (artifact id: '0fb68b202a0d003ce131919a37c5ae8a') in 0.009941 seconds 
========================================================================
Received Import Request.
  Time since last request: 0.000026 seconds.
  path: Assets/Art/Texture/MainLev2.0_27.asset
  artifactKey: Guid(d6a1dace080cd114694070b9fcd87bfe) Importer(815301076,1909f56bfc062723c751e8b465ee728b)
Start importing Assets/Art/Texture/MainLev2.0_27.asset using Guid(d6a1dace080cd114694070b9fcd87bfe) Importer(815301076,1909f56bfc062723c751e8b465ee728b)  -> (artifact id: 'f6ca95b3af08c60428ad29300842086d') in 0.009082 seconds 
Editor requested this worker to shutdown with reason: Scaling down because of idle timeout
AssetImportWorker is now disconnected from the server
Process exiting
Exiting without the bug reporter. Application will terminate with return code 0