Using pre-set license
Built from '2021.3/evg/staging/82bb020e-b03b1330/draft-0' branch; Version is '2021.3.16f1 (4016570cf34f) revision 4200023'; Using compiler version '192829333'; Build Type 'Release'
OS: 'Windows 11  (10.0.22621) 64bit Core' Language: 'en' Physical Memory: 15714 MB
BatchMode: 1, IsHumanControllingUs: 0, StartBugReporterOnCrash: 0, Is64bit: 1, IsPro: 1

COMMAND LINE ARGUMENTS:
C:\Program Files\Unity\Hub\Editor\2021.3.16f1\Editor\Unity.exe
-adb2
-batchMode
-noUpm
-name
AssetImportWorker9
-projectPath
C:/Users/fabio/Documents/Projet-S2/Tales-of-Hivnir/Tiles-Of-Hivnir
-logFile
Logs/AssetImportWorker9.log
-srvPort
52366
Successfully changed project path to: C:/Users/fabio/Documents/Projet-S2/Tales-of-Hivnir/Tiles-Of-Hivnir
C:/Users/fabio/Documents/Projet-S2/Tales-of-Hivnir/Tiles-Of-Hivnir
[UnityMemory] Configuration Parameters - Can be set up in boot.config
    "memorysetup-bucket-allocator-granularity=16"
    "memorysetup-bucket-allocator-bucket-count=8"
    "memorysetup-bucket-allocator-block-size=33554432"
    "memorysetup-bucket-allocator-block-count=8"
    "memorysetup-main-allocator-block-size=16777216"
    "memorysetup-thread-allocator-block-size=16777216"
    "memorysetup-gfx-main-allocator-block-size=16777216"
    "memorysetup-gfx-thread-allocator-block-size=16777216"
    "memorysetup-cache-allocator-block-size=4194304"
    "memorysetup-typetree-allocator-block-size=2097152"
    "memorysetup-profiler-bucket-allocator-granularity=16"
    "memorysetup-profiler-bucket-allocator-bucket-count=8"
    "memorysetup-profiler-bucket-allocator-block-size=33554432"
    "memorysetup-profiler-bucket-allocator-block-count=8"
    "memorysetup-profiler-allocator-block-size=16777216"
    "memorysetup-profiler-editor-allocator-block-size=1048576"
    "memorysetup-temp-allocator-size-main=16777216"
    "memorysetup-job-temp-allocator-block-size=2097152"
    "memorysetup-job-temp-allocator-block-size-background=1048576"
    "memorysetup-job-temp-allocator-reduction-small-platforms=262144"
    "memorysetup-temp-allocator-size-background-worker=32768"
    "memorysetup-temp-allocator-size-job-worker=262144"
    "memorysetup-temp-allocator-size-preload-manager=33554432"
    "memorysetup-temp-allocator-size-nav-mesh-worker=65536"
    "memorysetup-temp-allocator-size-audio-worker=65536"
    "memorysetup-temp-allocator-size-cloud-worker=32768"
    "memorysetup-temp-allocator-size-gi-baking-worker=262144"
    "memorysetup-temp-allocator-size-gfx=262144"
Player connection [29352] Host "[IP] 10.193.47.166 [Port] 0 [Flags] 2 [Guid] 803508224 [EditorId] 803508224 [Version] 1048832 [Id] WindowsEditor(7,HP_Pavilion_Fab) [Debug] 1 [PackageName] WindowsEditor [ProjectName] Editor" joined multi-casting on [225.0.0.222:54997]...

Player connection [29352] Host "[IP] 10.193.47.166 [Port] 0 [Flags] 2 [Guid] 803508224 [EditorId] 803508224 [Version] 1048832 [Id] WindowsEditor(7,HP_Pavilion_Fab) [Debug] 1 [PackageName] WindowsEditor [ProjectName] Editor" joined alternative multi-casting on [225.0.0.222:34997]...

Refreshing native plugins compatible for Editor in 143.10 ms, found 3 plugins.
Preloading 0 native plugins for Editor in 0.00 ms.
Initialize engine version: 2021.3.16f1 (4016570cf34f)
[Subsystems] Discovering subsystems at path C:/Program Files/Unity/Hub/Editor/2021.3.16f1/Editor/Data/Resources/UnitySubsystems
[Subsystems] Discovering subsystems at path C:/Users/fabio/Documents/Projet-S2/Tales-of-Hivnir/Tiles-Of-Hivnir/Assets
GfxDevice: creating device client; threaded=0; jobified=0
Direct3D:
    Version:  Direct3D 11.0 [level 11.1]
    Renderer: AMD Radeon (TM) Graphics (ID=0x15e7)
    Vendor:   ATI
    VRAM:     7857 MB
    Driver:   30.0.14046.1000
Initialize mono
Mono path[0] = 'C:/Program Files/Unity/Hub/Editor/2021.3.16f1/Editor/Data/Managed'
Mono path[1] = 'C:/Program Files/Unity/Hub/Editor/2021.3.16f1/Editor/Data/MonoBleedingEdge/lib/mono/unityjit-win32'
Mono config path = 'C:/Program Files/Unity/Hub/Editor/2021.3.16f1/Editor/Data/MonoBleedingEdge/etc'
Using monoOptions --debugger-agent=transport=dt_socket,embedding=1,server=y,suspend=n,address=127.0.0.1:56864
Begin MonoManager ReloadAssembly
Registering precompiled unity dll's ...
Register platform support module: C:/Program Files/Unity/Hub/Editor/2021.3.16f1/Editor/Data/PlaybackEngines/WindowsStandaloneSupport/UnityEditor.WindowsStandalone.Extensions.dll
Registered in 0.007014 seconds.
Native extension for WindowsStandalone target not found
Refreshing native plugins compatible for Editor in 77.19 ms, found 3 plugins.
Preloading 0 native plugins for Editor in 0.00 ms.
Mono: successfully reloaded assembly
- Completed reload, in  0.644 seconds
Domain Reload Profiling:
	ReloadAssembly (645ms)
		BeginReloadAssembly (77ms)
			ExecutionOrderSort (0ms)
			DisableScriptedObjects (0ms)
			BackupInstance (0ms)
			ReleaseScriptingObjects (0ms)
			CreateAndSetChildDomain (1ms)
		EndReloadAssembly (430ms)
			LoadAssemblies (75ms)
			RebuildTransferFunctionScriptingTraits (0ms)
			SetupTypeCache (96ms)
			ReleaseScriptCaches (0ms)
			RebuildScriptCaches (23ms)
			SetupLoadedEditorAssemblies (261ms)
				LogAssemblyErrors (0ms)
				InitializePlatformSupportModulesInManaged (8ms)
				SetLoadedEditorAssemblies (0ms)
				RefreshPlugins (77ms)
				BeforeProcessingInitializeOnLoad (1ms)
				ProcessInitializeOnLoadAttributes (131ms)
				ProcessInitializeOnLoadMethodAttributes (43ms)
				AfterProcessingInitializeOnLoad (0ms)
				EditorAssembliesLoaded (0ms)
			ExecutionOrderSort2 (0ms)
			AwakeInstancesAfterBackupRestoration (0ms)
Platform modules already initialized, skipping
Registering precompiled user dll's ...
Registered in 0.010471 seconds.
Begin MonoManager ReloadAssembly
Native extension for WindowsStandalone target not found
Refreshing native plugins compatible for Editor in 78.95 ms, found 3 plugins.
Preloading 0 native plugins for Editor in 0.00 ms.
Mono: successfully reloaded assembly
- Completed reload, in  1.095 seconds
Domain Reload Profiling:
	ReloadAssembly (1096ms)
		BeginReloadAssembly (118ms)
			ExecutionOrderSort (0ms)
			DisableScriptedObjects (6ms)
			BackupInstance (0ms)
			ReleaseScriptingObjects (0ms)
			CreateAndSetChildDomain (23ms)
		EndReloadAssembly (855ms)
			LoadAssemblies (97ms)
			RebuildTransferFunctionScriptingTraits (0ms)
			SetupTypeCache (199ms)
			ReleaseScriptCaches (0ms)
			RebuildScriptCaches (51ms)
			SetupLoadedEditorAssemblies (463ms)
				LogAssemblyErrors (0ms)
				InitializePlatformSupportModulesInManaged (4ms)
				SetLoadedEditorAssemblies (0ms)
				RefreshPlugins (79ms)
				BeforeProcessingInitializeOnLoad (84ms)
				ProcessInitializeOnLoadAttributes (237ms)
				ProcessInitializeOnLoadMethodAttributes (49ms)
				AfterProcessingInitializeOnLoad (9ms)
				EditorAssembliesLoaded (0ms)
			ExecutionOrderSort2 (0ms)
			AwakeInstancesAfterBackupRestoration (7ms)
Platform modules already initialized, skipping
========================================================================
Worker process is ready to serve import requests
Launched and connected shader compiler UnityShaderCompiler.exe after 0.06 seconds
Refreshing native plugins compatible for Editor in 1.36 ms, found 3 plugins.
Preloading 0 native plugins for Editor in 0.00 ms.
Unloading 2826 Unused Serialized files (Serialized files now loaded: 0)
Unloading 38 unused Assets / (30.2 KB). Loaded Objects now: 3289.
Memory consumption went from 130.5 MB to 130.5 MB.
Total: 3.721000 ms (FindLiveObjects: 0.248400 ms CreateObjectMapping: 0.099600 ms MarkObjects: 3.337300 ms  DeleteObjects: 0.034600 ms)

AssetImportParameters requested are different than current active one (requested -> active):
  custom:video-decoder-ogg-theora: a1e56fd34408186e4bbccfd4996cb3dc -> 
  custom:container-muxer-webm: aa71ff27fc2769a1b78a27578f13a17b -> 
  custom:container-demuxer-webm: 4f35f7cbe854078d1ac9338744f61a02 -> 
  custom:video-encoder-webm-vp8: eb34c28f22e8b96e1ab97ce403110664 -> 
  custom:video-codec-MediaFoundation-h265: 746d11721c4dcdbdad8f713fa42b33f4 -> 
  custom:audio-encoder-webm-vorbis: bf7c407c2cedff20999df2af8eb42d56 -> 
  custom:framework-win-MediaFoundation: 216162199b28c13a410421893ffa2e32 -> 
  custom:container-demuxer-ogg: 62fdf1f143b41e24485cea50d1cbac27 -> 
  custom:video-decoder-webm-vp8: 9c59270c3fd7afecdb556c50c9e8de78 -> 
  custom:audio-decoder-ogg-vorbis: bf7c407c2cedff20999df2af8eb42d56 -> 
========================================================================
Received Import Request.
  Time since last request: 237647.371088 seconds.
  path: Assets/Resources/chest 1.prefab
  artifactKey: Guid(1610a886ebb7fcc4698e68249dc5f50f) Importer(815301076,1909f56bfc062723c751e8b465ee728b)
Start importing Assets/Resources/chest 1.prefab using Guid(1610a886ebb7fcc4698e68249dc5f50f) Importer(815301076,1909f56bfc062723c751e8b465ee728b)  -> (artifact id: '09bfbf582e179e6baf8d295e7a3839e4') in 0.054585 seconds 
========================================================================
Received Import Request.
  Time since last request: 0.000028 seconds.
  path: Assets/Resources/Skeleton.prefab
  artifactKey: Guid(97dbb262a88dec64b83cce62abce855a) Importer(815301076,1909f56bfc062723c751e8b465ee728b)
Start importing Assets/Resources/Skeleton.prefab using Guid(97dbb262a88dec64b83cce62abce855a) Importer(815301076,1909f56bfc062723c751e8b465ee728b)  -> (artifact id: 'd827339102226ca392d6b714c68d17fa') in 0.122437 seconds 
========================================================================
Received Import Request.
  Time since last request: 0.000041 seconds.
  path: Assets/Resources/detect.prefab
  artifactKey: Guid(dd689dbf258813f4eb0fee928214d5d9) Importer(815301076,1909f56bfc062723c751e8b465ee728b)
Start importing Assets/Resources/detect.prefab using Guid(dd689dbf258813f4eb0fee928214d5d9) Importer(815301076,1909f56bfc062723c751e8b465ee728b)  -> (artifact id: '08b47080f6750269b8d37771d98e50ca') in 0.011115 seconds 
========================================================================
Received Import Request.
  Time since last request: 0.000035 seconds.
  path: Assets/Resources/DragonFly.prefab
  artifactKey: Guid(b10bbad8f39890f47947bebb3081d93e) Importer(815301076,1909f56bfc062723c751e8b465ee728b)
Start importing Assets/Resources/DragonFly.prefab using Guid(b10bbad8f39890f47947bebb3081d93e) Importer(815301076,1909f56bfc062723c751e8b465ee728b)  -> (artifact id: '411299083565b6b6ac30d760b2886717') in 0.029433 seconds 
========================================================================
Received Import Request.
  Time since last request: 0.000030 seconds.
  path: Assets/Resources/Player 1.prefab
  artifactKey: Guid(e28760ba7297a4c47a332e92b5d700eb) Importer(815301076,1909f56bfc062723c751e8b465ee728b)
Start importing Assets/Resources/Player 1.prefab using Guid(e28760ba7297a4c47a332e92b5d700eb) Importer(815301076,1909f56bfc062723c751e8b465ee728b)  -> (artifact id: '8deec35feef039c08f25316cbd9a72cd') in 0.074751 seconds 
========================================================================
Received Prepare
Registering precompiled user dll's ...
Registered in 0.013166 seconds.
Begin MonoManager ReloadAssembly
Native extension for WindowsStandalone target not found
Refreshing native plugins compatible for Editor in 2.69 ms, found 3 plugins.
Preloading 0 native plugins for Editor in 0.00 ms.
Mono: successfully reloaded assembly
- Completed reload, in  1.973 seconds
Domain Reload Profiling:
	ReloadAssembly (1974ms)
		BeginReloadAssembly (156ms)
			ExecutionOrderSort (0ms)
			DisableScriptedObjects (6ms)
			BackupInstance (0ms)
			ReleaseScriptingObjects (0ms)
			CreateAndSetChildDomain (47ms)
		EndReloadAssembly (1664ms)
			LoadAssemblies (142ms)
			RebuildTransferFunctionScriptingTraits (0ms)
			SetupTypeCache (525ms)
			ReleaseScriptCaches (5ms)
			RebuildScriptCaches (137ms)
			SetupLoadedEditorAssemblies (693ms)
				LogAssemblyErrors (0ms)
				InitializePlatformSupportModulesInManaged (26ms)
				SetLoadedEditorAssemblies (1ms)
				RefreshPlugins (3ms)
				BeforeProcessingInitializeOnLoad (154ms)
				ProcessInitializeOnLoadAttributes (409ms)
				ProcessInitializeOnLoadMethodAttributes (82ms)
				AfterProcessingInitializeOnLoad (17ms)
				EditorAssembliesLoaded (0ms)
			ExecutionOrderSort2 (0ms)
			AwakeInstancesAfterBackupRestoration (16ms)
Platform modules already initialized, skipping
Refreshing native plugins compatible for Editor in 7.01 ms, found 3 plugins.
Preloading 0 native plugins for Editor in 0.00 ms.
Unloading 2800 Unused Serialized files (Serialized files now loaded: 0)
Unloading 27 unused Assets / (32.7 KB). Loaded Objects now: 3304.
Memory consumption went from 132.9 MB to 132.9 MB.
Total: 7.797600 ms (FindLiveObjects: 0.595900 ms CreateObjectMapping: 0.115500 ms MarkObjects: 6.910900 ms  DeleteObjects: 0.171800 ms)

AssetImportParameters requested are different than current active one (requested -> active):
  custom:video-decoder-ogg-theora: a1e56fd34408186e4bbccfd4996cb3dc -> 
  custom:container-muxer-webm: aa71ff27fc2769a1b78a27578f13a17b -> 
  custom:container-demuxer-webm: 4f35f7cbe854078d1ac9338744f61a02 -> 
  custom:video-encoder-webm-vp8: eb34c28f22e8b96e1ab97ce403110664 -> 
  custom:video-codec-MediaFoundation-h265: 746d11721c4dcdbdad8f713fa42b33f4 -> 
  custom:audio-encoder-webm-vorbis: bf7c407c2cedff20999df2af8eb42d56 -> 
  custom:framework-win-MediaFoundation: 216162199b28c13a410421893ffa2e32 -> 
  custom:container-demuxer-ogg: 62fdf1f143b41e24485cea50d1cbac27 -> 
  custom:video-decoder-webm-vp8: 9c59270c3fd7afecdb556c50c9e8de78 -> 
  custom:audio-decoder-ogg-vorbis: bf7c407c2cedff20999df2af8eb42d56 -> 
========================================================================
Received Prepare
Registering precompiled user dll's ...
Registered in 0.012563 seconds.
Begin MonoManager ReloadAssembly
Native extension for WindowsStandalone target not found
Refreshing native plugins compatible for Editor in 2.93 ms, found 3 plugins.
Preloading 0 native plugins for Editor in 0.00 ms.
Mono: successfully reloaded assembly
- Completed reload, in  1.976 seconds
Domain Reload Profiling:
	ReloadAssembly (1977ms)
		BeginReloadAssembly (257ms)
			ExecutionOrderSort (0ms)
			DisableScriptedObjects (13ms)
			BackupInstance (0ms)
			ReleaseScriptingObjects (0ms)
			CreateAndSetChildDomain (75ms)
		EndReloadAssembly (1530ms)
			LoadAssemblies (186ms)
			RebuildTransferFunctionScriptingTraits (0ms)
			SetupTypeCache (401ms)
			ReleaseScriptCaches (4ms)
			RebuildScriptCaches (114ms)
			SetupLoadedEditorAssemblies (745ms)
				LogAssemblyErrors (0ms)
				InitializePlatformSupportModulesInManaged (24ms)
				SetLoadedEditorAssemblies (1ms)
				RefreshPlugins (3ms)
				BeforeProcessingInitializeOnLoad (153ms)
				ProcessInitializeOnLoadAttributes (465ms)
				ProcessInitializeOnLoadMethodAttributes (80ms)
				AfterProcessingInitializeOnLoad (20ms)
				EditorAssembliesLoaded (0ms)
			ExecutionOrderSort2 (0ms)
			AwakeInstancesAfterBackupRestoration (16ms)
Platform modules already initialized, skipping
Refreshing native plugins compatible for Editor in 6.47 ms, found 3 plugins.
Preloading 0 native plugins for Editor in 0.00 ms.
Unloading 2800 Unused Serialized files (Serialized files now loaded: 0)
Unloading 25 unused Assets / (31.8 KB). Loaded Objects now: 3307.
Memory consumption went from 132.9 MB to 132.9 MB.
Total: 5.809500 ms (FindLiveObjects: 0.338700 ms CreateObjectMapping: 0.193600 ms MarkObjects: 5.189300 ms  DeleteObjects: 0.085000 ms)

AssetImportParameters requested are different than current active one (requested -> active):
  custom:video-decoder-ogg-theora: a1e56fd34408186e4bbccfd4996cb3dc -> 
  custom:container-muxer-webm: aa71ff27fc2769a1b78a27578f13a17b -> 
  custom:container-demuxer-webm: 4f35f7cbe854078d1ac9338744f61a02 -> 
  custom:video-encoder-webm-vp8: eb34c28f22e8b96e1ab97ce403110664 -> 
  custom:video-codec-MediaFoundation-h265: 746d11721c4dcdbdad8f713fa42b33f4 -> 
  custom:audio-encoder-webm-vorbis: bf7c407c2cedff20999df2af8eb42d56 -> 
  custom:framework-win-MediaFoundation: 216162199b28c13a410421893ffa2e32 -> 
  custom:container-demuxer-ogg: 62fdf1f143b41e24485cea50d1cbac27 -> 
  custom:video-decoder-webm-vp8: 9c59270c3fd7afecdb556c50c9e8de78 -> 
  custom:audio-decoder-ogg-vorbis: bf7c407c2cedff20999df2af8eb42d56 -> 
========================================================================
Received Prepare
Registering precompiled user dll's ...
Registered in 0.012320 seconds.
Begin MonoManager ReloadAssembly
Native extension for WindowsStandalone target not found
Refreshing native plugins compatible for Editor in 2.75 ms, found 3 plugins.
Preloading 0 native plugins for Editor in 0.00 ms.
Mono: successfully reloaded assembly
- Completed reload, in  1.956 seconds
Domain Reload Profiling:
	ReloadAssembly (1958ms)
		BeginReloadAssembly (268ms)
			ExecutionOrderSort (0ms)
			DisableScriptedObjects (12ms)
			BackupInstance (0ms)
			ReleaseScriptingObjects (0ms)
			CreateAndSetChildDomain (82ms)
		EndReloadAssembly (1490ms)
			LoadAssemblies (200ms)
			RebuildTransferFunctionScriptingTraits (0ms)
			SetupTypeCache (405ms)
			ReleaseScriptCaches (4ms)
			RebuildScriptCaches (117ms)
			SetupLoadedEditorAssemblies (683ms)
				LogAssemblyErrors (0ms)
				InitializePlatformSupportModulesInManaged (24ms)
				SetLoadedEditorAssemblies (1ms)
				RefreshPlugins (3ms)
				BeforeProcessingInitializeOnLoad (147ms)
				ProcessInitializeOnLoadAttributes (411ms)
				ProcessInitializeOnLoadMethodAttributes (81ms)
				AfterProcessingInitializeOnLoad (16ms)
				EditorAssembliesLoaded (1ms)
			ExecutionOrderSort2 (0ms)
			AwakeInstancesAfterBackupRestoration (18ms)
Platform modules already initialized, skipping
Refreshing native plugins compatible for Editor in 7.61 ms, found 3 plugins.
Preloading 0 native plugins for Editor in 0.00 ms.
Unloading 2800 Unused Serialized files (Serialized files now loaded: 0)
Unloading 25 unused Assets / (31.8 KB). Loaded Objects now: 3310.
Memory consumption went from 132.9 MB to 132.9 MB.
Total: 7.304800 ms (FindLiveObjects: 0.391400 ms CreateObjectMapping: 0.227500 ms MarkObjects: 6.630000 ms  DeleteObjects: 0.053300 ms)

AssetImportParameters requested are different than current active one (requested -> active):
  custom:video-decoder-ogg-theora: a1e56fd34408186e4bbccfd4996cb3dc -> 
  custom:container-muxer-webm: aa71ff27fc2769a1b78a27578f13a17b -> 
  custom:container-demuxer-webm: 4f35f7cbe854078d1ac9338744f61a02 -> 
  custom:video-encoder-webm-vp8: eb34c28f22e8b96e1ab97ce403110664 -> 
  custom:video-codec-MediaFoundation-h265: 746d11721c4dcdbdad8f713fa42b33f4 -> 
  custom:audio-encoder-webm-vorbis: bf7c407c2cedff20999df2af8eb42d56 -> 
  custom:framework-win-MediaFoundation: 216162199b28c13a410421893ffa2e32 -> 
  custom:container-demuxer-ogg: 62fdf1f143b41e24485cea50d1cbac27 -> 
  custom:video-decoder-webm-vp8: 9c59270c3fd7afecdb556c50c9e8de78 -> 
  custom:audio-decoder-ogg-vorbis: bf7c407c2cedff20999df2af8eb42d56 -> 
========================================================================
Received Import Request.
  Time since last request: 738.753548 seconds.
  path: Assets/Objets/Elixir of Life.asset
  artifactKey: Guid(07ed5fab9b51ced468d0c0d5187e8a86) Importer(815301076,1909f56bfc062723c751e8b465ee728b)
Start importing Assets/Objets/Elixir of Life.asset using Guid(07ed5fab9b51ced468d0c0d5187e8a86) Importer(815301076,1909f56bfc062723c751e8b465ee728b)  -> (artifact id: '77626da2fe3f86668652ed1a20e10369') in 0.031466 seconds 
========================================================================
Received Import Request.
  Time since last request: 0.000021 seconds.
  path: Assets/Objets/Potion_Test1.asset
  artifactKey: Guid(c5ecb93688946a049a2bcc27e88459e5) Importer(815301076,1909f56bfc062723c751e8b465ee728b)
Start importing Assets/Objets/Potion_Test1.asset using Guid(c5ecb93688946a049a2bcc27e88459e5) Importer(815301076,1909f56bfc062723c751e8b465ee728b)  -> (artifact id: '4eecc40fa5d2f30a0747762144d85656') in 0.009710 seconds 
========================================================================
Received Import Request.
  Time since last request: 37.788474 seconds.
  path: Assets/25 Rpg Game Tracks/Action 2 (Loop).wav
  artifactKey: Guid(3f9d2a49059160546818cd858b1adc43) Importer(815301076,1909f56bfc062723c751e8b465ee728b)
Start importing Assets/25 Rpg Game Tracks/Action 2 (Loop).wav using Guid(3f9d2a49059160546818cd858b1adc43) Importer(815301076,1909f56bfc062723c751e8b465ee728b)  -> (artifact id: '899487a64ffbb6bb0f2d6749d2c823dd') in 0.107442 seconds 
========================================================================
Received Import Request.
  Time since last request: 0.000032 seconds.
  path: Assets/25 Rpg Game Tracks/Light Ambient 2 (Loop).wav
  artifactKey: Guid(ac699d8cc40c8f644ab5330e41d96588) Importer(815301076,1909f56bfc062723c751e8b465ee728b)
Start importing Assets/25 Rpg Game Tracks/Light Ambient 2 (Loop).wav using Guid(ac699d8cc40c8f644ab5330e41d96588) Importer(815301076,1909f56bfc062723c751e8b465ee728b)  -> (artifact id: '8848a2a6b9cdf988d9012d0ef04a1f6a') in 0.023841 seconds 
========================================================================
Received Import Request.
  Time since last request: 0.000052 seconds.
  path: Assets/25 Rpg Game Tracks/Light Ambient 4 (Loop).wav
  artifactKey: Guid(d227190cd67e95b4c9250cdf23dae34d) Importer(815301076,1909f56bfc062723c751e8b465ee728b)
Start importing Assets/25 Rpg Game Tracks/Light Ambient 4 (Loop).wav using Guid(d227190cd67e95b4c9250cdf23dae34d) Importer(815301076,1909f56bfc062723c751e8b465ee728b)  -> (artifact id: 'ccae68a3ee780bd5b0e8b4eec38175f5') in 0.023726 seconds 
========================================================================
Received Import Request.
  Time since last request: 0.000129 seconds.
  path: Assets/25 Rpg Game Tracks/Action 3 (Loop).wav
  artifactKey: Guid(75809951836972743baf521ade23dca0) Importer(815301076,1909f56bfc062723c751e8b465ee728b)
Start importing Assets/25 Rpg Game Tracks/Action 3 (Loop).wav using Guid(75809951836972743baf521ade23dca0) Importer(815301076,1909f56bfc062723c751e8b465ee728b)  -> (artifact id: 'fed5573ba25a534ae4305ef3069e2bc2') in 0.046337 seconds 
========================================================================
Received Import Request.
  Time since last request: 0.000038 seconds.
  path: Assets/25 Rpg Game Tracks/Action 4 (Loop).wav
  artifactKey: Guid(c7539e82f49a8554cae4b061c0ff1227) Importer(815301076,1909f56bfc062723c751e8b465ee728b)
Start importing Assets/25 Rpg Game Tracks/Action 4 (Loop).wav using Guid(c7539e82f49a8554cae4b061c0ff1227) Importer(815301076,1909f56bfc062723c751e8b465ee728b)  -> (artifact id: '08af5c972d09742afe838e85b2373c25') in 0.034093 seconds 
========================================================================
Received Import Request.
  Time since last request: 0.000039 seconds.
  path: Assets/25 Rpg Game Tracks/Light Ambient 5 (Loop).wav
  artifactKey: Guid(2d6db0da4edfed74092f72177440b215) Importer(815301076,1909f56bfc062723c751e8b465ee728b)
Start importing Assets/25 Rpg Game Tracks/Light Ambient 5 (Loop).wav using Guid(2d6db0da4edfed74092f72177440b215) Importer(815301076,1909f56bfc062723c751e8b465ee728b)  -> (artifact id: '204cbf9c6f8d2e2b3911d3962d2de171') in 0.041329 seconds 
========================================================================
Received Import Request.
  Time since last request: 0.000032 seconds.
  path: Assets/25 Rpg Game Tracks/Strange.wav
  artifactKey: Guid(fe3018dbfd00f04429fa5b0feab4ac61) Importer(815301076,1909f56bfc062723c751e8b465ee728b)
Start importing Assets/25 Rpg Game Tracks/Strange.wav using Guid(fe3018dbfd00f04429fa5b0feab4ac61) Importer(815301076,1909f56bfc062723c751e8b465ee728b)  -> (artifact id: 'f0711f3fb633daa1f4fef25125f320fa') in 0.023434 seconds 
========================================================================
Received Import Request.
  Time since last request: 0.000034 seconds.
  path: Assets/25 Rpg Game Tracks/Ambient 4.wav
  artifactKey: Guid(b82b0d87309722341a8926c780d9426d) Importer(815301076,1909f56bfc062723c751e8b465ee728b)
Start importing Assets/25 Rpg Game Tracks/Ambient 4.wav using Guid(b82b0d87309722341a8926c780d9426d) Importer(815301076,1909f56bfc062723c751e8b465ee728b)  -> (artifact id: '68e5bedf7cb47635cb7e0c207d8ab845') in 0.021150 seconds 
========================================================================
Received Import Request.
  Time since last request: 0.000032 seconds.
  path: Assets/25 Rpg Game Tracks/Ambient 6.wav
  artifactKey: Guid(f7c94b00546f2484ea827051a05081a4) Importer(815301076,1909f56bfc062723c751e8b465ee728b)
Start importing Assets/25 Rpg Game Tracks/Ambient 6.wav using Guid(f7c94b00546f2484ea827051a05081a4) Importer(815301076,1909f56bfc062723c751e8b465ee728b)  -> (artifact id: 'ebe07c84ac9de69e471ff7c906a23c52') in 0.029716 seconds 
========================================================================
Received Import Request.
  Time since last request: 0.000044 seconds.
  path: Assets/25 Rpg Game Tracks/Ambient 2.wav
  artifactKey: Guid(40ac39dff6e2f354f81de00e760e72fd) Importer(815301076,1909f56bfc062723c751e8b465ee728b)
Start importing Assets/25 Rpg Game Tracks/Ambient 2.wav using Guid(40ac39dff6e2f354f81de00e760e72fd) Importer(815301076,1909f56bfc062723c751e8b465ee728b)  -> (artifact id: 'e155bcb5a4a64b9ae9581518020d84dd') in 0.024503 seconds 
========================================================================
Received Import Request.
  Time since last request: 0.000021 seconds.
  path: Assets/25 Rpg Game Tracks/Ambient 5.wav
  artifactKey: Guid(c38584c2f7da9da44a2c277f1cb756d6) Importer(815301076,1909f56bfc062723c751e8b465ee728b)
Start importing Assets/25 Rpg Game Tracks/Ambient 5.wav using Guid(c38584c2f7da9da44a2c277f1cb756d6) Importer(815301076,1909f56bfc062723c751e8b465ee728b)  -> (artifact id: '449f6e28bfef7ed37b31557c8672becd') in 0.037922 seconds 
========================================================================
Received Import Request.
  Time since last request: 0.000050 seconds.
  path: Assets/25 Rpg Game Tracks/Ambient 7.wav
  artifactKey: Guid(8b9cb98176c68a2409b2dc72d30e95a3) Importer(815301076,1909f56bfc062723c751e8b465ee728b)
Start importing Assets/25 Rpg Game Tracks/Ambient 7.wav using Guid(8b9cb98176c68a2409b2dc72d30e95a3) Importer(815301076,1909f56bfc062723c751e8b465ee728b)  -> (artifact id: 'd91001120fc45f3a7eabf1b7ce4a7983') in 0.024212 seconds 
========================================================================
Received Import Request.
  Time since last request: 0.000039 seconds.
  path: Assets/25 Rpg Game Tracks/Night Ambient 2 (Loop).wav
  artifactKey: Guid(f5014cb6bee765148896a2729ae8f91f) Importer(815301076,1909f56bfc062723c751e8b465ee728b)
Start importing Assets/25 Rpg Game Tracks/Night Ambient 2 (Loop).wav using Guid(f5014cb6bee765148896a2729ae8f91f) Importer(815301076,1909f56bfc062723c751e8b465ee728b)  -> (artifact id: '2dc261d70d58cbef7c40a3b92369ce43') in 0.030034 seconds 
========================================================================
Received Import Request.
  Time since last request: 0.000028 seconds.
  path: Assets/25 Rpg Game Tracks/Action 5 (Loop).wav
  artifactKey: Guid(826bb8ea4939f9340ba3d55e1120eb1f) Importer(815301076,1909f56bfc062723c751e8b465ee728b)
Start importing Assets/25 Rpg Game Tracks/Action 5 (Loop).wav using Guid(826bb8ea4939f9340ba3d55e1120eb1f) Importer(815301076,1909f56bfc062723c751e8b465ee728b)  -> (artifact id: 'ad7b4508686c13ad5dccf713cf052d6e') in 0.032299 seconds 
========================================================================
Received Import Request.
  Time since last request: 0.000034 seconds.
  path: Assets/25 Rpg Game Tracks/Complete.wav
  artifactKey: Guid(a2b51b225bf36d84d8229678edb7762e) Importer(815301076,1909f56bfc062723c751e8b465ee728b)
Start importing Assets/25 Rpg Game Tracks/Complete.wav using Guid(a2b51b225bf36d84d8229678edb7762e) Importer(815301076,1909f56bfc062723c751e8b465ee728b)  -> (artifact id: '3fa8718db04943a6a89144213ca78660') in 0.021246 seconds 
========================================================================
Received Import Request.
  Time since last request: 3.678465 seconds.
  path: Assets/music/Cold wind sound effect.wav
  artifactKey: Guid(bb3d462a77a705743901d31f8b5bebdf) Importer(815301076,1909f56bfc062723c751e8b465ee728b)
Start importing Assets/music/Cold wind sound effect.wav using Guid(bb3d462a77a705743901d31f8b5bebdf) Importer(815301076,1909f56bfc062723c751e8b465ee728b)  -> (artifact id: '82e029f36d98fa0a9babe935a3ca5fd9') in 0.013185 seconds 
========================================================================
Received Import Request.
  Time since last request: 0.000021 seconds.
  path: Assets/music/wanderer.wav
  artifactKey: Guid(241ca979e2ccb814fa09c261c836239e) Importer(815301076,1909f56bfc062723c751e8b465ee728b)
Start importing Assets/music/wanderer.wav using Guid(241ca979e2ccb814fa09c261c836239e) Importer(815301076,1909f56bfc062723c751e8b465ee728b)  -> (artifact id: '9cfa58a789a2a8e8274775bbc318b261') in 0.016794 seconds 
Editor requested this worker to shutdown with reason: Scaling down because of idle timeout
AssetImportWorker is now disconnected from the server
Process exiting
Exiting without the bug reporter. Application will terminate with return code 0