Using pre-set license
Built from '2021.3/staging' branch; Version is '2021.3.16f1 (4016570cf34f) revision 4200023'; Using compiler version '192829333'; Build Type 'Release'
OS: 'Windows 11  (10.0.22621) 64bit Core' Language: 'fr' Physical Memory: 16122 MB
BatchMode: 1, IsHumanControllingUs: 0, StartBugReporterOnCrash: 0, Is64bit: 1, IsPro: 1

COMMAND LINE ARGUMENTS:
C:\Program Files\Unity\Hub\Editor\2021.3.16f1\Editor\Unity.exe
-adb2
-batchMode
-noUpm
-name
AssetImportWorker1
-projectPath
C:/Users/Utilisateur/Documents/GitHub/Tales-of-Hivnir/Tiles-Of-Hivnir
-logFile
Logs/AssetImportWorker1.log
-srvPort
53958
Successfully changed project path to: C:/Users/Utilisateur/Documents/GitHub/Tales-of-Hivnir/Tiles-Of-Hivnir
C:/Users/Utilisateur/Documents/GitHub/Tales-of-Hivnir/Tiles-Of-Hivnir
[UnityMemory] Configuration Parameters - Can be set up in boot.config
    "memorysetup-bucket-allocator-granularity=16"
    "memorysetup-bucket-allocator-bucket-count=8"
    "memorysetup-bucket-allocator-block-size=33554432"
    "memorysetup-bucket-allocator-block-count=8"
    "memorysetup-main-allocator-block-size=16777216"
    "memorysetup-thread-allocator-block-size=16777216"
    "memorysetup-gfx-main-allocator-block-size=16777216"
    "memorysetup-gfx-thread-allocator-block-size=16777216"
    "memorysetup-cache-allocator-block-size=4194304"
    "memorysetup-typetree-allocator-block-size=2097152"
    "memorysetup-profiler-bucket-allocator-granularity=16"
    "memorysetup-profiler-bucket-allocator-bucket-count=8"
    "memorysetup-profiler-bucket-allocator-block-size=33554432"
    "memorysetup-profiler-bucket-allocator-block-count=8"
    "memorysetup-profiler-allocator-block-size=16777216"
    "memorysetup-profiler-editor-allocator-block-size=1048576"
    "memorysetup-temp-allocator-size-main=16777216"
    "memorysetup-job-temp-allocator-block-size=2097152"
    "memorysetup-job-temp-allocator-block-size-background=1048576"
    "memorysetup-job-temp-allocator-reduction-small-platforms=262144"
    "memorysetup-temp-allocator-size-background-worker=32768"
    "memorysetup-temp-allocator-size-job-worker=262144"
    "memorysetup-temp-allocator-size-preload-manager=33554432"
    "memorysetup-temp-allocator-size-nav-mesh-worker=65536"
    "memorysetup-temp-allocator-size-audio-worker=65536"
    "memorysetup-temp-allocator-size-cloud-worker=32768"
    "memorysetup-temp-allocator-size-gi-baking-worker=262144"
    "memorysetup-temp-allocator-size-gfx=262144"
Player connection [32700] Host "[IP] 192.168.56.1 [Port] 0 [Flags] 2 [Guid] 3292309248 [EditorId] 3292309248 [Version] 1048832 [Id] WindowsEditor(7,LAPTOP-ET774ROT) [Debug] 1 [PackageName] WindowsEditor [ProjectName] Editor" joined multi-casting on [225.0.0.222:54997]...

Player connection [32700] Host "[IP] 192.168.56.1 [Port] 0 [Flags] 2 [Guid] 3292309248 [EditorId] 3292309248 [Version] 1048832 [Id] WindowsEditor(7,LAPTOP-ET774ROT) [Debug] 1 [PackageName] WindowsEditor [ProjectName] Editor" joined alternative multi-casting on [225.0.0.222:34997]...

Refreshing native plugins compatible for Editor in 49.27 ms, found 3 plugins.
Preloading 0 native plugins for Editor in 0.00 ms.
Initialize engine version: 2021.3.16f1 (4016570cf34f)
[Subsystems] Discovering subsystems at path C:/Program Files/Unity/Hub/Editor/2021.3.16f1/Editor/Data/Resources/UnitySubsystems
[Subsystems] Discovering subsystems at path C:/Users/Utilisateur/Documents/GitHub/Tales-of-Hivnir/Tiles-Of-Hivnir/Assets
GfxDevice: creating device client; threaded=0; jobified=0
Direct3D:
    Version:  Direct3D 11.0 [level 11.1]
    Renderer: NVIDIA GeForce RTX 3060 Laptop GPU (ID=0x2520)
    Vendor:   NVIDIA
    VRAM:     6023 MB
    Driver:   31.0.15.1720
Initialize mono
Mono path[0] = 'C:/Program Files/Unity/Hub/Editor/2021.3.16f1/Editor/Data/Managed'
Mono path[1] = 'C:/Program Files/Unity/Hub/Editor/2021.3.16f1/Editor/Data/MonoBleedingEdge/lib/mono/unityjit-win32'
Mono config path = 'C:/Program Files/Unity/Hub/Editor/2021.3.16f1/Editor/Data/MonoBleedingEdge/etc'
Using monoOptions --debugger-agent=transport=dt_socket,embedding=1,server=y,suspend=n,address=127.0.0.1:56448
Begin MonoManager ReloadAssembly
Registering precompiled unity dll's ...
Register platform support module: C:/Program Files/Unity/Hub/Editor/2021.3.16f1/Editor/Data/PlaybackEngines/WebGLSupport/UnityEditor.WebGL.Extensions.dll
Register platform support module: C:/Program Files/Unity/Hub/Editor/2021.3.16f1/Editor/Data/PlaybackEngines/AndroidPlayer/UnityEditor.Android.Extensions.dll
Register platform support module: C:/Program Files/Unity/Hub/Editor/2021.3.16f1/Editor/Data/PlaybackEngines/WindowsStandaloneSupport/UnityEditor.WindowsStandalone.Extensions.dll
Registered in 0.005129 seconds.
Native extension for WindowsStandalone target not found
Native extension for Android target not found
Native extension for WebGL target not found
Refreshing native plugins compatible for Editor in 47.47 ms, found 3 plugins.
Preloading 0 native plugins for Editor in 0.00 ms.
Mono: successfully reloaded assembly
- Completed reload, in  0.529 seconds
Domain Reload Profiling:
	ReloadAssembly (530ms)
		BeginReloadAssembly (68ms)
			ExecutionOrderSort (0ms)
			DisableScriptedObjects (0ms)
			BackupInstance (0ms)
			ReleaseScriptingObjects (0ms)
			CreateAndSetChildDomain (1ms)
		EndReloadAssembly (372ms)
			LoadAssemblies (67ms)
			RebuildTransferFunctionScriptingTraits (0ms)
			SetupTypeCache (109ms)
			ReleaseScriptCaches (0ms)
			RebuildScriptCaches (20ms)
			SetupLoadedEditorAssemblies (200ms)
				LogAssemblyErrors (0ms)
				InitializePlatformSupportModulesInManaged (44ms)
				SetLoadedEditorAssemblies (0ms)
				RefreshPlugins (48ms)
				BeforeProcessingInitializeOnLoad (1ms)
				ProcessInitializeOnLoadAttributes (72ms)
				ProcessInitializeOnLoadMethodAttributes (35ms)
				AfterProcessingInitializeOnLoad (0ms)
				EditorAssembliesLoaded (0ms)
			ExecutionOrderSort2 (0ms)
			AwakeInstancesAfterBackupRestoration (0ms)
Platform modules already initialized, skipping
Registering precompiled user dll's ...
Registered in 0.005187 seconds.
Begin MonoManager ReloadAssembly
Native extension for WindowsStandalone target not found
Native extension for Android target not found
Native extension for WebGL target not found
Refreshing native plugins compatible for Editor in 45.53 ms, found 3 plugins.
Preloading 0 native plugins for Editor in 0.00 ms.
Mono: successfully reloaded assembly
- Completed reload, in  1.011 seconds
Domain Reload Profiling:
	ReloadAssembly (1012ms)
		BeginReloadAssembly (228ms)
			ExecutionOrderSort (0ms)
			DisableScriptedObjects (4ms)
			BackupInstance (0ms)
			ReleaseScriptingObjects (0ms)
			CreateAndSetChildDomain (132ms)
		EndReloadAssembly (684ms)
			LoadAssemblies (92ms)
			RebuildTransferFunctionScriptingTraits (0ms)
			SetupTypeCache (188ms)
			ReleaseScriptCaches (1ms)
			RebuildScriptCaches (50ms)
			SetupLoadedEditorAssemblies (325ms)
				LogAssemblyErrors (0ms)
				InitializePlatformSupportModulesInManaged (11ms)
				SetLoadedEditorAssemblies (0ms)
				RefreshPlugins (46ms)
				BeforeProcessingInitializeOnLoad (58ms)
				ProcessInitializeOnLoadAttributes (169ms)
				ProcessInitializeOnLoadMethodAttributes (36ms)
				AfterProcessingInitializeOnLoad (5ms)
				EditorAssembliesLoaded (0ms)
			ExecutionOrderSort2 (0ms)
			AwakeInstancesAfterBackupRestoration (6ms)
Platform modules already initialized, skipping
========================================================================
Worker process is ready to serve import requests
Launched and connected shader compiler UnityShaderCompiler.exe after 0.04 seconds
Refreshing native plugins compatible for Editor in 1.74 ms, found 3 plugins.
Preloading 0 native plugins for Editor in 0.00 ms.
Unloading 2773 Unused Serialized files (Serialized files now loaded: 0)
Unloading 38 unused Assets / (30.2 KB). Loaded Objects now: 3238.
Memory consumption went from 122.7 MB to 122.7 MB.
Total: 4.548100 ms (FindLiveObjects: 0.574200 ms CreateObjectMapping: 0.194800 ms MarkObjects: 3.727100 ms  DeleteObjects: 0.049800 ms)

AssetImportParameters requested are different than current active one (requested -> active):
  custom:video-decoder-ogg-theora: a1e56fd34408186e4bbccfd4996cb3dc -> 
  custom:container-muxer-webm: aa71ff27fc2769a1b78a27578f13a17b -> 
  custom:container-demuxer-webm: 4f35f7cbe854078d1ac9338744f61a02 -> 
  custom:video-encoder-webm-vp8: eb34c28f22e8b96e1ab97ce403110664 -> 
  custom:video-codec-MediaFoundation-h265: 746d11721c4dcdbdad8f713fa42b33f4 -> 
  custom:audio-encoder-webm-vorbis: bf7c407c2cedff20999df2af8eb42d56 -> 
  custom:framework-win-MediaFoundation: 216162199b28c13a410421893ffa2e32 -> 
  custom:container-demuxer-ogg: 62fdf1f143b41e24485cea50d1cbac27 -> 
  custom:video-decoder-webm-vp8: 9c59270c3fd7afecdb556c50c9e8de78 -> 
  custom:audio-decoder-ogg-vorbis: bf7c407c2cedff20999df2af8eb42d56 -> 
========================================================================
Received Import Request.
  Time since last request: 179049.298731 seconds.
  path: Assets/Art/Texture/TX Props_93.asset
  artifactKey: Guid(dc36285ffe538804e9142b15f390c2fb) Importer(815301076,1909f56bfc062723c751e8b465ee728b)
Start importing Assets/Art/Texture/TX Props_93.asset using Guid(dc36285ffe538804e9142b15f390c2fb) Importer(815301076,1909f56bfc062723c751e8b465ee728b)  -> (artifact id: 'c48b9a69892761e3439c87b519a6a87e') in 0.054999 seconds 
========================================================================
Received Import Request.
  Time since last request: 0.000018 seconds.
  path: Assets/Art/Texture/TX Props_88.asset
  artifactKey: Guid(c85a3bf59611374439e54c877bf129dd) Importer(815301076,1909f56bfc062723c751e8b465ee728b)
Start importing Assets/Art/Texture/TX Props_88.asset using Guid(c85a3bf59611374439e54c877bf129dd) Importer(815301076,1909f56bfc062723c751e8b465ee728b)  -> (artifact id: 'b8aaf11b30b3474afb998d04f7cb5d2a') in 0.013487 seconds 
========================================================================
Received Import Request.
  Time since last request: 0.000025 seconds.
  path: Assets/Art/Texture/TX Props_78.asset
  artifactKey: Guid(e678e23177d726e4a84d8ae17ea21945) Importer(815301076,1909f56bfc062723c751e8b465ee728b)
Start importing Assets/Art/Texture/TX Props_78.asset using Guid(e678e23177d726e4a84d8ae17ea21945) Importer(815301076,1909f56bfc062723c751e8b465ee728b)  -> (artifact id: 'fbf1d721f905cd501ee66ddc47870cb9') in 0.017200 seconds 
========================================================================
Received Import Request.
  Time since last request: 0.000032 seconds.
  path: Assets/Art/Texture/TX Props_79.asset
  artifactKey: Guid(44e149a2e0a78714dbc7becd52332d68) Importer(815301076,1909f56bfc062723c751e8b465ee728b)
Start importing Assets/Art/Texture/TX Props_79.asset using Guid(44e149a2e0a78714dbc7becd52332d68) Importer(815301076,1909f56bfc062723c751e8b465ee728b)  -> (artifact id: '99027a4126444e72a032305e401c4c8a') in 0.019176 seconds 
========================================================================
Received Import Request.
  Time since last request: 0.000031 seconds.
  path: Assets/Art/Texture/TX Props_102.asset
  artifactKey: Guid(a42119d7289a071458ad0c871a79eed4) Importer(815301076,1909f56bfc062723c751e8b465ee728b)
Start importing Assets/Art/Texture/TX Props_102.asset using Guid(a42119d7289a071458ad0c871a79eed4) Importer(815301076,1909f56bfc062723c751e8b465ee728b)  -> (artifact id: 'c3a9b42aad3f204cec1bdc2406ff4025') in 0.015626 seconds 
========================================================================
Received Import Request.
  Time since last request: 0.000029 seconds.
  path: Assets/Art/Texture/TX Props_100.asset
  artifactKey: Guid(f74ae88499add6247824accf41a266b8) Importer(815301076,1909f56bfc062723c751e8b465ee728b)
Start importing Assets/Art/Texture/TX Props_100.asset using Guid(f74ae88499add6247824accf41a266b8) Importer(815301076,1909f56bfc062723c751e8b465ee728b)  -> (artifact id: 'a871e32192678beee879c0d943d99a8d') in 0.014951 seconds 
========================================================================
Received Import Request.
  Time since last request: 0.000024 seconds.
  path: Assets/Art/Texture/TX Props_76.asset
  artifactKey: Guid(97fbd14c89324274ea7dcf54834e5056) Importer(815301076,1909f56bfc062723c751e8b465ee728b)
Start importing Assets/Art/Texture/TX Props_76.asset using Guid(97fbd14c89324274ea7dcf54834e5056) Importer(815301076,1909f56bfc062723c751e8b465ee728b)  -> (artifact id: 'eb37175dc957cfc738aa084bdcddb243') in 0.015766 seconds 
========================================================================
Received Import Request.
  Time since last request: 0.000048 seconds.
  path: Assets/Art/Texture/TX Props_99.asset
  artifactKey: Guid(035ae89fc98763f4c8b6ba8a3232e93d) Importer(815301076,1909f56bfc062723c751e8b465ee728b)
Start importing Assets/Art/Texture/TX Props_99.asset using Guid(035ae89fc98763f4c8b6ba8a3232e93d) Importer(815301076,1909f56bfc062723c751e8b465ee728b)  -> (artifact id: 'ae74c2c3727802d820401008303028a5') in 0.010763 seconds 
========================================================================
Received Import Request.
  Time since last request: 0.000023 seconds.
  path: Assets/Art/Texture/TX Props_92.asset
  artifactKey: Guid(b6ec2cc0d4e4ab144a59fcfc2d9ca6d3) Importer(815301076,1909f56bfc062723c751e8b465ee728b)
Start importing Assets/Art/Texture/TX Props_92.asset using Guid(b6ec2cc0d4e4ab144a59fcfc2d9ca6d3) Importer(815301076,1909f56bfc062723c751e8b465ee728b)  -> (artifact id: '499bfaaf8a8d018192798c5cc015a217') in 0.008391 seconds 
========================================================================
Received Import Request.
  Time since last request: 11.321345 seconds.
  path: Assets/Tiny RPG Forest/Artwork/Environment/tileset.png
  artifactKey: Guid(fa9008ba27d044823835d85918621932) Importer(815301076,1909f56bfc062723c751e8b465ee728b)
Start importing Assets/Tiny RPG Forest/Artwork/Environment/tileset.png using Guid(fa9008ba27d044823835d85918621932) Importer(815301076,1909f56bfc062723c751e8b465ee728b)  -> (artifact id: '30a043ae5c6c442ab39728456e20e664') in 0.090776 seconds 
Editor requested this worker to shutdown with reason: Scaling down because of idle timeout
AssetImportWorker is now disconnected from the server
Process exiting
Exiting without the bug reporter. Application will terminate with return code 0