Using pre-set license
Built from '2021.3/staging' branch; Version is '2021.3.16f1 (4016570cf34f) revision 4200023'; Using compiler version '192829333'; Build Type 'Release'
OS: 'Windows 11  (10.0.22621) 64bit Core' Language: 'fr' Physical Memory: 16122 MB
BatchMode: 1, IsHumanControllingUs: 0, StartBugReporterOnCrash: 0, Is64bit: 1, IsPro: 1

COMMAND LINE ARGUMENTS:
C:\Program Files\Unity\Hub\Editor\2021.3.16f1\Editor\Unity.exe
-adb2
-batchMode
-noUpm
-name
AssetImportWorker4
-projectPath
C:/Users/Utilisateur/Documents/GitHub/Tales-of-Hivnir/Tiles-Of-Hivnir
-logFile
Logs/AssetImportWorker4.log
-srvPort
64335
Successfully changed project path to: C:/Users/Utilisateur/Documents/GitHub/Tales-of-Hivnir/Tiles-Of-Hivnir
C:/Users/Utilisateur/Documents/GitHub/Tales-of-Hivnir/Tiles-Of-Hivnir
[UnityMemory] Configuration Parameters - Can be set up in boot.config
    "memorysetup-bucket-allocator-granularity=16"
    "memorysetup-bucket-allocator-bucket-count=8"
    "memorysetup-bucket-allocator-block-size=33554432"
    "memorysetup-bucket-allocator-block-count=8"
    "memorysetup-main-allocator-block-size=16777216"
    "memorysetup-thread-allocator-block-size=16777216"
    "memorysetup-gfx-main-allocator-block-size=16777216"
    "memorysetup-gfx-thread-allocator-block-size=16777216"
    "memorysetup-cache-allocator-block-size=4194304"
    "memorysetup-typetree-allocator-block-size=2097152"
    "memorysetup-profiler-bucket-allocator-granularity=16"
    "memorysetup-profiler-bucket-allocator-bucket-count=8"
    "memorysetup-profiler-bucket-allocator-block-size=33554432"
    "memorysetup-profiler-bucket-allocator-block-count=8"
    "memorysetup-profiler-allocator-block-size=16777216"
    "memorysetup-profiler-editor-allocator-block-size=1048576"
    "memorysetup-temp-allocator-size-main=16777216"
    "memorysetup-job-temp-allocator-block-size=2097152"
    "memorysetup-job-temp-allocator-block-size-background=1048576"
    "memorysetup-job-temp-allocator-reduction-small-platforms=262144"
    "memorysetup-temp-allocator-size-background-worker=32768"
    "memorysetup-temp-allocator-size-job-worker=262144"
    "memorysetup-temp-allocator-size-preload-manager=33554432"
    "memorysetup-temp-allocator-size-nav-mesh-worker=65536"
    "memorysetup-temp-allocator-size-audio-worker=65536"
    "memorysetup-temp-allocator-size-cloud-worker=32768"
    "memorysetup-temp-allocator-size-gi-baking-worker=262144"
    "memorysetup-temp-allocator-size-gfx=262144"
Player connection [7536] Host "[IP] 192.168.56.1 [Port] 0 [Flags] 2 [Guid] 1164259321 [EditorId] 1164259321 [Version] 1048832 [Id] WindowsEditor(7,LAPTOP-ET774ROT) [Debug] 1 [PackageName] WindowsEditor [ProjectName] Editor" joined multi-casting on [225.0.0.222:54997]...

Player connection [7536] Host "[IP] 192.168.56.1 [Port] 0 [Flags] 2 [Guid] 1164259321 [EditorId] 1164259321 [Version] 1048832 [Id] WindowsEditor(7,LAPTOP-ET774ROT) [Debug] 1 [PackageName] WindowsEditor [ProjectName] Editor" joined alternative multi-casting on [225.0.0.222:34997]...

Refreshing native plugins compatible for Editor in 55.92 ms, found 3 plugins.
Preloading 0 native plugins for Editor in 0.00 ms.
Initialize engine version: 2021.3.16f1 (4016570cf34f)
[Subsystems] Discovering subsystems at path C:/Program Files/Unity/Hub/Editor/2021.3.16f1/Editor/Data/Resources/UnitySubsystems
[Subsystems] Discovering subsystems at path C:/Users/Utilisateur/Documents/GitHub/Tales-of-Hivnir/Tiles-Of-Hivnir/Assets
GfxDevice: creating device client; threaded=0; jobified=0
Direct3D:
    Version:  Direct3D 11.0 [level 11.1]
    Renderer: NVIDIA GeForce RTX 3060 Laptop GPU (ID=0x2520)
    Vendor:   NVIDIA
    VRAM:     6023 MB
    Driver:   31.0.15.1720
Initialize mono
Mono path[0] = 'C:/Program Files/Unity/Hub/Editor/2021.3.16f1/Editor/Data/Managed'
Mono path[1] = 'C:/Program Files/Unity/Hub/Editor/2021.3.16f1/Editor/Data/MonoBleedingEdge/lib/mono/unityjit-win32'
Mono config path = 'C:/Program Files/Unity/Hub/Editor/2021.3.16f1/Editor/Data/MonoBleedingEdge/etc'
Using monoOptions --debugger-agent=transport=dt_socket,embedding=1,server=y,suspend=n,address=127.0.0.1:56288
Begin MonoManager ReloadAssembly
Registering precompiled unity dll's ...
Register platform support module: C:/Program Files/Unity/Hub/Editor/2021.3.16f1/Editor/Data/PlaybackEngines/WebGLSupport/UnityEditor.WebGL.Extensions.dll
Register platform support module: C:/Program Files/Unity/Hub/Editor/2021.3.16f1/Editor/Data/PlaybackEngines/AndroidPlayer/UnityEditor.Android.Extensions.dll
Register platform support module: C:/Program Files/Unity/Hub/Editor/2021.3.16f1/Editor/Data/PlaybackEngines/WindowsStandaloneSupport/UnityEditor.WindowsStandalone.Extensions.dll
Registered in 0.004041 seconds.
Native extension for WindowsStandalone target not found
Native extension for Android target not found
Native extension for WebGL target not found
Refreshing native plugins compatible for Editor in 54.93 ms, found 3 plugins.
Preloading 0 native plugins for Editor in 0.00 ms.
Mono: successfully reloaded assembly
- Completed reload, in  0.474 seconds
Domain Reload Profiling:
	ReloadAssembly (474ms)
		BeginReloadAssembly (53ms)
			ExecutionOrderSort (0ms)
			DisableScriptedObjects (0ms)
			BackupInstance (0ms)
			ReleaseScriptingObjects (0ms)
			CreateAndSetChildDomain (1ms)
		EndReloadAssembly (341ms)
			LoadAssemblies (51ms)
			RebuildTransferFunctionScriptingTraits (0ms)
			SetupTypeCache (82ms)
			ReleaseScriptCaches (0ms)
			RebuildScriptCaches (19ms)
			SetupLoadedEditorAssemblies (201ms)
				LogAssemblyErrors (0ms)
				InitializePlatformSupportModulesInManaged (43ms)
				SetLoadedEditorAssemblies (0ms)
				RefreshPlugins (55ms)
				BeforeProcessingInitializeOnLoad (1ms)
				ProcessInitializeOnLoadAttributes (69ms)
				ProcessInitializeOnLoadMethodAttributes (33ms)
				AfterProcessingInitializeOnLoad (0ms)
				EditorAssembliesLoaded (0ms)
			ExecutionOrderSort2 (0ms)
			AwakeInstancesAfterBackupRestoration (0ms)
Platform modules already initialized, skipping
Registering precompiled user dll's ...
Registered in 0.004502 seconds.
Begin MonoManager ReloadAssembly
Native extension for WindowsStandalone target not found
Native extension for Android target not found
Native extension for WebGL target not found
Refreshing native plugins compatible for Editor in 51.48 ms, found 3 plugins.
Preloading 0 native plugins for Editor in 0.00 ms.
Mono: successfully reloaded assembly
- Completed reload, in  0.882 seconds
Domain Reload Profiling:
	ReloadAssembly (883ms)
		BeginReloadAssembly (190ms)
			ExecutionOrderSort (0ms)
			DisableScriptedObjects (4ms)
			BackupInstance (0ms)
			ReleaseScriptingObjects (0ms)
			CreateAndSetChildDomain (124ms)
		EndReloadAssembly (609ms)
			LoadAssemblies (59ms)
			RebuildTransferFunctionScriptingTraits (0ms)
			SetupTypeCache (160ms)
			ReleaseScriptCaches (0ms)
			RebuildScriptCaches (42ms)
			SetupLoadedEditorAssemblies (312ms)
				LogAssemblyErrors (0ms)
				InitializePlatformSupportModulesInManaged (10ms)
				SetLoadedEditorAssemblies (0ms)
				RefreshPlugins (52ms)
				BeforeProcessingInitializeOnLoad (52ms)
				ProcessInitializeOnLoadAttributes (163ms)
				ProcessInitializeOnLoadMethodAttributes (31ms)
				AfterProcessingInitializeOnLoad (4ms)
				EditorAssembliesLoaded (0ms)
			ExecutionOrderSort2 (0ms)
			AwakeInstancesAfterBackupRestoration (4ms)
Platform modules already initialized, skipping
========================================================================
Worker process is ready to serve import requests
Launched and connected shader compiler UnityShaderCompiler.exe after 0.03 seconds
Refreshing native plugins compatible for Editor in 0.88 ms, found 3 plugins.
Preloading 0 native plugins for Editor in 0.00 ms.
Unloading 2822 Unused Serialized files (Serialized files now loaded: 0)
Unloading 38 unused Assets / (30.2 KB). Loaded Objects now: 3287.
Memory consumption went from 126.0 MB to 125.9 MB.
Total: 3.187100 ms (FindLiveObjects: 0.209000 ms CreateObjectMapping: 0.091700 ms MarkObjects: 2.861200 ms  DeleteObjects: 0.024300 ms)

AssetImportParameters requested are different than current active one (requested -> active):
  custom:video-decoder-ogg-theora: a1e56fd34408186e4bbccfd4996cb3dc -> 
  custom:container-muxer-webm: aa71ff27fc2769a1b78a27578f13a17b -> 
  custom:container-demuxer-webm: 4f35f7cbe854078d1ac9338744f61a02 -> 
  custom:video-encoder-webm-vp8: eb34c28f22e8b96e1ab97ce403110664 -> 
  custom:video-codec-MediaFoundation-h265: 746d11721c4dcdbdad8f713fa42b33f4 -> 
  custom:audio-encoder-webm-vorbis: bf7c407c2cedff20999df2af8eb42d56 -> 
  custom:framework-win-MediaFoundation: 216162199b28c13a410421893ffa2e32 -> 
  custom:container-demuxer-ogg: 62fdf1f143b41e24485cea50d1cbac27 -> 
  custom:video-decoder-webm-vp8: 9c59270c3fd7afecdb556c50c9e8de78 -> 
  custom:audio-decoder-ogg-vorbis: bf7c407c2cedff20999df2af8eb42d56 -> 
========================================================================
Received Import Request.
  Time since last request: 13013.069407 seconds.
  path: Assets/spike_2.png
  artifactKey: Guid(03a571e9c3b8c84488e0d2c163afdc6f) Importer(815301076,1909f56bfc062723c751e8b465ee728b)
Start importing Assets/spike_2.png using Guid(03a571e9c3b8c84488e0d2c163afdc6f) Importer(815301076,1909f56bfc062723c751e8b465ee728b)  -> (artifact id: 'f355402dfb086feb02c526b37e4535d3') in 0.105874 seconds 
========================================================================
Received Import Request.
  Time since last request: 5.032313 seconds.
  path: Assets/candleB_04.png
  artifactKey: Guid(1a4c33151858330468cc528f0a31a1f3) Importer(815301076,1909f56bfc062723c751e8b465ee728b)
Start importing Assets/candleB_04.png using Guid(1a4c33151858330468cc528f0a31a1f3) Importer(815301076,1909f56bfc062723c751e8b465ee728b)  -> (artifact id: '5f522a0388d375073fbee35a1050a592') in 0.016121 seconds 
========================================================================
Received Import Request.
  Time since last request: 4.690558 seconds.
  path: Assets/candleA_03.png
  artifactKey: Guid(090ab58bf39f045498b295881e2e8a23) Importer(815301076,1909f56bfc062723c751e8b465ee728b)
Start importing Assets/candleA_03.png using Guid(090ab58bf39f045498b295881e2e8a23) Importer(815301076,1909f56bfc062723c751e8b465ee728b)  -> (artifact id: '7077ba7514e8df45e59e322647285bc7') in 0.015317 seconds 
========================================================================
Received Import Request.
  Time since last request: 6.858219 seconds.
  path: Assets/candleA_01.png
  artifactKey: Guid(d89082bcbecbd894ab3d5c92d44e816b) Importer(815301076,1909f56bfc062723c751e8b465ee728b)
Start importing Assets/candleA_01.png using Guid(d89082bcbecbd894ab3d5c92d44e816b) Importer(815301076,1909f56bfc062723c751e8b465ee728b)  -> (artifact id: 'abfc7ba2e60b054e1484badd6d325e4d') in 0.015343 seconds 
========================================================================
Received Prepare
Registering precompiled user dll's ...
Registered in 0.004950 seconds.
Begin MonoManager ReloadAssembly
Native extension for WindowsStandalone target not found
Native extension for Android target not found
Native extension for WebGL target not found
Refreshing native plugins compatible for Editor in 0.94 ms, found 3 plugins.
Preloading 0 native plugins for Editor in 0.00 ms.
Mono: successfully reloaded assembly
- Completed reload, in  0.800 seconds
Domain Reload Profiling:
	ReloadAssembly (800ms)
		BeginReloadAssembly (114ms)
			ExecutionOrderSort (0ms)
			DisableScriptedObjects (7ms)
			BackupInstance (0ms)
			ReleaseScriptingObjects (0ms)
			CreateAndSetChildDomain (37ms)
		EndReloadAssembly (599ms)
			LoadAssemblies (68ms)
			RebuildTransferFunctionScriptingTraits (0ms)
			SetupTypeCache (160ms)
			ReleaseScriptCaches (2ms)
			RebuildScriptCaches (42ms)
			SetupLoadedEditorAssemblies (281ms)
				LogAssemblyErrors (0ms)
				InitializePlatformSupportModulesInManaged (17ms)
				SetLoadedEditorAssemblies (0ms)
				RefreshPlugins (1ms)
				BeforeProcessingInitializeOnLoad (52ms)
				ProcessInitializeOnLoadAttributes (175ms)
				ProcessInitializeOnLoadMethodAttributes (30ms)
				AfterProcessingInitializeOnLoad (5ms)
				EditorAssembliesLoaded (0ms)
			ExecutionOrderSort2 (0ms)
			AwakeInstancesAfterBackupRestoration (7ms)
Platform modules already initialized, skipping
Refreshing native plugins compatible for Editor in 2.10 ms, found 3 plugins.
Preloading 0 native plugins for Editor in 0.00 ms.
Unloading 2796 Unused Serialized files (Serialized files now loaded: 0)
Unloading 25 unused Assets / (31.8 KB). Loaded Objects now: 3302.
Memory consumption went from 127.5 MB to 127.5 MB.
Total: 2.586900 ms (FindLiveObjects: 0.172100 ms CreateObjectMapping: 0.063200 ms MarkObjects: 2.332700 ms  DeleteObjects: 0.016900 ms)

AssetImportParameters requested are different than current active one (requested -> active):
  custom:video-decoder-ogg-theora: a1e56fd34408186e4bbccfd4996cb3dc -> 
  custom:container-muxer-webm: aa71ff27fc2769a1b78a27578f13a17b -> 
  custom:container-demuxer-webm: 4f35f7cbe854078d1ac9338744f61a02 -> 
  custom:video-encoder-webm-vp8: eb34c28f22e8b96e1ab97ce403110664 -> 
  custom:video-codec-MediaFoundation-h265: 746d11721c4dcdbdad8f713fa42b33f4 -> 
  custom:audio-encoder-webm-vorbis: bf7c407c2cedff20999df2af8eb42d56 -> 
  custom:framework-win-MediaFoundation: 216162199b28c13a410421893ffa2e32 -> 
  custom:container-demuxer-ogg: 62fdf1f143b41e24485cea50d1cbac27 -> 
  custom:video-decoder-webm-vp8: 9c59270c3fd7afecdb556c50c9e8de78 -> 
  custom:audio-decoder-ogg-vorbis: bf7c407c2cedff20999df2af8eb42d56 -> 
========================================================================
Received Import Request.
  Time since last request: 119.654802 seconds.
  path: Assets/Art/Top down Garden Castle/Top down Garden Castle.png
  artifactKey: Guid(c8ca04fb81fb5fa45a11d75cfeca46a9) Importer(815301076,1909f56bfc062723c751e8b465ee728b)
Start importing Assets/Art/Top down Garden Castle/Top down Garden Castle.png using Guid(c8ca04fb81fb5fa45a11d75cfeca46a9) Importer(815301076,1909f56bfc062723c751e8b465ee728b)  -> (artifact id: '2d9b6d7bc6b43a496bc7ede5daf20c8d') in 0.459779 seconds 
========================================================================
Received Import Request.
  Time since last request: 1.876858 seconds.
  path: Assets/Art/Texture/clouds.png
  artifactKey: Guid(70799d930b72f554480dd961cf5b096c) Importer(815301076,1909f56bfc062723c751e8b465ee728b)
Start importing Assets/Art/Texture/clouds.png using Guid(70799d930b72f554480dd961cf5b096c) Importer(815301076,1909f56bfc062723c751e8b465ee728b)  -> (artifact id: '706ff6cf7192bc3594592c6ad00568e3') in 0.071136 seconds 
========================================================================
Received Import Request.
  Time since last request: 0.000022 seconds.
  path: Assets/Art/Texture/TX Props_97.asset
  artifactKey: Guid(f496c774727c401439c0f88d9a050c31) Importer(815301076,1909f56bfc062723c751e8b465ee728b)
Start importing Assets/Art/Texture/TX Props_97.asset using Guid(f496c774727c401439c0f88d9a050c31) Importer(815301076,1909f56bfc062723c751e8b465ee728b)  -> (artifact id: 'f052bcf2081c0b7f22af140378338611') in 0.021873 seconds 
========================================================================
Received Import Request.
  Time since last request: 0.000017 seconds.
  path: Assets/Art/Texture/TX Props_7.asset
  artifactKey: Guid(90634186cd9053e4cb7a6794d9fdc488) Importer(815301076,1909f56bfc062723c751e8b465ee728b)
Start importing Assets/Art/Texture/TX Props_7.asset using Guid(90634186cd9053e4cb7a6794d9fdc488) Importer(815301076,1909f56bfc062723c751e8b465ee728b)  -> (artifact id: '0fde3c5f6cf743250f59933bfdcaff18') in 0.007240 seconds 
========================================================================
Received Import Request.
  Time since last request: 0.000016 seconds.
  path: Assets/Art/Texture/TX Props_84.asset
  artifactKey: Guid(63759af396911c442b0c3c2ecfd265a0) Importer(815301076,1909f56bfc062723c751e8b465ee728b)
Start importing Assets/Art/Texture/TX Props_84.asset using Guid(63759af396911c442b0c3c2ecfd265a0) Importer(815301076,1909f56bfc062723c751e8b465ee728b)  -> (artifact id: '76ae4c715087e2b2c45629aed915afe5') in 0.005961 seconds 
========================================================================
Received Import Request.
  Time since last request: 0.000018 seconds.
  path: Assets/Art/Texture/TX Props_77.asset
  artifactKey: Guid(c438fa407f1ec4e4e892e3236b0dec56) Importer(815301076,1909f56bfc062723c751e8b465ee728b)
Start importing Assets/Art/Texture/TX Props_77.asset using Guid(c438fa407f1ec4e4e892e3236b0dec56) Importer(815301076,1909f56bfc062723c751e8b465ee728b)  -> (artifact id: '2612ce4ccc4150701a691459ae4f047d') in 0.010632 seconds 
========================================================================
Received Import Request.
  Time since last request: 0.000022 seconds.
  path: Assets/Art/Texture/TX Props_104.asset
  artifactKey: Guid(1dbf5ad4bd13fa44bbd98ded974f6ffc) Importer(815301076,1909f56bfc062723c751e8b465ee728b)
Start importing Assets/Art/Texture/TX Props_104.asset using Guid(1dbf5ad4bd13fa44bbd98ded974f6ffc) Importer(815301076,1909f56bfc062723c751e8b465ee728b)  -> (artifact id: 'cbb73c8ce9e82d5324ee346f38bcc9b6') in 0.007214 seconds 
========================================================================
Received Import Request.
  Time since last request: 0.000022 seconds.
  path: Assets/Art/Texture/TX Props_74.asset
  artifactKey: Guid(bfeba611d3a41a0489f6c024eeef8aea) Importer(815301076,1909f56bfc062723c751e8b465ee728b)
Start importing Assets/Art/Texture/TX Props_74.asset using Guid(bfeba611d3a41a0489f6c024eeef8aea) Importer(815301076,1909f56bfc062723c751e8b465ee728b)  -> (artifact id: '51ae5175ac2ec599b1c126c4f2fc698e') in 0.007345 seconds 
========================================================================
Received Import Request.
  Time since last request: 0.000021 seconds.
  path: Assets/Art/Texture/TX Props_63.asset
  artifactKey: Guid(7b56fefabc8220c4da436139e18214b4) Importer(815301076,1909f56bfc062723c751e8b465ee728b)
Start importing Assets/Art/Texture/TX Props_63.asset using Guid(7b56fefabc8220c4da436139e18214b4) Importer(815301076,1909f56bfc062723c751e8b465ee728b)  -> (artifact id: '9e0f8e40613ffe983fc4db80415f3525') in 0.006051 seconds 
========================================================================
Received Import Request.
  Time since last request: 0.000028 seconds.
  path: Assets/Art/Texture/TX Props_23.asset
  artifactKey: Guid(8250cac0264bd4e46a818093ec1aee20) Importer(815301076,1909f56bfc062723c751e8b465ee728b)
Start importing Assets/Art/Texture/TX Props_23.asset using Guid(8250cac0264bd4e46a818093ec1aee20) Importer(815301076,1909f56bfc062723c751e8b465ee728b)  -> (artifact id: '712fb816b40eb590158568045371ec84') in 0.010941 seconds 
========================================================================
Received Import Request.
  Time since last request: 0.000050 seconds.
  path: Assets/Art/Texture/TX Props_103.asset
  artifactKey: Guid(63fc5d6c97e94cb46a53209161c9a126) Importer(815301076,1909f56bfc062723c751e8b465ee728b)
Start importing Assets/Art/Texture/TX Props_103.asset using Guid(63fc5d6c97e94cb46a53209161c9a126) Importer(815301076,1909f56bfc062723c751e8b465ee728b)  -> (artifact id: '0ef452fbc075b52c783b01d1cce161b6') in 0.005250 seconds 
========================================================================
Received Import Request.
  Time since last request: 0.000023 seconds.
  path: Assets/Art/Texture/TX Props_0.asset
  artifactKey: Guid(84cf6ad37aba85b498ab6e82b88f9220) Importer(815301076,1909f56bfc062723c751e8b465ee728b)
Start importing Assets/Art/Texture/TX Props_0.asset using Guid(84cf6ad37aba85b498ab6e82b88f9220) Importer(815301076,1909f56bfc062723c751e8b465ee728b)  -> (artifact id: '55b3481e1fb65cf644135cf890dd6741') in 0.006401 seconds 
========================================================================
Received Import Request.
  Time since last request: 0.000020 seconds.
  path: Assets/Art/Texture/TX Props_52.asset
  artifactKey: Guid(3affc110dc0bfc84fafdfd7b2d99fb9c) Importer(815301076,1909f56bfc062723c751e8b465ee728b)
Start importing Assets/Art/Texture/TX Props_52.asset using Guid(3affc110dc0bfc84fafdfd7b2d99fb9c) Importer(815301076,1909f56bfc062723c751e8b465ee728b)  -> (artifact id: '30395c52c63a7eaa9f443ea77edcd2f1') in 0.011132 seconds 
========================================================================
Received Import Request.
  Time since last request: 0.000017 seconds.
  path: Assets/Art/Texture/TX Props_95.asset
  artifactKey: Guid(2a50a97fbc2250941ab0bff4837c153d) Importer(815301076,1909f56bfc062723c751e8b465ee728b)
Start importing Assets/Art/Texture/TX Props_95.asset using Guid(2a50a97fbc2250941ab0bff4837c153d) Importer(815301076,1909f56bfc062723c751e8b465ee728b)  -> (artifact id: 'fc32d8b003b31dd66cbe5dc3543f33e7') in 0.005748 seconds 
========================================================================
Received Import Request.
  Time since last request: 0.000017 seconds.
  path: Assets/Art/Texture/TX Props_10.asset
  artifactKey: Guid(2c9e3e9535c443c47be4e05c6d98658c) Importer(815301076,1909f56bfc062723c751e8b465ee728b)
Start importing Assets/Art/Texture/TX Props_10.asset using Guid(2c9e3e9535c443c47be4e05c6d98658c) Importer(815301076,1909f56bfc062723c751e8b465ee728b)  -> (artifact id: '4c35722c87e74b756d542c7e03877138') in 0.009385 seconds 
========================================================================
Received Import Request.
  Time since last request: 0.000022 seconds.
  path: Assets/Art/Texture/TX Props_67.asset
  artifactKey: Guid(eb20b93c9bd2bba4ca4977c29f3fab53) Importer(815301076,1909f56bfc062723c751e8b465ee728b)
Start importing Assets/Art/Texture/TX Props_67.asset using Guid(eb20b93c9bd2bba4ca4977c29f3fab53) Importer(815301076,1909f56bfc062723c751e8b465ee728b)  -> (artifact id: 'e88be2791d9cabf5073786da6e3bcba6') in 0.006631 seconds 
========================================================================
Received Import Request.
  Time since last request: 0.000094 seconds.
  path: Assets/Art/Texture/TX Props_3.asset
  artifactKey: Guid(820a27d8383fd3143aef588adc29b3cd) Importer(815301076,1909f56bfc062723c751e8b465ee728b)
Start importing Assets/Art/Texture/TX Props_3.asset using Guid(820a27d8383fd3143aef588adc29b3cd) Importer(815301076,1909f56bfc062723c751e8b465ee728b)  -> (artifact id: 'eb22478e6a23c390299e54d8b5bd9389') in 0.007047 seconds 
========================================================================
Received Import Request.
  Time since last request: 0.000023 seconds.
  path: Assets/Art/Texture/TX Props_19.asset
  artifactKey: Guid(5b86d601a34f625419f89d915162d16f) Importer(815301076,1909f56bfc062723c751e8b465ee728b)
Start importing Assets/Art/Texture/TX Props_19.asset using Guid(5b86d601a34f625419f89d915162d16f) Importer(815301076,1909f56bfc062723c751e8b465ee728b)  -> (artifact id: '2e978b6e8b1bda74ccf3964eac078785') in 0.008393 seconds 
========================================================================
Received Import Request.
  Time since last request: 0.000022 seconds.
  path: Assets/Art/Texture/TX Props_93.asset
  artifactKey: Guid(dc36285ffe538804e9142b15f390c2fb) Importer(815301076,1909f56bfc062723c751e8b465ee728b)
Start importing Assets/Art/Texture/TX Props_93.asset using Guid(dc36285ffe538804e9142b15f390c2fb) Importer(815301076,1909f56bfc062723c751e8b465ee728b)  -> (artifact id: 'c48b9a69892761e3439c87b519a6a87e') in 0.007511 seconds 
========================================================================
Received Import Request.
  Time since last request: 0.000019 seconds.
  path: Assets/Art/Texture/TX Props_30.asset
  artifactKey: Guid(c38b9f4e7ccd88149b459d7d8222e731) Importer(815301076,1909f56bfc062723c751e8b465ee728b)
Start importing Assets/Art/Texture/TX Props_30.asset using Guid(c38b9f4e7ccd88149b459d7d8222e731) Importer(815301076,1909f56bfc062723c751e8b465ee728b)  -> (artifact id: '82e90ec710a90de4af87e0870694794b') in 0.008567 seconds 
========================================================================
Received Import Request.
  Time since last request: 0.000022 seconds.
  path: Assets/Art/Texture/TX Props_79.asset
  artifactKey: Guid(44e149a2e0a78714dbc7becd52332d68) Importer(815301076,1909f56bfc062723c751e8b465ee728b)
Start importing Assets/Art/Texture/TX Props_79.asset using Guid(44e149a2e0a78714dbc7becd52332d68) Importer(815301076,1909f56bfc062723c751e8b465ee728b)  -> (artifact id: '99027a4126444e72a032305e401c4c8a') in 0.010837 seconds 
========================================================================
Received Import Request.
  Time since last request: 0.000018 seconds.
  path: Assets/Art/Texture/TX Props_12.asset
  artifactKey: Guid(4011cff881786a74a95ce6a9cc94c65a) Importer(815301076,1909f56bfc062723c751e8b465ee728b)
Start importing Assets/Art/Texture/TX Props_12.asset using Guid(4011cff881786a74a95ce6a9cc94c65a) Importer(815301076,1909f56bfc062723c751e8b465ee728b)  -> (artifact id: '4856d0d69cc4b8c28da555fb7da0aed5') in 0.005177 seconds 
========================================================================
Received Import Request.
  Time since last request: 0.000059 seconds.
  path: Assets/Art/Texture/TX Props_102.asset
  artifactKey: Guid(a42119d7289a071458ad0c871a79eed4) Importer(815301076,1909f56bfc062723c751e8b465ee728b)
Start importing Assets/Art/Texture/TX Props_102.asset using Guid(a42119d7289a071458ad0c871a79eed4) Importer(815301076,1909f56bfc062723c751e8b465ee728b)  -> (artifact id: 'c3a9b42aad3f204cec1bdc2406ff4025') in 0.007849 seconds 
========================================================================
Received Import Request.
  Time since last request: 0.000018 seconds.
  path: Assets/Art/Texture/TX Props_24.asset
  artifactKey: Guid(03370a02011262547a46f22ca8dbb275) Importer(815301076,1909f56bfc062723c751e8b465ee728b)
Start importing Assets/Art/Texture/TX Props_24.asset using Guid(03370a02011262547a46f22ca8dbb275) Importer(815301076,1909f56bfc062723c751e8b465ee728b)  -> (artifact id: 'e4e9d921c2bcc84d466915330ebda8f4') in 0.006669 seconds 
========================================================================
Received Import Request.
  Time since last request: 0.000044 seconds.
  path: Assets/Art/Texture/TX Props_50.asset
  artifactKey: Guid(c60557667097962449790af48f7f58f0) Importer(815301076,1909f56bfc062723c751e8b465ee728b)
Start importing Assets/Art/Texture/TX Props_50.asset using Guid(c60557667097962449790af48f7f58f0) Importer(815301076,1909f56bfc062723c751e8b465ee728b)  -> (artifact id: '869710fb0d1535d5568af269dce400fc') in 0.005678 seconds 
========================================================================
Received Import Request.
  Time since last request: 0.000016 seconds.
  path: Assets/Art/Texture/TX Props_31.asset
  artifactKey: Guid(38ccd5a706e1f3649977dc1f533bb447) Importer(815301076,1909f56bfc062723c751e8b465ee728b)
Start importing Assets/Art/Texture/TX Props_31.asset using Guid(38ccd5a706e1f3649977dc1f533bb447) Importer(815301076,1909f56bfc062723c751e8b465ee728b)  -> (artifact id: '8725174bf5f60039de559422f34ae805') in 0.004960 seconds 
========================================================================
Received Import Request.
  Time since last request: 0.000019 seconds.
  path: Assets/Art/Texture/TX Props_61.asset
  artifactKey: Guid(1e0f7227f9e23ba4894388a7a539ea2b) Importer(815301076,1909f56bfc062723c751e8b465ee728b)
Start importing Assets/Art/Texture/TX Props_61.asset using Guid(1e0f7227f9e23ba4894388a7a539ea2b) Importer(815301076,1909f56bfc062723c751e8b465ee728b)  -> (artifact id: '44c569cece51d92602a776538aa79c46') in 0.005346 seconds 
========================================================================
Received Import Request.
  Time since last request: 0.000030 seconds.
  path: Assets/Art/Texture/TX Props_49.asset
  artifactKey: Guid(a0b45a1ede2516044b4d4f43c22b9ab8) Importer(815301076,1909f56bfc062723c751e8b465ee728b)
Start importing Assets/Art/Texture/TX Props_49.asset using Guid(a0b45a1ede2516044b4d4f43c22b9ab8) Importer(815301076,1909f56bfc062723c751e8b465ee728b)  -> (artifact id: '1b55b815d2f12262a4910cbb574d96f1') in 0.006134 seconds 
========================================================================
Received Import Request.
  Time since last request: 0.000039 seconds.
  path: Assets/Art/Texture/TX Props_54.asset
  artifactKey: Guid(77f5ff35534d3df409098472aac936df) Importer(815301076,1909f56bfc062723c751e8b465ee728b)
Start importing Assets/Art/Texture/TX Props_54.asset using Guid(77f5ff35534d3df409098472aac936df) Importer(815301076,1909f56bfc062723c751e8b465ee728b)  -> (artifact id: '46d8b03bc6c564aa395faeb2421e462e') in 0.005449 seconds 
========================================================================
Received Import Request.
  Time since last request: 0.000077 seconds.
  path: Assets/Art/Texture/TX Props_18.asset
  artifactKey: Guid(1e4a810848406714b99d5b3683d2e96b) Importer(815301076,1909f56bfc062723c751e8b465ee728b)
Start importing Assets/Art/Texture/TX Props_18.asset using Guid(1e4a810848406714b99d5b3683d2e96b) Importer(815301076,1909f56bfc062723c751e8b465ee728b)  -> (artifact id: '978d41d12d034902a6c0c8efc1a019cc') in 0.007992 seconds 
========================================================================
Received Import Request.
  Time since last request: 0.000025 seconds.
  path: Assets/Art/Texture/TX Props_2.asset
  artifactKey: Guid(edd66982513893843881591da9750000) Importer(815301076,1909f56bfc062723c751e8b465ee728b)
Start importing Assets/Art/Texture/TX Props_2.asset using Guid(edd66982513893843881591da9750000) Importer(815301076,1909f56bfc062723c751e8b465ee728b)  -> (artifact id: 'e441fdda446ad1bddc57a2ad8eec731a') in 0.006702 seconds 
========================================================================
Received Import Request.
  Time since last request: 0.000020 seconds.
  path: Assets/Art/Texture/TX Props_32.asset
  artifactKey: Guid(f2a6aed0474b611468abafbd46b37d0b) Importer(815301076,1909f56bfc062723c751e8b465ee728b)
Start importing Assets/Art/Texture/TX Props_32.asset using Guid(f2a6aed0474b611468abafbd46b37d0b) Importer(815301076,1909f56bfc062723c751e8b465ee728b)  -> (artifact id: '7be718d129a03c882edbd9870b7b1917') in 0.005243 seconds 
========================================================================
Received Import Request.
  Time since last request: 0.000020 seconds.
  path: Assets/Art/Texture/TX Props_47.asset
  artifactKey: Guid(8846331acb6f4d143a6aaa03c19aba4b) Importer(815301076,1909f56bfc062723c751e8b465ee728b)
Start importing Assets/Art/Texture/TX Props_47.asset using Guid(8846331acb6f4d143a6aaa03c19aba4b) Importer(815301076,1909f56bfc062723c751e8b465ee728b)  -> (artifact id: '488fba6405337adecf88e71bcf4a1388') in 0.006801 seconds 
========================================================================
Received Import Request.
  Time since last request: 0.000018 seconds.
  path: Assets/Art/Texture/TX Props_83.asset
  artifactKey: Guid(ac8dc9ebf139fb844932eda66b59a185) Importer(815301076,1909f56bfc062723c751e8b465ee728b)
Start importing Assets/Art/Texture/TX Props_83.asset using Guid(ac8dc9ebf139fb844932eda66b59a185) Importer(815301076,1909f56bfc062723c751e8b465ee728b)  -> (artifact id: '56309c8a96b6469d982ca52d5f9929fa') in 0.007002 seconds 
========================================================================
Received Import Request.
  Time since last request: 0.000022 seconds.
  path: Assets/Art/Texture/TX Props_78.asset
  artifactKey: Guid(e678e23177d726e4a84d8ae17ea21945) Importer(815301076,1909f56bfc062723c751e8b465ee728b)
Start importing Assets/Art/Texture/TX Props_78.asset using Guid(e678e23177d726e4a84d8ae17ea21945) Importer(815301076,1909f56bfc062723c751e8b465ee728b)  -> (artifact id: 'fbf1d721f905cd501ee66ddc47870cb9') in 0.006284 seconds 
========================================================================
Received Import Request.
  Time since last request: 0.000018 seconds.
  path: Assets/Art/Texture/TX Tileset Grass.png
  artifactKey: Guid(39169637f4f20fd4e95713495b411b50) Importer(815301076,1909f56bfc062723c751e8b465ee728b)
Start importing Assets/Art/Texture/TX Tileset Grass.png using Guid(39169637f4f20fd4e95713495b411b50) Importer(815301076,1909f56bfc062723c751e8b465ee728b)  -> (artifact id: '465fceab024f17d5f154548170449d43') in 0.202842 seconds 
========================================================================
Received Import Request.
  Time since last request: 0.000019 seconds.
  path: Assets/Art/Texture/TX Props_60.asset
  artifactKey: Guid(324ef9da91e9d2e42a91552d61da28d3) Importer(815301076,1909f56bfc062723c751e8b465ee728b)
Start importing Assets/Art/Texture/TX Props_60.asset using Guid(324ef9da91e9d2e42a91552d61da28d3) Importer(815301076,1909f56bfc062723c751e8b465ee728b)  -> (artifact id: '174fd17baccca07d0347b0034aeb9c54') in 0.005673 seconds 
========================================================================
Received Import Request.
  Time since last request: 0.000039 seconds.
  path: Assets/Art/Texture/TX Props_42.asset
  artifactKey: Guid(bb380fdfea931994fb6ed460f0e43a34) Importer(815301076,1909f56bfc062723c751e8b465ee728b)
Start importing Assets/Art/Texture/TX Props_42.asset using Guid(bb380fdfea931994fb6ed460f0e43a34) Importer(815301076,1909f56bfc062723c751e8b465ee728b)  -> (artifact id: '9f48f7646e1d0675540334dc0372168c') in 0.006049 seconds 
========================================================================
Received Import Request.
  Time since last request: 0.000030 seconds.
  path: Assets/Art/Texture/TX Props_90.asset
  artifactKey: Guid(6ee988d8dbdcbed45915ba9bd956c10e) Importer(815301076,1909f56bfc062723c751e8b465ee728b)
Start importing Assets/Art/Texture/TX Props_90.asset using Guid(6ee988d8dbdcbed45915ba9bd956c10e) Importer(815301076,1909f56bfc062723c751e8b465ee728b)  -> (artifact id: '587ae873df2728f3f5553c576c7878fa') in 0.008525 seconds 
========================================================================
Received Import Request.
  Time since last request: 0.000017 seconds.
  path: Assets/Art/Texture/TX Props_15.asset
  artifactKey: Guid(64d79c81ed946d647bdb43ebbc028677) Importer(815301076,1909f56bfc062723c751e8b465ee728b)
Start importing Assets/Art/Texture/TX Props_15.asset using Guid(64d79c81ed946d647bdb43ebbc028677) Importer(815301076,1909f56bfc062723c751e8b465ee728b)  -> (artifact id: '9045e030baffc6ed458fdd13aea0a743') in 0.006312 seconds 
========================================================================
Received Import Request.
  Time since last request: 0.000018 seconds.
  path: Assets/Art/Texture/forest backgound.jpg
  artifactKey: Guid(22e2231917f89aa46b17a4422e18dd0d) Importer(815301076,1909f56bfc062723c751e8b465ee728b)
Start importing Assets/Art/Texture/forest backgound.jpg using Guid(22e2231917f89aa46b17a4422e18dd0d) Importer(815301076,1909f56bfc062723c751e8b465ee728b)  -> (artifact id: '19aa296cd690e2e2261b4d07706c0eb5') in 0.026632 seconds 
========================================================================
Received Import Request.
  Time since last request: 0.000029 seconds.
  path: Assets/Art/Texture/TX Props_71.asset
  artifactKey: Guid(e067d7418c0ecda429126586ca7f1ed6) Importer(815301076,1909f56bfc062723c751e8b465ee728b)
Start importing Assets/Art/Texture/TX Props_71.asset using Guid(e067d7418c0ecda429126586ca7f1ed6) Importer(815301076,1909f56bfc062723c751e8b465ee728b)  -> (artifact id: 'e81f4b3a4fed8e718146fa6e7b70a418') in 0.005924 seconds 
========================================================================
Received Import Request.
  Time since last request: 0.000036 seconds.
  path: Assets/Art/Texture/TX Props_59.asset
  artifactKey: Guid(ca539437a4fe86545a5cca5bf85a6705) Importer(815301076,1909f56bfc062723c751e8b465ee728b)
Start importing Assets/Art/Texture/TX Props_59.asset using Guid(ca539437a4fe86545a5cca5bf85a6705) Importer(815301076,1909f56bfc062723c751e8b465ee728b)  -> (artifact id: '385cc196db828554c1bc68abad590f1c') in 0.007245 seconds 
========================================================================
Received Import Request.
  Time since last request: 0.000023 seconds.
  path: Assets/Art/Texture/TX Props_13.asset
  artifactKey: Guid(86275907c96570d4e94fa3b6d6342553) Importer(815301076,1909f56bfc062723c751e8b465ee728b)
Start importing Assets/Art/Texture/TX Props_13.asset using Guid(86275907c96570d4e94fa3b6d6342553) Importer(815301076,1909f56bfc062723c751e8b465ee728b)  -> (artifact id: '980a85fe7bbc484439a3ad3c0155579b') in 0.005024 seconds 
========================================================================
Received Import Request.
  Time since last request: 0.000016 seconds.
  path: Assets/Art/Texture/TX Props_82.asset
  artifactKey: Guid(e798591f5638bf94895af50359ef0c73) Importer(815301076,1909f56bfc062723c751e8b465ee728b)
Start importing Assets/Art/Texture/TX Props_82.asset using Guid(e798591f5638bf94895af50359ef0c73) Importer(815301076,1909f56bfc062723c751e8b465ee728b)  -> (artifact id: 'f76a4242945c679acd3dbb8ae3ae099f') in 0.005943 seconds 
========================================================================
Received Import Request.
  Time since last request: 0.000021 seconds.
  path: Assets/Art/Texture/TX Props_66.asset
  artifactKey: Guid(06302c680c6883a45a87889b08cc729c) Importer(815301076,1909f56bfc062723c751e8b465ee728b)
Start importing Assets/Art/Texture/TX Props_66.asset using Guid(06302c680c6883a45a87889b08cc729c) Importer(815301076,1909f56bfc062723c751e8b465ee728b)  -> (artifact id: '0372d70217a2382c313a9d3f26d0aaa2') in 0.008076 seconds 
========================================================================
Received Import Request.
  Time since last request: 0.000033 seconds.
  path: Assets/Art/Texture/TX Props_86.asset
  artifactKey: Guid(4041f6a582fabe64f92b5b0c4fbf8bca) Importer(815301076,1909f56bfc062723c751e8b465ee728b)
Start importing Assets/Art/Texture/TX Props_86.asset using Guid(4041f6a582fabe64f92b5b0c4fbf8bca) Importer(815301076,1909f56bfc062723c751e8b465ee728b)  -> (artifact id: '9927472da4fd167f5c1377f39411bb9b') in 0.005014 seconds 
========================================================================
Received Import Request.
  Time since last request: 0.000023 seconds.
  path: Assets/Art/Texture/TX Props_87.asset
  artifactKey: Guid(cb744a0d94152c1448f828c11967f348) Importer(815301076,1909f56bfc062723c751e8b465ee728b)
Start importing Assets/Art/Texture/TX Props_87.asset using Guid(cb744a0d94152c1448f828c11967f348) Importer(815301076,1909f56bfc062723c751e8b465ee728b)  -> (artifact id: 'e5dbd63878dff31b0b2abaef090c9b78') in 0.006625 seconds 
========================================================================
Received Import Request.
  Time since last request: 0.000023 seconds.
  path: Assets/Art/Texture/TX Props_6.asset
  artifactKey: Guid(250c4f16d1fb5894794964496c0cd747) Importer(815301076,1909f56bfc062723c751e8b465ee728b)
Start importing Assets/Art/Texture/TX Props_6.asset using Guid(250c4f16d1fb5894794964496c0cd747) Importer(815301076,1909f56bfc062723c751e8b465ee728b)  -> (artifact id: 'c68f044bd997bc01de575f89371902bb') in 0.008181 seconds 
========================================================================
Received Import Request.
  Time since last request: 0.000022 seconds.
  path: Assets/Art/Texture/TX Props_57.asset
  artifactKey: Guid(8854621248f6edd4b9b41f827a790c53) Importer(815301076,1909f56bfc062723c751e8b465ee728b)
Start importing Assets/Art/Texture/TX Props_57.asset using Guid(8854621248f6edd4b9b41f827a790c53) Importer(815301076,1909f56bfc062723c751e8b465ee728b)  -> (artifact id: '6ab77099e71d851749335de9eaba4122') in 0.005523 seconds 
========================================================================
Received Import Request.
  Time since last request: 0.000020 seconds.
  path: Assets/Art/Texture/TX Props_98.asset
  artifactKey: Guid(e53495c1fb6f43e489f57636d3190224) Importer(815301076,1909f56bfc062723c751e8b465ee728b)
Start importing Assets/Art/Texture/TX Props_98.asset using Guid(e53495c1fb6f43e489f57636d3190224) Importer(815301076,1909f56bfc062723c751e8b465ee728b)  -> (artifact id: '0370d097fca60a113cc97d64ff3410b5') in 0.006566 seconds 
========================================================================
Received Import Request.
  Time since last request: 0.000020 seconds.
  path: Assets/Art/Texture/TX Props_70.asset
  artifactKey: Guid(1bfb72e1b6c220c42b8f3ce2d15448fd) Importer(815301076,1909f56bfc062723c751e8b465ee728b)
Start importing Assets/Art/Texture/TX Props_70.asset using Guid(1bfb72e1b6c220c42b8f3ce2d15448fd) Importer(815301076,1909f56bfc062723c751e8b465ee728b)  -> (artifact id: 'fda839f74ecfee1cbfc42cd799b5043b') in 0.005664 seconds 
========================================================================
Received Import Request.
  Time since last request: 16.764665 seconds.
  path: Assets/Art/Texture/main_houses.png
  artifactKey: Guid(e84439d5263f66e439b3f05e8b7f6508) Importer(815301076,1909f56bfc062723c751e8b465ee728b)
Start importing Assets/Art/Texture/main_houses.png using Guid(e84439d5263f66e439b3f05e8b7f6508) Importer(815301076,1909f56bfc062723c751e8b465ee728b)  -> (artifact id: '77b834ef267dfa0aa9eb479c3d60e986') in 0.008496 seconds 
========================================================================
Received Import Request.
  Time since last request: 18.927934 seconds.
  path: Assets/Art/Texture/main_houses.png
  artifactKey: Guid(e84439d5263f66e439b3f05e8b7f6508) Importer(815301076,1909f56bfc062723c751e8b465ee728b)
Start importing Assets/Art/Texture/main_houses.png using Guid(e84439d5263f66e439b3f05e8b7f6508) Importer(815301076,1909f56bfc062723c751e8b465ee728b)  -> (artifact id: '3dd83199820263b9176a2a1a4a4acf2b') in 0.219557 seconds 
