Using pre-set license
Built from '2021.3/staging' branch; Version is '2021.3.16f1 (4016570cf34f) revision 4200023'; Using compiler version '192829333'; Build Type 'Release'
OS: 'Windows 11  (10.0.22621) 64bit Core' Language: 'fr' Physical Memory: 16122 MB
BatchMode: 1, IsHumanControllingUs: 0, StartBugReporterOnCrash: 0, Is64bit: 1, IsPro: 1

COMMAND LINE ARGUMENTS:
C:\Program Files\Unity\Hub\Editor\2021.3.16f1\Editor\Unity.exe
-adb2
-batchMode
-noUpm
-name
AssetImportWorker7
-projectPath
C:/Users/Utilisateur/Documents/GitHub/Tales-of-Hivnir/Tiles-Of-Hivnir
-logFile
Logs/AssetImportWorker7.log
-srvPort
54729
Successfully changed project path to: C:/Users/Utilisateur/Documents/GitHub/Tales-of-Hivnir/Tiles-Of-Hivnir
C:/Users/Utilisateur/Documents/GitHub/Tales-of-Hivnir/Tiles-Of-Hivnir
[UnityMemory] Configuration Parameters - Can be set up in boot.config
    "memorysetup-bucket-allocator-granularity=16"
    "memorysetup-bucket-allocator-bucket-count=8"
    "memorysetup-bucket-allocator-block-size=33554432"
    "memorysetup-bucket-allocator-block-count=8"
    "memorysetup-main-allocator-block-size=16777216"
    "memorysetup-thread-allocator-block-size=16777216"
    "memorysetup-gfx-main-allocator-block-size=16777216"
    "memorysetup-gfx-thread-allocator-block-size=16777216"
    "memorysetup-cache-allocator-block-size=4194304"
    "memorysetup-typetree-allocator-block-size=2097152"
    "memorysetup-profiler-bucket-allocator-granularity=16"
    "memorysetup-profiler-bucket-allocator-bucket-count=8"
    "memorysetup-profiler-bucket-allocator-block-size=33554432"
    "memorysetup-profiler-bucket-allocator-block-count=8"
    "memorysetup-profiler-allocator-block-size=16777216"
    "memorysetup-profiler-editor-allocator-block-size=1048576"
    "memorysetup-temp-allocator-size-main=16777216"
    "memorysetup-job-temp-allocator-block-size=2097152"
    "memorysetup-job-temp-allocator-block-size-background=1048576"
    "memorysetup-job-temp-allocator-reduction-small-platforms=262144"
    "memorysetup-temp-allocator-size-background-worker=32768"
    "memorysetup-temp-allocator-size-job-worker=262144"
    "memorysetup-temp-allocator-size-preload-manager=33554432"
    "memorysetup-temp-allocator-size-nav-mesh-worker=65536"
    "memorysetup-temp-allocator-size-audio-worker=65536"
    "memorysetup-temp-allocator-size-cloud-worker=32768"
    "memorysetup-temp-allocator-size-gi-baking-worker=262144"
    "memorysetup-temp-allocator-size-gfx=262144"
Player connection [30444] Host "[IP] 192.168.56.1 [Port] 0 [Flags] 2 [Guid] 72867846 [EditorId] 72867846 [Version] 1048832 [Id] WindowsEditor(7,LAPTOP-ET774ROT) [Debug] 1 [PackageName] WindowsEditor [ProjectName] Editor" joined multi-casting on [225.0.0.222:54997]...

Player connection [30444] Host "[IP] 192.168.56.1 [Port] 0 [Flags] 2 [Guid] 72867846 [EditorId] 72867846 [Version] 1048832 [Id] WindowsEditor(7,LAPTOP-ET774ROT) [Debug] 1 [PackageName] WindowsEditor [ProjectName] Editor" joined alternative multi-casting on [225.0.0.222:34997]...

Refreshing native plugins compatible for Editor in 430.94 ms, found 3 plugins.
Preloading 0 native plugins for Editor in 0.00 ms.
Initialize engine version: 2021.3.16f1 (4016570cf34f)
[Subsystems] Discovering subsystems at path C:/Program Files/Unity/Hub/Editor/2021.3.16f1/Editor/Data/Resources/UnitySubsystems
[Subsystems] Discovering subsystems at path C:/Users/Utilisateur/Documents/GitHub/Tales-of-Hivnir/Tiles-Of-Hivnir/Assets
GfxDevice: creating device client; threaded=0; jobified=0
Direct3D:
    Version:  Direct3D 11.0 [level 11.1]
    Renderer: NVIDIA GeForce RTX 3060 Laptop GPU (ID=0x2520)
    Vendor:   NVIDIA
    VRAM:     6023 MB
    Driver:   31.0.15.1720
Initialize mono
Mono path[0] = 'C:/Program Files/Unity/Hub/Editor/2021.3.16f1/Editor/Data/Managed'
Mono path[1] = 'C:/Program Files/Unity/Hub/Editor/2021.3.16f1/Editor/Data/MonoBleedingEdge/lib/mono/unityjit-win32'
Mono config path = 'C:/Program Files/Unity/Hub/Editor/2021.3.16f1/Editor/Data/MonoBleedingEdge/etc'
Using monoOptions --debugger-agent=transport=dt_socket,embedding=1,server=y,suspend=n,address=127.0.0.1:56760
Begin MonoManager ReloadAssembly
Registering precompiled unity dll's ...
Register platform support module: C:/Program Files/Unity/Hub/Editor/2021.3.16f1/Editor/Data/PlaybackEngines/WebGLSupport/UnityEditor.WebGL.Extensions.dll
Register platform support module: C:/Program Files/Unity/Hub/Editor/2021.3.16f1/Editor/Data/PlaybackEngines/AndroidPlayer/UnityEditor.Android.Extensions.dll
Register platform support module: C:/Program Files/Unity/Hub/Editor/2021.3.16f1/Editor/Data/PlaybackEngines/WindowsStandaloneSupport/UnityEditor.WindowsStandalone.Extensions.dll
Registered in 0.012124 seconds.
Native extension for WindowsStandalone target not found
Native extension for Android target not found
Native extension for WebGL target not found
Refreshing native plugins compatible for Editor in 220.72 ms, found 3 plugins.
Preloading 0 native plugins for Editor in 0.00 ms.
Mono: successfully reloaded assembly
- Completed reload, in  1.355 seconds
Domain Reload Profiling:
	ReloadAssembly (1356ms)
		BeginReloadAssembly (182ms)
			ExecutionOrderSort (0ms)
			DisableScriptedObjects (0ms)
			BackupInstance (0ms)
			ReleaseScriptingObjects (0ms)
			CreateAndSetChildDomain (1ms)
		EndReloadAssembly (958ms)
			LoadAssemblies (179ms)
			RebuildTransferFunctionScriptingTraits (0ms)
			SetupTypeCache (272ms)
			ReleaseScriptCaches (0ms)
			RebuildScriptCaches (60ms)
			SetupLoadedEditorAssemblies (520ms)
				LogAssemblyErrors (0ms)
				InitializePlatformSupportModulesInManaged (131ms)
				SetLoadedEditorAssemblies (0ms)
				RefreshPlugins (221ms)
				BeforeProcessingInitializeOnLoad (2ms)
				ProcessInitializeOnLoadAttributes (110ms)
				ProcessInitializeOnLoadMethodAttributes (54ms)
				AfterProcessingInitializeOnLoad (0ms)
				EditorAssembliesLoaded (0ms)
			ExecutionOrderSort2 (0ms)
			AwakeInstancesAfterBackupRestoration (0ms)
Platform modules already initialized, skipping
Registering precompiled user dll's ...
Registered in 0.005352 seconds.
Begin MonoManager ReloadAssembly
Native extension for WindowsStandalone target not found
Native extension for Android target not found
Native extension for WebGL target not found
Refreshing native plugins compatible for Editor in 113.00 ms, found 3 plugins.
Preloading 0 native plugins for Editor in 0.00 ms.
Mono: successfully reloaded assembly
- Completed reload, in  1.480 seconds
Domain Reload Profiling:
	ReloadAssembly (1481ms)
		BeginReloadAssembly (256ms)
			ExecutionOrderSort (0ms)
			DisableScriptedObjects (9ms)
			BackupInstance (0ms)
			ReleaseScriptingObjects (0ms)
			CreateAndSetChildDomain (140ms)
		EndReloadAssembly (1100ms)
			LoadAssemblies (95ms)
			RebuildTransferFunctionScriptingTraits (0ms)
			SetupTypeCache (315ms)
			ReleaseScriptCaches (1ms)
			RebuildScriptCaches (109ms)
			SetupLoadedEditorAssemblies (495ms)
				LogAssemblyErrors (0ms)
				InitializePlatformSupportModulesInManaged (15ms)
				SetLoadedEditorAssemblies (0ms)
				RefreshPlugins (113ms)
				BeforeProcessingInitializeOnLoad (71ms)
				ProcessInitializeOnLoadAttributes (243ms)
				ProcessInitializeOnLoadMethodAttributes (47ms)
				AfterProcessingInitializeOnLoad (5ms)
				EditorAssembliesLoaded (0ms)
			ExecutionOrderSort2 (0ms)
			AwakeInstancesAfterBackupRestoration (6ms)
Platform modules already initialized, skipping
========================================================================
Worker process is ready to serve import requests
Launched and connected shader compiler UnityShaderCompiler.exe after 0.04 seconds
Refreshing native plugins compatible for Editor in 3.77 ms, found 3 plugins.
Preloading 0 native plugins for Editor in 0.00 ms.
Unloading 2834 Unused Serialized files (Serialized files now loaded: 0)
Unloading 38 unused Assets / (30.2 KB). Loaded Objects now: 3299.
Memory consumption went from 130.7 MB to 130.7 MB.
Total: 4.984100 ms (FindLiveObjects: 0.367300 ms CreateObjectMapping: 0.147400 ms MarkObjects: 4.380800 ms  DeleteObjects: 0.086500 ms)

AssetImportParameters requested are different than current active one (requested -> active):
  custom:video-decoder-ogg-theora: a1e56fd34408186e4bbccfd4996cb3dc -> 
  custom:container-muxer-webm: aa71ff27fc2769a1b78a27578f13a17b -> 
  custom:container-demuxer-webm: 4f35f7cbe854078d1ac9338744f61a02 -> 
  custom:video-encoder-webm-vp8: eb34c28f22e8b96e1ab97ce403110664 -> 
  custom:video-codec-MediaFoundation-h265: 746d11721c4dcdbdad8f713fa42b33f4 -> 
  custom:audio-encoder-webm-vorbis: bf7c407c2cedff20999df2af8eb42d56 -> 
  custom:framework-win-MediaFoundation: 216162199b28c13a410421893ffa2e32 -> 
  custom:container-demuxer-ogg: 62fdf1f143b41e24485cea50d1cbac27 -> 
  custom:video-decoder-webm-vp8: 9c59270c3fd7afecdb556c50c9e8de78 -> 
  custom:audio-decoder-ogg-vorbis: bf7c407c2cedff20999df2af8eb42d56 -> 
========================================================================
Received Import Request.
  Time since last request: 58249.863822 seconds.
  path: Assets/Art/Item/Icon4 1.png
  artifactKey: Guid(09a724435003c7045ab4355129b7c7fe) Importer(815301076,1909f56bfc062723c751e8b465ee728b)
Start importing Assets/Art/Item/Icon4 1.png using Guid(09a724435003c7045ab4355129b7c7fe) Importer(815301076,1909f56bfc062723c751e8b465ee728b)  -> (artifact id: 'f14edf9dd5d25b664a2192d953ee72fc') in 0.382624 seconds 
========================================================================
Received Import Request.
  Time since last request: 0.000112 seconds.
  path: Assets/Art/Item/Icon42 1.png
  artifactKey: Guid(aa31eb59792b78e4c9832d80092d8b7d) Importer(815301076,1909f56bfc062723c751e8b465ee728b)
Start importing Assets/Art/Item/Icon42 1.png using Guid(aa31eb59792b78e4c9832d80092d8b7d) Importer(815301076,1909f56bfc062723c751e8b465ee728b)  -> (artifact id: '4edb9be1e6809681503c4d9452b6d3f0') in 0.060231 seconds 
========================================================================
Received Import Request.
  Time since last request: 0.000095 seconds.
  path: Assets/Art/Item/Icon10 1.png
  artifactKey: Guid(397ccdea02720cd4a9e4814384dded56) Importer(815301076,1909f56bfc062723c751e8b465ee728b)
Start importing Assets/Art/Item/Icon10 1.png using Guid(397ccdea02720cd4a9e4814384dded56) Importer(815301076,1909f56bfc062723c751e8b465ee728b)  -> (artifact id: '1d8b45a9781e6e1642762e263780bd8c') in 0.026522 seconds 
========================================================================
Received Import Request.
  Time since last request: 0.000108 seconds.
  path: Assets/Art/Item/Icon29 1.png
  artifactKey: Guid(84a17d6940b923f43a10d218b35fcbe1) Importer(815301076,1909f56bfc062723c751e8b465ee728b)
Start importing Assets/Art/Item/Icon29 1.png using Guid(84a17d6940b923f43a10d218b35fcbe1) Importer(815301076,1909f56bfc062723c751e8b465ee728b)  -> (artifact id: '1c1895a5b4a0e684cd1069c02d1ded02') in 0.034859 seconds 
========================================================================
Received Import Request.
  Time since last request: 0.000139 seconds.
  path: Assets/Art/Item/Icon21 1.png
  artifactKey: Guid(22025b950dd189a4e96be6ab2ed336ac) Importer(815301076,1909f56bfc062723c751e8b465ee728b)
Start importing Assets/Art/Item/Icon21 1.png using Guid(22025b950dd189a4e96be6ab2ed336ac) Importer(815301076,1909f56bfc062723c751e8b465ee728b)  -> (artifact id: '250acf50511ca26a6b0fe4bfecec9264') in 0.035025 seconds 
========================================================================
Received Import Request.
  Time since last request: 0.000179 seconds.
  path: Assets/Art/Item/Icon6 1.png
  artifactKey: Guid(c157e2cecc61c3349a5ac07a8cb1a68e) Importer(815301076,1909f56bfc062723c751e8b465ee728b)
Start importing Assets/Art/Item/Icon6 1.png using Guid(c157e2cecc61c3349a5ac07a8cb1a68e) Importer(815301076,1909f56bfc062723c751e8b465ee728b)  -> (artifact id: 'cfe2e6a098fcefd18a500468f5d7c447') in 0.035248 seconds 
========================================================================
Received Import Request.
  Time since last request: 0.000273 seconds.
  path: Assets/Art/Item/Icon24 1.png
  artifactKey: Guid(8a77097f6c97adf49b2727eb6094238c) Importer(815301076,1909f56bfc062723c751e8b465ee728b)
Start importing Assets/Art/Item/Icon24 1.png using Guid(8a77097f6c97adf49b2727eb6094238c) Importer(815301076,1909f56bfc062723c751e8b465ee728b)  -> (artifact id: '261904af5a49423205c22e9b5504fa05') in 0.040895 seconds 
========================================================================
Received Import Request.
  Time since last request: 0.000069 seconds.
  path: Assets/Art/Item/Icon48 1.png
  artifactKey: Guid(554118e471756c949ae3525f1b2648ea) Importer(815301076,1909f56bfc062723c751e8b465ee728b)
Start importing Assets/Art/Item/Icon48 1.png using Guid(554118e471756c949ae3525f1b2648ea) Importer(815301076,1909f56bfc062723c751e8b465ee728b)  -> (artifact id: '73153305da1d3eab17997a637b80e328') in 0.044037 seconds 
========================================================================
Received Import Request.
  Time since last request: 0.000136 seconds.
  path: Assets/Art/Item/Icon37 1.png
  artifactKey: Guid(3964da5fcc283874d96e788d82109c92) Importer(815301076,1909f56bfc062723c751e8b465ee728b)
Start importing Assets/Art/Item/Icon37 1.png using Guid(3964da5fcc283874d96e788d82109c92) Importer(815301076,1909f56bfc062723c751e8b465ee728b)  -> (artifact id: '107aa217b2704144c9d71e4df458cdfb') in 0.042041 seconds 
========================================================================
Received Import Request.
  Time since last request: 0.000086 seconds.
  path: Assets/Art/Item/Icon20 1.png
  artifactKey: Guid(ad9be9f1c2b174e49af90f18889e8ae0) Importer(815301076,1909f56bfc062723c751e8b465ee728b)
Start importing Assets/Art/Item/Icon20 1.png using Guid(ad9be9f1c2b174e49af90f18889e8ae0) Importer(815301076,1909f56bfc062723c751e8b465ee728b)  -> (artifact id: '0f8bdc80700e10bf4d6df277268828ef') in 0.029996 seconds 
========================================================================
Received Import Request.
  Time since last request: 57.928743 seconds.
  path: Assets/Art/Item/Icon15 2.png
  artifactKey: Guid(c46803778574e784ebae1f032762bece) Importer(815301076,1909f56bfc062723c751e8b465ee728b)
Start importing Assets/Art/Item/Icon15 2.png using Guid(c46803778574e784ebae1f032762bece) Importer(815301076,1909f56bfc062723c751e8b465ee728b)  -> (artifact id: '5fc36c2c9a5b7a1e8faa0eb59ee276fe') in 0.009998 seconds 
========================================================================
Received Import Request.
  Time since last request: 0.000033 seconds.
  path: Assets/Art/Item/Icon34 2.png
  artifactKey: Guid(33e65fff6f613db42b646f5a5b159860) Importer(815301076,1909f56bfc062723c751e8b465ee728b)
Start importing Assets/Art/Item/Icon34 2.png using Guid(33e65fff6f613db42b646f5a5b159860) Importer(815301076,1909f56bfc062723c751e8b465ee728b)  -> (artifact id: 'f246be7f3cd11df05ca71ffd612611b4') in 0.020086 seconds 
========================================================================
Received Import Request.
  Time since last request: 0.000032 seconds.
  path: Assets/Art/Item/Icon29 2.png
  artifactKey: Guid(593e760db4975a04b9fe758a4f5a82f9) Importer(815301076,1909f56bfc062723c751e8b465ee728b)
Start importing Assets/Art/Item/Icon29 2.png using Guid(593e760db4975a04b9fe758a4f5a82f9) Importer(815301076,1909f56bfc062723c751e8b465ee728b)  -> (artifact id: '0e07d5fb22acdea0ad07bfe2cf3a87d3') in 0.094181 seconds 
========================================================================
Received Import Request.
  Time since last request: 0.000188 seconds.
  path: Assets/Art/Item/Icon28 2.png
  artifactKey: Guid(c8e434123cccfcf46ae9b76589e0cfc2) Importer(815301076,1909f56bfc062723c751e8b465ee728b)
Start importing Assets/Art/Item/Icon28 2.png using Guid(c8e434123cccfcf46ae9b76589e0cfc2) Importer(815301076,1909f56bfc062723c751e8b465ee728b)  -> (artifact id: '7ff297efd5a2c6912002da6cd7a784c9') in 0.069451 seconds 
========================================================================
Received Import Request.
  Time since last request: 0.000195 seconds.
  path: Assets/Art/Item/Icon42 2.png
  artifactKey: Guid(e640978927e52484a864973eae8d2ea9) Importer(815301076,1909f56bfc062723c751e8b465ee728b)
Start importing Assets/Art/Item/Icon42 2.png using Guid(e640978927e52484a864973eae8d2ea9) Importer(815301076,1909f56bfc062723c751e8b465ee728b)  -> (artifact id: '3355550623645ecbfe09ab9009b90245') in 0.040619 seconds 
========================================================================
Received Import Request.
  Time since last request: 0.000064 seconds.
  path: Assets/Art/Item/Icon47 2.png
  artifactKey: Guid(049e27374a367c24c878449686d35b91) Importer(815301076,1909f56bfc062723c751e8b465ee728b)
Start importing Assets/Art/Item/Icon47 2.png using Guid(049e27374a367c24c878449686d35b91) Importer(815301076,1909f56bfc062723c751e8b465ee728b)  -> (artifact id: 'b5785095e5a41b2b2b90ee4a5c211f73') in 0.024995 seconds 
========================================================================
Received Import Request.
  Time since last request: 0.000063 seconds.
  path: Assets/Art/Item/Icon19 2.png
  artifactKey: Guid(807d0449b6bcc19459cd4fc0afa2a3d2) Importer(815301076,1909f56bfc062723c751e8b465ee728b)
Start importing Assets/Art/Item/Icon19 2.png using Guid(807d0449b6bcc19459cd4fc0afa2a3d2) Importer(815301076,1909f56bfc062723c751e8b465ee728b)  -> (artifact id: '78155016ca1992dab064a06902199307') in 0.025561 seconds 
========================================================================
Received Import Request.
  Time since last request: 0.000087 seconds.
  path: Assets/Art/Item/Icon21 2.png
  artifactKey: Guid(120b032937a32e94d8e498d84d90711b) Importer(815301076,1909f56bfc062723c751e8b465ee728b)
Start importing Assets/Art/Item/Icon21 2.png using Guid(120b032937a32e94d8e498d84d90711b) Importer(815301076,1909f56bfc062723c751e8b465ee728b)  -> (artifact id: 'b08aafbe2b2a80a843115a7941f9ced7') in 0.057030 seconds 
========================================================================
Received Import Request.
  Time since last request: 0.000119 seconds.
  path: Assets/Art/Item/Icon26 2.png
  artifactKey: Guid(ddac45a4ba90fdf4cb2efbd8a54d9065) Importer(815301076,1909f56bfc062723c751e8b465ee728b)
Start importing Assets/Art/Item/Icon26 2.png using Guid(ddac45a4ba90fdf4cb2efbd8a54d9065) Importer(815301076,1909f56bfc062723c751e8b465ee728b)  -> (artifact id: 'fee43d5a742bd9dbabc1f4d615e9a64f') in 0.035796 seconds 
========================================================================
Received Import Request.
  Time since last request: 0.000091 seconds.
  path: Assets/Art/Item/Icon46 2.png
  artifactKey: Guid(1f6c52a63b2fa8543830cea1e307c59d) Importer(815301076,1909f56bfc062723c751e8b465ee728b)
Start importing Assets/Art/Item/Icon46 2.png using Guid(1f6c52a63b2fa8543830cea1e307c59d) Importer(815301076,1909f56bfc062723c751e8b465ee728b)  -> (artifact id: '3fc0656e32dc2f21269b49a2b277c667') in 0.037158 seconds 
========================================================================
Received Import Request.
  Time since last request: 0.555686 seconds.
  path: Assets/Art/Item/Icon9 2.png
  artifactKey: Guid(89a1a43d117dfd141b5e91b708564ff8) Importer(815301076,1909f56bfc062723c751e8b465ee728b)
Start importing Assets/Art/Item/Icon9 2.png using Guid(89a1a43d117dfd141b5e91b708564ff8) Importer(815301076,1909f56bfc062723c751e8b465ee728b)  -> (artifact id: 'cd425e2d44d3a8bce4262260efbbb1d1') in 0.029421 seconds 
Editor requested this worker to shutdown with reason: Scaling down because of idle timeout
AssetImportWorker is now disconnected from the server
Process exiting
Exiting without the bug reporter. Application will terminate with return code 0