Using pre-set license
Built from '2021.3/evg/staging/82bb020e-b03b1330/draft-0' branch; Version is '2021.3.16f1 (4016570cf34f) revision 4200023'; Using compiler version '192829333'; Build Type 'Release'
OS: 'Windows 11  (10.0.22621) 64bit Core' Language: 'fr' Physical Memory: 15773 MB
BatchMode: 1, IsHumanControllingUs: 0, StartBugReporterOnCrash: 0, Is64bit: 1, IsPro: 1

COMMAND LINE ARGUMENTS:
C:\Program Files\Unity\Hub\Editor\2021.3.16f1\Editor\Unity.exe
-adb2
-batchMode
-noUpm
-name
AssetImportWorker1
-projectPath
C:/Users/kylli/Documents/Tales-of-Hivnir/Tiles-Of-Hivnir
-logFile
Logs/AssetImportWorker1.log
-srvPort
57027
Successfully changed project path to: C:/Users/kylli/Documents/Tales-of-Hivnir/Tiles-Of-Hivnir
C:/Users/kylli/Documents/Tales-of-Hivnir/Tiles-Of-Hivnir
[UnityMemory] Configuration Parameters - Can be set up in boot.config
    "memorysetup-bucket-allocator-granularity=16"
    "memorysetup-bucket-allocator-bucket-count=8"
    "memorysetup-bucket-allocator-block-size=33554432"
    "memorysetup-bucket-allocator-block-count=8"
    "memorysetup-main-allocator-block-size=16777216"
    "memorysetup-thread-allocator-block-size=16777216"
    "memorysetup-gfx-main-allocator-block-size=16777216"
    "memorysetup-gfx-thread-allocator-block-size=16777216"
    "memorysetup-cache-allocator-block-size=4194304"
    "memorysetup-typetree-allocator-block-size=2097152"
    "memorysetup-profiler-bucket-allocator-granularity=16"
    "memorysetup-profiler-bucket-allocator-bucket-count=8"
    "memorysetup-profiler-bucket-allocator-block-size=33554432"
    "memorysetup-profiler-bucket-allocator-block-count=8"
    "memorysetup-profiler-allocator-block-size=16777216"
    "memorysetup-profiler-editor-allocator-block-size=1048576"
    "memorysetup-temp-allocator-size-main=16777216"
    "memorysetup-job-temp-allocator-block-size=2097152"
    "memorysetup-job-temp-allocator-block-size-background=1048576"
    "memorysetup-job-temp-allocator-reduction-small-platforms=262144"
    "memorysetup-temp-allocator-size-background-worker=32768"
    "memorysetup-temp-allocator-size-job-worker=262144"
    "memorysetup-temp-allocator-size-preload-manager=33554432"
    "memorysetup-temp-allocator-size-nav-mesh-worker=65536"
    "memorysetup-temp-allocator-size-audio-worker=65536"
    "memorysetup-temp-allocator-size-cloud-worker=32768"
    "memorysetup-temp-allocator-size-gi-baking-worker=262144"
    "memorysetup-temp-allocator-size-gfx=262144"
Player connection [30976] Host "[IP] 192.168.66.228 [Port] 0 [Flags] 2 [Guid] 3554635266 [EditorId] 3554635266 [Version] 1048832 [Id] WindowsEditor(7,TUF706QM) [Debug] 1 [PackageName] WindowsEditor [ProjectName] Editor" joined multi-casting on [225.0.0.222:54997]...

Player connection [30976] Host "[IP] 192.168.66.228 [Port] 0 [Flags] 2 [Guid] 3554635266 [EditorId] 3554635266 [Version] 1048832 [Id] WindowsEditor(7,TUF706QM) [Debug] 1 [PackageName] WindowsEditor [ProjectName] Editor" joined alternative multi-casting on [225.0.0.222:34997]...

Refreshing native plugins compatible for Editor in 122.77 ms, found 3 plugins.
Preloading 0 native plugins for Editor in 0.00 ms.
Initialize engine version: 2021.3.16f1 (4016570cf34f)
[Subsystems] Discovering subsystems at path C:/Program Files/Unity/Hub/Editor/2021.3.16f1/Editor/Data/Resources/UnitySubsystems
[Subsystems] Discovering subsystems at path C:/Users/kylli/Documents/Tales-of-Hivnir/Tiles-Of-Hivnir/Assets
GfxDevice: creating device client; threaded=0; jobified=0
Direct3D:
    Version:  Direct3D 11.0 [level 11.1]
    Renderer: NVIDIA GeForce RTX 3060 Laptop GPU (ID=0x2520)
    Vendor:   NVIDIA
    VRAM:     6023 MB
    Driver:   31.0.15.1691
Initialize mono
Mono path[0] = 'C:/Program Files/Unity/Hub/Editor/2021.3.16f1/Editor/Data/Managed'
Mono path[1] = 'C:/Program Files/Unity/Hub/Editor/2021.3.16f1/Editor/Data/MonoBleedingEdge/lib/mono/unityjit-win32'
Mono config path = 'C:/Program Files/Unity/Hub/Editor/2021.3.16f1/Editor/Data/MonoBleedingEdge/etc'
Using monoOptions --debugger-agent=transport=dt_socket,embedding=1,server=y,suspend=n,address=127.0.0.1:56040
Begin MonoManager ReloadAssembly
Registering precompiled unity dll's ...
Register platform support module: C:/Program Files/Unity/Hub/Editor/2021.3.16f1/Editor/Data/PlaybackEngines/WindowsStandaloneSupport/UnityEditor.WindowsStandalone.Extensions.dll
Registered in 0.003894 seconds.
Native extension for WindowsStandalone target not found
Refreshing native plugins compatible for Editor in 101.89 ms, found 3 plugins.
Preloading 0 native plugins for Editor in 0.00 ms.
Mono: successfully reloaded assembly
- Completed reload, in  0.603 seconds
Domain Reload Profiling:
	ReloadAssembly (603ms)
		BeginReloadAssembly (66ms)
			ExecutionOrderSort (0ms)
			DisableScriptedObjects (0ms)
			BackupInstance (0ms)
			ReleaseScriptingObjects (0ms)
			CreateAndSetChildDomain (1ms)
		EndReloadAssembly (434ms)
			LoadAssemblies (64ms)
			RebuildTransferFunctionScriptingTraits (0ms)
			SetupTypeCache (94ms)
			ReleaseScriptCaches (0ms)
			RebuildScriptCaches (23ms)
			SetupLoadedEditorAssemblies (272ms)
				LogAssemblyErrors (0ms)
				InitializePlatformSupportModulesInManaged (7ms)
				SetLoadedEditorAssemblies (0ms)
				RefreshPlugins (102ms)
				BeforeProcessingInitializeOnLoad (1ms)
				ProcessInitializeOnLoadAttributes (122ms)
				ProcessInitializeOnLoadMethodAttributes (39ms)
				AfterProcessingInitializeOnLoad (0ms)
				EditorAssembliesLoaded (0ms)
			ExecutionOrderSort2 (0ms)
			AwakeInstancesAfterBackupRestoration (0ms)
Platform modules already initialized, skipping
Registering precompiled user dll's ...
Registered in 0.007052 seconds.
Begin MonoManager ReloadAssembly
Native extension for WindowsStandalone target not found
Refreshing native plugins compatible for Editor in 98.25 ms, found 3 plugins.
Preloading 0 native plugins for Editor in 0.00 ms.
Mono: successfully reloaded assembly
- Completed reload, in  1.056 seconds
Domain Reload Profiling:
	ReloadAssembly (1056ms)
		BeginReloadAssembly (110ms)
			ExecutionOrderSort (0ms)
			DisableScriptedObjects (5ms)
			BackupInstance (0ms)
			ReleaseScriptingObjects (0ms)
			CreateAndSetChildDomain (22ms)
		EndReloadAssembly (841ms)
			LoadAssemblies (144ms)
			RebuildTransferFunctionScriptingTraits (0ms)
			SetupTypeCache (190ms)
			ReleaseScriptCaches (1ms)
			RebuildScriptCaches (51ms)
			SetupLoadedEditorAssemblies (417ms)
				LogAssemblyErrors (0ms)
				InitializePlatformSupportModulesInManaged (4ms)
				SetLoadedEditorAssemblies (0ms)
				RefreshPlugins (98ms)
				BeforeProcessingInitializeOnLoad (68ms)
				ProcessInitializeOnLoadAttributes (199ms)
				ProcessInitializeOnLoadMethodAttributes (43ms)
				AfterProcessingInitializeOnLoad (6ms)
				EditorAssembliesLoaded (0ms)
			ExecutionOrderSort2 (0ms)
			AwakeInstancesAfterBackupRestoration (6ms)
Platform modules already initialized, skipping
========================================================================
Worker process is ready to serve import requests
Launched and connected shader compiler UnityShaderCompiler.exe after 0.06 seconds
Refreshing native plugins compatible for Editor in 2.55 ms, found 3 plugins.
Preloading 0 native plugins for Editor in 0.00 ms.
Unloading 2840 Unused Serialized files (Serialized files now loaded: 0)
Unloading 38 unused Assets / (30.2 KB). Loaded Objects now: 3303.
Memory consumption went from 131.4 MB to 131.3 MB.
Total: 4.342600 ms (FindLiveObjects: 0.255600 ms CreateObjectMapping: 0.094800 ms MarkObjects: 3.940300 ms  DeleteObjects: 0.050300 ms)

AssetImportParameters requested are different than current active one (requested -> active):
  custom:video-decoder-ogg-theora: a1e56fd34408186e4bbccfd4996cb3dc -> 
  custom:container-muxer-webm: aa71ff27fc2769a1b78a27578f13a17b -> 
  custom:container-demuxer-webm: 4f35f7cbe854078d1ac9338744f61a02 -> 
  custom:video-encoder-webm-vp8: eb34c28f22e8b96e1ab97ce403110664 -> 
  custom:video-codec-MediaFoundation-h265: 746d11721c4dcdbdad8f713fa42b33f4 -> 
  custom:audio-encoder-webm-vorbis: bf7c407c2cedff20999df2af8eb42d56 -> 
  custom:framework-win-MediaFoundation: 216162199b28c13a410421893ffa2e32 -> 
  custom:container-demuxer-ogg: 62fdf1f143b41e24485cea50d1cbac27 -> 
  custom:video-decoder-webm-vp8: 9c59270c3fd7afecdb556c50c9e8de78 -> 
  custom:audio-decoder-ogg-vorbis: bf7c407c2cedff20999df2af8eb42d56 -> 
========================================================================
Received Import Request.
  Time since last request: 703235.787532 seconds.
  path: Assets/Screenshot_20230420-154709__01.jpg
  artifactKey: Guid(c844b389d1cade54ea6399db531e21f1) Importer(815301076,1909f56bfc062723c751e8b465ee728b)
Start importing Assets/Screenshot_20230420-154709__01.jpg using Guid(c844b389d1cade54ea6399db531e21f1) Importer(815301076,1909f56bfc062723c751e8b465ee728b)  -> (artifact id: '096acbf40e27bdc78207ff31daa1c460') in 0.216973 seconds 
========================================================================
Received Import Request.
  Time since last request: 64.426726 seconds.
  path: Assets/Art/torch_1.png
  artifactKey: Guid(789e7c69bf5c31240a97cb76164b358f) Importer(815301076,1909f56bfc062723c751e8b465ee728b)
Start importing Assets/Art/torch_1.png using Guid(789e7c69bf5c31240a97cb76164b358f) Importer(815301076,1909f56bfc062723c751e8b465ee728b)  -> (artifact id: '1744946aa1ef458253e299a39a53e43e') in 0.028210 seconds 
========================================================================
Received Import Request.
  Time since last request: 7.585041 seconds.
  path: Assets/Art/Objets/Arme Test.asset
  artifactKey: Guid(456d21f9e2fab5a49addabc8ef9ce534) Importer(815301076,1909f56bfc062723c751e8b465ee728b)
Start importing Assets/Art/Objets/Arme Test.asset using Guid(456d21f9e2fab5a49addabc8ef9ce534) Importer(815301076,1909f56bfc062723c751e8b465ee728b)  -> (artifact id: '7afa37927c6eb60fbe715443bac9e5a8') in 0.012628 seconds 
========================================================================
Received Import Request.
  Time since last request: 0.002072 seconds.
  path: Assets/Art/Objets/Crown.asset
  artifactKey: Guid(3418a06780b98014fadc8122c400de45) Importer(815301076,1909f56bfc062723c751e8b465ee728b)
Start importing Assets/Art/Objets/Crown.asset using Guid(3418a06780b98014fadc8122c400de45) Importer(815301076,1909f56bfc062723c751e8b465ee728b)  -> (artifact id: '2f3f7349958346cacf1e33fcf4178e83') in 0.003148 seconds 
========================================================================
Received Import Request.
  Time since last request: 0.000025 seconds.
  path: Assets/Art/Objets/Force Potion.asset
  artifactKey: Guid(cd499667b3bbfd24f821a032d747c5e3) Importer(815301076,1909f56bfc062723c751e8b465ee728b)
Start importing Assets/Art/Objets/Force Potion.asset using Guid(cd499667b3bbfd24f821a032d747c5e3) Importer(815301076,1909f56bfc062723c751e8b465ee728b)  -> (artifact id: '4c78b458885d773b04266941a3e2bdf9') in 0.002960 seconds 
========================================================================
Received Import Request.
  Time since last request: 0.000039 seconds.
  path: Assets/Art/Objets/Great Axe.asset
  artifactKey: Guid(ae74635f061475e4faa4e3a1a94a69c2) Importer(815301076,1909f56bfc062723c751e8b465ee728b)
Start importing Assets/Art/Objets/Great Axe.asset using Guid(ae74635f061475e4faa4e3a1a94a69c2) Importer(815301076,1909f56bfc062723c751e8b465ee728b)  -> (artifact id: 'f9cd1846cb7b1d00fac375bbdc6a8897') in 0.002803 seconds 
========================================================================
Received Import Request.
  Time since last request: 0.000034 seconds.
  path: Assets/Art/Objets/slime shard.asset
  artifactKey: Guid(57222b0da3d955e4ab59b80df6cc8767) Importer(815301076,1909f56bfc062723c751e8b465ee728b)
Start importing Assets/Art/Objets/slime shard.asset using Guid(57222b0da3d955e4ab59b80df6cc8767) Importer(815301076,1909f56bfc062723c751e8b465ee728b)  -> (artifact id: 'edb36e207788a45a92b537fc8dd5b912') in 0.002922 seconds 
========================================================================
Received Import Request.
  Time since last request: 0.000021 seconds.
  path: Assets/Art/Objets/Slime sword.asset
  artifactKey: Guid(cb23b44bf974bb54caa25d0c702b5595) Importer(815301076,1909f56bfc062723c751e8b465ee728b)
Start importing Assets/Art/Objets/Slime sword.asset using Guid(cb23b44bf974bb54caa25d0c702b5595) Importer(815301076,1909f56bfc062723c751e8b465ee728b)  -> (artifact id: '89a8024c543851e7c8033561aa5ca722') in 0.003363 seconds 
========================================================================
Received Import Request.
  Time since last request: 0.000030 seconds.
  path: Assets/Art/Objets/Elixir of Life.asset
  artifactKey: Guid(07ed5fab9b51ced468d0c0d5187e8a86) Importer(815301076,1909f56bfc062723c751e8b465ee728b)
Start importing Assets/Art/Objets/Elixir of Life.asset using Guid(07ed5fab9b51ced468d0c0d5187e8a86) Importer(815301076,1909f56bfc062723c751e8b465ee728b)  -> (artifact id: '924b1e3432d4eb0912992ccde8c9fefe') in 0.002843 seconds 
========================================================================
Received Import Request.
  Time since last request: 0.000020 seconds.
  path: Assets/Art/Objets/Resistance Potion.asset
  artifactKey: Guid(1e573102b27adcd4bbd9ced01e678794) Importer(815301076,1909f56bfc062723c751e8b465ee728b)
Start importing Assets/Art/Objets/Resistance Potion.asset using Guid(1e573102b27adcd4bbd9ced01e678794) Importer(815301076,1909f56bfc062723c751e8b465ee728b)  -> (artifact id: '15d16f03ee41ef3f18463264457930f6') in 0.002744 seconds 
========================================================================
Received Import Request.
  Time since last request: 0.000018 seconds.
  path: Assets/Art/Objets/Wooden Shield.asset
  artifactKey: Guid(cb700623638647a44b22580491b60eb2) Importer(815301076,1909f56bfc062723c751e8b465ee728b)
Start importing Assets/Art/Objets/Wooden Shield.asset using Guid(cb700623638647a44b22580491b60eb2) Importer(815301076,1909f56bfc062723c751e8b465ee728b)  -> (artifact id: 'f6980de2dcf819d171bf5dd3a82dfc7c') in 0.002939 seconds 
========================================================================
Received Import Request.
  Time since last request: 0.000026 seconds.
  path: Assets/Art/Objets/Potion 1.asset
  artifactKey: Guid(5d8cfb145d73c9d498bff59db3d92ec3) Importer(815301076,1909f56bfc062723c751e8b465ee728b)
Start importing Assets/Art/Objets/Potion 1.asset using Guid(5d8cfb145d73c9d498bff59db3d92ec3) Importer(815301076,1909f56bfc062723c751e8b465ee728b)  -> (artifact id: 'f8710312bf983e500044a4e9a7976a94') in 0.003258 seconds 
========================================================================
Received Import Request.
  Time since last request: 0.000022 seconds.
  path: Assets/Art/Objets/Health Potion.asset
  artifactKey: Guid(6f298c1013d8a514995ff16503a10551) Importer(815301076,1909f56bfc062723c751e8b465ee728b)
Start importing Assets/Art/Objets/Health Potion.asset using Guid(6f298c1013d8a514995ff16503a10551) Importer(815301076,1909f56bfc062723c751e8b465ee728b)  -> (artifact id: '5f9d7bcfcadbcd0d40b27887e9358f6a') in 0.003236 seconds 
========================================================================
Received Import Request.
  Time since last request: 0.000028 seconds.
  path: Assets/Art/Objets/Pierre phylo.asset
  artifactKey: Guid(24eab25d4ff31a8469939317ef4194ec) Importer(815301076,1909f56bfc062723c751e8b465ee728b)
Start importing Assets/Art/Objets/Pierre phylo.asset using Guid(24eab25d4ff31a8469939317ef4194ec) Importer(815301076,1909f56bfc062723c751e8b465ee728b)  -> (artifact id: '395c35293c8ffd22dc073ae63fab07d4') in 0.002959 seconds 
========================================================================
Received Import Request.
  Time since last request: 0.000024 seconds.
  path: Assets/Art/Objets/Weapon.asset
  artifactKey: Guid(326bf25e6fab5e54f90dc33413e3997d) Importer(815301076,1909f56bfc062723c751e8b465ee728b)
Start importing Assets/Art/Objets/Weapon.asset using Guid(326bf25e6fab5e54f90dc33413e3997d) Importer(815301076,1909f56bfc062723c751e8b465ee728b)  -> (artifact id: '49c38036d546e658b3fcc7adccd5ae3f') in 0.002568 seconds 
========================================================================
Received Import Request.
  Time since last request: 0.000029 seconds.
  path: Assets/Art/Objets/Slime Shield.asset
  artifactKey: Guid(be3311de95d860549baf66ffe2b0565c) Importer(815301076,1909f56bfc062723c751e8b465ee728b)
Start importing Assets/Art/Objets/Slime Shield.asset using Guid(be3311de95d860549baf66ffe2b0565c) Importer(815301076,1909f56bfc062723c751e8b465ee728b)  -> (artifact id: 'c222424354be4598bdd7b91fbac1cc99') in 0.002239 seconds 
Editor requested this worker to shutdown with reason: Scaling down because of idle timeout
AssetImportWorker is now disconnected from the server
Process exiting
Exiting without the bug reporter. Application will terminate with return code 0