Using pre-set license
Built from '2021.3/staging' branch; Version is '2021.3.16f1 (4016570cf34f) revision 4200023'; Using compiler version '192829333'; Build Type 'Release'
OS: 'Windows 11  (10.0.22621) 64bit Core' Language: 'fr' Physical Memory: 16122 MB
BatchMode: 1, IsHumanControllingUs: 0, StartBugReporterOnCrash: 0, Is64bit: 1, IsPro: 1

COMMAND LINE ARGUMENTS:
C:\Program Files\Unity\Hub\Editor\2021.3.16f1\Editor\Unity.exe
-adb2
-batchMode
-noUpm
-name
AssetImportWorker9
-projectPath
C:/Users/Utilisateur/Documents/GitHub/Tales-of-Hivnir/Tiles-Of-Hivnir
-logFile
Logs/AssetImportWorker9.log
-srvPort
50333
Successfully changed project path to: C:/Users/Utilisateur/Documents/GitHub/Tales-of-Hivnir/Tiles-Of-Hivnir
C:/Users/Utilisateur/Documents/GitHub/Tales-of-Hivnir/Tiles-Of-Hivnir
[UnityMemory] Configuration Parameters - Can be set up in boot.config
    "memorysetup-bucket-allocator-granularity=16"
    "memorysetup-bucket-allocator-bucket-count=8"
    "memorysetup-bucket-allocator-block-size=33554432"
    "memorysetup-bucket-allocator-block-count=8"
    "memorysetup-main-allocator-block-size=16777216"
    "memorysetup-thread-allocator-block-size=16777216"
    "memorysetup-gfx-main-allocator-block-size=16777216"
    "memorysetup-gfx-thread-allocator-block-size=16777216"
    "memorysetup-cache-allocator-block-size=4194304"
    "memorysetup-typetree-allocator-block-size=2097152"
    "memorysetup-profiler-bucket-allocator-granularity=16"
    "memorysetup-profiler-bucket-allocator-bucket-count=8"
    "memorysetup-profiler-bucket-allocator-block-size=33554432"
    "memorysetup-profiler-bucket-allocator-block-count=8"
    "memorysetup-profiler-allocator-block-size=16777216"
    "memorysetup-profiler-editor-allocator-block-size=1048576"
    "memorysetup-temp-allocator-size-main=16777216"
    "memorysetup-job-temp-allocator-block-size=2097152"
    "memorysetup-job-temp-allocator-block-size-background=1048576"
    "memorysetup-job-temp-allocator-reduction-small-platforms=262144"
    "memorysetup-temp-allocator-size-background-worker=32768"
    "memorysetup-temp-allocator-size-job-worker=262144"
    "memorysetup-temp-allocator-size-preload-manager=33554432"
    "memorysetup-temp-allocator-size-nav-mesh-worker=65536"
    "memorysetup-temp-allocator-size-audio-worker=65536"
    "memorysetup-temp-allocator-size-cloud-worker=32768"
    "memorysetup-temp-allocator-size-gi-baking-worker=262144"
    "memorysetup-temp-allocator-size-gfx=262144"
Player connection [9416] Host "[IP] 192.168.56.1 [Port] 0 [Flags] 2 [Guid] 942322263 [EditorId] 942322263 [Version] 1048832 [Id] WindowsEditor(7,LAPTOP-ET774ROT) [Debug] 1 [PackageName] WindowsEditor [ProjectName] Editor" joined multi-casting on [225.0.0.222:54997]...

Player connection [9416] Host "[IP] 192.168.56.1 [Port] 0 [Flags] 2 [Guid] 942322263 [EditorId] 942322263 [Version] 1048832 [Id] WindowsEditor(7,LAPTOP-ET774ROT) [Debug] 1 [PackageName] WindowsEditor [ProjectName] Editor" joined alternative multi-casting on [225.0.0.222:34997]...

Refreshing native plugins compatible for Editor in 79.94 ms, found 3 plugins.
Preloading 0 native plugins for Editor in 0.00 ms.
Initialize engine version: 2021.3.16f1 (4016570cf34f)
[Subsystems] Discovering subsystems at path C:/Program Files/Unity/Hub/Editor/2021.3.16f1/Editor/Data/Resources/UnitySubsystems
[Subsystems] Discovering subsystems at path C:/Users/Utilisateur/Documents/GitHub/Tales-of-Hivnir/Tiles-Of-Hivnir/Assets
GfxDevice: creating device client; threaded=0; jobified=0
Direct3D:
    Version:  Direct3D 11.0 [level 11.1]
    Renderer: NVIDIA GeForce RTX 3060 Laptop GPU (ID=0x2520)
    Vendor:   NVIDIA
    VRAM:     6023 MB
    Driver:   31.0.15.1720
Initialize mono
Mono path[0] = 'C:/Program Files/Unity/Hub/Editor/2021.3.16f1/Editor/Data/Managed'
Mono path[1] = 'C:/Program Files/Unity/Hub/Editor/2021.3.16f1/Editor/Data/MonoBleedingEdge/lib/mono/unityjit-win32'
Mono config path = 'C:/Program Files/Unity/Hub/Editor/2021.3.16f1/Editor/Data/MonoBleedingEdge/etc'
Using monoOptions --debugger-agent=transport=dt_socket,embedding=1,server=y,suspend=n,address=127.0.0.1:56460
Begin MonoManager ReloadAssembly
Registering precompiled unity dll's ...
Register platform support module: C:/Program Files/Unity/Hub/Editor/2021.3.16f1/Editor/Data/PlaybackEngines/WebGLSupport/UnityEditor.WebGL.Extensions.dll
Register platform support module: C:/Program Files/Unity/Hub/Editor/2021.3.16f1/Editor/Data/PlaybackEngines/AndroidPlayer/UnityEditor.Android.Extensions.dll
Register platform support module: C:/Program Files/Unity/Hub/Editor/2021.3.16f1/Editor/Data/PlaybackEngines/WindowsStandaloneSupport/UnityEditor.WindowsStandalone.Extensions.dll
Registered in 0.004183 seconds.
Native extension for WindowsStandalone target not found
Native extension for Android target not found
Native extension for WebGL target not found
Refreshing native plugins compatible for Editor in 76.12 ms, found 3 plugins.
Preloading 0 native plugins for Editor in 0.00 ms.
Mono: successfully reloaded assembly
- Completed reload, in  0.578 seconds
Domain Reload Profiling:
	ReloadAssembly (578ms)
		BeginReloadAssembly (63ms)
			ExecutionOrderSort (0ms)
			DisableScriptedObjects (0ms)
			BackupInstance (0ms)
			ReleaseScriptingObjects (0ms)
			CreateAndSetChildDomain (1ms)
		EndReloadAssembly (419ms)
			LoadAssemblies (62ms)
			RebuildTransferFunctionScriptingTraits (0ms)
			SetupTypeCache (103ms)
			ReleaseScriptCaches (0ms)
			RebuildScriptCaches (24ms)
			SetupLoadedEditorAssemblies (247ms)
				LogAssemblyErrors (0ms)
				InitializePlatformSupportModulesInManaged (50ms)
				SetLoadedEditorAssemblies (0ms)
				RefreshPlugins (76ms)
				BeforeProcessingInitializeOnLoad (2ms)
				ProcessInitializeOnLoadAttributes (82ms)
				ProcessInitializeOnLoadMethodAttributes (37ms)
				AfterProcessingInitializeOnLoad (0ms)
				EditorAssembliesLoaded (0ms)
			ExecutionOrderSort2 (0ms)
			AwakeInstancesAfterBackupRestoration (0ms)
Platform modules already initialized, skipping
Registering precompiled user dll's ...
Registered in 0.004416 seconds.
Begin MonoManager ReloadAssembly
Native extension for WindowsStandalone target not found
Native extension for Android target not found
Native extension for WebGL target not found
Refreshing native plugins compatible for Editor in 55.76 ms, found 3 plugins.
Preloading 0 native plugins for Editor in 0.00 ms.
Mono: successfully reloaded assembly
- Completed reload, in  0.948 seconds
Domain Reload Profiling:
	ReloadAssembly (948ms)
		BeginReloadAssembly (185ms)
			ExecutionOrderSort (0ms)
			DisableScriptedObjects (5ms)
			BackupInstance (0ms)
			ReleaseScriptingObjects (0ms)
			CreateAndSetChildDomain (116ms)
		EndReloadAssembly (671ms)
			LoadAssemblies (61ms)
			RebuildTransferFunctionScriptingTraits (0ms)
			SetupTypeCache (195ms)
			ReleaseScriptCaches (0ms)
			RebuildScriptCaches (46ms)
			SetupLoadedEditorAssemblies (330ms)
				LogAssemblyErrors (0ms)
				InitializePlatformSupportModulesInManaged (9ms)
				SetLoadedEditorAssemblies (0ms)
				RefreshPlugins (56ms)
				BeforeProcessingInitializeOnLoad (58ms)
				ProcessInitializeOnLoadAttributes (168ms)
				ProcessInitializeOnLoadMethodAttributes (34ms)
				AfterProcessingInitializeOnLoad (4ms)
				EditorAssembliesLoaded (0ms)
			ExecutionOrderSort2 (0ms)
			AwakeInstancesAfterBackupRestoration (5ms)
Platform modules already initialized, skipping
========================================================================
Worker process is ready to serve import requests
Launched and connected shader compiler UnityShaderCompiler.exe after 0.03 seconds
Refreshing native plugins compatible for Editor in 0.91 ms, found 3 plugins.
Preloading 0 native plugins for Editor in 0.00 ms.
Unloading 2822 Unused Serialized files (Serialized files now loaded: 0)
Unloading 38 unused Assets / (30.2 KB). Loaded Objects now: 3287.
Memory consumption went from 126.0 MB to 125.9 MB.
Total: 2.409200 ms (FindLiveObjects: 0.203600 ms CreateObjectMapping: 0.060500 ms MarkObjects: 2.119200 ms  DeleteObjects: 0.024800 ms)

AssetImportParameters requested are different than current active one (requested -> active):
  custom:video-decoder-ogg-theora: a1e56fd34408186e4bbccfd4996cb3dc -> 
  custom:container-muxer-webm: aa71ff27fc2769a1b78a27578f13a17b -> 
  custom:container-demuxer-webm: 4f35f7cbe854078d1ac9338744f61a02 -> 
  custom:video-encoder-webm-vp8: eb34c28f22e8b96e1ab97ce403110664 -> 
  custom:video-codec-MediaFoundation-h265: 746d11721c4dcdbdad8f713fa42b33f4 -> 
  custom:audio-encoder-webm-vorbis: bf7c407c2cedff20999df2af8eb42d56 -> 
  custom:framework-win-MediaFoundation: 216162199b28c13a410421893ffa2e32 -> 
  custom:container-demuxer-ogg: 62fdf1f143b41e24485cea50d1cbac27 -> 
  custom:video-decoder-webm-vp8: 9c59270c3fd7afecdb556c50c9e8de78 -> 
  custom:audio-decoder-ogg-vorbis: bf7c407c2cedff20999df2af8eb42d56 -> 
========================================================================
Received Import Request.
  Time since last request: 50415.243393 seconds.
  path: Assets/Art/Texture/mainlevbuild_0.asset
  artifactKey: Guid(966202c1e26b2cb4794f727371e38f7f) Importer(815301076,1909f56bfc062723c751e8b465ee728b)
Start importing Assets/Art/Texture/mainlevbuild_0.asset using Guid(966202c1e26b2cb4794f727371e38f7f) Importer(815301076,1909f56bfc062723c751e8b465ee728b)  -> (artifact id: '8c95374bf996b016802ba6456034305e') in 0.064426 seconds 
========================================================================
Received Import Request.
  Time since last request: 0.000024 seconds.
  path: Assets/Art/Texture/mainlevbuild_18.asset
  artifactKey: Guid(abe43b292df31fe47adaca64a87eb907) Importer(815301076,1909f56bfc062723c751e8b465ee728b)
Start importing Assets/Art/Texture/mainlevbuild_18.asset using Guid(abe43b292df31fe47adaca64a87eb907) Importer(815301076,1909f56bfc062723c751e8b465ee728b)  -> (artifact id: '29506d67d7a27500d5bff37a84d4d38f') in 0.006444 seconds 
========================================================================
Received Import Request.
  Time since last request: 0.000017 seconds.
  path: Assets/Art/Texture/mainlevbuild_29.asset
  artifactKey: Guid(090cf7f7554bc194591d279b3cf3d569) Importer(815301076,1909f56bfc062723c751e8b465ee728b)
Start importing Assets/Art/Texture/mainlevbuild_29.asset using Guid(090cf7f7554bc194591d279b3cf3d569) Importer(815301076,1909f56bfc062723c751e8b465ee728b)  -> (artifact id: '5d675e4ee22cfd5dfc3768da8044c341') in 0.006438 seconds 
========================================================================
Received Import Request.
  Time since last request: 0.000020 seconds.
  path: Assets/Art/Texture/mainlevbuild_4.asset
  artifactKey: Guid(9fcd456684436af4c9ef1aaf4e4dddc7) Importer(815301076,1909f56bfc062723c751e8b465ee728b)
Start importing Assets/Art/Texture/mainlevbuild_4.asset using Guid(9fcd456684436af4c9ef1aaf4e4dddc7) Importer(815301076,1909f56bfc062723c751e8b465ee728b)  -> (artifact id: '930e1a1998e53b0d1cca4b95f3fc15a2') in 0.006539 seconds 
========================================================================
Received Import Request.
  Time since last request: 0.000021 seconds.
  path: Assets/Art/Texture/mainlevbuild_10.asset
  artifactKey: Guid(c3149061e8c4e304493bab31b8036e6c) Importer(815301076,1909f56bfc062723c751e8b465ee728b)
Start importing Assets/Art/Texture/mainlevbuild_10.asset using Guid(c3149061e8c4e304493bab31b8036e6c) Importer(815301076,1909f56bfc062723c751e8b465ee728b)  -> (artifact id: '3bc357103964ea76445787948b0ca208') in 0.008413 seconds 
========================================================================
Received Import Request.
  Time since last request: 0.000018 seconds.
  path: Assets/Art/Texture/mainlevbuild_36.asset
  artifactKey: Guid(4a30072012e2c60479a02e89d9a5b984) Importer(815301076,1909f56bfc062723c751e8b465ee728b)
Start importing Assets/Art/Texture/mainlevbuild_36.asset using Guid(4a30072012e2c60479a02e89d9a5b984) Importer(815301076,1909f56bfc062723c751e8b465ee728b)  -> (artifact id: '3a3f2ac3138407adbab340dbf1e99d7b') in 0.007323 seconds 
========================================================================
Received Import Request.
  Time since last request: 0.000071 seconds.
  path: Assets/Art/Texture/mainlevbuild_30.asset
  artifactKey: Guid(652d6380828d9ec499380fc8d3341c7f) Importer(815301076,1909f56bfc062723c751e8b465ee728b)
Start importing Assets/Art/Texture/mainlevbuild_30.asset using Guid(652d6380828d9ec499380fc8d3341c7f) Importer(815301076,1909f56bfc062723c751e8b465ee728b)  -> (artifact id: 'eb2e87af2a3cfacf1cb486214e887751') in 0.006294 seconds 
========================================================================
Received Import Request.
  Time since last request: 0.000025 seconds.
  path: Assets/Art/Texture/mainlevbuild_26.asset
  artifactKey: Guid(c7aa99c84856a214a80d8131cc464eab) Importer(815301076,1909f56bfc062723c751e8b465ee728b)
Start importing Assets/Art/Texture/mainlevbuild_26.asset using Guid(c7aa99c84856a214a80d8131cc464eab) Importer(815301076,1909f56bfc062723c751e8b465ee728b)  -> (artifact id: '960d2b909ba43cc4453b270d5858dece') in 0.007842 seconds 
========================================================================
Received Import Request.
  Time since last request: 0.000028 seconds.
  path: Assets/Art/Texture/mainlevbuild_38.asset
  artifactKey: Guid(6ed1c2d0159887a44b3c2e2154b6c64f) Importer(815301076,1909f56bfc062723c751e8b465ee728b)
Start importing Assets/Art/Texture/mainlevbuild_38.asset using Guid(6ed1c2d0159887a44b3c2e2154b6c64f) Importer(815301076,1909f56bfc062723c751e8b465ee728b)  -> (artifact id: '186d5de02b1845a987c59277b8c027ca') in 0.007562 seconds 
========================================================================
Received Import Request.
  Time since last request: 0.000031 seconds.
  path: Assets/Art/Texture/mainlevbuild_32.asset
  artifactKey: Guid(b84813c0da967f0428bfa13d9975524e) Importer(815301076,1909f56bfc062723c751e8b465ee728b)
Start importing Assets/Art/Texture/mainlevbuild_32.asset using Guid(b84813c0da967f0428bfa13d9975524e) Importer(815301076,1909f56bfc062723c751e8b465ee728b)  -> (artifact id: '74b49114644ab3fab42df8abb50dfb24') in 0.007419 seconds 
========================================================================
Received Import Request.
  Time since last request: 0.000016 seconds.
  path: Assets/Art/Texture/mainlevbuild_40.asset
  artifactKey: Guid(971b542dac0e9214d94bb7d6f2be1387) Importer(815301076,1909f56bfc062723c751e8b465ee728b)
Start importing Assets/Art/Texture/mainlevbuild_40.asset using Guid(971b542dac0e9214d94bb7d6f2be1387) Importer(815301076,1909f56bfc062723c751e8b465ee728b)  -> (artifact id: '4d77850a2bddcd7cda27d95965e5a06f') in 0.005355 seconds 
========================================================================
Received Import Request.
  Time since last request: 0.000034 seconds.
  path: Assets/Art/Texture/mainlevbuild_39.asset
  artifactKey: Guid(18ec4b001d37bbe448a6af98986b0d4d) Importer(815301076,1909f56bfc062723c751e8b465ee728b)
Start importing Assets/Art/Texture/mainlevbuild_39.asset using Guid(18ec4b001d37bbe448a6af98986b0d4d) Importer(815301076,1909f56bfc062723c751e8b465ee728b)  -> (artifact id: '430406284988530410afcb53060a64f1') in 0.006919 seconds 
========================================================================
Received Import Request.
  Time since last request: 0.000024 seconds.
  path: Assets/Art/Texture/mainlevbuild_20.asset
  artifactKey: Guid(55b8081e98ef9c54686afa088ece6061) Importer(815301076,1909f56bfc062723c751e8b465ee728b)
Start importing Assets/Art/Texture/mainlevbuild_20.asset using Guid(55b8081e98ef9c54686afa088ece6061) Importer(815301076,1909f56bfc062723c751e8b465ee728b)  -> (artifact id: 'da81af4bfd3bd821245d406f95743551') in 0.006683 seconds 
========================================================================
Received Import Request.
  Time since last request: 0.000018 seconds.
  path: Assets/Art/Texture/mainlevbuild_31.asset
  artifactKey: Guid(e6a635ce236f52e49ac7e45ac0d82ea5) Importer(815301076,1909f56bfc062723c751e8b465ee728b)
Start importing Assets/Art/Texture/mainlevbuild_31.asset using Guid(e6a635ce236f52e49ac7e45ac0d82ea5) Importer(815301076,1909f56bfc062723c751e8b465ee728b)  -> (artifact id: '61cccc7070dbcfcdaec350171f323b71') in 0.005553 seconds 
========================================================================
Received Import Request.
  Time since last request: 0.000019 seconds.
  path: Assets/Art/Texture/mainlevbuild_1.asset
  artifactKey: Guid(862e8f04df2e79749989bf620ed0ea52) Importer(815301076,1909f56bfc062723c751e8b465ee728b)
Start importing Assets/Art/Texture/mainlevbuild_1.asset using Guid(862e8f04df2e79749989bf620ed0ea52) Importer(815301076,1909f56bfc062723c751e8b465ee728b)  -> (artifact id: '45776e1c2e7f92a713d2422b532d9329') in 0.006780 seconds 
========================================================================
Received Import Request.
  Time since last request: 0.000021 seconds.
  path: Assets/Art/Texture/mainlevbuild_41.asset
  artifactKey: Guid(3a592a9531b5493408e921ef56c8426d) Importer(815301076,1909f56bfc062723c751e8b465ee728b)
Start importing Assets/Art/Texture/mainlevbuild_41.asset using Guid(3a592a9531b5493408e921ef56c8426d) Importer(815301076,1909f56bfc062723c751e8b465ee728b)  -> (artifact id: '135dfa108d390d816f6d052182e5cf47') in 0.006745 seconds 
========================================================================
Received Import Request.
  Time since last request: 0.000017 seconds.
  path: Assets/Art/Texture/mainlevbuild_21.asset
  artifactKey: Guid(00f97309c74ab054e9e7906572af75ad) Importer(815301076,1909f56bfc062723c751e8b465ee728b)
Start importing Assets/Art/Texture/mainlevbuild_21.asset using Guid(00f97309c74ab054e9e7906572af75ad) Importer(815301076,1909f56bfc062723c751e8b465ee728b)  -> (artifact id: '7f423461d4f281286f9d63b10749c5db') in 0.005352 seconds 
========================================================================
Received Import Request.
  Time since last request: 0.000022 seconds.
  path: Assets/Art/Texture/mainlevbuild_5.asset
  artifactKey: Guid(7eabf5a48138dac4cae1e590e32ddab9) Importer(815301076,1909f56bfc062723c751e8b465ee728b)
Start importing Assets/Art/Texture/mainlevbuild_5.asset using Guid(7eabf5a48138dac4cae1e590e32ddab9) Importer(815301076,1909f56bfc062723c751e8b465ee728b)  -> (artifact id: 'de5c44cb0ca98c464a31415b7e29652b') in 0.005852 seconds 
========================================================================
Received Import Request.
  Time since last request: 0.000063 seconds.
  path: Assets/Art/Texture/mainlevbuild_6.asset
  artifactKey: Guid(6a46dbbdc0c3e104d876e4c7fc22be8a) Importer(815301076,1909f56bfc062723c751e8b465ee728b)
Start importing Assets/Art/Texture/mainlevbuild_6.asset using Guid(6a46dbbdc0c3e104d876e4c7fc22be8a) Importer(815301076,1909f56bfc062723c751e8b465ee728b)  -> (artifact id: '8877be8747f0ed60b6f310706b5123bf') in 0.006031 seconds 
========================================================================
Received Import Request.
  Time since last request: 0.000018 seconds.
  path: Assets/Art/Texture/mainlevbuild_33.asset
  artifactKey: Guid(fa8859087edca2e4ead07b151ae81b72) Importer(815301076,1909f56bfc062723c751e8b465ee728b)
Start importing Assets/Art/Texture/mainlevbuild_33.asset using Guid(fa8859087edca2e4ead07b151ae81b72) Importer(815301076,1909f56bfc062723c751e8b465ee728b)  -> (artifact id: '6b6a20cb9d04b8f5a2fbb0d3365c7aa0') in 0.005469 seconds 
========================================================================
Received Import Request.
  Time since last request: 0.000050 seconds.
  path: Assets/Art/Texture/mainlevbuild_25.asset
  artifactKey: Guid(724b081ff2fe41c4ab89114ca35284ce) Importer(815301076,1909f56bfc062723c751e8b465ee728b)
Start importing Assets/Art/Texture/mainlevbuild_25.asset using Guid(724b081ff2fe41c4ab89114ca35284ce) Importer(815301076,1909f56bfc062723c751e8b465ee728b)  -> (artifact id: 'a7858f55d901850b307c2edf74dac22c') in 0.006921 seconds 
========================================================================
Received Import Request.
  Time since last request: 0.000061 seconds.
  path: Assets/Art/Texture/mainlevbuild_2.asset
  artifactKey: Guid(1b028e32b912b4e42bb58e99ded684c8) Importer(815301076,1909f56bfc062723c751e8b465ee728b)
Start importing Assets/Art/Texture/mainlevbuild_2.asset using Guid(1b028e32b912b4e42bb58e99ded684c8) Importer(815301076,1909f56bfc062723c751e8b465ee728b)  -> (artifact id: 'd8faab3c947e4a3070782131d8364c47') in 0.006524 seconds 
========================================================================
Received Import Request.
  Time since last request: 0.000017 seconds.
  path: Assets/Art/Texture/mainlevbuild_37.asset
  artifactKey: Guid(07d30e4a99956404492f54df2547832f) Importer(815301076,1909f56bfc062723c751e8b465ee728b)
Start importing Assets/Art/Texture/mainlevbuild_37.asset using Guid(07d30e4a99956404492f54df2547832f) Importer(815301076,1909f56bfc062723c751e8b465ee728b)  -> (artifact id: '395a7055fc5a0ba0d46c2751a7668ba2') in 0.006144 seconds 
========================================================================
Received Import Request.
  Time since last request: 0.000026 seconds.
  path: Assets/Art/Texture/mainlevbuild_7.asset
  artifactKey: Guid(fc2e7756235a78547833250e70f3a331) Importer(815301076,1909f56bfc062723c751e8b465ee728b)
Start importing Assets/Art/Texture/mainlevbuild_7.asset using Guid(fc2e7756235a78547833250e70f3a331) Importer(815301076,1909f56bfc062723c751e8b465ee728b)  -> (artifact id: '8ad6363af91a254c74e82a548c431f54') in 0.006789 seconds 
========================================================================
Received Import Request.
  Time since last request: 0.000033 seconds.
  path: Assets/Art/Texture/mainlevbuild_34.asset
  artifactKey: Guid(194a15e05bced7a46823049b0152e815) Importer(815301076,1909f56bfc062723c751e8b465ee728b)
Start importing Assets/Art/Texture/mainlevbuild_34.asset using Guid(194a15e05bced7a46823049b0152e815) Importer(815301076,1909f56bfc062723c751e8b465ee728b)  -> (artifact id: '9a29493b41e8e21e1c775edb5fb1d650') in 0.005403 seconds 
========================================================================
Received Import Request.
  Time since last request: 0.000019 seconds.
  path: Assets/Art/Texture/mainlevbuild_24.asset
  artifactKey: Guid(646396d0f628c76449160e20b9d376a1) Importer(815301076,1909f56bfc062723c751e8b465ee728b)
Start importing Assets/Art/Texture/mainlevbuild_24.asset using Guid(646396d0f628c76449160e20b9d376a1) Importer(815301076,1909f56bfc062723c751e8b465ee728b)  -> (artifact id: '16e31dfab8dd3b0639277ec1ae3dadff') in 0.005698 seconds 
========================================================================
Received Import Request.
  Time since last request: 0.000109 seconds.
  path: Assets/Art/Texture/mainlevbuild_14.asset
  artifactKey: Guid(9b00fe570898e7d4cb5943569eacf669) Importer(815301076,1909f56bfc062723c751e8b465ee728b)
Start importing Assets/Art/Texture/mainlevbuild_14.asset using Guid(9b00fe570898e7d4cb5943569eacf669) Importer(815301076,1909f56bfc062723c751e8b465ee728b)  -> (artifact id: '8bdce242a5786aa2a368a283fd32d986') in 0.006820 seconds 
========================================================================
Received Import Request.
  Time since last request: 0.000020 seconds.
  path: Assets/Art/Texture/mainlevbuild_8.asset
  artifactKey: Guid(ed38b2101bd261c4992566d10c7bdb2a) Importer(815301076,1909f56bfc062723c751e8b465ee728b)
Start importing Assets/Art/Texture/mainlevbuild_8.asset using Guid(ed38b2101bd261c4992566d10c7bdb2a) Importer(815301076,1909f56bfc062723c751e8b465ee728b)  -> (artifact id: '96d85a71e73c29406e5bbf8a311e93b7') in 0.006235 seconds 
========================================================================
Received Import Request.
  Time since last request: 0.000020 seconds.
  path: Assets/Art/Texture/mainlevbuild_13.asset
  artifactKey: Guid(f929f6496f8a24b449bfc7b6a866d210) Importer(815301076,1909f56bfc062723c751e8b465ee728b)
Start importing Assets/Art/Texture/mainlevbuild_13.asset using Guid(f929f6496f8a24b449bfc7b6a866d210) Importer(815301076,1909f56bfc062723c751e8b465ee728b)  -> (artifact id: '7eca8954d20b8758b474f856d9dd1b76') in 0.006637 seconds 
========================================================================
Received Import Request.
  Time since last request: 0.000032 seconds.
  path: Assets/Art/Texture/mainlevbuild_22.asset
  artifactKey: Guid(4bad16cb427738e44806ae0160bd9ace) Importer(815301076,1909f56bfc062723c751e8b465ee728b)
Start importing Assets/Art/Texture/mainlevbuild_22.asset using Guid(4bad16cb427738e44806ae0160bd9ace) Importer(815301076,1909f56bfc062723c751e8b465ee728b)  -> (artifact id: '5a708a189e9d4add4e61830c1be24a34') in 0.006581 seconds 
========================================================================
Received Import Request.
  Time since last request: 0.000017 seconds.
  path: Assets/Art/Texture/mainlevbuild_35.asset
  artifactKey: Guid(554f9942442ffe94fa774fe2c7e8e23b) Importer(815301076,1909f56bfc062723c751e8b465ee728b)
Start importing Assets/Art/Texture/mainlevbuild_35.asset using Guid(554f9942442ffe94fa774fe2c7e8e23b) Importer(815301076,1909f56bfc062723c751e8b465ee728b)  -> (artifact id: '74d3489ec9ebb0667dba7d650cc983c2') in 0.005486 seconds 
========================================================================
Received Import Request.
  Time since last request: 42.945766 seconds.
  path: Assets/Art/Texture/mainlevbuild_2.asset
  artifactKey: Guid(1b028e32b912b4e42bb58e99ded684c8) Importer(815301076,1909f56bfc062723c751e8b465ee728b)
Start importing Assets/Art/Texture/mainlevbuild_2.asset using Guid(1b028e32b912b4e42bb58e99ded684c8) Importer(815301076,1909f56bfc062723c751e8b465ee728b)  -> (artifact id: '0a78c87a140dc9ce3179a88a07c707b3') in 0.011680 seconds 
========================================================================
Received Import Request.
  Time since last request: 0.000017 seconds.
  path: Assets/Art/Texture/mainlevbuild_29.asset
  artifactKey: Guid(090cf7f7554bc194591d279b3cf3d569) Importer(815301076,1909f56bfc062723c751e8b465ee728b)
Start importing Assets/Art/Texture/mainlevbuild_29.asset using Guid(090cf7f7554bc194591d279b3cf3d569) Importer(815301076,1909f56bfc062723c751e8b465ee728b)  -> (artifact id: 'e6141f152220da24a69dea088d77dfac') in 0.008763 seconds 
========================================================================
Received Import Request.
  Time since last request: 0.000020 seconds.
  path: Assets/Art/Texture/mainlevbuild_10.asset
  artifactKey: Guid(c3149061e8c4e304493bab31b8036e6c) Importer(815301076,1909f56bfc062723c751e8b465ee728b)
Start importing Assets/Art/Texture/mainlevbuild_10.asset using Guid(c3149061e8c4e304493bab31b8036e6c) Importer(815301076,1909f56bfc062723c751e8b465ee728b)  -> (artifact id: '519f6806c6174a0f5d271dcda6ce1c82') in 0.013137 seconds 
========================================================================
Received Import Request.
  Time since last request: 0.000027 seconds.
  path: Assets/Art/Texture/mainlevbuild_30.asset
  artifactKey: Guid(652d6380828d9ec499380fc8d3341c7f) Importer(815301076,1909f56bfc062723c751e8b465ee728b)
Start importing Assets/Art/Texture/mainlevbuild_30.asset using Guid(652d6380828d9ec499380fc8d3341c7f) Importer(815301076,1909f56bfc062723c751e8b465ee728b)  -> (artifact id: '985e2788fe10f658c32323ef3cef7ee5') in 0.017288 seconds 
========================================================================
Received Import Request.
  Time since last request: 0.000025 seconds.
  path: Assets/Art/Texture/mainlevbuild_38.asset
  artifactKey: Guid(6ed1c2d0159887a44b3c2e2154b6c64f) Importer(815301076,1909f56bfc062723c751e8b465ee728b)
Start importing Assets/Art/Texture/mainlevbuild_38.asset using Guid(6ed1c2d0159887a44b3c2e2154b6c64f) Importer(815301076,1909f56bfc062723c751e8b465ee728b)  -> (artifact id: '54489d246bc90ba0f4e83638ace7bfca') in 0.011019 seconds 
========================================================================
Received Import Request.
  Time since last request: 0.000025 seconds.
  path: Assets/Art/Texture/mainlevbuild_39.asset
  artifactKey: Guid(18ec4b001d37bbe448a6af98986b0d4d) Importer(815301076,1909f56bfc062723c751e8b465ee728b)
Start importing Assets/Art/Texture/mainlevbuild_39.asset using Guid(18ec4b001d37bbe448a6af98986b0d4d) Importer(815301076,1909f56bfc062723c751e8b465ee728b)  -> (artifact id: '2fc25cde91fc141df2a208e77874e1aa') in 0.009193 seconds 
========================================================================
Received Import Request.
  Time since last request: 0.000017 seconds.
  path: Assets/Art/Texture/mainlevbuild_41.asset
  artifactKey: Guid(3a592a9531b5493408e921ef56c8426d) Importer(815301076,1909f56bfc062723c751e8b465ee728b)
Start importing Assets/Art/Texture/mainlevbuild_41.asset using Guid(3a592a9531b5493408e921ef56c8426d) Importer(815301076,1909f56bfc062723c751e8b465ee728b)  -> (artifact id: '61aca5670ec73daade95ee4840538a0c') in 0.015518 seconds 
========================================================================
Received Import Request.
  Time since last request: 0.000017 seconds.
  path: Assets/Art/Texture/mainlevbuild_12.asset
  artifactKey: Guid(75ebaeae0d0252c4e84959f5fbb5a292) Importer(815301076,1909f56bfc062723c751e8b465ee728b)
Start importing Assets/Art/Texture/mainlevbuild_12.asset using Guid(75ebaeae0d0252c4e84959f5fbb5a292) Importer(815301076,1909f56bfc062723c751e8b465ee728b)  -> (artifact id: 'e50ef8b81197c9aa32f7abedc73e26c8') in 0.006919 seconds 
========================================================================
Received Import Request.
  Time since last request: 0.000024 seconds.
  path: Assets/Art/Texture/mainlevbuild_16.asset
  artifactKey: Guid(3dd02ad1a5695b24c83770d1607d80f0) Importer(815301076,1909f56bfc062723c751e8b465ee728b)
Start importing Assets/Art/Texture/mainlevbuild_16.asset using Guid(3dd02ad1a5695b24c83770d1607d80f0) Importer(815301076,1909f56bfc062723c751e8b465ee728b)  -> (artifact id: '8a7fbf066861ed8a27e37e84e0f23d9d') in 0.013038 seconds 
========================================================================
Received Import Request.
  Time since last request: 0.000023 seconds.
  path: Assets/Art/Texture/mainlevbuild_23.asset
  artifactKey: Guid(b6cf7254006f4e448a55d31cb8f77a42) Importer(815301076,1909f56bfc062723c751e8b465ee728b)
Start importing Assets/Art/Texture/mainlevbuild_23.asset using Guid(b6cf7254006f4e448a55d31cb8f77a42) Importer(815301076,1909f56bfc062723c751e8b465ee728b)  -> (artifact id: '292e73e4c0bcd047d2f6a885e4dd8eea') in 0.007731 seconds 
========================================================================
Received Import Request.
  Time since last request: 0.000060 seconds.
  path: Assets/Art/Texture/mainlevbuild_7.asset
  artifactKey: Guid(fc2e7756235a78547833250e70f3a331) Importer(815301076,1909f56bfc062723c751e8b465ee728b)
Start importing Assets/Art/Texture/mainlevbuild_7.asset using Guid(fc2e7756235a78547833250e70f3a331) Importer(815301076,1909f56bfc062723c751e8b465ee728b)  -> (artifact id: '66ab336f6c6962345d964ff168b7127e') in 0.021259 seconds 
========================================================================
Received Import Request.
  Time since last request: 0.000023 seconds.
  path: Assets/Art/Texture/mainlevbuild_24.asset
  artifactKey: Guid(646396d0f628c76449160e20b9d376a1) Importer(815301076,1909f56bfc062723c751e8b465ee728b)
Start importing Assets/Art/Texture/mainlevbuild_24.asset using Guid(646396d0f628c76449160e20b9d376a1) Importer(815301076,1909f56bfc062723c751e8b465ee728b)  -> (artifact id: 'a8749910c5b658b198e905236686c137') in 0.007456 seconds 
========================================================================
Received Import Request.
  Time since last request: 0.000017 seconds.
  path: Assets/Art/Texture/mainlevbuild_27.asset
  artifactKey: Guid(d76408156f177624b8506f1c3c23bd84) Importer(815301076,1909f56bfc062723c751e8b465ee728b)
Start importing Assets/Art/Texture/mainlevbuild_27.asset using Guid(d76408156f177624b8506f1c3c23bd84) Importer(815301076,1909f56bfc062723c751e8b465ee728b)  -> (artifact id: 'd0abe5adb81cbd3fce1ceb5b1d9e0227') in 0.011710 seconds 
========================================================================
Received Import Request.
  Time since last request: 0.000018 seconds.
  path: Assets/Art/Texture/mainlevbuild_3.asset
  artifactKey: Guid(ef1f88c9fd206dd4a9662599f7f4bd34) Importer(815301076,1909f56bfc062723c751e8b465ee728b)
Start importing Assets/Art/Texture/mainlevbuild_3.asset using Guid(ef1f88c9fd206dd4a9662599f7f4bd34) Importer(815301076,1909f56bfc062723c751e8b465ee728b)  -> (artifact id: 'f9d526c7f1c6bc683f532e0f81dd299a') in 0.008620 seconds 
========================================================================
Received Import Request.
  Time since last request: 0.000023 seconds.
  path: Assets/Art/Texture/mainlevbuild_35.asset
  artifactKey: Guid(554f9942442ffe94fa774fe2c7e8e23b) Importer(815301076,1909f56bfc062723c751e8b465ee728b)
Start importing Assets/Art/Texture/mainlevbuild_35.asset using Guid(554f9942442ffe94fa774fe2c7e8e23b) Importer(815301076,1909f56bfc062723c751e8b465ee728b)  -> (artifact id: 'f633e719d9b085cd11ed13fa5840b47a') in 0.006215 seconds 
========================================================================
Received Import Request.
  Time since last request: 621.924656 seconds.
  path: Assets/Art/Texture/decorative_0.asset
  artifactKey: Guid(a80e2a8672be49844835288dd0a9cfae) Importer(815301076,1909f56bfc062723c751e8b465ee728b)
Start importing Assets/Art/Texture/decorative_0.asset using Guid(a80e2a8672be49844835288dd0a9cfae) Importer(815301076,1909f56bfc062723c751e8b465ee728b)  -> (artifact id: '00745eb78955230346bbb7547d8ddf98') in 0.011185 seconds 
========================================================================
Received Import Request.
  Time since last request: 0.003627 seconds.
  path: Assets/Art/Texture/decorative_5.asset
  artifactKey: Guid(6a71c2f36c0313d4da4b721d9b4af262) Importer(815301076,1909f56bfc062723c751e8b465ee728b)
Start importing Assets/Art/Texture/decorative_5.asset using Guid(6a71c2f36c0313d4da4b721d9b4af262) Importer(815301076,1909f56bfc062723c751e8b465ee728b)  -> (artifact id: '855bb0cf2f1a7655d8e30d4bc6032aff') in 0.007156 seconds 
========================================================================
Received Import Request.
  Time since last request: 0.000056 seconds.
  path: Assets/Art/Texture/decorative_58.asset
  artifactKey: Guid(f12747fdd9711c94194d84bd0197dc7f) Importer(815301076,1909f56bfc062723c751e8b465ee728b)
Start importing Assets/Art/Texture/decorative_58.asset using Guid(f12747fdd9711c94194d84bd0197dc7f) Importer(815301076,1909f56bfc062723c751e8b465ee728b)  -> (artifact id: '05aa4ffd87f45806882cf0db943e2072') in 0.007322 seconds 
========================================================================
Received Import Request.
  Time since last request: 0.000018 seconds.
  path: Assets/Art/Texture/decorative_17.asset
  artifactKey: Guid(771867c93dc62c346b6cd414e11f1925) Importer(815301076,1909f56bfc062723c751e8b465ee728b)
Start importing Assets/Art/Texture/decorative_17.asset using Guid(771867c93dc62c346b6cd414e11f1925) Importer(815301076,1909f56bfc062723c751e8b465ee728b)  -> (artifact id: '24797886712ffd3e2866a35d511a1adc') in 0.006972 seconds 
========================================================================
Received Import Request.
  Time since last request: 0.000050 seconds.
  path: Assets/Art/Texture/decorative_35.asset
  artifactKey: Guid(6dae6a3de10f87041a65a57caadf7cb4) Importer(815301076,1909f56bfc062723c751e8b465ee728b)
Start importing Assets/Art/Texture/decorative_35.asset using Guid(6dae6a3de10f87041a65a57caadf7cb4) Importer(815301076,1909f56bfc062723c751e8b465ee728b)  -> (artifact id: '374f7d0993c7e6310cd180e79aa64cbc') in 0.013959 seconds 
========================================================================
Received Import Request.
  Time since last request: 0.000024 seconds.
  path: Assets/Art/Texture/decorative_57.asset
  artifactKey: Guid(0487476730b7a884f95f8dfc3302bfe4) Importer(815301076,1909f56bfc062723c751e8b465ee728b)
Start importing Assets/Art/Texture/decorative_57.asset using Guid(0487476730b7a884f95f8dfc3302bfe4) Importer(815301076,1909f56bfc062723c751e8b465ee728b)  -> (artifact id: '6cdf75166fcb4ffb1d2c079646a75b7b') in 0.010685 seconds 
========================================================================
Received Import Request.
  Time since last request: 0.000018 seconds.
  path: Assets/Art/Texture/decorative_29.asset
  artifactKey: Guid(8b45925cca6c5ca49b31a2f16dbcebdb) Importer(815301076,1909f56bfc062723c751e8b465ee728b)
Start importing Assets/Art/Texture/decorative_29.asset using Guid(8b45925cca6c5ca49b31a2f16dbcebdb) Importer(815301076,1909f56bfc062723c751e8b465ee728b)  -> (artifact id: 'b765d8b3af04c1b7eaa0d699c225a19b') in 0.008290 seconds 
========================================================================
Received Import Request.
  Time since last request: 0.000017 seconds.
  path: Assets/Art/Texture/decorative_24.asset
  artifactKey: Guid(7d608f347c3da164aac556122f175684) Importer(815301076,1909f56bfc062723c751e8b465ee728b)
Start importing Assets/Art/Texture/decorative_24.asset using Guid(7d608f347c3da164aac556122f175684) Importer(815301076,1909f56bfc062723c751e8b465ee728b)  -> (artifact id: '780264d7d7c84d4f0c33bcb36caba74b') in 0.007852 seconds 
========================================================================
Received Import Request.
  Time since last request: 0.000021 seconds.
  path: Assets/Art/Texture/decorative_56.asset
  artifactKey: Guid(31faa647003be2442a1c6b035412b62d) Importer(815301076,1909f56bfc062723c751e8b465ee728b)
Start importing Assets/Art/Texture/decorative_56.asset using Guid(31faa647003be2442a1c6b035412b62d) Importer(815301076,1909f56bfc062723c751e8b465ee728b)  -> (artifact id: 'f9d5238dd11b27c3002c394d2bbb8e1c') in 0.008731 seconds 
========================================================================
Received Import Request.
  Time since last request: 0.000015 seconds.
  path: Assets/Art/Texture/decorative_28.asset
  artifactKey: Guid(59b26d53ec375e24889882c3a0b5de35) Importer(815301076,1909f56bfc062723c751e8b465ee728b)
Start importing Assets/Art/Texture/decorative_28.asset using Guid(59b26d53ec375e24889882c3a0b5de35) Importer(815301076,1909f56bfc062723c751e8b465ee728b)  -> (artifact id: '7a0823dbc59adcdd45cd101b631af520') in 0.010148 seconds 
========================================================================
Received Import Request.
  Time since last request: 0.000037 seconds.
  path: Assets/Art/Texture/decorative_21.asset
  artifactKey: Guid(bc8dce7f0a1b0404c9f35bd0d10365d4) Importer(815301076,1909f56bfc062723c751e8b465ee728b)
Start importing Assets/Art/Texture/decorative_21.asset using Guid(bc8dce7f0a1b0404c9f35bd0d10365d4) Importer(815301076,1909f56bfc062723c751e8b465ee728b)  -> (artifact id: 'eced807adcbac27d170ff34dda8cc7bf') in 0.006815 seconds 
========================================================================
Received Import Request.
  Time since last request: 0.000043 seconds.
  path: Assets/Art/Texture/decorative_12.asset
  artifactKey: Guid(c6fa87860abb20c48a982fd527b83421) Importer(815301076,1909f56bfc062723c751e8b465ee728b)
Start importing Assets/Art/Texture/decorative_12.asset using Guid(c6fa87860abb20c48a982fd527b83421) Importer(815301076,1909f56bfc062723c751e8b465ee728b)  -> (artifact id: 'bc76e3165c5c22f7c1c1691d6309d43a') in 0.011550 seconds 
========================================================================
Received Import Request.
  Time since last request: 0.000037 seconds.
  path: Assets/Art/Texture/decorative_18.asset
  artifactKey: Guid(1d3e3a0b6f9084f4fb47d2c56d48c3ee) Importer(815301076,1909f56bfc062723c751e8b465ee728b)
Start importing Assets/Art/Texture/decorative_18.asset using Guid(1d3e3a0b6f9084f4fb47d2c56d48c3ee) Importer(815301076,1909f56bfc062723c751e8b465ee728b)  -> (artifact id: '0af62e46731735c76e180d2f5ffa0748') in 0.007920 seconds 
========================================================================
Received Import Request.
  Time since last request: 0.000018 seconds.
  path: Assets/Art/Texture/decorative_20.asset
  artifactKey: Guid(29e378c537b8a384f83dabafda195cd4) Importer(815301076,1909f56bfc062723c751e8b465ee728b)
Start importing Assets/Art/Texture/decorative_20.asset using Guid(29e378c537b8a384f83dabafda195cd4) Importer(815301076,1909f56bfc062723c751e8b465ee728b)  -> (artifact id: '83bf768e094bbaf8f806433d5e808dd0') in 0.006448 seconds 
========================================================================
Received Import Request.
  Time since last request: 0.000024 seconds.
  path: Assets/Art/Texture/decorative_22.asset
  artifactKey: Guid(90d07c16f7894ca45b558ae76030557f) Importer(815301076,1909f56bfc062723c751e8b465ee728b)
Start importing Assets/Art/Texture/decorative_22.asset using Guid(90d07c16f7894ca45b558ae76030557f) Importer(815301076,1909f56bfc062723c751e8b465ee728b)  -> (artifact id: '55366371b1446e4a05aa1da98b2771e4') in 0.009970 seconds 
========================================================================
Received Import Request.
  Time since last request: 0.000027 seconds.
  path: Assets/Art/Texture/decorative_39.asset
  artifactKey: Guid(1d85f810b3113c548b0578a970e5f5b6) Importer(815301076,1909f56bfc062723c751e8b465ee728b)
Start importing Assets/Art/Texture/decorative_39.asset using Guid(1d85f810b3113c548b0578a970e5f5b6) Importer(815301076,1909f56bfc062723c751e8b465ee728b)  -> (artifact id: 'f4c7aa4f8e4782b4d7452877c00ac4de') in 0.007463 seconds 
========================================================================
Received Import Request.
  Time since last request: 0.000017 seconds.
  path: Assets/Art/Texture/decorative_25.asset
  artifactKey: Guid(0a3b3cf5f5d344942a1a54f4fb30ba17) Importer(815301076,1909f56bfc062723c751e8b465ee728b)
Start importing Assets/Art/Texture/decorative_25.asset using Guid(0a3b3cf5f5d344942a1a54f4fb30ba17) Importer(815301076,1909f56bfc062723c751e8b465ee728b)  -> (artifact id: 'bfb9342c3c318b92403b2319f47b79d3') in 0.006465 seconds 
========================================================================
Received Import Request.
  Time since last request: 0.000017 seconds.
  path: Assets/Art/Texture/decorative_19.asset
  artifactKey: Guid(770e51ce24080914589ef31ad8af20ac) Importer(815301076,1909f56bfc062723c751e8b465ee728b)
Start importing Assets/Art/Texture/decorative_19.asset using Guid(770e51ce24080914589ef31ad8af20ac) Importer(815301076,1909f56bfc062723c751e8b465ee728b)  -> (artifact id: 'f9c873471df17b551cee5ece5b9601e7') in 0.008416 seconds 
========================================================================
Received Import Request.
  Time since last request: 0.000029 seconds.
  path: Assets/Art/Texture/decorative_26.asset
  artifactKey: Guid(138a668985379824bb9568d6b9940aa3) Importer(815301076,1909f56bfc062723c751e8b465ee728b)
Start importing Assets/Art/Texture/decorative_26.asset using Guid(138a668985379824bb9568d6b9940aa3) Importer(815301076,1909f56bfc062723c751e8b465ee728b)  -> (artifact id: 'f590d9c78d9b80d8f9475be039a6fc77') in 0.007331 seconds 
========================================================================
Received Import Request.
  Time since last request: 0.000017 seconds.
  path: Assets/Art/Texture/decorative_37.asset
  artifactKey: Guid(6bae2a925175edd4397b88eedd48f752) Importer(815301076,1909f56bfc062723c751e8b465ee728b)
Start importing Assets/Art/Texture/decorative_37.asset using Guid(6bae2a925175edd4397b88eedd48f752) Importer(815301076,1909f56bfc062723c751e8b465ee728b)  -> (artifact id: '68af626afa13a4ef451bcec6bd93d75f') in 0.005826 seconds 
========================================================================
Received Import Request.
  Time since last request: 0.000062 seconds.
  path: Assets/Art/Texture/decorative_8.asset
  artifactKey: Guid(272465ada3e56ef46a607b2827b81110) Importer(815301076,1909f56bfc062723c751e8b465ee728b)
Start importing Assets/Art/Texture/decorative_8.asset using Guid(272465ada3e56ef46a607b2827b81110) Importer(815301076,1909f56bfc062723c751e8b465ee728b)  -> (artifact id: '190ee4f3df9bbde84298dc7e654e0e24') in 0.009519 seconds 
========================================================================
Received Import Request.
  Time since last request: 0.000020 seconds.
  path: Assets/Art/Texture/decorative_52.asset
  artifactKey: Guid(d3a9130044adc3441870443b26e83a23) Importer(815301076,1909f56bfc062723c751e8b465ee728b)
Start importing Assets/Art/Texture/decorative_52.asset using Guid(d3a9130044adc3441870443b26e83a23) Importer(815301076,1909f56bfc062723c751e8b465ee728b)  -> (artifact id: '47b47f60b9718c9f156f254064914e7b') in 0.007743 seconds 
========================================================================
Received Import Request.
  Time since last request: 0.000018 seconds.
  path: Assets/Art/Texture/decorative_16.asset
  artifactKey: Guid(1540cf77e2c08fe488173e39c77007e5) Importer(815301076,1909f56bfc062723c751e8b465ee728b)
Start importing Assets/Art/Texture/decorative_16.asset using Guid(1540cf77e2c08fe488173e39c77007e5) Importer(815301076,1909f56bfc062723c751e8b465ee728b)  -> (artifact id: '71853e41ac869ab8b11c9ea8a71718bd') in 0.008894 seconds 
========================================================================
Received Import Request.
  Time since last request: 0.000046 seconds.
  path: Assets/Art/Texture/decorative_46.asset
  artifactKey: Guid(9e7927db0d9f02b42805a7bca80adebc) Importer(815301076,1909f56bfc062723c751e8b465ee728b)
Start importing Assets/Art/Texture/decorative_46.asset using Guid(9e7927db0d9f02b42805a7bca80adebc) Importer(815301076,1909f56bfc062723c751e8b465ee728b)  -> (artifact id: '8318ad58ff299661c07a55c985b79cb9') in 0.008879 seconds 
========================================================================
Received Import Request.
  Time since last request: 0.000023 seconds.
  path: Assets/Art/Texture/decorative_38.asset
  artifactKey: Guid(0ddd644dd379cfd43af0a2d4f0f0fffd) Importer(815301076,1909f56bfc062723c751e8b465ee728b)
Start importing Assets/Art/Texture/decorative_38.asset using Guid(0ddd644dd379cfd43af0a2d4f0f0fffd) Importer(815301076,1909f56bfc062723c751e8b465ee728b)  -> (artifact id: '128af997158ae35549b49471f51d0696') in 0.006821 seconds 
========================================================================
Received Import Request.
  Time since last request: 0.000019 seconds.
  path: Assets/Art/Texture/decorative_47.asset
  artifactKey: Guid(8f5ff80982478f24daaba690c59e0472) Importer(815301076,1909f56bfc062723c751e8b465ee728b)
Start importing Assets/Art/Texture/decorative_47.asset using Guid(8f5ff80982478f24daaba690c59e0472) Importer(815301076,1909f56bfc062723c751e8b465ee728b)  -> (artifact id: '3fd935138e37fbbaa0aad927b947e2fe') in 0.005366 seconds 
========================================================================
Received Import Request.
  Time since last request: 0.000040 seconds.
  path: Assets/Art/Texture/decorative_36.asset
  artifactKey: Guid(4d677d74d84d6514cb51aa132def5f5e) Importer(815301076,1909f56bfc062723c751e8b465ee728b)
Start importing Assets/Art/Texture/decorative_36.asset using Guid(4d677d74d84d6514cb51aa132def5f5e) Importer(815301076,1909f56bfc062723c751e8b465ee728b)  -> (artifact id: '89f0db18d38c19b8c7265191388d079a') in 0.008272 seconds 
========================================================================
Received Import Request.
  Time since last request: 0.000053 seconds.
  path: Assets/Art/Texture/decorative_2.asset
  artifactKey: Guid(15448fc74288ea94a8d9f1135e1c4bc9) Importer(815301076,1909f56bfc062723c751e8b465ee728b)
Start importing Assets/Art/Texture/decorative_2.asset using Guid(15448fc74288ea94a8d9f1135e1c4bc9) Importer(815301076,1909f56bfc062723c751e8b465ee728b)  -> (artifact id: '6e974f135b18c21ecfd8c7efcc5da524') in 0.007898 seconds 
========================================================================
Received Import Request.
  Time since last request: 0.000061 seconds.
  path: Assets/Art/Texture/decorative_33.asset
  artifactKey: Guid(875b2b5f02586f14d9f0f0e871acf2f0) Importer(815301076,1909f56bfc062723c751e8b465ee728b)
Start importing Assets/Art/Texture/decorative_33.asset using Guid(875b2b5f02586f14d9f0f0e871acf2f0) Importer(815301076,1909f56bfc062723c751e8b465ee728b)  -> (artifact id: '22ce1015574c03dc82d978529ea7dfe4') in 0.009775 seconds 
========================================================================
Received Import Request.
  Time since last request: 0.000023 seconds.
  path: Assets/Art/Texture/decorative_11.asset
  artifactKey: Guid(46c83c9054d60304b805c57a8032214a) Importer(815301076,1909f56bfc062723c751e8b465ee728b)
Start importing Assets/Art/Texture/decorative_11.asset using Guid(46c83c9054d60304b805c57a8032214a) Importer(815301076,1909f56bfc062723c751e8b465ee728b)  -> (artifact id: 'e50c04b05f1d963a5b551990a505c893') in 0.009604 seconds 
========================================================================
Received Import Request.
  Time since last request: 0.000031 seconds.
  path: Assets/Art/Texture/decorative_49.asset
  artifactKey: Guid(6a998821090247d4185f64901751b487) Importer(815301076,1909f56bfc062723c751e8b465ee728b)
Start importing Assets/Art/Texture/decorative_49.asset using Guid(6a998821090247d4185f64901751b487) Importer(815301076,1909f56bfc062723c751e8b465ee728b)  -> (artifact id: 'dd49a3022888e213fb5cf13e44dc7d5f') in 0.007062 seconds 
========================================================================
Received Import Request.
  Time since last request: 0.000020 seconds.
  path: Assets/Art/Texture/decorative_32.asset
  artifactKey: Guid(60ed633c3d6e52845a2c78a8f0340375) Importer(815301076,1909f56bfc062723c751e8b465ee728b)
Start importing Assets/Art/Texture/decorative_32.asset using Guid(60ed633c3d6e52845a2c78a8f0340375) Importer(815301076,1909f56bfc062723c751e8b465ee728b)  -> (artifact id: 'd76a0d94bea2226e9d377cc7efcdaa4d') in 0.005870 seconds 
========================================================================
Received Import Request.
  Time since last request: 0.000020 seconds.
  path: Assets/Art/Texture/decorative_59.asset
  artifactKey: Guid(e29eff12d896251448a5d99bacb85e0f) Importer(815301076,1909f56bfc062723c751e8b465ee728b)
Start importing Assets/Art/Texture/decorative_59.asset using Guid(e29eff12d896251448a5d99bacb85e0f) Importer(815301076,1909f56bfc062723c751e8b465ee728b)  -> (artifact id: '08c0ce059d07fb286fa1e2ab920ec109') in 0.007960 seconds 
========================================================================
Received Import Request.
  Time since last request: 0.000048 seconds.
  path: Assets/Art/Texture/decorative_44.asset
  artifactKey: Guid(41d373a590843ec44884e37b0452033a) Importer(815301076,1909f56bfc062723c751e8b465ee728b)
Start importing Assets/Art/Texture/decorative_44.asset using Guid(41d373a590843ec44884e37b0452033a) Importer(815301076,1909f56bfc062723c751e8b465ee728b)  -> (artifact id: 'f98ddfe2d33361e740d718b133cce953') in 0.008258 seconds 
========================================================================
Received Import Request.
  Time since last request: 0.000018 seconds.
  path: Assets/Art/Texture/decorative_55.asset
  artifactKey: Guid(45952794b6d96534c8b6b7320b92adf1) Importer(815301076,1909f56bfc062723c751e8b465ee728b)
Start importing Assets/Art/Texture/decorative_55.asset using Guid(45952794b6d96534c8b6b7320b92adf1) Importer(815301076,1909f56bfc062723c751e8b465ee728b)  -> (artifact id: 'd1bb088b6392ff376d106e0440d61eeb') in 0.006261 seconds 
========================================================================
Received Import Request.
  Time since last request: 0.000038 seconds.
  path: Assets/Art/Texture/decorative_50.asset
  artifactKey: Guid(5633a880fa4cb9b47a98404a3119ef4e) Importer(815301076,1909f56bfc062723c751e8b465ee728b)
Start importing Assets/Art/Texture/decorative_50.asset using Guid(5633a880fa4cb9b47a98404a3119ef4e) Importer(815301076,1909f56bfc062723c751e8b465ee728b)  -> (artifact id: 'f3734573bfefe1cfa64a4dc27656894c') in 0.010897 seconds 
========================================================================
Received Import Request.
  Time since last request: 0.000048 seconds.
  path: Assets/Art/Texture/decorative_15.asset
  artifactKey: Guid(b23590d0a734de841808bf011677a935) Importer(815301076,1909f56bfc062723c751e8b465ee728b)
Start importing Assets/Art/Texture/decorative_15.asset using Guid(b23590d0a734de841808bf011677a935) Importer(815301076,1909f56bfc062723c751e8b465ee728b)  -> (artifact id: '454eddfe8c2f42861e38937d732d7fd1') in 0.009959 seconds 
========================================================================
Received Import Request.
  Time since last request: 0.000019 seconds.
  path: Assets/Art/Texture/decorative_1.asset
  artifactKey: Guid(babf6aa778d546f4ca97c9e0cbfa14de) Importer(815301076,1909f56bfc062723c751e8b465ee728b)
Start importing Assets/Art/Texture/decorative_1.asset using Guid(babf6aa778d546f4ca97c9e0cbfa14de) Importer(815301076,1909f56bfc062723c751e8b465ee728b)  -> (artifact id: '4fe567d8e5b54290392b91f5889deafa') in 0.006574 seconds 
========================================================================
Received Import Request.
  Time since last request: 0.000018 seconds.
  path: Assets/Art/Texture/decorative_3.asset
  artifactKey: Guid(edb44e1a9f7031e4d803f7b76efdedf3) Importer(815301076,1909f56bfc062723c751e8b465ee728b)
Start importing Assets/Art/Texture/decorative_3.asset using Guid(edb44e1a9f7031e4d803f7b76efdedf3) Importer(815301076,1909f56bfc062723c751e8b465ee728b)  -> (artifact id: '587d7224213073a54a7bd9577f435a80') in 0.007681 seconds 
========================================================================
Received Import Request.
  Time since last request: 0.000051 seconds.
  path: Assets/Art/Texture/decorative_51.asset
  artifactKey: Guid(0cc7d4f9fe454be4d817ad9beb582bfb) Importer(815301076,1909f56bfc062723c751e8b465ee728b)
Start importing Assets/Art/Texture/decorative_51.asset using Guid(0cc7d4f9fe454be4d817ad9beb582bfb) Importer(815301076,1909f56bfc062723c751e8b465ee728b)  -> (artifact id: '86f6e7f485073b5532e5a01cc67b9137') in 0.005973 seconds 
========================================================================
Received Import Request.
  Time since last request: 0.000018 seconds.
  path: Assets/Art/Texture/decorative_14.asset
  artifactKey: Guid(eeb09736c96637f47b812ca724a8d128) Importer(815301076,1909f56bfc062723c751e8b465ee728b)
Start importing Assets/Art/Texture/decorative_14.asset using Guid(eeb09736c96637f47b812ca724a8d128) Importer(815301076,1909f56bfc062723c751e8b465ee728b)  -> (artifact id: 'c32c5897b5b99139c009ee312673e870') in 0.006287 seconds 
Editor requested this worker to shutdown with reason: Scaling down because of idle timeout
AssetImportWorker is now disconnected from the server
Process exiting
Exiting without the bug reporter. Application will terminate with return code 0