Using pre-set license
Built from '2021.3/staging' branch; Version is '2021.3.16f1 (4016570cf34f) revision 4200023'; Using compiler version '192829333'; Build Type 'Release'
OS: 'Windows 11  (10.0.22621) 64bit Core' Language: 'fr' Physical Memory: 16122 MB
BatchMode: 1, IsHumanControllingUs: 0, StartBugReporterOnCrash: 0, Is64bit: 1, IsPro: 1

COMMAND LINE ARGUMENTS:
C:\Program Files\Unity\Hub\Editor\2021.3.16f1\Editor\Unity.exe
-adb2
-batchMode
-noUpm
-name
AssetImportWorker4
-projectPath
C:/Users/Utilisateur/Documents/GitHub/Tales-of-Hivnir/Tiles-Of-Hivnir
-logFile
Logs/AssetImportWorker4.log
-srvPort
61589
Successfully changed project path to: C:/Users/Utilisateur/Documents/GitHub/Tales-of-Hivnir/Tiles-Of-Hivnir
C:/Users/Utilisateur/Documents/GitHub/Tales-of-Hivnir/Tiles-Of-Hivnir
[UnityMemory] Configuration Parameters - Can be set up in boot.config
    "memorysetup-bucket-allocator-granularity=16"
    "memorysetup-bucket-allocator-bucket-count=8"
    "memorysetup-bucket-allocator-block-size=33554432"
    "memorysetup-bucket-allocator-block-count=8"
    "memorysetup-main-allocator-block-size=16777216"
    "memorysetup-thread-allocator-block-size=16777216"
    "memorysetup-gfx-main-allocator-block-size=16777216"
    "memorysetup-gfx-thread-allocator-block-size=16777216"
    "memorysetup-cache-allocator-block-size=4194304"
    "memorysetup-typetree-allocator-block-size=2097152"
    "memorysetup-profiler-bucket-allocator-granularity=16"
    "memorysetup-profiler-bucket-allocator-bucket-count=8"
    "memorysetup-profiler-bucket-allocator-block-size=33554432"
    "memorysetup-profiler-bucket-allocator-block-count=8"
    "memorysetup-profiler-allocator-block-size=16777216"
    "memorysetup-profiler-editor-allocator-block-size=1048576"
    "memorysetup-temp-allocator-size-main=16777216"
    "memorysetup-job-temp-allocator-block-size=2097152"
    "memorysetup-job-temp-allocator-block-size-background=1048576"
    "memorysetup-job-temp-allocator-reduction-small-platforms=262144"
    "memorysetup-temp-allocator-size-background-worker=32768"
    "memorysetup-temp-allocator-size-job-worker=262144"
    "memorysetup-temp-allocator-size-preload-manager=33554432"
    "memorysetup-temp-allocator-size-nav-mesh-worker=65536"
    "memorysetup-temp-allocator-size-audio-worker=65536"
    "memorysetup-temp-allocator-size-cloud-worker=32768"
    "memorysetup-temp-allocator-size-gi-baking-worker=262144"
    "memorysetup-temp-allocator-size-gfx=262144"
Player connection [32904] Host "[IP] 192.168.56.1 [Port] 0 [Flags] 2 [Guid] 3284651968 [EditorId] 3284651968 [Version] 1048832 [Id] WindowsEditor(7,LAPTOP-ET774ROT) [Debug] 1 [PackageName] WindowsEditor [ProjectName] Editor" joined multi-casting on [225.0.0.222:54997]...

Player connection [32904] Host "[IP] 192.168.56.1 [Port] 0 [Flags] 2 [Guid] 3284651968 [EditorId] 3284651968 [Version] 1048832 [Id] WindowsEditor(7,LAPTOP-ET774ROT) [Debug] 1 [PackageName] WindowsEditor [ProjectName] Editor" joined alternative multi-casting on [225.0.0.222:34997]...

Refreshing native plugins compatible for Editor in 106.39 ms, found 3 plugins.
Preloading 0 native plugins for Editor in 0.00 ms.
Initialize engine version: 2021.3.16f1 (4016570cf34f)
[Subsystems] Discovering subsystems at path C:/Program Files/Unity/Hub/Editor/2021.3.16f1/Editor/Data/Resources/UnitySubsystems
[Subsystems] Discovering subsystems at path C:/Users/Utilisateur/Documents/GitHub/Tales-of-Hivnir/Tiles-Of-Hivnir/Assets
GfxDevice: creating device client; threaded=0; jobified=0
Direct3D:
    Version:  Direct3D 11.0 [level 11.1]
    Renderer: NVIDIA GeForce RTX 3060 Laptop GPU (ID=0x2520)
    Vendor:   NVIDIA
    VRAM:     6023 MB
    Driver:   31.0.15.1720
Initialize mono
Mono path[0] = 'C:/Program Files/Unity/Hub/Editor/2021.3.16f1/Editor/Data/Managed'
Mono path[1] = 'C:/Program Files/Unity/Hub/Editor/2021.3.16f1/Editor/Data/MonoBleedingEdge/lib/mono/unityjit-win32'
Mono config path = 'C:/Program Files/Unity/Hub/Editor/2021.3.16f1/Editor/Data/MonoBleedingEdge/etc'
Using monoOptions --debugger-agent=transport=dt_socket,embedding=1,server=y,suspend=n,address=127.0.0.1:56412
Begin MonoManager ReloadAssembly
Registering precompiled unity dll's ...
Register platform support module: C:/Program Files/Unity/Hub/Editor/2021.3.16f1/Editor/Data/PlaybackEngines/WebGLSupport/UnityEditor.WebGL.Extensions.dll
Register platform support module: C:/Program Files/Unity/Hub/Editor/2021.3.16f1/Editor/Data/PlaybackEngines/AndroidPlayer/UnityEditor.Android.Extensions.dll
Register platform support module: C:/Program Files/Unity/Hub/Editor/2021.3.16f1/Editor/Data/PlaybackEngines/WindowsStandaloneSupport/UnityEditor.WindowsStandalone.Extensions.dll
Registered in 0.004629 seconds.
Native extension for WindowsStandalone target not found
Native extension for Android target not found
Native extension for WebGL target not found
Refreshing native plugins compatible for Editor in 91.55 ms, found 3 plugins.
Preloading 0 native plugins for Editor in 0.00 ms.
Mono: successfully reloaded assembly
- Completed reload, in  0.532 seconds
Domain Reload Profiling:
	ReloadAssembly (532ms)
		BeginReloadAssembly (55ms)
			ExecutionOrderSort (0ms)
			DisableScriptedObjects (0ms)
			BackupInstance (0ms)
			ReleaseScriptingObjects (0ms)
			CreateAndSetChildDomain (1ms)
		EndReloadAssembly (390ms)
			LoadAssemblies (54ms)
			RebuildTransferFunctionScriptingTraits (0ms)
			SetupTypeCache (87ms)
			ReleaseScriptCaches (0ms)
			RebuildScriptCaches (21ms)
			SetupLoadedEditorAssemblies (241ms)
				LogAssemblyErrors (0ms)
				InitializePlatformSupportModulesInManaged (43ms)
				SetLoadedEditorAssemblies (0ms)
				RefreshPlugins (92ms)
				BeforeProcessingInitializeOnLoad (1ms)
				ProcessInitializeOnLoadAttributes (71ms)
				ProcessInitializeOnLoadMethodAttributes (33ms)
				AfterProcessingInitializeOnLoad (0ms)
				EditorAssembliesLoaded (0ms)
			ExecutionOrderSort2 (0ms)
			AwakeInstancesAfterBackupRestoration (0ms)
Platform modules already initialized, skipping
Registering precompiled user dll's ...
Registered in 0.004585 seconds.
Begin MonoManager ReloadAssembly
Native extension for WindowsStandalone target not found
Native extension for Android target not found
Native extension for WebGL target not found
Refreshing native plugins compatible for Editor in 87.04 ms, found 3 plugins.
Preloading 0 native plugins for Editor in 0.00 ms.
Mono: successfully reloaded assembly
- Completed reload, in  1.001 seconds
Domain Reload Profiling:
	ReloadAssembly (1002ms)
		BeginReloadAssembly (214ms)
			ExecutionOrderSort (0ms)
			DisableScriptedObjects (4ms)
			BackupInstance (0ms)
			ReleaseScriptingObjects (0ms)
			CreateAndSetChildDomain (136ms)
		EndReloadAssembly (696ms)
			LoadAssemblies (66ms)
			RebuildTransferFunctionScriptingTraits (0ms)
			SetupTypeCache (180ms)
			ReleaseScriptCaches (0ms)
			RebuildScriptCaches (45ms)
			SetupLoadedEditorAssemblies (365ms)
				LogAssemblyErrors (0ms)
				InitializePlatformSupportModulesInManaged (12ms)
				SetLoadedEditorAssemblies (0ms)
				RefreshPlugins (87ms)
				BeforeProcessingInitializeOnLoad (55ms)
				ProcessInitializeOnLoadAttributes (173ms)
				ProcessInitializeOnLoadMethodAttributes (33ms)
				AfterProcessingInitializeOnLoad (4ms)
				EditorAssembliesLoaded (0ms)
			ExecutionOrderSort2 (0ms)
			AwakeInstancesAfterBackupRestoration (6ms)
Platform modules already initialized, skipping
========================================================================
Worker process is ready to serve import requests
Launched and connected shader compiler UnityShaderCompiler.exe after 0.03 seconds
Refreshing native plugins compatible for Editor in 1.28 ms, found 3 plugins.
Preloading 0 native plugins for Editor in 0.00 ms.
Unloading 2834 Unused Serialized files (Serialized files now loaded: 0)
Unloading 38 unused Assets / (30.2 KB). Loaded Objects now: 3299.
Memory consumption went from 131.2 MB to 131.2 MB.
Total: 2.778400 ms (FindLiveObjects: 0.206400 ms CreateObjectMapping: 0.061500 ms MarkObjects: 2.477100 ms  DeleteObjects: 0.032100 ms)

AssetImportParameters requested are different than current active one (requested -> active):
  custom:video-decoder-ogg-theora: a1e56fd34408186e4bbccfd4996cb3dc -> 
  custom:container-muxer-webm: aa71ff27fc2769a1b78a27578f13a17b -> 
  custom:container-demuxer-webm: 4f35f7cbe854078d1ac9338744f61a02 -> 
  custom:video-encoder-webm-vp8: eb34c28f22e8b96e1ab97ce403110664 -> 
  custom:video-codec-MediaFoundation-h265: 746d11721c4dcdbdad8f713fa42b33f4 -> 
  custom:audio-encoder-webm-vorbis: bf7c407c2cedff20999df2af8eb42d56 -> 
  custom:framework-win-MediaFoundation: 216162199b28c13a410421893ffa2e32 -> 
  custom:container-demuxer-ogg: 62fdf1f143b41e24485cea50d1cbac27 -> 
  custom:video-decoder-webm-vp8: 9c59270c3fd7afecdb556c50c9e8de78 -> 
  custom:audio-decoder-ogg-vorbis: bf7c407c2cedff20999df2af8eb42d56 -> 
========================================================================
Received Prepare
Registering precompiled user dll's ...
Registered in 0.004516 seconds.
Begin MonoManager ReloadAssembly
Native extension for WindowsStandalone target not found
Native extension for Android target not found
Native extension for WebGL target not found
Refreshing native plugins compatible for Editor in 8.25 ms, found 3 plugins.
Preloading 0 native plugins for Editor in 0.00 ms.
Mono: successfully reloaded assembly
- Completed reload, in  1.686 seconds
Domain Reload Profiling:
	ReloadAssembly (1688ms)
		BeginReloadAssembly (127ms)
			ExecutionOrderSort (0ms)
			DisableScriptedObjects (6ms)
			BackupInstance (0ms)
			ReleaseScriptingObjects (0ms)
			CreateAndSetChildDomain (46ms)
		EndReloadAssembly (1416ms)
			LoadAssemblies (110ms)
			RebuildTransferFunctionScriptingTraits (0ms)
			SetupTypeCache (428ms)
			ReleaseScriptCaches (9ms)
			RebuildScriptCaches (138ms)
			SetupLoadedEditorAssemblies (604ms)
				LogAssemblyErrors (0ms)
				InitializePlatformSupportModulesInManaged (36ms)
				SetLoadedEditorAssemblies (1ms)
				RefreshPlugins (9ms)
				BeforeProcessingInitializeOnLoad (113ms)
				ProcessInitializeOnLoadAttributes (361ms)
				ProcessInitializeOnLoadMethodAttributes (78ms)
				AfterProcessingInitializeOnLoad (7ms)
				EditorAssembliesLoaded (0ms)
			ExecutionOrderSort2 (0ms)
			AwakeInstancesAfterBackupRestoration (17ms)
Platform modules already initialized, skipping
Refreshing native plugins compatible for Editor in 9.64 ms, found 3 plugins.
Preloading 0 native plugins for Editor in 0.00 ms.
Unloading 2808 Unused Serialized files (Serialized files now loaded: 0)
Unloading 25 unused Assets / (31.8 KB). Loaded Objects now: 3302.
Memory consumption went from 128.9 MB to 128.9 MB.
Total: 10.479400 ms (FindLiveObjects: 1.337100 ms CreateObjectMapping: 0.545900 ms MarkObjects: 8.471900 ms  DeleteObjects: 0.117800 ms)

AssetImportParameters requested are different than current active one (requested -> active):
  custom:video-decoder-ogg-theora: a1e56fd34408186e4bbccfd4996cb3dc -> 
  custom:container-muxer-webm: aa71ff27fc2769a1b78a27578f13a17b -> 
  custom:container-demuxer-webm: 4f35f7cbe854078d1ac9338744f61a02 -> 
  custom:video-encoder-webm-vp8: eb34c28f22e8b96e1ab97ce403110664 -> 
  custom:video-codec-MediaFoundation-h265: 746d11721c4dcdbdad8f713fa42b33f4 -> 
  custom:audio-encoder-webm-vorbis: bf7c407c2cedff20999df2af8eb42d56 -> 
  custom:framework-win-MediaFoundation: 216162199b28c13a410421893ffa2e32 -> 
  custom:container-demuxer-ogg: 62fdf1f143b41e24485cea50d1cbac27 -> 
  custom:video-decoder-webm-vp8: 9c59270c3fd7afecdb556c50c9e8de78 -> 
  custom:audio-decoder-ogg-vorbis: bf7c407c2cedff20999df2af8eb42d56 -> 
========================================================================
Received Import Request.
  Time since last request: 65842.533519 seconds.
  path: Assets/Art/PNJ/without_shadow/2 1.png
  artifactKey: Guid(39dcd0eabf0b75c41bd854628fb96e94) Importer(815301076,1909f56bfc062723c751e8b465ee728b)
Start importing Assets/Art/PNJ/without_shadow/2 1.png using Guid(39dcd0eabf0b75c41bd854628fb96e94) Importer(815301076,1909f56bfc062723c751e8b465ee728b)  -> (artifact id: '0fc6860d3f711c0cac9e13f7caf288e6') in 0.112116 seconds 
========================================================================
Received Import Request.
  Time since last request: 0.321334 seconds.
  path: Assets/Art/PNJ/without_shadow/5.png
  artifactKey: Guid(9be65f1a98e9b11409891c4b11eb8b73) Importer(815301076,1909f56bfc062723c751e8b465ee728b)
Start importing Assets/Art/PNJ/without_shadow/5.png using Guid(9be65f1a98e9b11409891c4b11eb8b73) Importer(815301076,1909f56bfc062723c751e8b465ee728b)  -> (artifact id: '772822c73cf3fe09cf4264e0fee2efef') in 0.012105 seconds 
========================================================================
Received Import Request.
  Time since last request: 0.087608 seconds.
  path: Assets/Art/PNJ/without_shadow/5 1.png
  artifactKey: Guid(4cc32d1883d3b4d468087d1b03b74ce4) Importer(815301076,1909f56bfc062723c751e8b465ee728b)
Start importing Assets/Art/PNJ/without_shadow/5 1.png using Guid(4cc32d1883d3b4d468087d1b03b74ce4) Importer(815301076,1909f56bfc062723c751e8b465ee728b)  -> (artifact id: '7bc0ebebef24c6195323c5b3517c372e') in 0.012622 seconds 
========================================================================
Received Import Request.
  Time since last request: 0.454965 seconds.
  path: Assets/Art/Item/5f64d0b8393a498b3fcbc214f290db18.gif
  artifactKey: Guid(a2740d7d6ed5a214f9c0786aeb1729f0) Importer(815301076,1909f56bfc062723c751e8b465ee728b)
Start importing Assets/Art/Item/5f64d0b8393a498b3fcbc214f290db18.gif using Guid(a2740d7d6ed5a214f9c0786aeb1729f0) Importer(815301076,1909f56bfc062723c751e8b465ee728b)  -> (artifact id: '107dc241bd1a82031de1dc6fa81fe21e') in 0.020847 seconds 
========================================================================
Received Import Request.
  Time since last request: 0.756504 seconds.
  path: Assets/Art/PNJ/without_shadow/6 1.png
  artifactKey: Guid(7b156b7fe6e70ac4fb36afe3bef834bb) Importer(815301076,1909f56bfc062723c751e8b465ee728b)
Start importing Assets/Art/PNJ/without_shadow/6 1.png using Guid(7b156b7fe6e70ac4fb36afe3bef834bb) Importer(815301076,1909f56bfc062723c751e8b465ee728b)  -> (artifact id: '2d71ef02f9192744867054e136c0c5c1') in 0.012937 seconds 
========================================================================
Received Import Request.
  Time since last request: 0.026990 seconds.
  path: Assets/Art/PNJ/without_shadow/7 1.png
  artifactKey: Guid(252e79ea40bef814d9be302d1b58775c) Importer(815301076,1909f56bfc062723c751e8b465ee728b)
Start importing Assets/Art/PNJ/without_shadow/7 1.png using Guid(252e79ea40bef814d9be302d1b58775c) Importer(815301076,1909f56bfc062723c751e8b465ee728b)  -> (artifact id: 'a03978f42580065b66846508bdb2b75c') in 0.022146 seconds 
========================================================================
Received Import Request.
  Time since last request: 0.453980 seconds.
  path: Assets/Art/PNJ/without_shadow/8.png
  artifactKey: Guid(a441b38f0fc5e8b488f19e895866149a) Importer(815301076,1909f56bfc062723c751e8b465ee728b)
Start importing Assets/Art/PNJ/without_shadow/8.png using Guid(a441b38f0fc5e8b488f19e895866149a) Importer(815301076,1909f56bfc062723c751e8b465ee728b)  -> (artifact id: '96dca2adbcce61d1906ee7117c7eae4d') in 0.012880 seconds 
========================================================================
Received Import Request.
  Time since last request: 0.326833 seconds.
  path: Assets/Art/PNJ/without_shadow/8 1.png
  artifactKey: Guid(41c1dab4365dd5541a55919ec04532f5) Importer(815301076,1909f56bfc062723c751e8b465ee728b)
Start importing Assets/Art/PNJ/without_shadow/8 1.png using Guid(41c1dab4365dd5541a55919ec04532f5) Importer(815301076,1909f56bfc062723c751e8b465ee728b)  -> (artifact id: 'e21d535a31045c7d68b7454d4e2bc0d7') in 0.012337 seconds 
========================================================================
Received Import Request.
  Time since last request: 0.439053 seconds.
  path: Assets/Art/PNJ/without_shadow/9.png
  artifactKey: Guid(5acb34c911c02014ba68deff051dc928) Importer(815301076,1909f56bfc062723c751e8b465ee728b)
Start importing Assets/Art/PNJ/without_shadow/9.png using Guid(5acb34c911c02014ba68deff051dc928) Importer(815301076,1909f56bfc062723c751e8b465ee728b)  -> (artifact id: 'f7208c8ed148b5f7dec450181c06944b') in 0.012698 seconds 
========================================================================
Received Import Request.
  Time since last request: 0.054844 seconds.
  path: Assets/Art/PNJ/without_shadow/9 1.png
  artifactKey: Guid(d35a07cd878cb12429fd182278d3beb9) Importer(815301076,1909f56bfc062723c751e8b465ee728b)
Start importing Assets/Art/PNJ/without_shadow/9 1.png using Guid(d35a07cd878cb12429fd182278d3beb9) Importer(815301076,1909f56bfc062723c751e8b465ee728b)  -> (artifact id: '24b1dea61d56c80a9b3e80df8203829f') in 0.016627 seconds 
========================================================================
Received Import Request.
  Time since last request: 0.363597 seconds.
  path: Assets/Art/PNJ/without_shadow/10.png
  artifactKey: Guid(f1481111582b3f4429e5f9cbebae1791) Importer(815301076,1909f56bfc062723c751e8b465ee728b)
Start importing Assets/Art/PNJ/without_shadow/10.png using Guid(f1481111582b3f4429e5f9cbebae1791) Importer(815301076,1909f56bfc062723c751e8b465ee728b)  -> (artifact id: '30efebb3640b8c8ceb2442a6f65e752d') in 0.012294 seconds 
========================================================================
Received Import Request.
  Time since last request: 0.060889 seconds.
  path: Assets/Art/PNJ/without_shadow/11.png
  artifactKey: Guid(ca1c68f18bb93c64c8257d8951b61aee) Importer(815301076,1909f56bfc062723c751e8b465ee728b)
Start importing Assets/Art/PNJ/without_shadow/11.png using Guid(ca1c68f18bb93c64c8257d8951b61aee) Importer(815301076,1909f56bfc062723c751e8b465ee728b)  -> (artifact id: '73cc6091d35508b722a64ea9f4c06356') in 0.019598 seconds 
========================================================================
Received Import Request.
  Time since last request: 0.272670 seconds.
  path: Assets/Art/PNJ/without_shadow/11 1.png
  artifactKey: Guid(d0c92778142edeb47a887738fb2e64ad) Importer(815301076,1909f56bfc062723c751e8b465ee728b)
Start importing Assets/Art/PNJ/without_shadow/11 1.png using Guid(d0c92778142edeb47a887738fb2e64ad) Importer(815301076,1909f56bfc062723c751e8b465ee728b)  -> (artifact id: '1263291b4d47927fe8e8223749e52847') in 0.016098 seconds 
========================================================================
Received Import Request.
  Time since last request: 0.007005 seconds.
  path: Assets/Art/PNJ/without_shadow/12.png
  artifactKey: Guid(5506530c6caebff4a8b2e0ae1d507fc5) Importer(815301076,1909f56bfc062723c751e8b465ee728b)
Start importing Assets/Art/PNJ/without_shadow/12.png using Guid(5506530c6caebff4a8b2e0ae1d507fc5) Importer(815301076,1909f56bfc062723c751e8b465ee728b)  -> (artifact id: 'a88469241f144d80201ab59efcfb9b6f') in 0.020924 seconds 
========================================================================
Received Import Request.
  Time since last request: 0.288819 seconds.
  path: Assets/Art/PNJ/without_shadow/12 1.png
  artifactKey: Guid(c0ae077f5a933bf41806d04578fcabb0) Importer(815301076,1909f56bfc062723c751e8b465ee728b)
Start importing Assets/Art/PNJ/without_shadow/12 1.png using Guid(c0ae077f5a933bf41806d04578fcabb0) Importer(815301076,1909f56bfc062723c751e8b465ee728b)  -> (artifact id: '54fef1b547c4e567e9fa6a7e2af42ab8') in 0.012889 seconds 
========================================================================
Received Import Request.
  Time since last request: 0.358037 seconds.
  path: Assets/Art/PNJ/without_shadow/13.png
  artifactKey: Guid(5a4af786a653f1e4eb12e87bfc6fe5d1) Importer(815301076,1909f56bfc062723c751e8b465ee728b)
Start importing Assets/Art/PNJ/without_shadow/13.png using Guid(5a4af786a653f1e4eb12e87bfc6fe5d1) Importer(815301076,1909f56bfc062723c751e8b465ee728b)  -> (artifact id: '7c4cb0fedb81664329ed7ed4903e56ba') in 0.018264 seconds 
========================================================================
Received Import Request.
  Time since last request: 0.022733 seconds.
  path: Assets/Art/PNJ/without_shadow/13 1.png
  artifactKey: Guid(4b43c93d7adb1b549933efe78f3109ba) Importer(815301076,1909f56bfc062723c751e8b465ee728b)
Start importing Assets/Art/PNJ/without_shadow/13 1.png using Guid(4b43c93d7adb1b549933efe78f3109ba) Importer(815301076,1909f56bfc062723c751e8b465ee728b)  -> (artifact id: '03e31b06f00aaf0e36b93d37c7c8d255') in 0.019267 seconds 
========================================================================
Received Import Request.
  Time since last request: 0.297564 seconds.
  path: Assets/Art/PNJ/without_shadow/14 1.png
  artifactKey: Guid(5d3f04431d1f1c148a64d503b7cf4cac) Importer(815301076,1909f56bfc062723c751e8b465ee728b)
Start importing Assets/Art/PNJ/without_shadow/14 1.png using Guid(5d3f04431d1f1c148a64d503b7cf4cac) Importer(815301076,1909f56bfc062723c751e8b465ee728b)  -> (artifact id: 'd32a9a7834cb15776f9a1406b310f052') in 0.013183 seconds 
========================================================================
Received Import Request.
  Time since last request: 0.333064 seconds.
  path: Assets/Art/PNJ/without_shadow/15.png
  artifactKey: Guid(ca141df9495bab44a911bd9a28952b65) Importer(815301076,1909f56bfc062723c751e8b465ee728b)
Start importing Assets/Art/PNJ/without_shadow/15.png using Guid(ca141df9495bab44a911bd9a28952b65) Importer(815301076,1909f56bfc062723c751e8b465ee728b)  -> (artifact id: '727398c8107323b05ae37a7c3202e378') in 0.017971 seconds 
========================================================================
Received Import Request.
  Time since last request: 0.082731 seconds.
  path: Assets/Art/PNJ/without_shadow/15 1.png
  artifactKey: Guid(e9c5748cf2d2a2c4f88312573783b1b0) Importer(815301076,1909f56bfc062723c751e8b465ee728b)
Start importing Assets/Art/PNJ/without_shadow/15 1.png using Guid(e9c5748cf2d2a2c4f88312573783b1b0) Importer(815301076,1909f56bfc062723c751e8b465ee728b)  -> (artifact id: '96f6c61f3d5cf027bde3c532a7f16195') in 0.021984 seconds 
========================================================================
Received Import Request.
  Time since last request: 0.204443 seconds.
  path: Assets/Art/PNJ/without_shadow/16.png
  artifactKey: Guid(027aea1c23b7e9349b5ef361a0c7ed3b) Importer(815301076,1909f56bfc062723c751e8b465ee728b)
Start importing Assets/Art/PNJ/without_shadow/16.png using Guid(027aea1c23b7e9349b5ef361a0c7ed3b) Importer(815301076,1909f56bfc062723c751e8b465ee728b)  -> (artifact id: 'd6562b23d12bdcba6ba85c03b01aa8d2') in 0.022409 seconds 
========================================================================
Received Import Request.
  Time since last request: 0.029690 seconds.
  path: Assets/Art/PNJ/without_shadow/17.png
  artifactKey: Guid(dd3cc15f60bd10440a336a44c5cff34a) Importer(815301076,1909f56bfc062723c751e8b465ee728b)
Start importing Assets/Art/PNJ/without_shadow/17.png using Guid(dd3cc15f60bd10440a336a44c5cff34a) Importer(815301076,1909f56bfc062723c751e8b465ee728b)  -> (artifact id: 'fd92af5281e3117e4690f821b516925a') in 0.015095 seconds 
========================================================================
Received Import Request.
  Time since last request: 0.257893 seconds.
  path: Assets/Art/PNJ/without_shadow/17 1.png
  artifactKey: Guid(329aa1cf943148143a238502f663064a) Importer(815301076,1909f56bfc062723c751e8b465ee728b)
Start importing Assets/Art/PNJ/without_shadow/17 1.png using Guid(329aa1cf943148143a238502f663064a) Importer(815301076,1909f56bfc062723c751e8b465ee728b)  -> (artifact id: '1748b2cd2863dc95415ab271c4f846f0') in 0.012896 seconds 
========================================================================
Received Import Request.
  Time since last request: 0.033668 seconds.
  path: Assets/Art/PNJ/without_shadow/19.png
  artifactKey: Guid(6e7eaf81a06ab2d41917162f405b3d53) Importer(815301076,1909f56bfc062723c751e8b465ee728b)
Start importing Assets/Art/PNJ/without_shadow/19.png using Guid(6e7eaf81a06ab2d41917162f405b3d53) Importer(815301076,1909f56bfc062723c751e8b465ee728b)  -> (artifact id: 'a643308fb4a25bb3fd6bc917abd0e4f3') in 0.016175 seconds 
========================================================================
Received Import Request.
  Time since last request: 0.262855 seconds.
  path: Assets/Art/PNJ/without_shadow/19 1.png
  artifactKey: Guid(e5ecc8e1e259e8e45b34672f39dbc18d) Importer(815301076,1909f56bfc062723c751e8b465ee728b)
Start importing Assets/Art/PNJ/without_shadow/19 1.png using Guid(e5ecc8e1e259e8e45b34672f39dbc18d) Importer(815301076,1909f56bfc062723c751e8b465ee728b)  -> (artifact id: 'bc5525c4ec7796a67d282becb64ca1c2') in 0.017413 seconds 
========================================================================
Received Import Request.
  Time since last request: 0.023279 seconds.
  path: Assets/Art/PNJ/without_shadow/20 1.png
  artifactKey: Guid(4f3c2b9ffc3821c4ba09b6fa858f4607) Importer(815301076,1909f56bfc062723c751e8b465ee728b)
Start importing Assets/Art/PNJ/without_shadow/20 1.png using Guid(4f3c2b9ffc3821c4ba09b6fa858f4607) Importer(815301076,1909f56bfc062723c751e8b465ee728b)  -> (artifact id: '9cbd87d25830bd2aef4e370798809c22') in 0.014878 seconds 
========================================================================
Received Import Request.
  Time since last request: 0.235752 seconds.
  path: Assets/Art/PNJ/without_shadow/21 1.png
  artifactKey: Guid(448345367caf60c4c8e41f1aa8dfb0c9) Importer(815301076,1909f56bfc062723c751e8b465ee728b)
Start importing Assets/Art/PNJ/without_shadow/21 1.png using Guid(448345367caf60c4c8e41f1aa8dfb0c9) Importer(815301076,1909f56bfc062723c751e8b465ee728b)  -> (artifact id: 'a6e33f09b11b5865384f6a4f2717c790') in 0.013955 seconds 
========================================================================
Received Import Request.
  Time since last request: 0.030909 seconds.
  path: Assets/Art/PNJ/without_shadow/22 1.png
  artifactKey: Guid(48e37827b0fa4424c8207d78e02cea45) Importer(815301076,1909f56bfc062723c751e8b465ee728b)
Start importing Assets/Art/PNJ/without_shadow/22 1.png using Guid(48e37827b0fa4424c8207d78e02cea45) Importer(815301076,1909f56bfc062723c751e8b465ee728b)  -> (artifact id: '267179c49a48140a55ae1a408843e806') in 0.016986 seconds 
========================================================================
Received Import Request.
  Time since last request: 0.000071 seconds.
  path: Assets/Art/PNJ/without_shadow/23.png
  artifactKey: Guid(c4ee262ae9a81ea4fb0b4ee38748a609) Importer(815301076,1909f56bfc062723c751e8b465ee728b)
Start importing Assets/Art/PNJ/without_shadow/23.png using Guid(c4ee262ae9a81ea4fb0b4ee38748a609) Importer(815301076,1909f56bfc062723c751e8b465ee728b)  -> (artifact id: '437ed2a60639b61eba2d9e930790ed9b') in 0.014463 seconds 
========================================================================
Received Import Request.
  Time since last request: 0.211143 seconds.
  path: Assets/Art/PNJ/without_shadow/23 1.png
  artifactKey: Guid(2f86a97a33adab74e87b7e89089ac4e8) Importer(815301076,1909f56bfc062723c751e8b465ee728b)
Start importing Assets/Art/PNJ/without_shadow/23 1.png using Guid(2f86a97a33adab74e87b7e89089ac4e8) Importer(815301076,1909f56bfc062723c751e8b465ee728b)  -> (artifact id: 'e99759e5b6beee4fa45026605d014188') in 0.012731 seconds 
========================================================================
Received Import Request.
  Time since last request: 0.027359 seconds.
  path: Assets/Art/PNJ/without_shadow/24.png
  artifactKey: Guid(a974a1bb46ef40c47a6a32c39610530f) Importer(815301076,1909f56bfc062723c751e8b465ee728b)
Start importing Assets/Art/PNJ/without_shadow/24.png using Guid(a974a1bb46ef40c47a6a32c39610530f) Importer(815301076,1909f56bfc062723c751e8b465ee728b)  -> (artifact id: '6844f6d9766beff3741335e987617514') in 0.017154 seconds 
========================================================================
Received Import Request.
  Time since last request: 0.211140 seconds.
  path: Assets/Art/PNJ/without_shadow/24 1.png
  artifactKey: Guid(54bf63d3ae8b1b24a84103131f2f136c) Importer(815301076,1909f56bfc062723c751e8b465ee728b)
Start importing Assets/Art/PNJ/without_shadow/24 1.png using Guid(54bf63d3ae8b1b24a84103131f2f136c) Importer(815301076,1909f56bfc062723c751e8b465ee728b)  -> (artifact id: 'd0fb3ecd30bf0ba75fff5205ca89c1e8') in 0.017287 seconds 
========================================================================
Received Import Request.
  Time since last request: 0.038945 seconds.
  path: Assets/Art/PNJ/without_shadow/26.png
  artifactKey: Guid(035c0fa9c4532634587cd50a41ab48f0) Importer(815301076,1909f56bfc062723c751e8b465ee728b)
Start importing Assets/Art/PNJ/without_shadow/26.png using Guid(035c0fa9c4532634587cd50a41ab48f0) Importer(815301076,1909f56bfc062723c751e8b465ee728b)  -> (artifact id: '9cfe5ac2929c540d4ba693223a8431d0') in 0.017458 seconds 
========================================================================
Received Import Request.
  Time since last request: 0.203490 seconds.
  path: Assets/Art/PNJ/without_shadow/26 1.png
  artifactKey: Guid(31b3d4dd4411d8f46b664c1240366127) Importer(815301076,1909f56bfc062723c751e8b465ee728b)
Start importing Assets/Art/PNJ/without_shadow/26 1.png using Guid(31b3d4dd4411d8f46b664c1240366127) Importer(815301076,1909f56bfc062723c751e8b465ee728b)  -> (artifact id: 'b0871b5a0a6fd2f00b6d298ae5cf8f9f') in 0.014761 seconds 
========================================================================
Received Import Request.
  Time since last request: 0.030796 seconds.
  path: Assets/Art/PNJ/without_shadow/27 1.png
  artifactKey: Guid(bcc400498823eb84f98939249bf9a1a4) Importer(815301076,1909f56bfc062723c751e8b465ee728b)
Start importing Assets/Art/PNJ/without_shadow/27 1.png using Guid(bcc400498823eb84f98939249bf9a1a4) Importer(815301076,1909f56bfc062723c751e8b465ee728b)  -> (artifact id: 'd33ca1afa990800c00a7f36297406b0a') in 0.024553 seconds 
========================================================================
Received Import Request.
  Time since last request: 0.237164 seconds.
  path: Assets/Art/PNJ/without_shadow/29.png
  artifactKey: Guid(06bc51fae4b5518479140d71b9e1097c) Importer(815301076,1909f56bfc062723c751e8b465ee728b)
Start importing Assets/Art/PNJ/without_shadow/29.png using Guid(06bc51fae4b5518479140d71b9e1097c) Importer(815301076,1909f56bfc062723c751e8b465ee728b)  -> (artifact id: 'b6551dca76756092cb83d79081cac92e') in 0.014324 seconds 
========================================================================
Received Import Request.
  Time since last request: 0.031960 seconds.
  path: Assets/Art/PNJ/without_shadow/30.png
  artifactKey: Guid(0356526a22026a942b5a9087801b5242) Importer(815301076,1909f56bfc062723c751e8b465ee728b)
Start importing Assets/Art/PNJ/without_shadow/30.png using Guid(0356526a22026a942b5a9087801b5242) Importer(815301076,1909f56bfc062723c751e8b465ee728b)  -> (artifact id: 'c626b4a8a0f5e80334eb2f61c358c4c5') in 0.016396 seconds 
========================================================================
Received Import Request.
  Time since last request: 0.257170 seconds.
  path: Assets/Art/PNJ/without_shadow/31 1.png
  artifactKey: Guid(4cb84f89855041044a6aeebd3b319eab) Importer(815301076,1909f56bfc062723c751e8b465ee728b)
Start importing Assets/Art/PNJ/without_shadow/31 1.png using Guid(4cb84f89855041044a6aeebd3b319eab) Importer(815301076,1909f56bfc062723c751e8b465ee728b)  -> (artifact id: '331d09d71c16e0c937c8fb9f0f1c49ce') in 0.012837 seconds 
========================================================================
Received Import Request.
  Time since last request: 0.007425 seconds.
  path: Assets/Art/PNJ/without_shadow/33.png
  artifactKey: Guid(9f6dba3df07476841b68940b88d41dfb) Importer(815301076,1909f56bfc062723c751e8b465ee728b)
Start importing Assets/Art/PNJ/without_shadow/33.png using Guid(9f6dba3df07476841b68940b88d41dfb) Importer(815301076,1909f56bfc062723c751e8b465ee728b)  -> (artifact id: 'ddc94255208b343cff1357668ea1bcb1') in 0.016228 seconds 
========================================================================
Received Import Request.
  Time since last request: 0.234382 seconds.
  path: Assets/Art/PNJ/without_shadow/33 1.png
  artifactKey: Guid(93708124a13ccaa4598fe081f6bcd5d0) Importer(815301076,1909f56bfc062723c751e8b465ee728b)
Start importing Assets/Art/PNJ/without_shadow/33 1.png using Guid(93708124a13ccaa4598fe081f6bcd5d0) Importer(815301076,1909f56bfc062723c751e8b465ee728b)  -> (artifact id: '01a2f2845487bb9bf67ca2ce81251b92') in 0.018306 seconds 
========================================================================
Received Import Request.
  Time since last request: 0.030923 seconds.
  path: Assets/Art/PNJ/without_shadow/34 1.png
  artifactKey: Guid(c869489e4a09d0049aa0d2d758f9fb21) Importer(815301076,1909f56bfc062723c751e8b465ee728b)
Start importing Assets/Art/PNJ/without_shadow/34 1.png using Guid(c869489e4a09d0049aa0d2d758f9fb21) Importer(815301076,1909f56bfc062723c751e8b465ee728b)  -> (artifact id: '630eee8aa565d3538eee55ba57e9b174') in 0.028355 seconds 
========================================================================
Received Import Request.
  Time since last request: 0.223265 seconds.
  path: Assets/Art/PNJ/without_shadow/35 1.png
  artifactKey: Guid(f5aa1320257bc6542b7dd18d3ffa02e0) Importer(815301076,1909f56bfc062723c751e8b465ee728b)
Start importing Assets/Art/PNJ/without_shadow/35 1.png using Guid(f5aa1320257bc6542b7dd18d3ffa02e0) Importer(815301076,1909f56bfc062723c751e8b465ee728b)  -> (artifact id: 'cb416aeacb8a1c0180be7e1ba246a254') in 0.012403 seconds 
========================================================================
Received Import Request.
  Time since last request: 0.028291 seconds.
  path: Assets/Art/PNJ/without_shadow/36.png
  artifactKey: Guid(268e80488438bf54c99c856f5ac7f40e) Importer(815301076,1909f56bfc062723c751e8b465ee728b)
Start importing Assets/Art/PNJ/without_shadow/36.png using Guid(268e80488438bf54c99c856f5ac7f40e) Importer(815301076,1909f56bfc062723c751e8b465ee728b)  -> (artifact id: '56b7a837ca5e5145773fdee8d384474a') in 0.026148 seconds 
========================================================================
Received Import Request.
  Time since last request: 0.216681 seconds.
  path: Assets/Art/PNJ/without_shadow/37.png
  artifactKey: Guid(29ab2c1f4cef95240bdcc5fb2daaf865) Importer(815301076,1909f56bfc062723c751e8b465ee728b)
Start importing Assets/Art/PNJ/without_shadow/37.png using Guid(29ab2c1f4cef95240bdcc5fb2daaf865) Importer(815301076,1909f56bfc062723c751e8b465ee728b)  -> (artifact id: '1f9f31252515b4161c364422fc294ca6') in 0.017004 seconds 
========================================================================
Received Import Request.
  Time since last request: 0.007049 seconds.
  path: Assets/Art/PNJ/without_shadow/37 1.png
  artifactKey: Guid(54550cf984a9bfa4baf7d8ead08fec75) Importer(815301076,1909f56bfc062723c751e8b465ee728b)
Start importing Assets/Art/PNJ/without_shadow/37 1.png using Guid(54550cf984a9bfa4baf7d8ead08fec75) Importer(815301076,1909f56bfc062723c751e8b465ee728b)  -> (artifact id: '45fd0272ad5ae233422059e237b566ab') in 0.016491 seconds 
========================================================================
Received Import Request.
  Time since last request: 0.006288 seconds.
  path: Assets/Art/PNJ/without_shadow/38.png
  artifactKey: Guid(f6f0dd2bc4ec9b8488a93644ff882811) Importer(815301076,1909f56bfc062723c751e8b465ee728b)
Start importing Assets/Art/PNJ/without_shadow/38.png using Guid(f6f0dd2bc4ec9b8488a93644ff882811) Importer(815301076,1909f56bfc062723c751e8b465ee728b)  -> (artifact id: 'f518cf4c0ca39d2a129198984cf6b69c') in 0.017787 seconds 
========================================================================
Received Import Request.
  Time since last request: 0.003701 seconds.
  path: Assets/Art/PNJ/without_shadow/38 1.png
  artifactKey: Guid(606d38524495d3c4398a46f7b6c78f97) Importer(815301076,1909f56bfc062723c751e8b465ee728b)
Start importing Assets/Art/PNJ/without_shadow/38 1.png using Guid(606d38524495d3c4398a46f7b6c78f97) Importer(815301076,1909f56bfc062723c751e8b465ee728b)  -> (artifact id: '1eb281f1cedd3f24a6c6a3de17e032ae') in 0.016614 seconds 
========================================================================
Received Import Request.
  Time since last request: 0.197879 seconds.
  path: Assets/Art/PNJ/without_shadow/39.png
  artifactKey: Guid(85ce2d332335e274a97c10f41f4fc00a) Importer(815301076,1909f56bfc062723c751e8b465ee728b)
Start importing Assets/Art/PNJ/without_shadow/39.png using Guid(85ce2d332335e274a97c10f41f4fc00a) Importer(815301076,1909f56bfc062723c751e8b465ee728b)  -> (artifact id: '088a3f111b411f39b58f0158ef63173c') in 0.013395 seconds 
========================================================================
Received Import Request.
  Time since last request: 0.036030 seconds.
  path: Assets/Art/PNJ/without_shadow/40.png
  artifactKey: Guid(be79fd1fe5d9e804ba4b854d96ce2f35) Importer(815301076,1909f56bfc062723c751e8b465ee728b)
Start importing Assets/Art/PNJ/without_shadow/40.png using Guid(be79fd1fe5d9e804ba4b854d96ce2f35) Importer(815301076,1909f56bfc062723c751e8b465ee728b)  -> (artifact id: 'b506c6e77b71841e2c9b7cc4344d8607') in 0.016600 seconds 
========================================================================
Received Import Request.
  Time since last request: 0.044165 seconds.
  path: Assets/Art/PNJ/without_shadow/40 1.png
  artifactKey: Guid(fce3b80f4b429f24fb81b01cb92df9c4) Importer(815301076,1909f56bfc062723c751e8b465ee728b)
Start importing Assets/Art/PNJ/without_shadow/40 1.png using Guid(fce3b80f4b429f24fb81b01cb92df9c4) Importer(815301076,1909f56bfc062723c751e8b465ee728b)  -> (artifact id: '4dad2a818f31eda4260a8e3dc57354ae') in 0.012974 seconds 
========================================================================
Received Import Request.
  Time since last request: 0.156160 seconds.
  path: Assets/Art/PNJ/without_shadow/41.png
  artifactKey: Guid(5c0c233e742170e4cb39144db8fe1f5e) Importer(815301076,1909f56bfc062723c751e8b465ee728b)
Start importing Assets/Art/PNJ/without_shadow/41.png using Guid(5c0c233e742170e4cb39144db8fe1f5e) Importer(815301076,1909f56bfc062723c751e8b465ee728b)  -> (artifact id: 'f0ec7bbbba86352f98718b39a6c5a300') in 0.013020 seconds 
========================================================================
Received Import Request.
  Time since last request: 0.000024 seconds.
  path: Assets/Art/PNJ/without_shadow/42.png
  artifactKey: Guid(a70a32d99f59c3a4ba31bb516528f4bb) Importer(815301076,1909f56bfc062723c751e8b465ee728b)
Start importing Assets/Art/PNJ/without_shadow/42.png using Guid(a70a32d99f59c3a4ba31bb516528f4bb) Importer(815301076,1909f56bfc062723c751e8b465ee728b)  -> (artifact id: 'ceaf199f1965a3a5d5e1c3804ae8c551') in 0.019048 seconds 
========================================================================
Received Import Request.
  Time since last request: 0.009176 seconds.
  path: Assets/Art/PNJ/shadow/42.png
  artifactKey: Guid(0aa8a411b6ee1e44da32f3debb7475e3) Importer(815301076,1909f56bfc062723c751e8b465ee728b)
Start importing Assets/Art/PNJ/shadow/42.png using Guid(0aa8a411b6ee1e44da32f3debb7475e3) Importer(815301076,1909f56bfc062723c751e8b465ee728b)  -> (artifact id: '78939c5ff133eae21d7ba3c128fbcab1') in 0.024730 seconds 
========================================================================
Received Import Request.
  Time since last request: 0.226674 seconds.
  path: Assets/Art/PNJ/shadow/43.png
  artifactKey: Guid(9d29078c550672d4bacba185735dcf81) Importer(815301076,1909f56bfc062723c751e8b465ee728b)
Start importing Assets/Art/PNJ/shadow/43.png using Guid(9d29078c550672d4bacba185735dcf81) Importer(815301076,1909f56bfc062723c751e8b465ee728b)  -> (artifact id: 'ddab71825714336b62f2c91715bc6f7e') in 0.012698 seconds 
========================================================================
Received Import Request.
  Time since last request: 0.000028 seconds.
  path: Assets/Art/PNJ/shadow/44.png
  artifactKey: Guid(a90c3a8e292e01946a2883bcf1621fd8) Importer(815301076,1909f56bfc062723c751e8b465ee728b)
Start importing Assets/Art/PNJ/shadow/44.png using Guid(a90c3a8e292e01946a2883bcf1621fd8) Importer(815301076,1909f56bfc062723c751e8b465ee728b)  -> (artifact id: '0e337f83586b040158ed54e4f7add317') in 0.015777 seconds 
========================================================================
Received Import Request.
  Time since last request: 0.017030 seconds.
  path: Assets/Art/PNJ/without_shadow/44.png
  artifactKey: Guid(dfbb9b977b949b841a30218c0a8f2ced) Importer(815301076,1909f56bfc062723c751e8b465ee728b)
Start importing Assets/Art/PNJ/without_shadow/44.png using Guid(dfbb9b977b949b841a30218c0a8f2ced) Importer(815301076,1909f56bfc062723c751e8b465ee728b)  -> (artifact id: 'c9106053e5fe48ae8f09da16c31e9f8a') in 0.020808 seconds 
========================================================================
Received Import Request.
  Time since last request: 0.205305 seconds.
  path: Assets/Art/PNJ/without_shadow/44 1.png
  artifactKey: Guid(771af69ae15f805429ab7038dbc5438a) Importer(815301076,1909f56bfc062723c751e8b465ee728b)
Start importing Assets/Art/PNJ/without_shadow/44 1.png using Guid(771af69ae15f805429ab7038dbc5438a) Importer(815301076,1909f56bfc062723c751e8b465ee728b)  -> (artifact id: '772c38973a597f477f4e2a0ca72ae5c0') in 0.013910 seconds 
========================================================================
Received Import Request.
  Time since last request: 0.000016 seconds.
  path: Assets/Art/PNJ/without_shadow/45 1.png
  artifactKey: Guid(54ff86dea41cfa14f8a2b2148e36b08b) Importer(815301076,1909f56bfc062723c751e8b465ee728b)
Start importing Assets/Art/PNJ/without_shadow/45 1.png using Guid(54ff86dea41cfa14f8a2b2148e36b08b) Importer(815301076,1909f56bfc062723c751e8b465ee728b)  -> (artifact id: 'af62190388cd012bb4250e9f00a92712') in 0.014465 seconds 
========================================================================
Received Import Request.
  Time since last request: 0.015337 seconds.
  path: Assets/Art/PNJ/shadow/45 1.png
  artifactKey: Guid(3408467ca72f0fb40b7bb607bf88bee7) Importer(815301076,1909f56bfc062723c751e8b465ee728b)
Start importing Assets/Art/PNJ/shadow/45 1.png using Guid(3408467ca72f0fb40b7bb607bf88bee7) Importer(815301076,1909f56bfc062723c751e8b465ee728b)  -> (artifact id: '27a5b1b537097b1b957bdd2786b1a53e') in 0.019895 seconds 
========================================================================
Received Import Request.
  Time since last request: 0.249321 seconds.
  path: Assets/Art/PNJ/without_shadow/46 1.png
  artifactKey: Guid(794fb5619d057e24d90fa59f1324fbf9) Importer(815301076,1909f56bfc062723c751e8b465ee728b)
Start importing Assets/Art/PNJ/without_shadow/46 1.png using Guid(794fb5619d057e24d90fa59f1324fbf9) Importer(815301076,1909f56bfc062723c751e8b465ee728b)  -> (artifact id: 'b607743002000d263f11a6d7e61e9c6e') in 0.012004 seconds 
========================================================================
Received Import Request.
  Time since last request: 0.034531 seconds.
  path: Assets/Art/PNJ/shadow/47 1.png
  artifactKey: Guid(e03d92e6401c965458f5dcaefc677813) Importer(815301076,1909f56bfc062723c751e8b465ee728b)
Start importing Assets/Art/PNJ/shadow/47 1.png using Guid(e03d92e6401c965458f5dcaefc677813) Importer(815301076,1909f56bfc062723c751e8b465ee728b)  -> (artifact id: '3c0cabc35cf3f1a5719dd3496197cb76') in 0.017339 seconds 
========================================================================
Received Import Request.
  Time since last request: 0.000022 seconds.
  path: Assets/Art/PNJ/shadow/48 1.png
  artifactKey: Guid(041ac8eec3a962c49a7ab60a661a37db) Importer(815301076,1909f56bfc062723c751e8b465ee728b)
Start importing Assets/Art/PNJ/shadow/48 1.png using Guid(041ac8eec3a962c49a7ab60a661a37db) Importer(815301076,1909f56bfc062723c751e8b465ee728b)  -> (artifact id: '944db490cbcc42d9707adaac9797b584') in 0.023704 seconds 
========================================================================
Received Import Request.
  Time since last request: 0.256658 seconds.
  path: Assets/Art/TopDownCharacter/Enemy/1682958312103(1).png
  artifactKey: Guid(c115baf3b76845542ab879de896ed797) Importer(815301076,1909f56bfc062723c751e8b465ee728b)
Start importing Assets/Art/TopDownCharacter/Enemy/1682958312103(1).png using Guid(c115baf3b76845542ab879de896ed797) Importer(815301076,1909f56bfc062723c751e8b465ee728b)  -> (artifact id: '4d0fe5f27c3c6877dfd2cedfed56cd3a') in 0.043237 seconds 
========================================================================
Received Import Request.
  Time since last request: 0.262183 seconds.
  path: Assets/Art/TopDownCharacter/Character/1685130098227.png
  artifactKey: Guid(403ae7558d600a44d8a134d790a1b162) Importer(815301076,1909f56bfc062723c751e8b465ee728b)
Start importing Assets/Art/TopDownCharacter/Character/1685130098227.png using Guid(403ae7558d600a44d8a134d790a1b162) Importer(815301076,1909f56bfc062723c751e8b465ee728b)  -> (artifact id: '44f361ebcadc195b0418817fc37be3b5') in 0.026576 seconds 
========================================================================
Received Prepare
Registering precompiled user dll's ...
Registered in 0.009837 seconds.
Begin MonoManager ReloadAssembly
Native extension for WindowsStandalone target not found
Native extension for Android target not found
Native extension for WebGL target not found
Refreshing native plugins compatible for Editor in 2.40 ms, found 3 plugins.
Preloading 0 native plugins for Editor in 0.00 ms.
Mono: successfully reloaded assembly
- Completed reload, in  1.616 seconds
Domain Reload Profiling:
	ReloadAssembly (1618ms)
		BeginReloadAssembly (163ms)
			ExecutionOrderSort (0ms)
			DisableScriptedObjects (5ms)
			BackupInstance (0ms)
			ReleaseScriptingObjects (0ms)
			CreateAndSetChildDomain (46ms)
		EndReloadAssembly (1332ms)
			LoadAssemblies (132ms)
			RebuildTransferFunctionScriptingTraits (0ms)
			SetupTypeCache (406ms)
			ReleaseScriptCaches (8ms)
			RebuildScriptCaches (133ms)
			SetupLoadedEditorAssemblies (561ms)
				LogAssemblyErrors (0ms)
				InitializePlatformSupportModulesInManaged (37ms)
				SetLoadedEditorAssemblies (0ms)
				RefreshPlugins (2ms)
				BeforeProcessingInitializeOnLoad (96ms)
				ProcessInitializeOnLoadAttributes (349ms)
				ProcessInitializeOnLoadMethodAttributes (63ms)
				AfterProcessingInitializeOnLoad (11ms)
				EditorAssembliesLoaded (1ms)
			ExecutionOrderSort2 (0ms)
			AwakeInstancesAfterBackupRestoration (13ms)
Platform modules already initialized, skipping
Refreshing native plugins compatible for Editor in 9.58 ms, found 3 plugins.
Preloading 0 native plugins for Editor in 0.00 ms.
Unloading 2808 Unused Serialized files (Serialized files now loaded: 0)
Unloading 25 unused Assets / (31.8 KB). Loaded Objects now: 3327.
Memory consumption went from 133.3 MB to 133.3 MB.
Total: 7.159900 ms (FindLiveObjects: 0.938900 ms CreateObjectMapping: 0.184400 ms MarkObjects: 5.950400 ms  DeleteObjects: 0.082100 ms)

AssetImportParameters requested are different than current active one (requested -> active):
  custom:video-decoder-ogg-theora: a1e56fd34408186e4bbccfd4996cb3dc -> 
  custom:container-muxer-webm: aa71ff27fc2769a1b78a27578f13a17b -> 
  custom:container-demuxer-webm: 4f35f7cbe854078d1ac9338744f61a02 -> 
  custom:video-encoder-webm-vp8: eb34c28f22e8b96e1ab97ce403110664 -> 
  custom:video-codec-MediaFoundation-h265: 746d11721c4dcdbdad8f713fa42b33f4 -> 
  custom:audio-encoder-webm-vorbis: bf7c407c2cedff20999df2af8eb42d56 -> 
  custom:framework-win-MediaFoundation: 216162199b28c13a410421893ffa2e32 -> 
  custom:container-demuxer-ogg: 62fdf1f143b41e24485cea50d1cbac27 -> 
  custom:video-decoder-webm-vp8: 9c59270c3fd7afecdb556c50c9e8de78 -> 
  custom:audio-decoder-ogg-vorbis: bf7c407c2cedff20999df2af8eb42d56 -> 
========================================================================
Received Prepare
Registering precompiled user dll's ...
Registered in 0.004916 seconds.
Begin MonoManager ReloadAssembly
Native extension for WindowsStandalone target not found
Native extension for Android target not found
Native extension for WebGL target not found
Refreshing native plugins compatible for Editor in 3.90 ms, found 3 plugins.
Preloading 0 native plugins for Editor in 0.00 ms.
Mono: successfully reloaded assembly
- Completed reload, in  1.772 seconds
Domain Reload Profiling:
	ReloadAssembly (1773ms)
		BeginReloadAssembly (160ms)
			ExecutionOrderSort (0ms)
			DisableScriptedObjects (5ms)
			BackupInstance (0ms)
			ReleaseScriptingObjects (0ms)
			CreateAndSetChildDomain (49ms)
		EndReloadAssembly (1370ms)
			LoadAssemblies (146ms)
			RebuildTransferFunctionScriptingTraits (0ms)
			SetupTypeCache (386ms)
			ReleaseScriptCaches (8ms)
			RebuildScriptCaches (131ms)
			SetupLoadedEditorAssemblies (594ms)
				LogAssemblyErrors (0ms)
				InitializePlatformSupportModulesInManaged (42ms)
				SetLoadedEditorAssemblies (1ms)
				RefreshPlugins (4ms)
				BeforeProcessingInitializeOnLoad (116ms)
				ProcessInitializeOnLoadAttributes (352ms)
				ProcessInitializeOnLoadMethodAttributes (71ms)
				AfterProcessingInitializeOnLoad (8ms)
				EditorAssembliesLoaded (0ms)
			ExecutionOrderSort2 (0ms)
			AwakeInstancesAfterBackupRestoration (16ms)
Platform modules already initialized, skipping
Refreshing native plugins compatible for Editor in 7.41 ms, found 3 plugins.
Preloading 0 native plugins for Editor in 0.00 ms.
Unloading 2808 Unused Serialized files (Serialized files now loaded: 0)
Unloading 25 unused Assets / (31.7 KB). Loaded Objects now: 3330.
Memory consumption went from 133.4 MB to 133.3 MB.
Total: 5.693600 ms (FindLiveObjects: 0.415000 ms CreateObjectMapping: 0.178500 ms MarkObjects: 5.027300 ms  DeleteObjects: 0.071000 ms)

AssetImportParameters requested are different than current active one (requested -> active):
  custom:video-decoder-ogg-theora: a1e56fd34408186e4bbccfd4996cb3dc -> 
  custom:container-muxer-webm: aa71ff27fc2769a1b78a27578f13a17b -> 
  custom:container-demuxer-webm: 4f35f7cbe854078d1ac9338744f61a02 -> 
  custom:video-encoder-webm-vp8: eb34c28f22e8b96e1ab97ce403110664 -> 
  custom:video-codec-MediaFoundation-h265: 746d11721c4dcdbdad8f713fa42b33f4 -> 
  custom:audio-encoder-webm-vorbis: bf7c407c2cedff20999df2af8eb42d56 -> 
  custom:framework-win-MediaFoundation: 216162199b28c13a410421893ffa2e32 -> 
  custom:container-demuxer-ogg: 62fdf1f143b41e24485cea50d1cbac27 -> 
  custom:video-decoder-webm-vp8: 9c59270c3fd7afecdb556c50c9e8de78 -> 
  custom:audio-decoder-ogg-vorbis: bf7c407c2cedff20999df2af8eb42d56 -> 
========================================================================
Received Import Request.
  Time since last request: 211.348975 seconds.
  path: Assets/Resources/Chest (1).prefab
  artifactKey: Guid(70df26eb0e9520546a1e32139ce9d14f) Importer(815301076,1909f56bfc062723c751e8b465ee728b)
Start importing Assets/Resources/Chest (1).prefab using Guid(70df26eb0e9520546a1e32139ce9d14f) Importer(815301076,1909f56bfc062723c751e8b465ee728b)  -> (artifact id: 'a78f810634ed2f9633b0d93113204645') in 0.092444 seconds 
========================================================================
Received Import Request.
  Time since last request: 0.037429 seconds.
  path: Assets/Resources/detect.prefab
  artifactKey: Guid(dd689dbf258813f4eb0fee928214d5d9) Importer(815301076,1909f56bfc062723c751e8b465ee728b)
Start importing Assets/Resources/detect.prefab using Guid(dd689dbf258813f4eb0fee928214d5d9) Importer(815301076,1909f56bfc062723c751e8b465ee728b)  -> (artifact id: 'c95164a7505f6d81f77e7021a0ff7e0e') in 0.002776 seconds 
========================================================================
Received Import Request.
  Time since last request: 0.000025 seconds.
  path: Assets/Resources/Skeleton.prefab
  artifactKey: Guid(97dbb262a88dec64b83cce62abce855a) Importer(815301076,1909f56bfc062723c751e8b465ee728b)
Start importing Assets/Resources/Skeleton.prefab using Guid(97dbb262a88dec64b83cce62abce855a) Importer(815301076,1909f56bfc062723c751e8b465ee728b)  -> (artifact id: 'ff2e83a97b211453ddb66bbddd1821dd') in 0.015614 seconds 
========================================================================
Received Import Request.
  Time since last request: 0.000020 seconds.
  path: Assets/Resources/Main Camera.prefab
  artifactKey: Guid(0a02df25fbc60634889adc5a1355e518) Importer(815301076,1909f56bfc062723c751e8b465ee728b)
Start importing Assets/Resources/Main Camera.prefab using Guid(0a02df25fbc60634889adc5a1355e518) Importer(815301076,1909f56bfc062723c751e8b465ee728b)  -> (artifact id: '89cda5d9e187867c48c1ee38f2aa71b7') in 0.009444 seconds 
========================================================================
Received Import Request.
  Time since last request: 0.000019 seconds.
  path: Assets/Resources/logenemy 1.prefab
  artifactKey: Guid(8e20141b30a2ced4d9f3e370f44524fa) Importer(815301076,1909f56bfc062723c751e8b465ee728b)
Start importing Assets/Resources/logenemy 1.prefab using Guid(8e20141b30a2ced4d9f3e370f44524fa) Importer(815301076,1909f56bfc062723c751e8b465ee728b)  -> (artifact id: '47b8d710858adcf440591a8490e7de8e') in 0.030291 seconds 
========================================================================
Received Import Request.
  Time since last request: 0.000032 seconds.
  path: Assets/Resources/chest 1.prefab
  artifactKey: Guid(1610a886ebb7fcc4698e68249dc5f50f) Importer(815301076,1909f56bfc062723c751e8b465ee728b)
Start importing Assets/Resources/chest 1.prefab using Guid(1610a886ebb7fcc4698e68249dc5f50f) Importer(815301076,1909f56bfc062723c751e8b465ee728b)  -> (artifact id: '5ebfc47a00e12dec0f36708ae00ae62b') in 0.003341 seconds 
========================================================================
Received Import Request.
  Time since last request: 0.000041 seconds.
  path: Assets/Resources/DragonFly.prefab
  artifactKey: Guid(b10bbad8f39890f47947bebb3081d93e) Importer(815301076,1909f56bfc062723c751e8b465ee728b)
Start importing Assets/Resources/DragonFly.prefab using Guid(b10bbad8f39890f47947bebb3081d93e) Importer(815301076,1909f56bfc062723c751e8b465ee728b)  -> (artifact id: 'b5d4f0d1562cd30a1d9d9d276ed53b7e') in 0.014587 seconds 
========================================================================
Received Import Request.
  Time since last request: 0.000023 seconds.
  path: Assets/Resources/step.prefab
  artifactKey: Guid(d021da814ee418144bb40df1b0c99496) Importer(815301076,1909f56bfc062723c751e8b465ee728b)
Start importing Assets/Resources/step.prefab using Guid(d021da814ee418144bb40df1b0c99496) Importer(815301076,1909f56bfc062723c751e8b465ee728b)  -> (artifact id: 'fd9e8d17e557a00f109a7fca24034aa6') in 0.003496 seconds 
========================================================================
Received Import Request.
  Time since last request: 0.000029 seconds.
  path: Assets/Resources/Player's Inv.prefab
  artifactKey: Guid(0c09f2856b007d049be38e113adedd92) Importer(815301076,1909f56bfc062723c751e8b465ee728b)
Start importing Assets/Resources/Player's Inv.prefab using Guid(0c09f2856b007d049be38e113adedd92) Importer(815301076,1909f56bfc062723c751e8b465ee728b)  -> (artifact id: '284f1fadda6f225be16c372cd6d277c4') in 0.007936 seconds 
========================================================================
Received Import Request.
  Time since last request: 0.000026 seconds.
  path: Assets/Resources/Chest.prefab
  artifactKey: Guid(ac58570cce265b440ac0e94a1216e889) Importer(815301076,1909f56bfc062723c751e8b465ee728b)
Start importing Assets/Resources/Chest.prefab using Guid(ac58570cce265b440ac0e94a1216e889) Importer(815301076,1909f56bfc062723c751e8b465ee728b)  -> (artifact id: 'e7fd894e2b0eb0445bbba7e917ea7aed') in 0.019497 seconds 
========================================================================
Received Import Request.
  Time since last request: 0.000100 seconds.
  path: Assets/Resources/Dungeon door outside.prefab
  artifactKey: Guid(c9a9734781bf7c646aaaa99784e0de12) Importer(815301076,1909f56bfc062723c751e8b465ee728b)
Start importing Assets/Resources/Dungeon door outside.prefab using Guid(c9a9734781bf7c646aaaa99784e0de12) Importer(815301076,1909f56bfc062723c751e8b465ee728b)  -> (artifact id: 'ee610395dc6f5ac12acba92325a3f36d') in 0.033170 seconds 
========================================================================
Received Import Request.
  Time since last request: 14.947383 seconds.
  path: Assets/Resources/pnj.prefab
  artifactKey: Guid(7d45c64848a53484fa4ab5badaa87903) Importer(815301076,1909f56bfc062723c751e8b465ee728b)
Start importing Assets/Resources/pnj.prefab using Guid(7d45c64848a53484fa4ab5badaa87903) Importer(815301076,1909f56bfc062723c751e8b465ee728b)  -> (artifact id: '53c269042701cf52a62ef795914bdab8') in 0.010884 seconds 
========================================================================
Received Import Request.
  Time since last request: 58.199957 seconds.
  path: Assets/Art/PNJ/without_shadow/1 1.png
  artifactKey: Guid(1968f263bf57c274ea30d79583ec277d) Importer(815301076,1909f56bfc062723c751e8b465ee728b)
Start importing Assets/Art/PNJ/without_shadow/1 1.png using Guid(1968f263bf57c274ea30d79583ec277d) Importer(815301076,1909f56bfc062723c751e8b465ee728b)  -> (artifact id: '01b49b1fef46d7e3be22702589772b18') in 0.029029 seconds 
========================================================================
Received Import Request.
  Time since last request: 0.000034 seconds.
  path: Assets/Art/PNJ/without_shadow/2.png
  artifactKey: Guid(fd556c35692c89f4398519deef700f4d) Importer(815301076,1909f56bfc062723c751e8b465ee728b)
Start importing Assets/Art/PNJ/without_shadow/2.png using Guid(fd556c35692c89f4398519deef700f4d) Importer(815301076,1909f56bfc062723c751e8b465ee728b)  -> (artifact id: '8f3240e1aeebf2096ad1c9a1916c4bd7') in 0.016911 seconds 
========================================================================
Received Import Request.
  Time since last request: 94.846341 seconds.
  path: Assets/Scripts/Entities/Player/Player.cs
  artifactKey: Guid(abe273f7c92f6324d86ad9ebf0fd6154) Importer(815301076,1909f56bfc062723c751e8b465ee728b)
Start importing Assets/Scripts/Entities/Player/Player.cs using Guid(abe273f7c92f6324d86ad9ebf0fd6154) Importer(815301076,1909f56bfc062723c751e8b465ee728b)  -> (artifact id: '78c67b06cbdc4fe8fa3b5ec6d1de9141') in 0.006225 seconds 
========================================================================
Received Prepare
Registering precompiled user dll's ...
Registered in 0.006508 seconds.
Begin MonoManager ReloadAssembly
Native extension for WindowsStandalone target not found
Native extension for Android target not found
Native extension for WebGL target not found
Refreshing native plugins compatible for Editor in 1.37 ms, found 3 plugins.
Preloading 0 native plugins for Editor in 0.00 ms.
Mono: successfully reloaded assembly
- Completed reload, in  0.902 seconds
Domain Reload Profiling:
	ReloadAssembly (903ms)
		BeginReloadAssembly (126ms)
			ExecutionOrderSort (0ms)
			DisableScriptedObjects (6ms)
			BackupInstance (0ms)
			ReleaseScriptingObjects (0ms)
			CreateAndSetChildDomain (40ms)
		EndReloadAssembly (694ms)
			LoadAssemblies (81ms)
			RebuildTransferFunctionScriptingTraits (0ms)
			SetupTypeCache (247ms)
			ReleaseScriptCaches (2ms)
			RebuildScriptCaches (46ms)
			SetupLoadedEditorAssemblies (291ms)
				LogAssemblyErrors (0ms)
				InitializePlatformSupportModulesInManaged (21ms)
				SetLoadedEditorAssemblies (0ms)
				RefreshPlugins (1ms)
				BeforeProcessingInitializeOnLoad (55ms)
				ProcessInitializeOnLoadAttributes (173ms)
				ProcessInitializeOnLoadMethodAttributes (34ms)
				AfterProcessingInitializeOnLoad (5ms)
				EditorAssembliesLoaded (0ms)
			ExecutionOrderSort2 (0ms)
			AwakeInstancesAfterBackupRestoration (7ms)
Platform modules already initialized, skipping
Refreshing native plugins compatible for Editor in 2.75 ms, found 3 plugins.
Preloading 0 native plugins for Editor in 0.00 ms.
Unloading 2808 Unused Serialized files (Serialized files now loaded: 0)
Unloading 27 unused Assets / (32.8 KB). Loaded Objects now: 3341.
Memory consumption went from 133.7 MB to 133.7 MB.
Total: 3.653900 ms (FindLiveObjects: 0.409500 ms CreateObjectMapping: 0.152100 ms MarkObjects: 3.015200 ms  DeleteObjects: 0.076000 ms)

AssetImportParameters requested are different than current active one (requested -> active):
  custom:video-decoder-ogg-theora: a1e56fd34408186e4bbccfd4996cb3dc -> 
  custom:container-muxer-webm: aa71ff27fc2769a1b78a27578f13a17b -> 
  custom:container-demuxer-webm: 4f35f7cbe854078d1ac9338744f61a02 -> 
  custom:video-encoder-webm-vp8: eb34c28f22e8b96e1ab97ce403110664 -> 
  custom:video-codec-MediaFoundation-h265: 746d11721c4dcdbdad8f713fa42b33f4 -> 
  custom:audio-encoder-webm-vorbis: bf7c407c2cedff20999df2af8eb42d56 -> 
  custom:framework-win-MediaFoundation: 216162199b28c13a410421893ffa2e32 -> 
  custom:container-demuxer-ogg: 62fdf1f143b41e24485cea50d1cbac27 -> 
  custom:video-decoder-webm-vp8: 9c59270c3fd7afecdb556c50c9e8de78 -> 
  custom:audio-decoder-ogg-vorbis: bf7c407c2cedff20999df2af8eb42d56 -> 
========================================================================
Received Import Request.
  Time since last request: 598.514998 seconds.
  path: Assets/Resources/Dungeon door outside.prefab
  artifactKey: Guid(c9a9734781bf7c646aaaa99784e0de12) Importer(815301076,1909f56bfc062723c751e8b465ee728b)
Start importing Assets/Resources/Dungeon door outside.prefab using Guid(c9a9734781bf7c646aaaa99784e0de12) Importer(815301076,1909f56bfc062723c751e8b465ee728b)  -> (artifact id: '0eecb20d8dd20b5e278bbe961abf77d5') in 0.087144 seconds 
========================================================================
Received Import Request.
  Time since last request: 0.000032 seconds.
  path: Assets/Resources/Dungeon.prefab
  artifactKey: Guid(442febc6dcde7904cbf83345e5df0557) Importer(815301076,1909f56bfc062723c751e8b465ee728b)
Start importing Assets/Resources/Dungeon.prefab using Guid(442febc6dcde7904cbf83345e5df0557) Importer(815301076,1909f56bfc062723c751e8b465ee728b)  -> (artifact id: 'c134eb3e3b565038a92eae15fd6cd028') in 0.065106 seconds 
========================================================================
Received Import Request.
  Time since last request: 16.098394 seconds.
  path: Assets/Scenes/Scene Combat/COMBATMODE.unity
  artifactKey: Guid(c3e788ca48904c54faab24b8db6647c4) Importer(815301076,1909f56bfc062723c751e8b465ee728b)
Start importing Assets/Scenes/Scene Combat/COMBATMODE.unity using Guid(c3e788ca48904c54faab24b8db6647c4) Importer(815301076,1909f56bfc062723c751e8b465ee728b)  -> (artifact id: '4d8f319bd991d826ac862951e152e60e') in 0.001763 seconds 
========================================================================
Received Prepare
Registering precompiled user dll's ...
Registered in 0.005653 seconds.
Begin MonoManager ReloadAssembly
Native extension for WindowsStandalone target not found
Native extension for Android target not found
Native extension for WebGL target not found
Refreshing native plugins compatible for Editor in 3.12 ms, found 3 plugins.
Preloading 0 native plugins for Editor in 0.00 ms.
Mono: successfully reloaded assembly
- Completed reload, in  1.361 seconds
Domain Reload Profiling:
	ReloadAssembly (1362ms)
		BeginReloadAssembly (191ms)
			ExecutionOrderSort (0ms)
			DisableScriptedObjects (6ms)
			BackupInstance (0ms)
			ReleaseScriptingObjects (0ms)
			CreateAndSetChildDomain (69ms)
		EndReloadAssembly (1023ms)
			LoadAssemblies (130ms)
			RebuildTransferFunctionScriptingTraits (0ms)
			SetupTypeCache (310ms)
			ReleaseScriptCaches (6ms)
			RebuildScriptCaches (93ms)
			SetupLoadedEditorAssemblies (441ms)
				LogAssemblyErrors (0ms)
				InitializePlatformSupportModulesInManaged (30ms)
				SetLoadedEditorAssemblies (1ms)
				RefreshPlugins (3ms)
				BeforeProcessingInitializeOnLoad (86ms)
				ProcessInitializeOnLoadAttributes (262ms)
				ProcessInitializeOnLoadMethodAttributes (51ms)
				AfterProcessingInitializeOnLoad (7ms)
				EditorAssembliesLoaded (0ms)
			ExecutionOrderSort2 (0ms)
			AwakeInstancesAfterBackupRestoration (12ms)
Platform modules already initialized, skipping
Refreshing native plugins compatible for Editor in 6.38 ms, found 3 plugins.
Preloading 0 native plugins for Editor in 0.00 ms.
Unloading 2808 Unused Serialized files (Serialized files now loaded: 0)
Unloading 27 unused Assets / (32.7 KB). Loaded Objects now: 3344.
Memory consumption went from 133.7 MB to 133.7 MB.
Total: 6.095300 ms (FindLiveObjects: 0.886800 ms CreateObjectMapping: 0.298500 ms MarkObjects: 4.827700 ms  DeleteObjects: 0.077900 ms)

AssetImportParameters requested are different than current active one (requested -> active):
  custom:video-decoder-ogg-theora: a1e56fd34408186e4bbccfd4996cb3dc -> 
  custom:container-muxer-webm: aa71ff27fc2769a1b78a27578f13a17b -> 
  custom:container-demuxer-webm: 4f35f7cbe854078d1ac9338744f61a02 -> 
  custom:video-encoder-webm-vp8: eb34c28f22e8b96e1ab97ce403110664 -> 
  custom:video-codec-MediaFoundation-h265: 746d11721c4dcdbdad8f713fa42b33f4 -> 
  custom:audio-encoder-webm-vorbis: bf7c407c2cedff20999df2af8eb42d56 -> 
  custom:framework-win-MediaFoundation: 216162199b28c13a410421893ffa2e32 -> 
  custom:container-demuxer-ogg: 62fdf1f143b41e24485cea50d1cbac27 -> 
  custom:video-decoder-webm-vp8: 9c59270c3fd7afecdb556c50c9e8de78 -> 
  custom:audio-decoder-ogg-vorbis: bf7c407c2cedff20999df2af8eb42d56 -> 
========================================================================
Received Prepare
Registering precompiled user dll's ...
Registered in 0.005434 seconds.
Begin MonoManager ReloadAssembly
Native extension for WindowsStandalone target not found
Native extension for Android target not found
Native extension for WebGL target not found
Refreshing native plugins compatible for Editor in 2.32 ms, found 3 plugins.
Preloading 0 native plugins for Editor in 0.00 ms.
Mono: successfully reloaded assembly
- Completed reload, in  0.853 seconds
Domain Reload Profiling:
	ReloadAssembly (854ms)
		BeginReloadAssembly (115ms)
			ExecutionOrderSort (0ms)
			DisableScriptedObjects (5ms)
			BackupInstance (0ms)
			ReleaseScriptingObjects (0ms)
			CreateAndSetChildDomain (32ms)
		EndReloadAssembly (661ms)
			LoadAssemblies (73ms)
			RebuildTransferFunctionScriptingTraits (0ms)
			SetupTypeCache (196ms)
			ReleaseScriptCaches (3ms)
			RebuildScriptCaches (53ms)
			SetupLoadedEditorAssemblies (302ms)
				LogAssemblyErrors (0ms)
				InitializePlatformSupportModulesInManaged (21ms)
				SetLoadedEditorAssemblies (0ms)
				RefreshPlugins (2ms)
				BeforeProcessingInitializeOnLoad (68ms)
				ProcessInitializeOnLoadAttributes (178ms)
				ProcessInitializeOnLoadMethodAttributes (29ms)
				AfterProcessingInitializeOnLoad (4ms)
				EditorAssembliesLoaded (0ms)
			ExecutionOrderSort2 (0ms)
			AwakeInstancesAfterBackupRestoration (7ms)
Platform modules already initialized, skipping
Refreshing native plugins compatible for Editor in 2.30 ms, found 3 plugins.
Preloading 0 native plugins for Editor in 0.00 ms.
Unloading 2808 Unused Serialized files (Serialized files now loaded: 0)
Unloading 25 unused Assets / (31.8 KB). Loaded Objects now: 3347.
Memory consumption went from 133.8 MB to 133.7 MB.
Total: 2.391700 ms (FindLiveObjects: 0.182400 ms CreateObjectMapping: 0.083300 ms MarkObjects: 2.103200 ms  DeleteObjects: 0.022100 ms)

AssetImportParameters requested are different than current active one (requested -> active):
  custom:video-decoder-ogg-theora: a1e56fd34408186e4bbccfd4996cb3dc -> 
  custom:container-muxer-webm: aa71ff27fc2769a1b78a27578f13a17b -> 
  custom:container-demuxer-webm: 4f35f7cbe854078d1ac9338744f61a02 -> 
  custom:video-encoder-webm-vp8: eb34c28f22e8b96e1ab97ce403110664 -> 
  custom:video-codec-MediaFoundation-h265: 746d11721c4dcdbdad8f713fa42b33f4 -> 
  custom:audio-encoder-webm-vorbis: bf7c407c2cedff20999df2af8eb42d56 -> 
  custom:framework-win-MediaFoundation: 216162199b28c13a410421893ffa2e32 -> 
  custom:container-demuxer-ogg: 62fdf1f143b41e24485cea50d1cbac27 -> 
  custom:video-decoder-webm-vp8: 9c59270c3fd7afecdb556c50c9e8de78 -> 
  custom:audio-decoder-ogg-vorbis: bf7c407c2cedff20999df2af8eb42d56 -> 
========================================================================
Received Prepare
Registering precompiled user dll's ...
Registered in 0.004934 seconds.
Begin MonoManager ReloadAssembly
Native extension for WindowsStandalone target not found
Native extension for Android target not found
Native extension for WebGL target not found
Refreshing native plugins compatible for Editor in 3.45 ms, found 3 plugins.
Preloading 0 native plugins for Editor in 0.00 ms.
Mono: successfully reloaded assembly
- Completed reload, in  1.107 seconds
Domain Reload Profiling:
	ReloadAssembly (1108ms)
		BeginReloadAssembly (104ms)
			ExecutionOrderSort (0ms)
			DisableScriptedObjects (6ms)
			BackupInstance (0ms)
			ReleaseScriptingObjects (0ms)
			CreateAndSetChildDomain (31ms)
		EndReloadAssembly (922ms)
			LoadAssemblies (88ms)
			RebuildTransferFunctionScriptingTraits (0ms)
			SetupTypeCache (268ms)
			ReleaseScriptCaches (4ms)
			RebuildScriptCaches (76ms)
			SetupLoadedEditorAssemblies (410ms)
				LogAssemblyErrors (0ms)
				InitializePlatformSupportModulesInManaged (24ms)
				SetLoadedEditorAssemblies (1ms)
				RefreshPlugins (4ms)
				BeforeProcessingInitializeOnLoad (76ms)
				ProcessInitializeOnLoadAttributes (246ms)
				ProcessInitializeOnLoadMethodAttributes (51ms)
				AfterProcessingInitializeOnLoad (7ms)
				EditorAssembliesLoaded (0ms)
			ExecutionOrderSort2 (0ms)
			AwakeInstancesAfterBackupRestoration (11ms)
Platform modules already initialized, skipping
Refreshing native plugins compatible for Editor in 4.44 ms, found 3 plugins.
Preloading 0 native plugins for Editor in 0.00 ms.
Unloading 2808 Unused Serialized files (Serialized files now loaded: 0)
Unloading 25 unused Assets / (31.8 KB). Loaded Objects now: 3350.
Memory consumption went from 133.8 MB to 133.7 MB.
Total: 3.271000 ms (FindLiveObjects: 0.475600 ms CreateObjectMapping: 0.086100 ms MarkObjects: 2.685100 ms  DeleteObjects: 0.022100 ms)

AssetImportParameters requested are different than current active one (requested -> active):
  custom:video-decoder-ogg-theora: a1e56fd34408186e4bbccfd4996cb3dc -> 
  custom:container-muxer-webm: aa71ff27fc2769a1b78a27578f13a17b -> 
  custom:container-demuxer-webm: 4f35f7cbe854078d1ac9338744f61a02 -> 
  custom:video-encoder-webm-vp8: eb34c28f22e8b96e1ab97ce403110664 -> 
  custom:video-codec-MediaFoundation-h265: 746d11721c4dcdbdad8f713fa42b33f4 -> 
  custom:audio-encoder-webm-vorbis: bf7c407c2cedff20999df2af8eb42d56 -> 
  custom:framework-win-MediaFoundation: 216162199b28c13a410421893ffa2e32 -> 
  custom:container-demuxer-ogg: 62fdf1f143b41e24485cea50d1cbac27 -> 
  custom:video-decoder-webm-vp8: 9c59270c3fd7afecdb556c50c9e8de78 -> 
  custom:audio-decoder-ogg-vorbis: bf7c407c2cedff20999df2af8eb42d56 -> 
========================================================================
Received Prepare
Registering precompiled user dll's ...
Registered in 0.004579 seconds.
Begin MonoManager ReloadAssembly
Native extension for WindowsStandalone target not found
Native extension for Android target not found
Native extension for WebGL target not found
Refreshing native plugins compatible for Editor in 1.77 ms, found 3 plugins.
Preloading 0 native plugins for Editor in 0.00 ms.
Mono: successfully reloaded assembly
- Completed reload, in  0.906 seconds
Domain Reload Profiling:
	ReloadAssembly (907ms)
		BeginReloadAssembly (112ms)
			ExecutionOrderSort (0ms)
			DisableScriptedObjects (5ms)
			BackupInstance (0ms)
			ReleaseScriptingObjects (0ms)
			CreateAndSetChildDomain (32ms)
		EndReloadAssembly (706ms)
			LoadAssemblies (78ms)
			RebuildTransferFunctionScriptingTraits (0ms)
			SetupTypeCache (201ms)
			ReleaseScriptCaches (3ms)
			RebuildScriptCaches (49ms)
			SetupLoadedEditorAssemblies (327ms)
				LogAssemblyErrors (0ms)
				InitializePlatformSupportModulesInManaged (21ms)
				SetLoadedEditorAssemblies (0ms)
				RefreshPlugins (2ms)
				BeforeProcessingInitializeOnLoad (67ms)
				ProcessInitializeOnLoadAttributes (193ms)
				ProcessInitializeOnLoadMethodAttributes (38ms)
				AfterProcessingInitializeOnLoad (5ms)
				EditorAssembliesLoaded (0ms)
			ExecutionOrderSort2 (0ms)
			AwakeInstancesAfterBackupRestoration (9ms)
Platform modules already initialized, skipping
Refreshing native plugins compatible for Editor in 4.11 ms, found 3 plugins.
Preloading 0 native plugins for Editor in 0.00 ms.
Unloading 2808 Unused Serialized files (Serialized files now loaded: 0)
Unloading 25 unused Assets / (31.8 KB). Loaded Objects now: 3353.
Memory consumption went from 133.8 MB to 133.8 MB.
Total: 4.102900 ms (FindLiveObjects: 0.210300 ms CreateObjectMapping: 0.154500 ms MarkObjects: 3.693300 ms  DeleteObjects: 0.042100 ms)

AssetImportParameters requested are different than current active one (requested -> active):
  custom:video-decoder-ogg-theora: a1e56fd34408186e4bbccfd4996cb3dc -> 
  custom:container-muxer-webm: aa71ff27fc2769a1b78a27578f13a17b -> 
  custom:container-demuxer-webm: 4f35f7cbe854078d1ac9338744f61a02 -> 
  custom:video-encoder-webm-vp8: eb34c28f22e8b96e1ab97ce403110664 -> 
  custom:video-codec-MediaFoundation-h265: 746d11721c4dcdbdad8f713fa42b33f4 -> 
  custom:audio-encoder-webm-vorbis: bf7c407c2cedff20999df2af8eb42d56 -> 
  custom:framework-win-MediaFoundation: 216162199b28c13a410421893ffa2e32 -> 
  custom:container-demuxer-ogg: 62fdf1f143b41e24485cea50d1cbac27 -> 
  custom:video-decoder-webm-vp8: 9c59270c3fd7afecdb556c50c9e8de78 -> 
  custom:audio-decoder-ogg-vorbis: bf7c407c2cedff20999df2af8eb42d56 -> 
========================================================================
Received Prepare
Registering precompiled user dll's ...
Registered in 0.004783 seconds.
Begin MonoManager ReloadAssembly
Native extension for WindowsStandalone target not found
Native extension for Android target not found
Native extension for WebGL target not found
Refreshing native plugins compatible for Editor in 1.29 ms, found 3 plugins.
Preloading 0 native plugins for Editor in 0.00 ms.
Mono: successfully reloaded assembly
- Completed reload, in  0.827 seconds
Domain Reload Profiling:
	ReloadAssembly (827ms)
		BeginReloadAssembly (127ms)
			ExecutionOrderSort (0ms)
			DisableScriptedObjects (5ms)
			BackupInstance (0ms)
			ReleaseScriptingObjects (0ms)
			CreateAndSetChildDomain (39ms)
		EndReloadAssembly (613ms)
			LoadAssemblies (79ms)
			RebuildTransferFunctionScriptingTraits (0ms)
			SetupTypeCache (182ms)
			ReleaseScriptCaches (3ms)
			RebuildScriptCaches (54ms)
			SetupLoadedEditorAssemblies (270ms)
				LogAssemblyErrors (0ms)
				InitializePlatformSupportModulesInManaged (16ms)
				SetLoadedEditorAssemblies (0ms)
				RefreshPlugins (1ms)
				BeforeProcessingInitializeOnLoad (59ms)
				ProcessInitializeOnLoadAttributes (160ms)
				ProcessInitializeOnLoadMethodAttributes (28ms)
				AfterProcessingInitializeOnLoad (5ms)
				EditorAssembliesLoaded (0ms)
			ExecutionOrderSort2 (0ms)
			AwakeInstancesAfterBackupRestoration (8ms)
Platform modules already initialized, skipping
Refreshing native plugins compatible for Editor in 2.41 ms, found 3 plugins.
Preloading 0 native plugins for Editor in 0.00 ms.
Unloading 2808 Unused Serialized files (Serialized files now loaded: 0)
Unloading 25 unused Assets / (31.8 KB). Loaded Objects now: 3356.
Memory consumption went from 133.8 MB to 133.8 MB.
Total: 2.244100 ms (FindLiveObjects: 0.172100 ms CreateObjectMapping: 0.058000 ms MarkObjects: 1.995900 ms  DeleteObjects: 0.017400 ms)

AssetImportParameters requested are different than current active one (requested -> active):
  custom:video-decoder-ogg-theora: a1e56fd34408186e4bbccfd4996cb3dc -> 
  custom:container-muxer-webm: aa71ff27fc2769a1b78a27578f13a17b -> 
  custom:container-demuxer-webm: 4f35f7cbe854078d1ac9338744f61a02 -> 
  custom:video-encoder-webm-vp8: eb34c28f22e8b96e1ab97ce403110664 -> 
  custom:video-codec-MediaFoundation-h265: 746d11721c4dcdbdad8f713fa42b33f4 -> 
  custom:audio-encoder-webm-vorbis: bf7c407c2cedff20999df2af8eb42d56 -> 
  custom:framework-win-MediaFoundation: 216162199b28c13a410421893ffa2e32 -> 
  custom:container-demuxer-ogg: 62fdf1f143b41e24485cea50d1cbac27 -> 
  custom:video-decoder-webm-vp8: 9c59270c3fd7afecdb556c50c9e8de78 -> 
  custom:audio-decoder-ogg-vorbis: bf7c407c2cedff20999df2af8eb42d56 -> 
========================================================================
Received Import Request.
  Time since last request: 2432.912500 seconds.
  path: Assets/Scripts/Entities
  artifactKey: Guid(edfd15a2e4891d24883adbe75a8c06f9) Importer(815301076,1909f56bfc062723c751e8b465ee728b)
Start importing Assets/Scripts/Entities using Guid(edfd15a2e4891d24883adbe75a8c06f9) Importer(815301076,1909f56bfc062723c751e8b465ee728b)  -> (artifact id: '962632ab83ae3602d5f97a1021f4661c') in 0.006245 seconds 
========================================================================
Received Import Request.
  Time since last request: 5.510029 seconds.
  path: Assets/Scripts/Combat/Enemy
  artifactKey: Guid(86a9b3678e350d1439f8ffae83d90cbe) Importer(815301076,1909f56bfc062723c751e8b465ee728b)
Start importing Assets/Scripts/Combat/Enemy using Guid(86a9b3678e350d1439f8ffae83d90cbe) Importer(815301076,1909f56bfc062723c751e8b465ee728b)  -> (artifact id: 'e92d6586e295a633c2caa8f6b23f88f2') in 0.001458 seconds 
========================================================================
Received Import Request.
  Time since last request: 65.909120 seconds.
  path: Assets/Art/TopDownCharacter/Character/Character_Down.png
  artifactKey: Guid(0a35eb2129651e84cae5e1980a365d63) Importer(815301076,1909f56bfc062723c751e8b465ee728b)
Start importing Assets/Art/TopDownCharacter/Character/Character_Down.png using Guid(0a35eb2129651e84cae5e1980a365d63) Importer(815301076,1909f56bfc062723c751e8b465ee728b)  -> (artifact id: 'cc9bdabe2b3aa447e55a1c4a8594efb6') in 0.050184 seconds 
========================================================================
Received Prepare
Registering precompiled user dll's ...
Registered in 0.004478 seconds.
Begin MonoManager ReloadAssembly
Native extension for WindowsStandalone target not found
Native extension for Android target not found
Native extension for WebGL target not found
Refreshing native plugins compatible for Editor in 2.40 ms, found 3 plugins.
Preloading 0 native plugins for Editor in 0.00 ms.
Mono: successfully reloaded assembly
- Completed reload, in  0.830 seconds
Domain Reload Profiling:
	ReloadAssembly (830ms)
		BeginReloadAssembly (110ms)
			ExecutionOrderSort (0ms)
			DisableScriptedObjects (5ms)
			BackupInstance (0ms)
			ReleaseScriptingObjects (0ms)
			CreateAndSetChildDomain (37ms)
		EndReloadAssembly (647ms)
			LoadAssemblies (67ms)
			RebuildTransferFunctionScriptingTraits (0ms)
			SetupTypeCache (204ms)
			ReleaseScriptCaches (3ms)
			RebuildScriptCaches (46ms)
			SetupLoadedEditorAssemblies (289ms)
				LogAssemblyErrors (0ms)
				InitializePlatformSupportModulesInManaged (18ms)
				SetLoadedEditorAssemblies (0ms)
				RefreshPlugins (2ms)
				BeforeProcessingInitializeOnLoad (57ms)
				ProcessInitializeOnLoadAttributes (174ms)
				ProcessInitializeOnLoadMethodAttributes (33ms)
				AfterProcessingInitializeOnLoad (4ms)
				EditorAssembliesLoaded (0ms)
			ExecutionOrderSort2 (0ms)
			AwakeInstancesAfterBackupRestoration (7ms)
Platform modules already initialized, skipping
Refreshing native plugins compatible for Editor in 2.48 ms, found 3 plugins.
Preloading 0 native plugins for Editor in 0.00 ms.
Unloading 2808 Unused Serialized files (Serialized files now loaded: 0)
Unloading 25 unused Assets / (32.8 KB). Loaded Objects now: 3362.
Memory consumption went from 133.8 MB to 133.8 MB.
Total: 2.652700 ms (FindLiveObjects: 0.181000 ms CreateObjectMapping: 0.063900 ms MarkObjects: 2.380600 ms  DeleteObjects: 0.025600 ms)

AssetImportParameters requested are different than current active one (requested -> active):
  custom:video-decoder-ogg-theora: a1e56fd34408186e4bbccfd4996cb3dc -> 
  custom:container-muxer-webm: aa71ff27fc2769a1b78a27578f13a17b -> 
  custom:container-demuxer-webm: 4f35f7cbe854078d1ac9338744f61a02 -> 
  custom:video-encoder-webm-vp8: eb34c28f22e8b96e1ab97ce403110664 -> 
  custom:video-codec-MediaFoundation-h265: 746d11721c4dcdbdad8f713fa42b33f4 -> 
  custom:audio-encoder-webm-vorbis: bf7c407c2cedff20999df2af8eb42d56 -> 
  custom:framework-win-MediaFoundation: 216162199b28c13a410421893ffa2e32 -> 
  custom:container-demuxer-ogg: 62fdf1f143b41e24485cea50d1cbac27 -> 
  custom:video-decoder-webm-vp8: 9c59270c3fd7afecdb556c50c9e8de78 -> 
  custom:audio-decoder-ogg-vorbis: bf7c407c2cedff20999df2af8eb42d56 -> 
========================================================================
Received Import Request.
  Time since last request: 155.924744 seconds.
  path: Assets/Art/TopDownCharacter/Enemy/log.png
  artifactKey: Guid(72eb4fe0cee3f1141a7558ed6c5a589d) Importer(815301076,1909f56bfc062723c751e8b465ee728b)
Start importing Assets/Art/TopDownCharacter/Enemy/log.png using Guid(72eb4fe0cee3f1141a7558ed6c5a589d) Importer(815301076,1909f56bfc062723c751e8b465ee728b)  -> (artifact id: '98870d980af4b71f8f8343efe92a872c') in 0.092216 seconds 
========================================================================
Received Prepare
Registering precompiled user dll's ...
Registered in 0.006035 seconds.
Begin MonoManager ReloadAssembly
Native extension for WindowsStandalone target not found
Native extension for Android target not found
Native extension for WebGL target not found
Refreshing native plugins compatible for Editor in 2.49 ms, found 3 plugins.
Preloading 0 native plugins for Editor in 0.00 ms.
Mono: successfully reloaded assembly
- Completed reload, in  0.865 seconds
Domain Reload Profiling:
	ReloadAssembly (866ms)
		BeginReloadAssembly (108ms)
			ExecutionOrderSort (0ms)
			DisableScriptedObjects (5ms)
			BackupInstance (0ms)
			ReleaseScriptingObjects (0ms)
			CreateAndSetChildDomain (35ms)
		EndReloadAssembly (676ms)
			LoadAssemblies (70ms)
			RebuildTransferFunctionScriptingTraits (0ms)
			SetupTypeCache (201ms)
			ReleaseScriptCaches (3ms)
			RebuildScriptCaches (51ms)
			SetupLoadedEditorAssemblies (306ms)
				LogAssemblyErrors (0ms)
				InitializePlatformSupportModulesInManaged (21ms)
				SetLoadedEditorAssemblies (0ms)
				RefreshPlugins (3ms)
				BeforeProcessingInitializeOnLoad (62ms)
				ProcessInitializeOnLoadAttributes (182ms)
				ProcessInitializeOnLoadMethodAttributes (33ms)
				AfterProcessingInitializeOnLoad (5ms)
				EditorAssembliesLoaded (0ms)
			ExecutionOrderSort2 (0ms)
			AwakeInstancesAfterBackupRestoration (7ms)
Platform modules already initialized, skipping
Refreshing native plugins compatible for Editor in 4.26 ms, found 3 plugins.
Preloading 0 native plugins for Editor in 0.00 ms.
Unloading 2808 Unused Serialized files (Serialized files now loaded: 0)
Unloading 25 unused Assets / (31.9 KB). Loaded Objects now: 3366.
Memory consumption went from 133.8 MB to 133.8 MB.
Total: 3.474100 ms (FindLiveObjects: 0.276700 ms CreateObjectMapping: 0.091700 ms MarkObjects: 3.081800 ms  DeleteObjects: 0.021500 ms)

AssetImportParameters requested are different than current active one (requested -> active):
  custom:video-decoder-ogg-theora: a1e56fd34408186e4bbccfd4996cb3dc -> 
  custom:container-muxer-webm: aa71ff27fc2769a1b78a27578f13a17b -> 
  custom:container-demuxer-webm: 4f35f7cbe854078d1ac9338744f61a02 -> 
  custom:video-encoder-webm-vp8: eb34c28f22e8b96e1ab97ce403110664 -> 
  custom:video-codec-MediaFoundation-h265: 746d11721c4dcdbdad8f713fa42b33f4 -> 
  custom:audio-encoder-webm-vorbis: bf7c407c2cedff20999df2af8eb42d56 -> 
  custom:framework-win-MediaFoundation: 216162199b28c13a410421893ffa2e32 -> 
  custom:container-demuxer-ogg: 62fdf1f143b41e24485cea50d1cbac27 -> 
  custom:video-decoder-webm-vp8: 9c59270c3fd7afecdb556c50c9e8de78 -> 
  custom:audio-decoder-ogg-vorbis: bf7c407c2cedff20999df2af8eb42d56 -> 
========================================================================
Received Prepare
Registering precompiled user dll's ...
Registered in 0.004929 seconds.
Begin MonoManager ReloadAssembly
Native extension for WindowsStandalone target not found
Native extension for Android target not found
Native extension for WebGL target not found
Refreshing native plugins compatible for Editor in 1.75 ms, found 3 plugins.
Preloading 0 native plugins for Editor in 0.00 ms.
Mono: successfully reloaded assembly
- Completed reload, in  0.813 seconds
Domain Reload Profiling:
	ReloadAssembly (814ms)
		BeginReloadAssembly (102ms)
			ExecutionOrderSort (0ms)
			DisableScriptedObjects (5ms)
			BackupInstance (0ms)
			ReleaseScriptingObjects (0ms)
			CreateAndSetChildDomain (28ms)
		EndReloadAssembly (638ms)
			LoadAssemblies (72ms)
			RebuildTransferFunctionScriptingTraits (0ms)
			SetupTypeCache (181ms)
			ReleaseScriptCaches (3ms)
			RebuildScriptCaches (52ms)
			SetupLoadedEditorAssemblies (284ms)
				LogAssemblyErrors (0ms)
				InitializePlatformSupportModulesInManaged (18ms)
				SetLoadedEditorAssemblies (0ms)
				RefreshPlugins (2ms)
				BeforeProcessingInitializeOnLoad (58ms)
				ProcessInitializeOnLoadAttributes (169ms)
				ProcessInitializeOnLoadMethodAttributes (31ms)
				AfterProcessingInitializeOnLoad (5ms)
				EditorAssembliesLoaded (0ms)
			ExecutionOrderSort2 (0ms)
			AwakeInstancesAfterBackupRestoration (7ms)
Platform modules already initialized, skipping
Refreshing native plugins compatible for Editor in 2.56 ms, found 3 plugins.
Preloading 0 native plugins for Editor in 0.00 ms.
Unloading 2808 Unused Serialized files (Serialized files now loaded: 0)
Unloading 25 unused Assets / (31.8 KB). Loaded Objects now: 3369.
Memory consumption went from 133.8 MB to 133.8 MB.
Total: 2.419900 ms (FindLiveObjects: 0.212400 ms CreateObjectMapping: 0.061500 ms MarkObjects: 2.122400 ms  DeleteObjects: 0.021600 ms)

AssetImportParameters requested are different than current active one (requested -> active):
  custom:video-decoder-ogg-theora: a1e56fd34408186e4bbccfd4996cb3dc -> 
  custom:container-muxer-webm: aa71ff27fc2769a1b78a27578f13a17b -> 
  custom:container-demuxer-webm: 4f35f7cbe854078d1ac9338744f61a02 -> 
  custom:video-encoder-webm-vp8: eb34c28f22e8b96e1ab97ce403110664 -> 
  custom:video-codec-MediaFoundation-h265: 746d11721c4dcdbdad8f713fa42b33f4 -> 
  custom:audio-encoder-webm-vorbis: bf7c407c2cedff20999df2af8eb42d56 -> 
  custom:framework-win-MediaFoundation: 216162199b28c13a410421893ffa2e32 -> 
  custom:container-demuxer-ogg: 62fdf1f143b41e24485cea50d1cbac27 -> 
  custom:video-decoder-webm-vp8: 9c59270c3fd7afecdb556c50c9e8de78 -> 
  custom:audio-decoder-ogg-vorbis: bf7c407c2cedff20999df2af8eb42d56 -> 
========================================================================
Received Import Request.
  Time since last request: 82.692056 seconds.
  path: Assets/Art/TopDownCharacter/Character/Character_Up.png
  artifactKey: Guid(d07b1c93ea3631e45930c3a6040c87cb) Importer(815301076,1909f56bfc062723c751e8b465ee728b)
Start importing Assets/Art/TopDownCharacter/Character/Character_Up.png using Guid(d07b1c93ea3631e45930c3a6040c87cb) Importer(815301076,1909f56bfc062723c751e8b465ee728b)  -> (artifact id: '4574ade5425626ef4dee2098c84b5307') in 0.052104 seconds 
========================================================================
Received Import Request.
  Time since last request: 6.650493 seconds.
  path: Assets/Art/TopDownCharacter/Character/Character_Right.png
  artifactKey: Guid(96a2ee76f44c46c45a676157e9163ff2) Importer(815301076,1909f56bfc062723c751e8b465ee728b)
Start importing Assets/Art/TopDownCharacter/Character/Character_Right.png using Guid(96a2ee76f44c46c45a676157e9163ff2) Importer(815301076,1909f56bfc062723c751e8b465ee728b)  -> (artifact id: '7f7919e29d3aab7003af9dfd9c7d8112') in 0.015015 seconds 
